<?xml version="1.0" encoding="UTF-8"?>
<testsuite name="TestSuite" time="20.255" tests="5" errors="0" skipped="0" failures="1">
  <properties>
    <property name="java.runtime.name" value="Java(TM) SE Runtime Environment"/>
    <property name="sun.boot.library.path" value="C:\Program Files\Java\jdk1.8.0_251\jre\bin"/>
    <property name="java.vm.version" value="25.251-b08"/>
    <property name="java.vm.vendor" value="Oracle Corporation"/>
    <property name="maven.multiModuleProjectDirectory" value="C:\Users\ADMIN\Documents\repos\rest_assured-testng"/>
    <property name="java.vendor.url" value="http://java.oracle.com/"/>
    <property name="path.separator" value=";"/>
    <property name="guice.disable.misplaced.annotation.check" value="true"/>
    <property name="java.vm.name" value="Java HotSpot(TM) 64-Bit Server VM"/>
    <property name="file.encoding.pkg" value="sun.io"/>
    <property name="user.script" value=""/>
    <property name="user.country" value="US"/>
    <property name="sun.java.launcher" value="SUN_STANDARD"/>
    <property name="sun.os.patch.level" value=""/>
    <property name="java.vm.specification.name" value="Java Virtual Machine Specification"/>
    <property name="user.dir" value="C:\Users\ADMIN\Documents\repos\rest_assured-testng"/>
    <property name="java.runtime.version" value="1.8.0_251-b08"/>
    <property name="java.awt.graphicsenv" value="sun.awt.Win32GraphicsEnvironment"/>
    <property name="basedir" value="C:\Users\ADMIN\Documents\repos\rest_assured-testng"/>
    <property name="java.endorsed.dirs" value="C:\Program Files\Java\jdk1.8.0_251\jre\lib\endorsed"/>
    <property name="os.arch" value="amd64"/>
    <property name="java.io.tmpdir" value="C:\Users\ADMIN\AppData\Local\Temp\"/>
    <property name="line.separator" value="&#10;"/>
    <property name="java.vm.specification.vendor" value="Oracle Corporation"/>
    <property name="user.variant" value=""/>
    <property name="os.name" value="Windows 10"/>
    <property name="classworlds.conf" value="F:\apache-maven-3.6.2\bin\..\bin\m2.conf"/>
    <property name="sun.jnu.encoding" value="Cp1252"/>
    <property name="java.library.path" value="C:\Program Files\Java\jdk1.8.0_251\bin;C:\WINDOWS\Sun\Java\bin;C:\WINDOWS\system32;C:\WINDOWS;C:\Users\ADMIN\andriod\bin;C:\WINDOWS\system32;C:\WINDOWS;C:\WINDOWS\System32\Wbem;C:\WINDOWS\System32\WindowsPowerShell\v1.0\;C:\Program Files\Git\cmd;F:\apache-maven-3.6.2\bin;C:\WINDOWS\System32\OpenSSH\;C:\Users\ADMIN\Downloads\flutter_windows_1.17.0-stable\flutter\bin;C:\Python27;C:\Program Files (x86)\Google\Cloud SDK\google-cloud-sdk\bin;C:\Users\ADMIN\Documents\gradle-6.4.1-all\gradle-6.4.1\bin;C:\Program Files\Java\jdk1.8.0_251\bin;F:\apache-tomcat-9.0.37\bin;C:\Users\ADMIN\AppData\Local\Microsoft\WindowsApps;C:\Users\ADMIN\AppData\Local\Programs\Microsoft VS Code\bin;C:\Users\ADMIN\Downloads\flutter_windows_1.17.0-stable\flutter\bin;C:\Users\ADMIN\andriod\bin;F:\apache-tomcat-9.0.37\bin;;."/>
    <property name="surefire.test.class.path" value="C:\Users\ADMIN\Documents\repos\rest_assured-testng\target\test-classes;C:\Users\ADMIN\Documents\repos\rest_assured-testng\target\classes;C:\Users\ADMIN\.m2\repository\org\testng\testng\6.11\testng-6.11.jar;C:\Users\ADMIN\.m2\repository\com\beust\jcommander\1.64\jcommander-1.64.jar;C:\Users\ADMIN\.m2\repository\org\yaml\snakeyaml\1.17\snakeyaml-1.17.jar;C:\Users\ADMIN\.m2\repository\com\relevantcodes\extentreports\2.41.2\extentreports-2.41.2.jar;C:\Users\ADMIN\.m2\repository\org\jsoup\jsoup\1.8.3\jsoup-1.8.3.jar;C:\Users\ADMIN\.m2\repository\org\xerial\sqlite-jdbc\3.8.11.1\sqlite-jdbc-3.8.11.1.jar;C:\Users\ADMIN\.m2\repository\org\freemarker\freemarker\2.3.23\freemarker-2.3.23.jar;C:\Users\ADMIN\.m2\repository\org\mongodb\mongodb-driver\3.0.4\mongodb-driver-3.0.4.jar;C:\Users\ADMIN\.m2\repository\org\mongodb\bson\3.0.4\bson-3.0.4.jar;C:\Users\ADMIN\.m2\repository\org\mongodb\mongodb-driver-core\3.0.4\mongodb-driver-core-3.0.4.jar;C:\Users\ADMIN\.m2\repository\log4j\log4j\1.2.17\log4j-1.2.17.jar;C:\Users\ADMIN\.m2\repository\org\apache\poi\poi\4.1.2\poi-4.1.2.jar;C:\Users\ADMIN\.m2\repository\commons-codec\commons-codec\1.13\commons-codec-1.13.jar;C:\Users\ADMIN\.m2\repository\org\apache\commons\commons-collections4\4.4\commons-collections4-4.4.jar;C:\Users\ADMIN\.m2\repository\org\apache\commons\commons-math3\3.6.1\commons-math3-3.6.1.jar;C:\Users\ADMIN\.m2\repository\com\zaxxer\SparseBitSet\1.2\SparseBitSet-1.2.jar;C:\Users\ADMIN\.m2\repository\com\opencsv\opencsv\3.9\opencsv-3.9.jar;C:\Users\ADMIN\.m2\repository\org\apache\commons\commons-lang3\3.5\commons-lang3-3.5.jar;C:\Users\ADMIN\.m2\repository\commons-beanutils\commons-beanutils\1.9.3\commons-beanutils-1.9.3.jar;C:\Users\ADMIN\.m2\repository\commons-logging\commons-logging\1.2\commons-logging-1.2.jar;C:\Users\ADMIN\.m2\repository\commons-collections\commons-collections\3.2.2\commons-collections-3.2.2.jar;C:\Users\ADMIN\.m2\repository\io\rest-assured\rest-assured\3.0.5\rest-assured-3.0.5.jar;C:\Users\ADMIN\.m2\repository\org\codehaus\groovy\groovy\2.4.9\groovy-2.4.9.jar;C:\Users\ADMIN\.m2\repository\org\codehaus\groovy\groovy-xml\2.4.9\groovy-xml-2.4.9.jar;C:\Users\ADMIN\.m2\repository\org\apache\httpcomponents\httpclient\4.5.3\httpclient-4.5.3.jar;C:\Users\ADMIN\.m2\repository\org\apache\httpcomponents\httpcore\4.4.6\httpcore-4.4.6.jar;C:\Users\ADMIN\.m2\repository\org\apache\httpcomponents\httpmime\4.5.1\httpmime-4.5.1.jar;C:\Users\ADMIN\.m2\repository\org\hamcrest\hamcrest-core\1.3\hamcrest-core-1.3.jar;C:\Users\ADMIN\.m2\repository\org\hamcrest\hamcrest-library\1.3\hamcrest-library-1.3.jar;C:\Users\ADMIN\.m2\repository\org\ccil\cowan\tagsoup\tagsoup\1.2.1\tagsoup-1.2.1.jar;C:\Users\ADMIN\.m2\repository\io\rest-assured\json-path\3.0.5\json-path-3.0.5.jar;C:\Users\ADMIN\.m2\repository\org\codehaus\groovy\groovy-json\2.4.9\groovy-json-2.4.9.jar;C:\Users\ADMIN\.m2\repository\io\rest-assured\rest-assured-common\3.0.5\rest-assured-common-3.0.5.jar;C:\Users\ADMIN\.m2\repository\io\rest-assured\xml-path\3.0.5\xml-path-3.0.5.jar;C:\Users\ADMIN\.m2\repository\com\jayway\jsonpath\json-path\2.4.0\json-path-2.4.0.jar;C:\Users\ADMIN\.m2\repository\net\minidev\json-smart\2.3\json-smart-2.3.jar;C:\Users\ADMIN\.m2\repository\net\minidev\accessors-smart\1.2\accessors-smart-1.2.jar;C:\Users\ADMIN\.m2\repository\org\ow2\asm\asm\5.0.4\asm-5.0.4.jar;C:\Users\ADMIN\.m2\repository\org\slf4j\slf4j-api\1.7.25\slf4j-api-1.7.25.jar;C:\Users\ADMIN\.m2\repository\com\fasterxml\jackson\core\jackson-databind\2.6.3\jackson-databind-2.6.3.jar;C:\Users\ADMIN\.m2\repository\com\fasterxml\jackson\core\jackson-annotations\2.6.0\jackson-annotations-2.6.0.jar;C:\Users\ADMIN\.m2\repository\com\fasterxml\jackson\core\jackson-core\2.6.3\jackson-core-2.6.3.jar;C:\Users\ADMIN\.m2\repository\net\javacrumbs\json-unit\json-unit\1.23.0\json-unit-1.23.0.jar;C:\Users\ADMIN\.m2\repository\net\javacrumbs\json-unit\json-unit-core\1.23.0\json-unit-core-1.23.0.jar;C:\Users\ADMIN\.m2\repository\com\google\guava\guava\18.0\guava-18.0.jar;C:\Users\ADMIN\.m2\repository\io\rest-assured\json-schema-validator\4.3.1\json-schema-validator-4.3.1.jar;C:\Users\ADMIN\.m2\repository\com\github\java-json-tools\json-schema-validator\2.2.10\json-schema-validator-2.2.10.jar;C:\Users\ADMIN\.m2\repository\com\github\java-json-tools\json-schema-core\1.2.10\json-schema-core-1.2.10.jar;C:\Users\ADMIN\.m2\repository\com\github\java-json-tools\jackson-coreutils\1.9\jackson-coreutils-1.9.jar;C:\Users\ADMIN\.m2\repository\com\github\fge\msg-simple\1.1\msg-simple-1.1.jar;C:\Users\ADMIN\.m2\repository\com\github\fge\btf\1.2\btf-1.2.jar;C:\Users\ADMIN\.m2\repository\com\github\fge\uri-template\0.9\uri-template-0.9.jar;C:\Users\ADMIN\.m2\repository\org\mozilla\rhino\1.7.7.1\rhino-1.7.7.1.jar;C:\Users\ADMIN\.m2\repository\javax\mail\mailapi\1.4.3\mailapi-1.4.3.jar;C:\Users\ADMIN\.m2\repository\javax\activation\activation\1.1\activation-1.1.jar;C:\Users\ADMIN\.m2\repository\joda-time\joda-time\2.9.7\joda-time-2.9.7.jar;C:\Users\ADMIN\.m2\repository\com\googlecode\libphonenumber\libphonenumber\8.0.0\libphonenumber-8.0.0.jar;C:\Users\ADMIN\.m2\repository\com\google\code\findbugs\jsr305\3.0.1\jsr305-3.0.1.jar;C:\Users\ADMIN\.m2\repository\net\sf\jopt-simple\jopt-simple\5.0.3\jopt-simple-5.0.3.jar;C:\Users\ADMIN\.m2\repository\org\hamcrest\hamcrest\2.1\hamcrest-2.1.jar;C:\Users\ADMIN\.m2\repository\commons-io\commons-io\2.6\commons-io-2.6.jar;C:\Users\ADMIN\.m2\repository\org\apache\maven\surefire\surefire-testng-utils\2.14.1\surefire-testng-utils-2.14.1.jar;C:\Users\ADMIN\.m2\repository\org\apache\maven\surefire\surefire-grouper\2.14.1\surefire-grouper-2.14.1.jar;"/>
    <property name="maven.conf" value="F:\apache-maven-3.6.2\bin\../conf"/>
    <property name="java.specification.name" value="Java Platform API Specification"/>
    <property name="java.class.version" value="52.0"/>
    <property name="sun.management.compiler" value="HotSpot 64-Bit Tiered Compilers"/>
    <property name="os.version" value="10.0"/>
    <property name="library.jansi.path" value="F:\apache-maven-3.6.2\bin\..\lib\jansi-native"/>
    <property name="user.home" value="C:\Users\ADMIN"/>
    <property name="user.timezone" value="Asia/Calcutta"/>
    <property name="java.awt.printerjob" value="sun.awt.windows.WPrinterJob"/>
    <property name="java.specification.version" value="1.8"/>
    <property name="file.encoding" value="Cp1252"/>
    <property name="user.name" value="ADMIN"/>
    <property name="java.class.path" value="F:\apache-maven-3.6.2\bin\..\boot\plexus-classworlds-2.6.0.jar"/>
    <property name="java.vm.specification.version" value="1.8"/>
    <property name="sun.arch.data.model" value="64"/>
    <property name="java.home" value="C:\Program Files\Java\jdk1.8.0_251\jre"/>
    <property name="sun.java.command" value="org.codehaus.plexus.classworlds.launcher.Launcher test"/>
    <property name="java.specification.vendor" value="Oracle Corporation"/>
    <property name="user.language" value="en"/>
    <property name="awt.toolkit" value="sun.awt.windows.WToolkit"/>
    <property name="java.vm.info" value="mixed mode"/>
    <property name="java.version" value="1.8.0_251"/>
    <property name="java.ext.dirs" value="C:\Program Files\Java\jdk1.8.0_251\jre\lib\ext;C:\WINDOWS\Sun\Java\lib\ext"/>
    <property name="sun.boot.class.path" value="C:\Program Files\Java\jdk1.8.0_251\jre\lib\resources.jar;C:\Program Files\Java\jdk1.8.0_251\jre\lib\rt.jar;C:\Program Files\Java\jdk1.8.0_251\jre\lib\sunrsasign.jar;C:\Program Files\Java\jdk1.8.0_251\jre\lib\jsse.jar;C:\Program Files\Java\jdk1.8.0_251\jre\lib\jce.jar;C:\Program Files\Java\jdk1.8.0_251\jre\lib\charsets.jar;C:\Program Files\Java\jdk1.8.0_251\jre\lib\jfr.jar;C:\Program Files\Java\jdk1.8.0_251\jre\classes"/>
    <property name="sun.stderr.encoding" value="cp437"/>
    <property name="java.vendor" value="Oracle Corporation"/>
    <property name="maven.home" value="F:\apache-maven-3.6.2\bin\.."/>
    <property name="localRepository" value="C:\Users\ADMIN\.m2\repository"/>
    <property name="file.separator" value="\"/>
    <property name="java.vendor.url.bug" value="http://bugreport.sun.com/bugreport/"/>
    <property name="sun.cpu.endian" value="little"/>
    <property name="sun.io.unicode.encoding" value="UnicodeLittle"/>
    <property name="sun.stdout.encoding" value="cp437"/>
    <property name="sun.desktop" value="windows"/>
    <property name="sun.cpu.isalist" value="amd64"/>
  </properties>
  <testcase name="validate_Category" classname="test.TestSearch" time="0.102"/>
  <testcase name="validate_AvailableSection" classname="test.TestSearch" time="0.345"/>
  <testcase name="validate_AvailableSection" classname="test.TestSearch" time="0.05"/>
  <testcase name="validate_AvailableSection_Schema" classname="test.TestSearch" time="5.522"/>
  <testcase name="validate_Category_Schema" classname="test.TestSearch" time="14.236">
    <failure message="com.github.fge.jsonschema.core.exceptions.InvalidSchemaException: fatal: invalid JSON Schema, cannot continue&#10;Syntax errors:&#10;[ {&#10;  &quot;level&quot; : &quot;warning&quot;,&#10;  &quot;schema&quot; : {&#10;    &quot;loadingURI&quot; : &quot;file:/C:/Users/ADMIN/Documents/repos/rest_assured-testng/target/classes/search_category.json#&quot;,&#10;    &quot;pointer&quot; : &quot;&quot;&#10;  },&#10;  &quot;domain&quot; : &quot;syntax&quot;,&#10;  &quot;message&quot; : &quot;the following keywords are unknown and will be ignored: [examples]&quot;,&#10;  &quot;ignored&quot; : [ &quot;examples&quot; ]&#10;}, {&#10;  &quot;level&quot; : &quot;warning&quot;,&#10;  &quot;schema&quot; : {&#10;    &quot;loadingURI&quot; : &quot;file:/C:/Users/ADMIN/Documents/repos/rest_assured-testng/target/classes/search_category.json#&quot;,&#10;    &quot;pointer&quot; : &quot;/properties/autoSpellCheck&quot;&#10;  },&#10;  &quot;domain&quot; : &quot;syntax&quot;,&#10;  &quot;message&quot; : &quot;the following keywords are unknown and will be ignored: [examples]&quot;,&#10;  &quot;ignored&quot; : [ &quot;examples&quot; ]&#10;}, {&#10;  &quot;level&quot; : &quot;warning&quot;,&#10;  &quot;schema&quot; : {&#10;    &quot;loadingURI&quot; : &quot;file:/C:/Users/ADMIN/Documents/repos/rest_assured-testng/target/classes/search_category.json#&quot;,&#10;    &quot;pointer&quot; : &quot;/properties/category&quot;&#10;  },&#10;  &quot;domain&quot; : &quot;syntax&quot;,&#10;  &quot;message&quot; : &quot;the following keywords are unknown and will be ignored: [examples]&quot;,&#10;  &quot;ignored&quot; : [ &quot;examples&quot; ]&#10;}, {&#10;  &quot;level&quot; : &quot;warning&quot;,&#10;  &quot;schema&quot; : {&#10;    &quot;loadingURI&quot; : &quot;file:/C:/Users/ADMIN/Documents/repos/rest_assured-testng/target/classes/search_category.json#&quot;,&#10;    &quot;pointer&quot; : &quot;/properties/category/properties/code&quot;&#10;  },&#10;  &quot;domain&quot; : &quot;syntax&quot;,&#10;  &quot;message&quot; : &quot;the following keywords are unknown and will be ignored: [examples]&quot;,&#10;  &quot;ignored&quot; : [ &quot;examples&quot; ]&#10;}, {&#10;  &quot;level&quot; : &quot;warning&quot;,&#10;  &quot;schema&quot; : {&#10;    &quot;loadingURI&quot; : &quot;file:/C:/Users/ADMIN/Documents/repos/rest_assured-testng/target/classes/search_category.json#&quot;,&#10;    &quot;pointer&quot; : &quot;/properties/category/properties/name&quot;&#10;  },&#10;  &quot;domain&quot; : &quot;syntax&quot;,&#10;  &quot;message&quot; : &quot;the following keywords are unknown and will be ignored: [examples]&quot;,&#10;  &quot;ignored&quot; : [ &quot;examples&quot; ]&#10;}, {&#10;  &quot;level&quot; : &quot;warning&quot;,&#10;  &quot;schema&quot; : {&#10;    &quot;loadingURI&quot; : &quot;file:/C:/Users/ADMIN/Documents/repos/rest_assured-testng/target/classes/search_category.json#&quot;,&#10;    &quot;pointer&quot; : &quot;/properties/categoryCode&quot;&#10;  },&#10;  &quot;domain&quot; : &quot;syntax&quot;,&#10;  &quot;message&quot; : &quot;the following keywords are unknown and will be ignored: [examples]&quot;,&#10;  &quot;ignored&quot; : [ &quot;examples&quot; ]&#10;}, {&#10;  &quot;level&quot; : &quot;warning&quot;,&#10;  &quot;schema&quot; : {&#10;    &quot;loadingURI&quot; : &quot;file:/C:/Users/ADMIN/Documents/repos/rest_assured-testng/target/classes/search_category.json#&quot;,&#10;    &quot;pointer&quot; : &quot;/properties/currentQuery&quot;&#10;  },&#10;  &quot;domain&quot; : &quot;syntax&quot;,&#10;  &quot;message&quot; : &quot;the following keywords are unknown and will be ignored: [examples]&quot;,&#10;  &quot;ignored&quot; : [ &quot;examples&quot; ]&#10;}, {&#10;  &quot;level&quot; : &quot;warning&quot;,&#10;  &quot;schema&quot; : {&#10;    &quot;loadingURI&quot; : &quot;file:/C:/Users/ADMIN/Documents/repos/rest_assured-testng/target/classes/search_category.json#&quot;,&#10;    &quot;pointer&quot; : &quot;/properties/currentQuery/properties/query&quot;&#10;  },&#10;  &quot;domain&quot; : &quot;syntax&quot;,&#10;  &quot;message&quot; : &quot;the following keywords are unknown and will be ignored: [examples]&quot;,&#10;  &quot;ignored&quot; : [ &quot;examples&quot; ]&#10;}, {&#10;  &quot;level&quot; : &quot;warning&quot;,&#10;  &quot;schema&quot; : {&#10;    &quot;loadingURI&quot; : &quot;file:/C:/Users/ADMIN/Documents/repos/rest_assured-testng/target/classes/search_category.json#&quot;,&#10;    &quot;pointer&quot; : &quot;/properties/currentQuery/properties/query/properties/value&quot;&#10;  },&#10;  &quot;domain&quot; : &quot;syntax&quot;,&#10;  &quot;message&quot; : &quot;the following keywords are unknown and will be ignored: [examples]&quot;,&#10;  &quot;ignored&quot; : [ &quot;examples&quot; ]&#10;}, {&#10;  &quot;level&quot; : &quot;warning&quot;,&#10;  &quot;schema&quot; : {&#10;    &quot;loadingURI&quot; : &quot;file:/C:/Users/ADMIN/Documents/repos/rest_assured-testng/target/classes/search_category.json#&quot;,&#10;    &quot;pointer&quot; : &quot;/properties/currentQuery/properties/url&quot;&#10;  },&#10;  &quot;domain&quot; : &quot;syntax&quot;,&#10;  &quot;message&quot; : &quot;the following keywords are unknown and will be ignored: [examples]&quot;,&#10;  &quot;ignored&quot; : [ &quot;examples&quot; ]&#10;}, {&#10;  &quot;level&quot; : &quot;warning&quot;,&#10;  &quot;schema&quot; : {&#10;    &quot;loadingURI&quot; : &quot;file:/C:/Users/ADMIN/Documents/repos/rest_assured-testng/target/classes/search_category.json#&quot;,&#10;    &quot;pointer&quot; : &quot;/properties/didYouMean&quot;&#10;  },&#10;  &quot;domain&quot; : &quot;syntax&quot;,&#10;  &quot;message&quot; : &quot;the following keywords are unknown and will be ignored: [examples]&quot;,&#10;  &quot;ignored&quot; : [ &quot;examples&quot; ]&#10;}, {&#10;  &quot;level&quot; : &quot;warning&quot;,&#10;  &quot;schema&quot; : {&#10;    &quot;loadingURI&quot; : &quot;file:/C:/Users/ADMIN/Documents/repos/rest_assured-testng/target/classes/search_category.json#&quot;,&#10;    &quot;pointer&quot; : &quot;/properties/freeTextSearch&quot;&#10;  },&#10;  &quot;domain&quot; : &quot;syntax&quot;,&#10;  &quot;message&quot; : &quot;the following keywords are unknown and will be ignored: [examples]&quot;,&#10;  &quot;ignored&quot; : [ &quot;examples&quot; ]&#10;}, {&#10;  &quot;level&quot; : &quot;warning&quot;,&#10;  &quot;schema&quot; : {&#10;    &quot;loadingURI&quot; : &quot;file:/C:/Users/ADMIN/Documents/repos/rest_assured-testng/target/classes/search_category.json#&quot;,&#10;    &quot;pointer&quot; : &quot;/properties/pagination&quot;&#10;  },&#10;  &quot;domain&quot; : &quot;syntax&quot;,&#10;  &quot;message&quot; : &quot;the following keywords are unknown and will be ignored: [examples]&quot;,&#10;  &quot;ignored&quot; : [ &quot;examples&quot; ]&#10;}, {&#10;  &quot;level&quot; : &quot;warning&quot;,&#10;  &quot;schema&quot; : {&#10;    &quot;loadingURI&quot; : &quot;file:/C:/Users/ADMIN/Documents/repos/rest_assured-testng/target/classes/search_category.json#&quot;,&#10;    &quot;pointer&quot; : &quot;/properties/pagination/properties/currentPage&quot;&#10;  },&#10;  &quot;domain&quot; : &quot;syntax&quot;,&#10;  &quot;message&quot; : &quot;the following keywords are unknown and will be ignored: [examples]&quot;,&#10;  &quot;ignored&quot; : [ &quot;examples&quot; ]&#10;}, {&#10;  &quot;level&quot; : &quot;warning&quot;,&#10;  &quot;schema&quot; : {&#10;    &quot;loadingURI&quot; : &quot;file:/C:/Users/ADMIN/Documents/repos/rest_assured-testng/target/classes/search_category.json#&quot;,&#10;    &quot;pointer&quot; : &quot;/properties/pagination/properties/pageSize&quot;&#10;  },&#10;  &quot;domain&quot; : &quot;syntax&quot;,&#10;  &quot;message&quot; : &quot;the following keywords are unknown and will be ignored: [examples]&quot;,&#10;  &quot;ignored&quot; : [ &quot;examples&quot; ]&#10;}, {&#10;  &quot;level&quot; : &quot;warning&quot;,&#10;  &quot;schema&quot; : {&#10;    &quot;loadingURI&quot; : &quot;file:/C:/Users/ADMIN/Documents/repos/rest_assured-testng/target/classes/search_category.json#&quot;,&#10;    &quot;pointer&quot; : &quot;/properties/pagination/properties/sort&quot;&#10;  },&#10;  &quot;domain&quot; : &quot;syntax&quot;,&#10;  &quot;message&quot; : &quot;the following keywords are unknown and will be ignored: [examples]&quot;,&#10;  &quot;ignored&quot; : [ &quot;examples&quot; ]&#10;}, {&#10;  &quot;level&quot; : &quot;warning&quot;,&#10;  &quot;schema&quot; : {&#10;    &quot;loadingURI&quot; : &quot;file:/C:/Users/ADMIN/Documents/repos/rest_assured-testng/target/classes/search_category.json#&quot;,&#10;    &quot;pointer&quot; : &quot;/properties/pagination/properties/totalPages&quot;&#10;  },&#10;  &quot;domain&quot; : &quot;syntax&quot;,&#10;  &quot;message&quot; : &quot;the following keywords are unknown and will be ignored: [examples]&quot;,&#10;  &quot;ignored&quot; : [ &quot;examples&quot; ]&#10;}, {&#10;  &quot;level&quot; : &quot;warning&quot;,&#10;  &quot;schema&quot; : {&#10;    &quot;loadingURI&quot; : &quot;file:/C:/Users/ADMIN/Documents/repos/rest_assured-testng/target/classes/search_category.json#&quot;,&#10;    &quot;pointer&quot; : &quot;/properties/pagination/properties/totalResults&quot;&#10;  },&#10;  &quot;domain&quot; : &quot;syntax&quot;,&#10;  &quot;message&quot; : &quot;the following keywords are unknown and will be ignored: [examples]&quot;,&#10;  &quot;ignored&quot; : [ &quot;examples&quot; ]&#10;}, {&#10;  &quot;level&quot; : &quot;warning&quot;,&#10;  &quot;schema&quot; : {&#10;    &quot;loadingURI&quot; : &quot;file:/C:/Users/ADMIN/Documents/repos/rest_assured-testng/target/classes/search_category.json#&quot;,&#10;    &quot;pointer&quot; : &quot;/properties/products&quot;&#10;  },&#10;  &quot;domain&quot; : &quot;syntax&quot;,&#10;  &quot;message&quot; : &quot;the following keywords are unknown and will be ignored: [examples]&quot;,&#10;  &quot;ignored&quot; : [ &quot;examples&quot; ]&#10;}, {&#10;  &quot;level&quot; : &quot;warning&quot;,&#10;  &quot;schema&quot; : {&#10;    &quot;loadingURI&quot; : &quot;file:/C:/Users/ADMIN/Documents/repos/rest_assured-testng/target/classes/search_category.json#&quot;,&#10;    &quot;pointer&quot; : &quot;/properties/products/items/anyOf/0&quot;&#10;  },&#10;  &quot;domain&quot; : &quot;syntax&quot;,&#10;  &quot;message&quot; : &quot;the following keywords are unknown and will be ignored: [examples]&quot;,&#10;  &quot;ignored&quot; : [ &quot;examples&quot; ]&#10;}, {&#10;  &quot;level&quot; : &quot;warning&quot;,&#10;  &quot;schema&quot; : {&#10;    &quot;loadingURI&quot; : &quot;file:/C:/Users/ADMIN/Documents/repos/rest_assured-testng/target/classes/search_category.json#&quot;,&#10;    &quot;pointer&quot; : &quot;/properties/products/items/anyOf/0/properties/addToCartFromPLPCategories&quot;&#10;  },&#10;  &quot;domain&quot; : &quot;syntax&quot;,&#10;  &quot;message&quot; : &quot;the following keywords are unknown and will be ignored: [examples]&quot;,&#10;  &quot;ignored&quot; : [ &quot;examples&quot; ]&#10;}, {&#10;  &quot;level&quot; : &quot;warning&quot;,&#10;  &quot;schema&quot; : {&#10;    &quot;loadingURI&quot; : &quot;file:/C:/Users/ADMIN/Documents/repos/rest_assured-testng/target/classes/search_category.json#&quot;,&#10;    &quot;pointer&quot; : &quot;/properties/products/items/anyOf/0/properties/addToCartFromPLPCategories/items/anyOf/0&quot;&#10;  },&#10;  &quot;domain&quot; : &quot;syntax&quot;,&#10;  &quot;message&quot; : &quot;the following keywords are unknown and will be ignored: [examples]&quot;,&#10;  &quot;ignored&quot; : [ &quot;examples&quot; ]&#10;}, {&#10;  &quot;level&quot; : &quot;warning&quot;,&#10;  &quot;schema&quot; : {&#10;    &quot;loadingURI&quot; : &quot;file:/C:/Users/ADMIN/Documents/repos/rest_assured-testng/target/classes/search_category.json#&quot;,&#10;    &quot;pointer&quot; : &quot;/properties/products/items/anyOf/0/properties/addToCartFromPLPCategories/items/anyOf/0/properties/key&quot;&#10;  },&#10;  &quot;domain&quot; : &quot;syntax&quot;,&#10;  &quot;message&quot; : &quot;the following keywords are unknown and will be ignored: [examples]&quot;,&#10;  &quot;ignored&quot; : [ &quot;examples&quot; ]&#10;}, {&#10;  &quot;level&quot; : &quot;warning&quot;,&#10;  &quot;schema&quot; : {&#10;    &quot;loadingURI&quot; : &quot;file:/C:/Users/ADMIN/Documents/repos/rest_assured-testng/target/classes/search_category.json#&quot;,&#10;    &quot;pointer&quot; : &quot;/properties/products/items/anyOf/0/properties/addToCartFromPLPCategories/items/anyOf/0/properties/value&quot;&#10;  },&#10;  &quot;domain&quot; : &quot;syntax&quot;,&#10;  &quot;message&quot; : &quot;the following keywords are unknown and will be ignored: [examples]&quot;,&#10;  &quot;ignored&quot; : [ &quot;examples&quot; ]&#10;}, {&#10;  &quot;level&quot; : &quot;warning&quot;,&#10;  &quot;schema&quot; : {&#10;    &quot;loadingURI&quot; : &quot;file:/C:/Users/ADMIN/Documents/repos/rest_assured-testng/target/classes/search_category.json#&quot;,&#10;    &quot;pointer&quot; : &quot;/properties/products/items/anyOf/0/properties/addableToCartFromListingPage&quot;&#10;  },&#10;  &quot;domain&quot; : &quot;syntax&quot;,&#10;  &quot;message&quot; : &quot;the following keywords are unknown and will be ignored: [examples]&quot;,&#10;  &quot;ignored&quot; : [ &quot;examples&quot; ]&#10;}, {&#10;  &quot;level&quot; : &quot;warning&quot;,&#10;  &quot;schema&quot; : {&#10;    &quot;loadingURI&quot; : &quot;file:/C:/Users/ADMIN/Documents/repos/rest_assured-testng/target/classes/search_category.json#&quot;,&#10;    &quot;pointer&quot; : &quot;/properties/products/items/anyOf/0/properties/availableForPreorder&quot;&#10;  },&#10;  &quot;domain&quot; : &quot;syntax&quot;,&#10;  &quot;message&quot; : &quot;the following keywords are unknown and will be ignored: [examples]&quot;,&#10;  &quot;ignored&quot; : [ &quot;examples&quot; ]&#10;}, {&#10;  &quot;level&quot; : &quot;warning&quot;,&#10;  &quot;schema&quot; : {&#10;    &quot;loadingURI&quot; : &quot;file:/C:/Users/ADMIN/Documents/repos/rest_assured-testng/target/classes/search_category.json#&quot;,&#10;    &quot;pointer&quot; : &quot;/properties/products/items/anyOf/0/properties/basePrice&quot;&#10;  },&#10;  &quot;domain&quot; : &quot;syntax&quot;,&#10;  &quot;message&quot; : &quot;the following keywords are unknown and will be ignored: [examples]&quot;,&#10;  &quot;ignored&quot; : [ &quot;examples&quot; ]&#10;}, {&#10;  &quot;level&quot; : &quot;warning&quot;,&#10;  &quot;schema&quot; : {&#10;    &quot;loadingURI&quot; : &quot;file:/C:/Users/ADMIN/Documents/repos/rest_assured-testng/target/classes/search_category.json#&quot;,&#10;    &quot;pointer&quot; : &quot;/properties/products/items/anyOf/0/properties/basePrice/properties/currencyIso&quot;&#10;  },&#10;  &quot;domain&quot; : &quot;syntax&quot;,&#10;  &quot;message&quot; : &quot;the following keywords are unknown and will be ignored: [examples]&quot;,&#10;  &quot;ignored&quot; : [ &quot;examples&quot; ]&#10;}, {&#10;  &quot;level&quot; : &quot;warning&quot;,&#10;  &quot;schema&quot; : {&#10;    &quot;loadingURI&quot; : &quot;file:/C:/Users/ADMIN/Documents/repos/rest_assured-testng/target/classes/search_category.json#&quot;,&#10;    &quot;pointer&quot; : &quot;/properties/products/items/anyOf/0/properties/basePrice/properties/formattedValue&quot;&#10;  },&#10;  &quot;domain&quot; : &quot;syntax&quot;,&#10;  &quot;message&quot; : &quot;the following keywords are unknown and will be ignored: [examples]&quot;,&#10;  &quot;ignored&quot; : [ &quot;examples&quot; ]&#10;}, {&#10;  &quot;level&quot; : &quot;warning&quot;,&#10;  &quot;schema&quot; : {&#10;    &quot;loadingURI&quot; : &quot;file:/C:/Users/ADMIN/Documents/repos/rest_assured-testng/target/classes/search_category.json#&quot;,&#10;    &quot;pointer&quot; : &quot;/properties/products/items/anyOf/0/properties/basePrice/properties/priceType&quot;&#10;  },&#10;  &quot;domain&quot; : &quot;syntax&quot;,&#10;  &quot;message&quot; : &quot;the following keywords are unknown and will be ignored: [examples]&quot;,&#10;  &quot;ignored&quot; : [ &quot;examples&quot; ]&#10;}, {&#10;  &quot;level&quot; : &quot;warning&quot;,&#10;  &quot;schema&quot; : {&#10;    &quot;loadingURI&quot; : &quot;file:/C:/Users/ADMIN/Documents/repos/rest_assured-testng/target/classes/search_category.json#&quot;,&#10;    &quot;pointer&quot; : &quot;/properties/products/items/anyOf/0/properties/basePrice/properties/value&quot;&#10;  },&#10;  &quot;domain&quot; : &quot;syntax&quot;,&#10;  &quot;message&quot; : &quot;the following keywords are unknown and will be ignored: [examples]&quot;,&#10;  &quot;ignored&quot; : [ &quot;examples&quot; ]&#10;}, {&#10;  &quot;level&quot; : &quot;warning&quot;,&#10;  &quot;schema&quot; : {&#10;    &quot;loadingURI&quot; : &quot;file:/C:/Users/ADMIN/Documents/repos/rest_assured-testng/target/classes/search_category.json#&quot;,&#10;    &quot;pointer&quot; : &quot;/properties/products/items/anyOf/0/properties/businessDelivery&quot;&#10;  },&#10;  &quot;domain&quot; : &quot;syntax&quot;,&#10;  &quot;message&quot; : &quot;the following keywords are unknown and will be ignored: [examples]&quot;,&#10;  &quot;ignored&quot; : [ &quot;examples&quot; ]&#10;}, {&#10;  &quot;level&quot; : &quot;warning&quot;,&#10;  &quot;schema&quot; : {&#10;    &quot;loadingURI&quot; : &quot;file:/C:/Users/ADMIN/Documents/repos/rest_assured-testng/target/classes/search_category.json#&quot;,&#10;    &quot;pointer&quot; : &quot;/properties/products/items/anyOf/0/properties/code&quot;&#10;  },&#10;  &quot;domain&quot; : &quot;syntax&quot;,&#10;  &quot;message&quot; : &quot;the following keywords are unknown and will be ignored: [examples]&quot;,&#10;  &quot;ignored&quot; : [ &quot;examples&quot; ]&#10;}, {&#10;  &quot;level&quot; : &quot;warning&quot;,&#10;  &quot;schema&quot; : {&#10;    &quot;loadingURI&quot; : &quot;file:/C:/Users/ADMIN/Documents/repos/rest_assured-testng/target/classes/search_category.json#&quot;,&#10;    &quot;pointer&quot; : &quot;/properties/products/items/anyOf/0/properties/decalData&quot;&#10;  },&#10;  &quot;domain&quot; : &quot;syntax&quot;,&#10;  &quot;message&quot; : &quot;the following keywords are unknown and will be ignored: [examples]&quot;,&#10;  &quot;ignored&quot; : [ &quot;examples&quot; ]&#10;}, {&#10;  &quot;level&quot; : &quot;warning&quot;,&#10;  &quot;schema&quot; : {&#10;    &quot;loadingURI&quot; : &quot;file:/C:/Users/ADMIN/Documents/repos/rest_assured-testng/target/classes/search_category.json#&quot;,&#10;    &quot;pointer&quot; : &quot;/properties/products/items/anyOf/0/properties/decalData/items/anyOf/0&quot;&#10;  },&#10;  &quot;domain&quot; : &quot;syntax&quot;,&#10;  &quot;message&quot; : &quot;the following keywords are unknown and will be ignored: [examples]&quot;,&#10;  &quot;ignored&quot; : [ &quot;examples&quot; ]&#10;}, {&#10;  &quot;level&quot; : &quot;warning&quot;,&#10;  &quot;schema&quot; : {&#10;    &quot;loadingURI&quot; : &quot;file:/C:/Users/ADMIN/Documents/repos/rest_assured-testng/target/classes/search_category.json#&quot;,&#10;    &quot;pointer&quot; : &quot;/properties/products/items/anyOf/0/properties/decalData/items/anyOf/0/properties/key&quot;&#10;  },&#10;  &quot;domain&quot; : &quot;syntax&quot;,&#10;  &quot;message&quot; : &quot;the following keywords are unknown and will be ignored: [examples]&quot;,&#10;  &quot;ignored&quot; : [ &quot;examples&quot; ]&#10;}, {&#10;  &quot;level&quot; : &quot;warning&quot;,&#10;  &quot;schema&quot; : {&#10;    &quot;loadingURI&quot; : &quot;file:/C:/Users/ADMIN/Documents/repos/rest_assured-testng/target/classes/search_category.json#&quot;,&#10;    &quot;pointer&quot; : &quot;/properties/products/items/anyOf/0/properties/decalData/items/anyOf/0/properties/value&quot;&#10;  },&#10;  &quot;domain&quot; : &quot;syntax&quot;,&#10;  &quot;message&quot; : &quot;the following keywords are unknown and will be ignored: [examples]&quot;,&#10;  &quot;ignored&quot; : [ &quot;examples&quot; ]&#10;}, {&#10;  &quot;level&quot; : &quot;warning&quot;,&#10;  &quot;schema&quot; : {&#10;    &quot;loadingURI&quot; : &quot;file:/C:/Users/ADMIN/Documents/repos/rest_assured-testng/target/classes/search_category.json#&quot;,&#10;    &quot;pointer&quot; : &quot;/properties/products/items/anyOf/0/properties/decalData/items/anyOf/0/properties/value/properties/altText&quot;&#10;  },&#10;  &quot;domain&quot; : &quot;syntax&quot;,&#10;  &quot;message&quot; : &quot;the following keywords are unknown and will be ignored: [examples]&quot;,&#10;  &quot;ignored&quot; : [ &quot;examples&quot; ]&#10;}, {&#10;  &quot;level&quot; : &quot;warning&quot;,&#10;  &quot;schema&quot; : {&#10;    &quot;loadingURI&quot; : &quot;file:/C:/Users/ADMIN/Documents/repos/rest_assured-testng/target/classes/search_category.json#&quot;,&#10;    &quot;pointer&quot; : &quot;/properties/products/items/anyOf/0/properties/decalData/items/anyOf/0/properties/value/properties/position&quot;&#10;  },&#10;  &quot;domain&quot; : &quot;syntax&quot;,&#10;  &quot;message&quot; : &quot;the following keywords are unknown and will be ignored: [examples]&quot;,&#10;  &quot;ignored&quot; : [ &quot;examples&quot; ]&#10;}, {&#10;  &quot;level&quot; : &quot;warning&quot;,&#10;  &quot;schema&quot; : {&#10;    &quot;loadingURI&quot; : &quot;file:/C:/Users/ADMIN/Documents/repos/rest_assured-testng/target/classes/search_category.json#&quot;,&#10;    &quot;pointer&quot; : &quot;/properties/products/items/anyOf/0/properties/decalData/items/anyOf/0/properties/value/properties/url&quot;&#10;  },&#10;  &quot;domain&quot; : &quot;syntax&quot;,&#10;  &quot;message&quot; : &quot;the following keywords are unknown and will be ignored: [examples]&quot;,&#10;  &quot;ignored&quot; : [ &quot;examples&quot; ]&#10;}, {&#10;  &quot;level&quot; : &quot;warning&quot;,&#10;  &quot;schema&quot; : {&#10;    &quot;loadingURI&quot; : &quot;file:/C:/Users/ADMIN/Documents/repos/rest_assured-testng/target/classes/search_category.json#&quot;,&#10;    &quot;pointer&quot; : &quot;/properties/products/items/anyOf/0/properties/description&quot;&#10;  },&#10;  &quot;domain&quot; : &quot;syntax&quot;,&#10;  &quot;message&quot; : &quot;the following keywords are unknown and will be ignored: [examples]&quot;,&#10;  &quot;ignored&quot; : [ &quot;examples&quot; ]&#10;}, {&#10;  &quot;level&quot; : &quot;warning&quot;,&#10;  &quot;schema&quot; : {&#10;    &quot;loadingURI&quot; : &quot;file:/C:/Users/ADMIN/Documents/repos/rest_assured-testng/target/classes/search_category.json#&quot;,&#10;    &quot;pointer&quot; : &quot;/properties/products/items/anyOf/0/properties/englishName&quot;&#10;  },&#10;  &quot;domain&quot; : &quot;syntax&quot;,&#10;  &quot;message&quot; : &quot;the following keywords are unknown and will be ignored: [examples]&quot;,&#10;  &quot;ignored&quot; : [ &quot;examples&quot; ]&#10;}, {&#10;  &quot;level&quot; : &quot;warning&quot;,&#10;  &quot;schema&quot; : {&#10;    &quot;loadingURI&quot; : &quot;file:/C:/Users/ADMIN/Documents/repos/rest_assured-testng/target/classes/search_category.json#&quot;,&#10;    &quot;pointer&quot; : &quot;/properties/products/items/anyOf/0/properties/expeditedDelivery&quot;&#10;  },&#10;  &quot;domain&quot; : &quot;syntax&quot;,&#10;  &quot;message&quot; : &quot;the following keywords are unknown and will be ignored: [examples]&quot;,&#10;  &quot;ignored&quot; : [ &quot;examples&quot; ]&#10;}, {&#10;  &quot;level&quot; : &quot;warning&quot;,&#10;  &quot;schema&quot; : {&#10;    &quot;loadingURI&quot; : &quot;file:/C:/Users/ADMIN/Documents/repos/rest_assured-testng/target/classes/search_category.json#&quot;,&#10;    &quot;pointer&quot; : &quot;/properties/products/items/anyOf/0/properties/hasPricePerUnit&quot;&#10;  },&#10;  &quot;domain&quot; : &quot;syntax&quot;,&#10;  &quot;message&quot; : &quot;the following keywords are unknown and will be ignored: [examples]&quot;,&#10;  &quot;ignored&quot; : [ &quot;examples&quot; ]&#10;}, {&#10;  &quot;level&quot; : &quot;warning&quot;,&#10;  &quot;schema&quot; : {&#10;    &quot;loadingURI&quot; : &quot;file:/C:/Users/ADMIN/Documents/repos/rest_assured-testng/target/classes/search_category.json#&quot;,&#10;    &quot;pointer&quot; : &quot;/properties/products/items/anyOf/0/properties/hidePriceValue&quot;&#10;  },&#10;  &quot;domain&quot; : &quot;syntax&quot;,&#10;  &quot;message&quot; : &quot;the following keywords are unknown and will be ignored: [examples]&quot;,&#10;  &quot;ignored&quot; : [ &quot;examples&quot; ]&#10;}, {&#10;  &quot;level&quot; : &quot;warning&quot;,&#10;  &quot;schema&quot; : {&#10;    &quot;loadingURI&quot; : &quot;file:/C:/Users/ADMIN/Documents/repos/rest_assured-testng/target/classes/search_category.json#&quot;,&#10;    &quot;pointer&quot; : &quot;/properties/products/items/anyOf/0/properties/images&quot;&#10;  },&#10;  &quot;domain&quot; : &quot;syntax&quot;,&#10;  &quot;message&quot; : &quot;the following keywords are unknown and will be ignored: [examples]&quot;,&#10;  &quot;ignored&quot; : [ &quot;examples&quot; ]&#10;}, {&#10;  &quot;level&quot; : &quot;warning&quot;,&#10;  &quot;schema&quot; : {&#10;    &quot;loadingURI&quot; : &quot;file:/C:/Users/ADMIN/Documents/repos/rest_assured-testng/target/classes/search_category.json#&quot;,&#10;    &quot;pointer&quot; : &quot;/properties/products/items/anyOf/0/properties/images/items/anyOf/0&quot;&#10;  },&#10;  &quot;domain&quot; : &quot;syntax&quot;,&#10;  &quot;message&quot; : &quot;the following keywords are unknown and will be ignored: [examples]&quot;,&#10;  &quot;ignored&quot; : [ &quot;examples&quot; ]&#10;}, {&#10;  &quot;level&quot; : &quot;warning&quot;,&#10;  &quot;schema&quot; : {&#10;    &quot;loadingURI&quot; : &quot;file:/C:/Users/ADMIN/Documents/repos/rest_assured-testng/target/classes/search_category.json#&quot;,&#10;    &quot;pointer&quot; : &quot;/properties/products/items/anyOf/0/properties/images/items/anyOf/0/properties/format&quot;&#10;  },&#10;  &quot;domain&quot; : &quot;syntax&quot;,&#10;  &quot;message&quot; : &quot;the following keywords are unknown and will be ignored: [examples]&quot;,&#10;  &quot;ignored&quot; : [ &quot;examples&quot; ]&#10;}, {&#10;  &quot;level&quot; : &quot;warning&quot;,&#10;  &quot;schema&quot; : {&#10;    &quot;loadingURI&quot; : &quot;file:/C:/Users/ADMIN/Documents/repos/rest_assured-testng/target/classes/search_category.json#&quot;,&#10;    &quot;pointer&quot; : &quot;/properties/products/items/anyOf/0/properties/images/items/anyOf/0/properties/imageType&quot;&#10;  },&#10;  &quot;domain&quot; : &quot;syntax&quot;,&#10;  &quot;message&quot; : &quot;the following keywords are unknown and will be ignored: [examples]&quot;,&#10;  &quot;ignored&quot; : [ &quot;examples&quot; ]&#10;}, {&#10;  &quot;level&quot; : &quot;warning&quot;,&#10;  &quot;schema&quot; : {&#10;    &quot;loadingURI&quot; : &quot;file:/C:/Users/ADMIN/Documents/repos/rest_assured-testng/target/classes/search_category.json#&quot;,&#10;    &quot;pointer&quot; : &quot;/properties/products/items/anyOf/0/properties/images/items/anyOf/0/properties/url&quot;&#10;  },&#10;  &quot;domain&quot; : &quot;syntax&quot;,&#10;  &quot;message&quot; : &quot;the following keywords are unknown and will be ignored: [examples]&quot;,&#10;  &quot;ignored&quot; : [ &quot;examples&quot; ]&#10;}, {&#10;  &quot;level&quot; : &quot;warning&quot;,&#10;  &quot;schema&quot; : {&#10;    &quot;loadingURI&quot; : &quot;file:/C:/Users/ADMIN/Documents/repos/rest_assured-testng/target/classes/search_category.json#&quot;,&#10;    &quot;pointer&quot; : &quot;/properties/products/items/anyOf/0/properties/isBaseProduct&quot;&#10;  },&#10;  &quot;domain&quot; : &quot;syntax&quot;,&#10;  &quot;message&quot; : &quot;the following keywords are unknown and will be ignored: [examples]&quot;,&#10;  &quot;ignored&quot; : [ &quot;examples&quot; ]&#10;}, {&#10;  &quot;level&quot; : &quot;warning&quot;,&#10;  &quot;schema&quot; : {&#10;    &quot;loadingURI&quot; : &quot;file:/C:/Users/ADMIN/Documents/repos/rest_assured-testng/target/classes/search_category.json#&quot;,&#10;    &quot;pointer&quot; : &quot;/properties/products/items/anyOf/0/properties/isExternalVendorProduct&quot;&#10;  },&#10;  &quot;domain&quot; : &quot;syntax&quot;,&#10;  &quot;message&quot; : &quot;the following keywords are unknown and will be ignored: [examples]&quot;,&#10;  &quot;ignored&quot; : [ &quot;examples&quot; ]&#10;}, {&#10;  &quot;level&quot; : &quot;warning&quot;,&#10;  &quot;schema&quot; : {&#10;    &quot;loadingURI&quot; : &quot;file:/C:/Users/ADMIN/Documents/repos/rest_assured-testng/target/classes/search_category.json#&quot;,&#10;    &quot;pointer&quot; : &quot;/properties/products/items/anyOf/0/properties/isExternalVendorVariantProduct&quot;&#10;  },&#10;  &quot;domain&quot; : &quot;syntax&quot;,&#10;  &quot;message&quot; : &quot;the following keywords are unknown and will be ignored: [examples]&quot;,&#10;  &quot;ignored&quot; : [ &quot;examples&quot; ]&#10;}, {&#10;  &quot;level&quot; : &quot;warning&quot;,&#10;  &quot;schema&quot; : {&#10;    &quot;loadingURI&quot; : &quot;file:/C:/Users/ADMIN/Documents/repos/rest_assured-testng/target/classes/search_category.json#&quot;,&#10;    &quot;pointer&quot; : &quot;/properties/products/items/anyOf/0/properties/minOrderQuantity&quot;&#10;  },&#10;  &quot;domain&quot; : &quot;syntax&quot;,&#10;  &quot;message&quot; : &quot;the following keywords are unknown and will be ignored: [examples]&quot;,&#10;  &quot;ignored&quot; : [ &quot;examples&quot; ]&#10;}, {&#10;  &quot;level&quot; : &quot;warning&quot;,&#10;  &quot;schema&quot; : {&#10;    &quot;loadingURI&quot; : &quot;file:/C:/Users/ADMIN/Documents/repos/rest_assured-testng/target/classes/search_category.json#&quot;,&#10;    &quot;pointer&quot; : &quot;/properties/products/items/anyOf/0/properties/modulusItemQuantity&quot;&#10;  },&#10;  &quot;domain&quot; : &quot;syntax&quot;,&#10;  &quot;message&quot; : &quot;the following keywords are unknown and will be ignored: [examples]&quot;,&#10;  &quot;ignored&quot; : [ &quot;examples&quot; ]&#10;}, {&#10;  &quot;level&quot; : &quot;warning&quot;,&#10;  &quot;schema&quot; : {&#10;    &quot;loadingURI&quot; : &quot;file:/C:/Users/ADMIN/Documents/repos/rest_assured-testng/target/classes/search_category.json#&quot;,&#10;    &quot;pointer&quot; : &quot;/properties/products/items/anyOf/0/properties/name&quot;&#10;  },&#10;  &quot;domain&quot; : &quot;syntax&quot;,&#10;  &quot;message&quot; : &quot;the following keywords are unknown and will be ignored: [examples]&quot;,&#10;  &quot;ignored&quot; : [ &quot;examples&quot; ]&#10;}, {&#10;  &quot;level&quot; : &quot;warning&quot;,&#10;  &quot;schema&quot; : {&#10;    &quot;loadingURI&quot; : &quot;file:/C:/Users/ADMIN/Documents/repos/rest_assured-testng/target/classes/search_category.json#&quot;,&#10;    &quot;pointer&quot; : &quot;/properties/products/items/anyOf/0/properties/price&quot;&#10;  },&#10;  &quot;domain&quot; : &quot;syntax&quot;,&#10;  &quot;message&quot; : &quot;the following keywords are unknown and will be ignored: [examples]&quot;,&#10;  &quot;ignored&quot; : [ &quot;examples&quot; ]&#10;}, {&#10;  &quot;level&quot; : &quot;warning&quot;,&#10;  &quot;schema&quot; : {&#10;    &quot;loadingURI&quot; : &quot;file:/C:/Users/ADMIN/Documents/repos/rest_assured-testng/target/classes/search_category.json#&quot;,&#10;    &quot;pointer&quot; : &quot;/properties/products/items/anyOf/0/properties/price/properties/currencyIso&quot;&#10;  },&#10;  &quot;domain&quot; : &quot;syntax&quot;,&#10;  &quot;message&quot; : &quot;the following keywords are unknown and will be ignored: [examples]&quot;,&#10;  &quot;ignored&quot; : [ &quot;examples&quot; ]&#10;}, {&#10;  &quot;level&quot; : &quot;warning&quot;,&#10;  &quot;schema&quot; : {&#10;    &quot;loadingURI&quot; : &quot;file:/C:/Users/ADMIN/Documents/repos/rest_assured-testng/target/classes/search_category.json#&quot;,&#10;    &quot;pointer&quot; : &quot;/properties/products/items/anyOf/0/properties/price/properties/formattedValue&quot;&#10;  },&#10;  &quot;domain&quot; : &quot;syntax&quot;,&#10;  &quot;message&quot; : &quot;the following keywords are unknown and will be ignored: [examples]&quot;,&#10;  &quot;ignored&quot; : [ &quot;examples&quot; ]&#10;}, {&#10;  &quot;level&quot; : &quot;warning&quot;,&#10;  &quot;schema&quot; : {&#10;    &quot;loadingURI&quot; : &quot;file:/C:/Users/ADMIN/Documents/repos/rest_assured-testng/target/classes/search_category.json#&quot;,&#10;    &quot;pointer&quot; : &quot;/properties/products/items/anyOf/0/properties/price/properties/priceType&quot;&#10;  },&#10;  &quot;domain&quot; : &quot;syntax&quot;,&#10;  &quot;message&quot; : &quot;the following keywords are unknown and will be ignored: [examples]&quot;,&#10;  &quot;ignored&quot; : [ &quot;examples&quot; ]&#10;}, {&#10;  &quot;level&quot; : &quot;warning&quot;,&#10;  &quot;schema&quot; : {&#10;    &quot;loadingURI&quot; : &quot;file:/C:/Users/ADMIN/Documents/repos/rest_assured-testng/target/classes/search_category.json#&quot;,&#10;    &quot;pointer&quot; : &quot;/properties/products/items/anyOf/0/properties/price/properties/value&quot;&#10;  },&#10;  &quot;domain&quot; : &quot;syntax&quot;,&#10;  &quot;message&quot; : &quot;the following keywords are unknown and will be ignored: [examples]&quot;,&#10;  &quot;ignored&quot; : [ &quot;examples&quot; ]&#10;}, {&#10;  &quot;level&quot; : &quot;warning&quot;,&#10;  &quot;schema&quot; : {&#10;    &quot;loadingURI&quot; : &quot;file:/C:/Users/ADMIN/Documents/repos/rest_assured-testng/target/classes/search_category.json#&quot;,&#10;    &quot;pointer&quot; : &quot;/properties/products/items/anyOf/0/properties/purchasable&quot;&#10;  },&#10;  &quot;domain&quot; : &quot;syntax&quot;,&#10;  &quot;message&quot; : &quot;the following keywords are unknown and will be ignored: [examples]&quot;,&#10;  &quot;ignored&quot; : [ &quot;examples&quot; ]&#10;}, {&#10;  &quot;level&quot; : &quot;warning&quot;,&#10;  &quot;schema&quot; : {&#10;    &quot;loadingURI&quot; : &quot;file:/C:/Users/ADMIN/Documents/repos/rest_assured-testng/target/classes/search_category.json#&quot;,&#10;    &quot;pointer&quot; : &quot;/properties/products/items/anyOf/0/properties/randomWeight&quot;&#10;  },&#10;  &quot;domain&quot; : &quot;syntax&quot;,&#10;  &quot;message&quot; : &quot;the following keywords are unknown and will be ignored: [examples]&quot;,&#10;  &quot;ignored&quot; : [ &quot;examples&quot; ]&#10;}, {&#10;  &quot;level&quot; : &quot;warning&quot;,&#10;  &quot;schema&quot; : {&#10;    &quot;loadingURI&quot; : &quot;file:/C:/Users/ADMIN/Documents/repos/rest_assured-testng/target/classes/search_category.json#&quot;,&#10;    &quot;pointer&quot; : &quot;/properties/products/items/anyOf/0/properties/shippingIncluded&quot;&#10;  },&#10;  &quot;domain&quot; : &quot;syntax&quot;,&#10;  &quot;message&quot; : &quot;the following keywords are unknown and will be ignored: [examples]&quot;,&#10;  &quot;ignored&quot; : [ &quot;examples&quot; ]&#10;}, {&#10;  &quot;level&quot; : &quot;warning&quot;,&#10;  &quot;schema&quot; : {&#10;    &quot;loadingURI&quot; : &quot;file:/C:/Users/ADMIN/Documents/repos/rest_assured-testng/target/classes/search_category.json#&quot;,&#10;    &quot;pointer&quot; : &quot;/properties/products/items/anyOf/0/properties/stock&quot;&#10;  },&#10;  &quot;domain&quot; : &quot;syntax&quot;,&#10;  &quot;message&quot; : &quot;the following keywords are unknown and will be ignored: [examples]&quot;,&#10;  &quot;ignored&quot; : [ &quot;examples&quot; ]&#10;}, {&#10;  &quot;level&quot; : &quot;warning&quot;,&#10;  &quot;schema&quot; : {&#10;    &quot;loadingURI&quot; : &quot;file:/C:/Users/ADMIN/Documents/repos/rest_assured-testng/target/classes/search_category.json#&quot;,&#10;    &quot;pointer&quot; : &quot;/properties/products/items/anyOf/0/properties/stock/properties/contactDay&quot;&#10;  },&#10;  &quot;domain&quot; : &quot;syntax&quot;,&#10;  &quot;message&quot; : &quot;the following keywords are unknown and will be ignored: [examples]&quot;,&#10;  &quot;ignored&quot; : [ &quot;examples&quot; ]&#10;}, {&#10;  &quot;level&quot; : &quot;warning&quot;,&#10;  &quot;schema&quot; : {&#10;    &quot;loadingURI&quot; : &quot;file:/C:/Users/ADMIN/Documents/repos/rest_assured-testng/target/classes/search_category.json#&quot;,&#10;    &quot;pointer&quot; : &quot;/properties/products/items/anyOf/0/properties/stock/properties/deliveryLeadTime&quot;&#10;  },&#10;  &quot;domain&quot; : &quot;syntax&quot;,&#10;  &quot;message&quot; : &quot;the following keywords are unknown and will be ignored: [examples]&quot;,&#10;  &quot;ignored&quot; : [ &quot;examples&quot; ]&#10;}, {&#10;  &quot;level&quot; : &quot;warning&quot;,&#10;  &quot;schema&quot; : {&#10;    &quot;loadingURI&quot; : &quot;file:/C:/Users/ADMIN/Documents/repos/rest_assured-testng/target/classes/search_category.json#&quot;,&#10;    &quot;pointer&quot; : &quot;/properties/products/items/anyOf/0/properties/stock/properties/stockLevelStatus&quot;&#10;  },&#10;  &quot;domain&quot; : &quot;syntax&quot;,&#10;  &quot;message&quot; : &quot;the following keywords are unknown and will be ignored: [examples]&quot;,&#10;  &quot;ignored&quot; : [ &quot;examples&quot; ]&#10;}, {&#10;  &quot;level&quot; : &quot;warning&quot;,&#10;  &quot;schema&quot; : {&#10;    &quot;loadingURI&quot; : &quot;file:/C:/Users/ADMIN/Documents/repos/rest_assured-testng/target/classes/search_category.json#&quot;,&#10;    &quot;pointer&quot; : &quot;/properties/products/items/anyOf/0/properties/summary&quot;&#10;  },&#10;  &quot;domain&quot; : &quot;syntax&quot;,&#10;  &quot;message&quot; : &quot;the following keywords are unknown and will be ignored: [examples]&quot;,&#10;  &quot;ignored&quot; : [ &quot;examples&quot; ]&#10;}, {&#10;  &quot;level&quot; : &quot;warning&quot;,&#10;  &quot;schema&quot; : {&#10;    &quot;loadingURI&quot; : &quot;file:/C:/Users/ADMIN/Documents/repos/rest_assured-testng/target/classes/search_category.json#&quot;,&#10;    &quot;pointer&quot; : &quot;/properties/products/items/anyOf/0/properties/url&quot;&#10;  },&#10;  &quot;domain&quot; : &quot;syntax&quot;,&#10;  &quot;message&quot; : &quot;the following keywords are unknown and will be ignored: [examples]&quot;,&#10;  &quot;ignored&quot; : [ &quot;examples&quot; ]&#10;}, {&#10;  &quot;level&quot; : &quot;warning&quot;,&#10;  &quot;schema&quot; : {&#10;    &quot;loadingURI&quot; : &quot;file:/C:/Users/ADMIN/Documents/repos/rest_assured-testng/target/classes/search_category.json#&quot;,&#10;    &quot;pointer&quot; : &quot;/properties/products/items/anyOf/0/properties/warehouseHidePriceValue&quot;&#10;  },&#10;  &quot;domain&quot; : &quot;syntax&quot;,&#10;  &quot;message&quot; : &quot;the following keywords are unknown and will be ignored: [examples]&quot;,&#10;  &quot;ignored&quot; : [ &quot;examples&quot; ]&#10;}, {&#10;  &quot;level&quot; : &quot;warning&quot;,&#10;  &quot;schema&quot; : {&#10;    &quot;loadingURI&quot; : &quot;file:/C:/Users/ADMIN/Documents/repos/rest_assured-testng/target/classes/search_category.json#&quot;,&#10;    &quot;pointer&quot; : &quot;/properties/products/items/anyOf/1&quot;&#10;  },&#10;  &quot;domain&quot; : &quot;syntax&quot;,&#10;  &quot;message&quot; : &quot;the following keywords are unknown and will be ignored: [examples]&quot;,&#10;  &quot;ignored&quot; : [ &quot;examples&quot; ]&#10;}, {&#10;  &quot;level&quot; : &quot;warning&quot;,&#10;  &quot;schema&quot; : {&#10;    &quot;loadingURI&quot; : &quot;file:/C:/Users/ADMIN/Documents/repos/rest_assured-testng/target/classes/search_category.json#&quot;,&#10;    &quot;pointer&quot; : &quot;/properties/products/items/anyOf/1/properties/addToCartFromPLPCategories&quot;&#10;  },&#10;  &quot;domain&quot; : &quot;syntax&quot;,&#10;  &quot;message&quot; : &quot;the following keywords are unknown and will be ignored: [examples]&quot;,&#10;  &quot;ignored&quot; : [ &quot;examples&quot; ]&#10;}, {&#10;  &quot;level&quot; : &quot;warning&quot;,&#10;  &quot;schema&quot; : {&#10;    &quot;loadingURI&quot; : &quot;file:/C:/Users/ADMIN/Documents/repos/rest_assured-testng/target/classes/search_category.json#&quot;,&#10;    &quot;pointer&quot; : &quot;/properties/products/items/anyOf/1/properties/addToCartFromPLPCategories/items/anyOf/0&quot;&#10;  },&#10;  &quot;domain&quot; : &quot;syntax&quot;,&#10;  &quot;message&quot; : &quot;the following keywords are unknown and will be ignored: [examples]&quot;,&#10;  &quot;ignored&quot; : [ &quot;examples&quot; ]&#10;}, {&#10;  &quot;level&quot; : &quot;warning&quot;,&#10;  &quot;schema&quot; : {&#10;    &quot;loadingURI&quot; : &quot;file:/C:/Users/ADMIN/Documents/repos/rest_assured-testng/target/classes/search_category.json#&quot;,&#10;    &quot;pointer&quot; : &quot;/properties/products/items/anyOf/1/properties/addToCartFromPLPCategories/items/anyOf/0/properties/key&quot;&#10;  },&#10;  &quot;domain&quot; : &quot;syntax&quot;,&#10;  &quot;message&quot; : &quot;the following keywords are unknown and will be ignored: [examples]&quot;,&#10;  &quot;ignored&quot; : [ &quot;examples&quot; ]&#10;}, {&#10;  &quot;level&quot; : &quot;warning&quot;,&#10;  &quot;schema&quot; : {&#10;    &quot;loadingURI&quot; : &quot;file:/C:/Users/ADMIN/Documents/repos/rest_assured-testng/target/classes/search_category.json#&quot;,&#10;    &quot;pointer&quot; : &quot;/properties/products/items/anyOf/1/properties/addToCartFromPLPCategories/items/anyOf/0/properties/value&quot;&#10;  },&#10;  &quot;domain&quot; : &quot;syntax&quot;,&#10;  &quot;message&quot; : &quot;the following keywords are unknown and will be ignored: [examples]&quot;,&#10;  &quot;ignored&quot; : [ &quot;examples&quot; ]&#10;}, {&#10;  &quot;level&quot; : &quot;warning&quot;,&#10;  &quot;schema&quot; : {&#10;    &quot;loadingURI&quot; : &quot;file:/C:/Users/ADMIN/Documents/repos/rest_assured-testng/target/classes/search_category.json#&quot;,&#10;    &quot;pointer&quot; : &quot;/properties/products/items/anyOf/1/properties/addableToCartFromListingPage&quot;&#10;  },&#10;  &quot;domain&quot; : &quot;syntax&quot;,&#10;  &quot;message&quot; : &quot;the following keywords are unknown and will be ignored: [examples]&quot;,&#10;  &quot;ignored&quot; : [ &quot;examples&quot; ]&#10;}, {&#10;  &quot;level&quot; : &quot;warning&quot;,&#10;  &quot;schema&quot; : {&#10;    &quot;loadingURI&quot; : &quot;file:/C:/Users/ADMIN/Documents/repos/rest_assured-testng/target/classes/search_category.json#&quot;,&#10;    &quot;pointer&quot; : &quot;/properties/products/items/anyOf/1/properties/availableForPreorder&quot;&#10;  },&#10;  &quot;domain&quot; : &quot;syntax&quot;,&#10;  &quot;message&quot; : &quot;the following keywords are unknown and will be ignored: [examples]&quot;,&#10;  &quot;ignored&quot; : [ &quot;examples&quot; ]&#10;}, {&#10;  &quot;level&quot; : &quot;warning&quot;,&#10;  &quot;schema&quot; : {&#10;    &quot;loadingURI&quot; : &quot;file:/C:/Users/ADMIN/Documents/repos/rest_assured-testng/target/classes/search_category.json#&quot;,&#10;    &quot;pointer&quot; : &quot;/properties/products/items/anyOf/1/properties/basePrice&quot;&#10;  },&#10;  &quot;domain&quot; : &quot;syntax&quot;,&#10;  &quot;message&quot; : &quot;the following keywords are unknown and will be ignored: [examples]&quot;,&#10;  &quot;ignored&quot; : [ &quot;examples&quot; ]&#10;}, {&#10;  &quot;level&quot; : &quot;warning&quot;,&#10;  &quot;schema&quot; : {&#10;    &quot;loadingURI&quot; : &quot;file:/C:/Users/ADMIN/Documents/repos/rest_assured-testng/target/classes/search_category.json#&quot;,&#10;    &quot;pointer&quot; : &quot;/properties/products/items/anyOf/1/properties/basePrice/properties/currencyIso&quot;&#10;  },&#10;  &quot;domain&quot; : &quot;syntax&quot;,&#10;  &quot;message&quot; : &quot;the following keywords are unknown and will be ignored: [examples]&quot;,&#10;  &quot;ignored&quot; : [ &quot;examples&quot; ]&#10;}, {&#10;  &quot;level&quot; : &quot;warning&quot;,&#10;  &quot;schema&quot; : {&#10;    &quot;loadingURI&quot; : &quot;file:/C:/Users/ADMIN/Documents/repos/rest_assured-testng/target/classes/search_category.json#&quot;,&#10;    &quot;pointer&quot; : &quot;/properties/products/items/anyOf/1/properties/basePrice/properties/formattedValue&quot;&#10;  },&#10;  &quot;domain&quot; : &quot;syntax&quot;,&#10;  &quot;message&quot; : &quot;the following keywords are unknown and will be ignored: [examples]&quot;,&#10;  &quot;ignored&quot; : [ &quot;examples&quot; ]&#10;}, {&#10;  &quot;level&quot; : &quot;warning&quot;,&#10;  &quot;schema&quot; : {&#10;    &quot;loadingURI&quot; : &quot;file:/C:/Users/ADMIN/Documents/repos/rest_assured-testng/target/classes/search_category.json#&quot;,&#10;    &quot;pointer&quot; : &quot;/properties/products/items/anyOf/1/properties/basePrice/properties/priceType&quot;&#10;  },&#10;  &quot;domain&quot; : &quot;syntax&quot;,&#10;  &quot;message&quot; : &quot;the following keywords are unknown and will be ignored: [examples]&quot;,&#10;  &quot;ignored&quot; : [ &quot;examples&quot; ]&#10;}, {&#10;  &quot;level&quot; : &quot;warning&quot;,&#10;  &quot;schema&quot; : {&#10;    &quot;loadingURI&quot; : &quot;file:/C:/Users/ADMIN/Documents/repos/rest_assured-testng/target/classes/search_category.json#&quot;,&#10;    &quot;pointer&quot; : &quot;/properties/products/items/anyOf/1/properties/basePrice/properties/value&quot;&#10;  },&#10;  &quot;domain&quot; : &quot;syntax&quot;,&#10;  &quot;message&quot; : &quot;the following keywords are unknown and will be ignored: [examples]&quot;,&#10;  &quot;ignored&quot; : [ &quot;examples&quot; ]&#10;}, {&#10;  &quot;level&quot; : &quot;warning&quot;,&#10;  &quot;schema&quot; : {&#10;    &quot;loadingURI&quot; : &quot;file:/C:/Users/ADMIN/Documents/repos/rest_assured-testng/target/classes/search_category.json#&quot;,&#10;    &quot;pointer&quot; : &quot;/properties/products/items/anyOf/1/properties/businessDelivery&quot;&#10;  },&#10;  &quot;domain&quot; : &quot;syntax&quot;,&#10;  &quot;message&quot; : &quot;the following keywords are unknown and will be ignored: [examples]&quot;,&#10;  &quot;ignored&quot; : [ &quot;examples&quot; ]&#10;}, {&#10;  &quot;level&quot; : &quot;warning&quot;,&#10;  &quot;schema&quot; : {&#10;    &quot;loadingURI&quot; : &quot;file:/C:/Users/ADMIN/Documents/repos/rest_assured-testng/target/classes/search_category.json#&quot;,&#10;    &quot;pointer&quot; : &quot;/properties/products/items/anyOf/1/properties/code&quot;&#10;  },&#10;  &quot;domain&quot; : &quot;syntax&quot;,&#10;  &quot;message&quot; : &quot;the following keywords are unknown and will be ignored: [examples]&quot;,&#10;  &quot;ignored&quot; : [ &quot;examples&quot; ]&#10;}, {&#10;  &quot;level&quot; : &quot;warning&quot;,&#10;  &quot;schema&quot; : {&#10;    &quot;loadingURI&quot; : &quot;file:/C:/Users/ADMIN/Documents/repos/rest_assured-testng/target/classes/search_category.json#&quot;,&#10;    &quot;pointer&quot; : &quot;/properties/products/items/anyOf/1/properties/description&quot;&#10;  },&#10;  &quot;domain&quot; : &quot;syntax&quot;,&#10;  &quot;message&quot; : &quot;the following keywords are unknown and will be ignored: [examples]&quot;,&#10;  &quot;ignored&quot; : [ &quot;examples&quot; ]&#10;}, {&#10;  &quot;level&quot; : &quot;warning&quot;,&#10;  &quot;schema&quot; : {&#10;    &quot;loadingURI&quot; : &quot;file:/C:/Users/ADMIN/Documents/repos/rest_assured-testng/target/classes/search_category.json#&quot;,&#10;    &quot;pointer&quot; : &quot;/properties/products/items/anyOf/1/properties/englishName&quot;&#10;  },&#10;  &quot;domain&quot; : &quot;syntax&quot;,&#10;  &quot;message&quot; : &quot;the following keywords are unknown and will be ignored: [examples]&quot;,&#10;  &quot;ignored&quot; : [ &quot;examples&quot; ]&#10;}, {&#10;  &quot;level&quot; : &quot;warning&quot;,&#10;  &quot;schema&quot; : {&#10;    &quot;loadingURI&quot; : &quot;file:/C:/Users/ADMIN/Documents/repos/rest_assured-testng/target/classes/search_category.json#&quot;,&#10;    &quot;pointer&quot; : &quot;/properties/products/items/anyOf/1/properties/expeditedDelivery&quot;&#10;  },&#10;  &quot;domain&quot; : &quot;syntax&quot;,&#10;  &quot;message&quot; : &quot;the following keywords are unknown and will be ignored: [examples]&quot;,&#10;  &quot;ignored&quot; : [ &quot;examples&quot; ]&#10;}, {&#10;  &quot;level&quot; : &quot;warning&quot;,&#10;  &quot;schema&quot; : {&#10;    &quot;loadingURI&quot; : &quot;file:/C:/Users/ADMIN/Documents/repos/rest_assured-testng/target/classes/search_category.json#&quot;,&#10;    &quot;pointer&quot; : &quot;/properties/products/items/anyOf/1/properties/hasPricePerUnit&quot;&#10;  },&#10;  &quot;domain&quot; : &quot;syntax&quot;,&#10;  &quot;message&quot; : &quot;the following keywords are unknown and will be ignored: [examples]&quot;,&#10;  &quot;ignored&quot; : [ &quot;examples&quot; ]&#10;}, {&#10;  &quot;level&quot; : &quot;warning&quot;,&#10;  &quot;schema&quot; : {&#10;    &quot;loadingURI&quot; : &quot;file:/C:/Users/ADMIN/Documents/repos/rest_assured-testng/target/classes/search_category.json#&quot;,&#10;    &quot;pointer&quot; : &quot;/properties/products/items/anyOf/1/properties/hidePriceValue&quot;&#10;  },&#10;  &quot;domain&quot; : &quot;syntax&quot;,&#10;  &quot;message&quot; : &quot;the following keywords are unknown and will be ignored: [examples]&quot;,&#10;  &quot;ignored&quot; : [ &quot;examples&quot; ]&#10;}, {&#10;  &quot;level&quot; : &quot;warning&quot;,&#10;  &quot;schema&quot; : {&#10;    &quot;loadingURI&quot; : &quot;file:/C:/Users/ADMIN/Documents/repos/rest_assured-testng/target/classes/search_category.json#&quot;,&#10;    &quot;pointer&quot; : &quot;/properties/products/items/anyOf/1/properties/images&quot;&#10;  },&#10;  &quot;domain&quot; : &quot;syntax&quot;,&#10;  &quot;message&quot; : &quot;the following keywords are unknown and will be ignored: [examples]&quot;,&#10;  &quot;ignored&quot; : [ &quot;examples&quot; ]&#10;}, {&#10;  &quot;level&quot; : &quot;warning&quot;,&#10;  &quot;schema&quot; : {&#10;    &quot;loadingURI&quot; : &quot;file:/C:/Users/ADMIN/Documents/repos/rest_assured-testng/target/classes/search_category.json#&quot;,&#10;    &quot;pointer&quot; : &quot;/properties/products/items/anyOf/1/properties/images/items/anyOf/0&quot;&#10;  },&#10;  &quot;domain&quot; : &quot;syntax&quot;,&#10;  &quot;message&quot; : &quot;the following keywords are unknown and will be ignored: [examples]&quot;,&#10;  &quot;ignored&quot; : [ &quot;examples&quot; ]&#10;}, {&#10;  &quot;level&quot; : &quot;warning&quot;,&#10;  &quot;schema&quot; : {&#10;    &quot;loadingURI&quot; : &quot;file:/C:/Users/ADMIN/Documents/repos/rest_assured-testng/target/classes/search_category.json#&quot;,&#10;    &quot;pointer&quot; : &quot;/properties/products/items/anyOf/1/properties/images/items/anyOf/0/properties/format&quot;&#10;  },&#10;  &quot;domain&quot; : &quot;syntax&quot;,&#10;  &quot;message&quot; : &quot;the following keywords are unknown and will be ignored: [examples]&quot;,&#10;  &quot;ignored&quot; : [ &quot;examples&quot; ]&#10;}, {&#10;  &quot;level&quot; : &quot;warning&quot;,&#10;  &quot;schema&quot; : {&#10;    &quot;loadingURI&quot; : &quot;file:/C:/Users/ADMIN/Documents/repos/rest_assured-testng/target/classes/search_category.json#&quot;,&#10;    &quot;pointer&quot; : &quot;/properties/products/items/anyOf/1/properties/images/items/anyOf/0/properties/imageType&quot;&#10;  },&#10;  &quot;domain&quot; : &quot;syntax&quot;,&#10;  &quot;message&quot; : &quot;the following keywords are unknown and will be ignored: [examples]&quot;,&#10;  &quot;ignored&quot; : [ &quot;examples&quot; ]&#10;}, {&#10;  &quot;level&quot; : &quot;warning&quot;,&#10;  &quot;schema&quot; : {&#10;    &quot;loadingURI&quot; : &quot;file:/C:/Users/ADMIN/Documents/repos/rest_assured-testng/target/classes/search_category.json#&quot;,&#10;    &quot;pointer&quot; : &quot;/properties/products/items/anyOf/1/properties/images/items/anyOf/0/properties/url&quot;&#10;  },&#10;  &quot;domain&quot; : &quot;syntax&quot;,&#10;  &quot;message&quot; : &quot;the following keywords are unknown and will be ignored: [examples]&quot;,&#10;  &quot;ignored&quot; : [ &quot;examples&quot; ]&#10;}, {&#10;  &quot;level&quot; : &quot;warning&quot;,&#10;  &quot;schema&quot; : {&#10;    &quot;loadingURI&quot; : &quot;file:/C:/Users/ADMIN/Documents/repos/rest_assured-testng/target/classes/search_category.json#&quot;,&#10;    &quot;pointer&quot; : &quot;/properties/products/items/anyOf/1/properties/isBaseProduct&quot;&#10;  },&#10;  &quot;domain&quot; : &quot;syntax&quot;,&#10;  &quot;message&quot; : &quot;the following keywords are unknown and will be ignored: [examples]&quot;,&#10;  &quot;ignored&quot; : [ &quot;examples&quot; ]&#10;}, {&#10;  &quot;level&quot; : &quot;warning&quot;,&#10;  &quot;schema&quot; : {&#10;    &quot;loadingURI&quot; : &quot;file:/C:/Users/ADMIN/Documents/repos/rest_assured-testng/target/classes/search_category.json#&quot;,&#10;    &quot;pointer&quot; : &quot;/properties/products/items/anyOf/1/properties/isExternalVendorProduct&quot;&#10;  },&#10;  &quot;domain&quot; : &quot;syntax&quot;,&#10;  &quot;message&quot; : &quot;the following keywords are unknown and will be ignored: [examples]&quot;,&#10;  &quot;ignored&quot; : [ &quot;examples&quot; ]&#10;}, {&#10;  &quot;level&quot; : &quot;warning&quot;,&#10;  &quot;schema&quot; : {&#10;    &quot;loadingURI&quot; : &quot;file:/C:/Users/ADMIN/Documents/repos/rest_assured-testng/target/classes/search_category.json#&quot;,&#10;    &quot;pointer&quot; : &quot;/properties/products/items/anyOf/1/properties/isExternalVendorVariantProduct&quot;&#10;  },&#10;  &quot;domain&quot; : &quot;syntax&quot;,&#10;  &quot;message&quot; : &quot;the following keywords are unknown and will be ignored: [examples]&quot;,&#10;  &quot;ignored&quot; : [ &quot;examples&quot; ]&#10;}, {&#10;  &quot;level&quot; : &quot;warning&quot;,&#10;  &quot;schema&quot; : {&#10;    &quot;loadingURI&quot; : &quot;file:/C:/Users/ADMIN/Documents/repos/rest_assured-testng/target/classes/search_category.json#&quot;,&#10;    &quot;pointer&quot; : &quot;/properties/products/items/anyOf/1/properties/minOrderQuantity&quot;&#10;  },&#10;  &quot;domain&quot; : &quot;syntax&quot;,&#10;  &quot;message&quot; : &quot;the following keywords are unknown and will be ignored: [examples]&quot;,&#10;  &quot;ignored&quot; : [ &quot;examples&quot; ]&#10;}, {&#10;  &quot;level&quot; : &quot;warning&quot;,&#10;  &quot;schema&quot; : {&#10;    &quot;loadingURI&quot; : &quot;file:/C:/Users/ADMIN/Documents/repos/rest_assured-testng/target/classes/search_category.json#&quot;,&#10;    &quot;pointer&quot; : &quot;/properties/products/items/anyOf/1/properties/modulusItemQuantity&quot;&#10;  },&#10;  &quot;domain&quot; : &quot;syntax&quot;,&#10;  &quot;message&quot; : &quot;the following keywords are unknown and will be ignored: [examples]&quot;,&#10;  &quot;ignored&quot; : [ &quot;examples&quot; ]&#10;}, {&#10;  &quot;level&quot; : &quot;warning&quot;,&#10;  &quot;schema&quot; : {&#10;    &quot;loadingURI&quot; : &quot;file:/C:/Users/ADMIN/Documents/repos/rest_assured-testng/target/classes/search_category.json#&quot;,&#10;    &quot;pointer&quot; : &quot;/properties/products/items/anyOf/1/properties/name&quot;&#10;  },&#10;  &quot;domain&quot; : &quot;syntax&quot;,&#10;  &quot;message&quot; : &quot;the following keywords are unknown and will be ignored: [examples]&quot;,&#10;  &quot;ignored&quot; : [ &quot;examples&quot; ]&#10;}, {&#10;  &quot;level&quot; : &quot;warning&quot;,&#10;  &quot;schema&quot; : {&#10;    &quot;loadingURI&quot; : &quot;file:/C:/Users/ADMIN/Documents/repos/rest_assured-testng/target/classes/search_category.json#&quot;,&#10;    &quot;pointer&quot; : &quot;/properties/products/items/anyOf/1/properties/price&quot;&#10;  },&#10;  &quot;domain&quot; : &quot;syntax&quot;,&#10;  &quot;message&quot; : &quot;the following keywords are unknown and will be ignored: [examples]&quot;,&#10;  &quot;ignored&quot; : [ &quot;examples&quot; ]&#10;}, {&#10;  &quot;level&quot; : &quot;warning&quot;,&#10;  &quot;schema&quot; : {&#10;    &quot;loadingURI&quot; : &quot;file:/C:/Users/ADMIN/Documents/repos/rest_assured-testng/target/classes/search_category.json#&quot;,&#10;    &quot;pointer&quot; : &quot;/properties/products/items/anyOf/1/properties/price/properties/currencyIso&quot;&#10;  },&#10;  &quot;domain&quot; : &quot;syntax&quot;,&#10;  &quot;message&quot; : &quot;the following keywords are unknown and will be ignored: [examples]&quot;,&#10;  &quot;ignored&quot; : [ &quot;examples&quot; ]&#10;}, {&#10;  &quot;level&quot; : &quot;warning&quot;,&#10;  &quot;schema&quot; : {&#10;    &quot;loadingURI&quot; : &quot;file:/C:/Users/ADMIN/Documents/repos/rest_assured-testng/target/classes/search_category.json#&quot;,&#10;    &quot;pointer&quot; : &quot;/properties/products/items/anyOf/1/properties/price/properties/formattedValue&quot;&#10;  },&#10;  &quot;domain&quot; : &quot;syntax&quot;,&#10;  &quot;message&quot; : &quot;the following keywords are unknown and will be ignored: [examples]&quot;,&#10;  &quot;ignored&quot; : [ &quot;examples&quot; ]&#10;}, {&#10;  &quot;level&quot; : &quot;warning&quot;,&#10;  &quot;schema&quot; : {&#10;    &quot;loadingURI&quot; : &quot;file:/C:/Users/ADMIN/Documents/repos/rest_assured-testng/target/classes/search_category.json#&quot;,&#10;    &quot;pointer&quot; : &quot;/properties/products/items/anyOf/1/properties/price/properties/priceType&quot;&#10;  },&#10;  &quot;domain&quot; : &quot;syntax&quot;,&#10;  &quot;message&quot; : &quot;the following keywords are unknown and will be ignored: [examples]&quot;,&#10;  &quot;ignored&quot; : [ &quot;examples&quot; ]&#10;}, {&#10;  &quot;level&quot; : &quot;warning&quot;,&#10;  &quot;schema&quot; : {&#10;    &quot;loadingURI&quot; : &quot;file:/C:/Users/ADMIN/Documents/repos/rest_assured-testng/target/classes/search_category.json#&quot;,&#10;    &quot;pointer&quot; : &quot;/properties/products/items/anyOf/1/properties/price/properties/value&quot;&#10;  },&#10;  &quot;domain&quot; : &quot;syntax&quot;,&#10;  &quot;message&quot; : &quot;the following keywords are unknown and will be ignored: [examples]&quot;,&#10;  &quot;ignored&quot; : [ &quot;examples&quot; ]&#10;}, {&#10;  &quot;level&quot; : &quot;warning&quot;,&#10;  &quot;schema&quot; : {&#10;    &quot;loadingURI&quot; : &quot;file:/C:/Users/ADMIN/Documents/repos/rest_assured-testng/target/classes/search_category.json#&quot;,&#10;    &quot;pointer&quot; : &quot;/properties/products/items/anyOf/1/properties/purchasable&quot;&#10;  },&#10;  &quot;domain&quot; : &quot;syntax&quot;,&#10;  &quot;message&quot; : &quot;the following keywords are unknown and will be ignored: [examples]&quot;,&#10;  &quot;ignored&quot; : [ &quot;examples&quot; ]&#10;}, {&#10;  &quot;level&quot; : &quot;warning&quot;,&#10;  &quot;schema&quot; : {&#10;    &quot;loadingURI&quot; : &quot;file:/C:/Users/ADMIN/Documents/repos/rest_assured-testng/target/classes/search_category.json#&quot;,&#10;    &quot;pointer&quot; : &quot;/properties/products/items/anyOf/1/properties/randomWeight&quot;&#10;  },&#10;  &quot;domain&quot; : &quot;syntax&quot;,&#10;  &quot;message&quot; : &quot;the following keywords are unknown and will be ignored: [examples]&quot;,&#10;  &quot;ignored&quot; : [ &quot;examples&quot; ]&#10;}, {&#10;  &quot;level&quot; : &quot;warning&quot;,&#10;  &quot;schema&quot; : {&#10;    &quot;loadingURI&quot; : &quot;file:/C:/Users/ADMIN/Documents/repos/rest_assured-testng/target/classes/search_category.json#&quot;,&#10;    &quot;pointer&quot; : &quot;/properties/products/items/anyOf/1/properties/shippingIncluded&quot;&#10;  },&#10;  &quot;domain&quot; : &quot;syntax&quot;,&#10;  &quot;message&quot; : &quot;the following keywords are unknown and will be ignored: [examples]&quot;,&#10;  &quot;ignored&quot; : [ &quot;examples&quot; ]&#10;}, {&#10;  &quot;level&quot; : &quot;warning&quot;,&#10;  &quot;schema&quot; : {&#10;    &quot;loadingURI&quot; : &quot;file:/C:/Users/ADMIN/Documents/repos/rest_assured-testng/target/classes/search_category.json#&quot;,&#10;    &quot;pointer&quot; : &quot;/properties/products/items/anyOf/1/properties/stock&quot;&#10;  },&#10;  &quot;domain&quot; : &quot;syntax&quot;,&#10;  &quot;message&quot; : &quot;the following keywords are unknown and will be ignored: [examples]&quot;,&#10;  &quot;ignored&quot; : [ &quot;examples&quot; ]&#10;}, {&#10;  &quot;level&quot; : &quot;warning&quot;,&#10;  &quot;schema&quot; : {&#10;    &quot;loadingURI&quot; : &quot;file:/C:/Users/ADMIN/Documents/repos/rest_assured-testng/target/classes/search_category.json#&quot;,&#10;    &quot;pointer&quot; : &quot;/properties/products/items/anyOf/1/properties/stock/properties/contactDay&quot;&#10;  },&#10;  &quot;domain&quot; : &quot;syntax&quot;,&#10;  &quot;message&quot; : &quot;the following keywords are unknown and will be ignored: [examples]&quot;,&#10;  &quot;ignored&quot; : [ &quot;examples&quot; ]&#10;}, {&#10;  &quot;level&quot; : &quot;warning&quot;,&#10;  &quot;schema&quot; : {&#10;    &quot;loadingURI&quot; : &quot;file:/C:/Users/ADMIN/Documents/repos/rest_assured-testng/target/classes/search_category.json#&quot;,&#10;    &quot;pointer&quot; : &quot;/properties/products/items/anyOf/1/properties/stock/properties/deliveryLeadTime&quot;&#10;  },&#10;  &quot;domain&quot; : &quot;syntax&quot;,&#10;  &quot;message&quot; : &quot;the following keywords are unknown and will be ignored: [examples]&quot;,&#10;  &quot;ignored&quot; : [ &quot;examples&quot; ]&#10;}, {&#10;  &quot;level&quot; : &quot;warning&quot;,&#10;  &quot;schema&quot; : {&#10;    &quot;loadingURI&quot; : &quot;file:/C:/Users/ADMIN/Documents/repos/rest_assured-testng/target/classes/search_category.json#&quot;,&#10;    &quot;pointer&quot; : &quot;/properties/products/items/anyOf/1/properties/stock/properties/stockLevelStatus&quot;&#10;  },&#10;  &quot;domain&quot; : &quot;syntax&quot;,&#10;  &quot;message&quot; : &quot;the following keywords are unknown and will be ignored: [examples]&quot;,&#10;  &quot;ignored&quot; : [ &quot;examples&quot; ]&#10;}, {&#10;  &quot;level&quot; : &quot;warning&quot;,&#10;  &quot;schema&quot; : {&#10;    &quot;loadingURI&quot; : &quot;file:/C:/Users/ADMIN/Documents/repos/rest_assured-testng/target/classes/search_category.json#&quot;,&#10;    &quot;pointer&quot; : &quot;/properties/products/items/anyOf/1/properties/summary&quot;&#10;  },&#10;  &quot;domain&quot; : &quot;syntax&quot;,&#10;  &quot;message&quot; : &quot;the following keywords are unknown and will be ignored: [examples]&quot;,&#10;  &quot;ignored&quot; : [ &quot;examples&quot; ]&#10;}, {&#10;  &quot;level&quot; : &quot;warning&quot;,&#10;  &quot;schema&quot; : {&#10;    &quot;loadingURI&quot; : &quot;file:/C:/Users/ADMIN/Documents/repos/rest_assured-testng/target/classes/search_category.json#&quot;,&#10;    &quot;pointer&quot; : &quot;/properties/products/items/anyOf/1/properties/url&quot;&#10;  },&#10;  &quot;domain&quot; : &quot;syntax&quot;,&#10;  &quot;message&quot; : &quot;the following keywords are unknown and will be ignored: [examples]&quot;,&#10;  &quot;ignored&quot; : [ &quot;examples&quot; ]&#10;}, {&#10;  &quot;level&quot; : &quot;warning&quot;,&#10;  &quot;schema&quot; : {&#10;    &quot;loadingURI&quot; : &quot;file:/C:/Users/ADMIN/Documents/repos/rest_assured-testng/target/classes/search_category.json#&quot;,&#10;    &quot;pointer&quot; : &quot;/properties/products/items/anyOf/1/properties/warehouseHidePriceValue&quot;&#10;  },&#10;  &quot;domain&quot; : &quot;syntax&quot;,&#10;  &quot;message&quot; : &quot;the following keywords are unknown and will be ignored: [examples]&quot;,&#10;  &quot;ignored&quot; : [ &quot;examples&quot; ]&#10;}, {&#10;  &quot;level&quot; : &quot;warning&quot;,&#10;  &quot;schema&quot; : {&#10;    &quot;loadingURI&quot; : &quot;file:/C:/Users/ADMIN/Documents/repos/rest_assured-testng/target/classes/search_category.json#&quot;,&#10;    &quot;pointer&quot; : &quot;/properties/products/items/anyOf/2&quot;&#10;  },&#10;  &quot;domain&quot; : &quot;syntax&quot;,&#10;  &quot;message&quot; : &quot;the following keywords are unknown and will be ignored: [examples]&quot;,&#10;  &quot;ignored&quot; : [ &quot;examples&quot; ]&#10;}, {&#10;  &quot;level&quot; : &quot;warning&quot;,&#10;  &quot;schema&quot; : {&#10;    &quot;loadingURI&quot; : &quot;file:/C:/Users/ADMIN/Documents/repos/rest_assured-testng/target/classes/search_category.json#&quot;,&#10;    &quot;pointer&quot; : &quot;/properties/products/items/anyOf/2/properties/addToCartFromPLPCategories&quot;&#10;  },&#10;  &quot;domain&quot; : &quot;syntax&quot;,&#10;  &quot;message&quot; : &quot;the following keywords are unknown and will be ignored: [examples]&quot;,&#10;  &quot;ignored&quot; : [ &quot;examples&quot; ]&#10;}, {&#10;  &quot;level&quot; : &quot;warning&quot;,&#10;  &quot;schema&quot; : {&#10;    &quot;loadingURI&quot; : &quot;file:/C:/Users/ADMIN/Documents/repos/rest_assured-testng/target/classes/search_category.json#&quot;,&#10;    &quot;pointer&quot; : &quot;/properties/products/items/anyOf/2/properties/addToCartFromPLPCategories/items/anyOf/0&quot;&#10;  },&#10;  &quot;domain&quot; : &quot;syntax&quot;,&#10;  &quot;message&quot; : &quot;the following keywords are unknown and will be ignored: [examples]&quot;,&#10;  &quot;ignored&quot; : [ &quot;examples&quot; ]&#10;}, {&#10;  &quot;level&quot; : &quot;warning&quot;,&#10;  &quot;schema&quot; : {&#10;    &quot;loadingURI&quot; : &quot;file:/C:/Users/ADMIN/Documents/repos/rest_assured-testng/target/classes/search_category.json#&quot;,&#10;    &quot;pointer&quot; : &quot;/properties/products/items/anyOf/2/properties/addToCartFromPLPCategories/items/anyOf/0/properties/key&quot;&#10;  },&#10;  &quot;domain&quot; : &quot;syntax&quot;,&#10;  &quot;message&quot; : &quot;the following keywords are unknown and will be ignored: [examples]&quot;,&#10;  &quot;ignored&quot; : [ &quot;examples&quot; ]&#10;}, {&#10;  &quot;level&quot; : &quot;warning&quot;,&#10;  &quot;schema&quot; : {&#10;    &quot;loadingURI&quot; : &quot;file:/C:/Users/ADMIN/Documents/repos/rest_assured-testng/target/classes/search_category.json#&quot;,&#10;    &quot;pointer&quot; : &quot;/properties/products/items/anyOf/2/properties/addToCartFromPLPCategories/items/anyOf/0/properties/value&quot;&#10;  },&#10;  &quot;domain&quot; : &quot;syntax&quot;,&#10;  &quot;message&quot; : &quot;the following keywords are unknown and will be ignored: [examples]&quot;,&#10;  &quot;ignored&quot; : [ &quot;examples&quot; ]&#10;}, {&#10;  &quot;level&quot; : &quot;warning&quot;,&#10;  &quot;schema&quot; : {&#10;    &quot;loadingURI&quot; : &quot;file:/C:/Users/ADMIN/Documents/repos/rest_assured-testng/target/classes/search_category.json#&quot;,&#10;    &quot;pointer&quot; : &quot;/properties/products/items/anyOf/2/properties/addableToCartFromListingPage&quot;&#10;  },&#10;  &quot;domain&quot; : &quot;syntax&quot;,&#10;  &quot;message&quot; : &quot;the following keywords are unknown and will be ignored: [examples]&quot;,&#10;  &quot;ignored&quot; : [ &quot;examples&quot; ]&#10;}, {&#10;  &quot;level&quot; : &quot;warning&quot;,&#10;  &quot;schema&quot; : {&#10;    &quot;loadingURI&quot; : &quot;file:/C:/Users/ADMIN/Documents/repos/rest_assured-testng/target/classes/search_category.json#&quot;,&#10;    &quot;pointer&quot; : &quot;/properties/products/items/anyOf/2/properties/availableForPreorder&quot;&#10;  },&#10;  &quot;domain&quot; : &quot;syntax&quot;,&#10;  &quot;message&quot; : &quot;the following keywords are unknown and will be ignored: [examples]&quot;,&#10;  &quot;ignored&quot; : [ &quot;examples&quot; ]&#10;}, {&#10;  &quot;level&quot; : &quot;warning&quot;,&#10;  &quot;schema&quot; : {&#10;    &quot;loadingURI&quot; : &quot;file:/C:/Users/ADMIN/Documents/repos/rest_assured-testng/target/classes/search_category.json#&quot;,&#10;    &quot;pointer&quot; : &quot;/properties/products/items/anyOf/2/properties/basePrice&quot;&#10;  },&#10;  &quot;domain&quot; : &quot;syntax&quot;,&#10;  &quot;message&quot; : &quot;the following keywords are unknown and will be ignored: [examples]&quot;,&#10;  &quot;ignored&quot; : [ &quot;examples&quot; ]&#10;}, {&#10;  &quot;level&quot; : &quot;warning&quot;,&#10;  &quot;schema&quot; : {&#10;    &quot;loadingURI&quot; : &quot;file:/C:/Users/ADMIN/Documents/repos/rest_assured-testng/target/classes/search_category.json#&quot;,&#10;    &quot;pointer&quot; : &quot;/properties/products/items/anyOf/2/properties/basePrice/properties/currencyIso&quot;&#10;  },&#10;  &quot;domain&quot; : &quot;syntax&quot;,&#10;  &quot;message&quot; : &quot;the following keywords are unknown and will be ignored: [examples]&quot;,&#10;  &quot;ignored&quot; : [ &quot;examples&quot; ]&#10;}, {&#10;  &quot;level&quot; : &quot;warning&quot;,&#10;  &quot;schema&quot; : {&#10;    &quot;loadingURI&quot; : &quot;file:/C:/Users/ADMIN/Documents/repos/rest_assured-testng/target/classes/search_category.json#&quot;,&#10;    &quot;pointer&quot; : &quot;/properties/products/items/anyOf/2/properties/basePrice/properties/formattedValue&quot;&#10;  },&#10;  &quot;domain&quot; : &quot;syntax&quot;,&#10;  &quot;message&quot; : &quot;the following keywords are unknown and will be ignored: [examples]&quot;,&#10;  &quot;ignored&quot; : [ &quot;examples&quot; ]&#10;}, {&#10;  &quot;level&quot; : &quot;warning&quot;,&#10;  &quot;schema&quot; : {&#10;    &quot;loadingURI&quot; : &quot;file:/C:/Users/ADMIN/Documents/repos/rest_assured-testng/target/classes/search_category.json#&quot;,&#10;    &quot;pointer&quot; : &quot;/properties/products/items/anyOf/2/properties/basePrice/properties/priceType&quot;&#10;  },&#10;  &quot;domain&quot; : &quot;syntax&quot;,&#10;  &quot;message&quot; : &quot;the following keywords are unknown and will be ignored: [examples]&quot;,&#10;  &quot;ignored&quot; : [ &quot;examples&quot; ]&#10;}, {&#10;  &quot;level&quot; : &quot;warning&quot;,&#10;  &quot;schema&quot; : {&#10;    &quot;loadingURI&quot; : &quot;file:/C:/Users/ADMIN/Documents/repos/rest_assured-testng/target/classes/search_category.json#&quot;,&#10;    &quot;pointer&quot; : &quot;/properties/products/items/anyOf/2/properties/basePrice/properties/value&quot;&#10;  },&#10;  &quot;domain&quot; : &quot;syntax&quot;,&#10;  &quot;message&quot; : &quot;the following keywords are unknown and will be ignored: [examples]&quot;,&#10;  &quot;ignored&quot; : [ &quot;examples&quot; ]&#10;}, {&#10;  &quot;level&quot; : &quot;warning&quot;,&#10;  &quot;schema&quot; : {&#10;    &quot;loadingURI&quot; : &quot;file:/C:/Users/ADMIN/Documents/repos/rest_assured-testng/target/classes/search_category.json#&quot;,&#10;    &quot;pointer&quot; : &quot;/properties/products/items/anyOf/2/properties/businessDelivery&quot;&#10;  },&#10;  &quot;domain&quot; : &quot;syntax&quot;,&#10;  &quot;message&quot; : &quot;the following keywords are unknown and will be ignored: [examples]&quot;,&#10;  &quot;ignored&quot; : [ &quot;examples&quot; ]&#10;}, {&#10;  &quot;level&quot; : &quot;warning&quot;,&#10;  &quot;schema&quot; : {&#10;    &quot;loadingURI&quot; : &quot;file:/C:/Users/ADMIN/Documents/repos/rest_assured-testng/target/classes/search_category.json#&quot;,&#10;    &quot;pointer&quot; : &quot;/properties/products/items/anyOf/2/properties/classifications&quot;&#10;  },&#10;  &quot;domain&quot; : &quot;syntax&quot;,&#10;  &quot;message&quot; : &quot;the following keywords are unknown and will be ignored: [examples]&quot;,&#10;  &quot;ignored&quot; : [ &quot;examples&quot; ]&#10;}, {&#10;  &quot;level&quot; : &quot;warning&quot;,&#10;  &quot;schema&quot; : {&#10;    &quot;loadingURI&quot; : &quot;file:/C:/Users/ADMIN/Documents/repos/rest_assured-testng/target/classes/search_category.json#&quot;,&#10;    &quot;pointer&quot; : &quot;/properties/products/items/anyOf/2/properties/classifications/items/anyOf/0&quot;&#10;  },&#10;  &quot;domain&quot; : &quot;syntax&quot;,&#10;  &quot;message&quot; : &quot;the following keywords are unknown and will be ignored: [examples]&quot;,&#10;  &quot;ignored&quot; : [ &quot;examples&quot; ]&#10;}, {&#10;  &quot;level&quot; : &quot;warning&quot;,&#10;  &quot;schema&quot; : {&#10;    &quot;loadingURI&quot; : &quot;file:/C:/Users/ADMIN/Documents/repos/rest_assured-testng/target/classes/search_category.json#&quot;,&#10;    &quot;pointer&quot; : &quot;/properties/products/items/anyOf/2/properties/classifications/items/anyOf/0/properties/code&quot;&#10;  },&#10;  &quot;domain&quot; : &quot;syntax&quot;,&#10;  &quot;message&quot; : &quot;the following keywords are unknown and will be ignored: [examples]&quot;,&#10;  &quot;ignored&quot; : [ &quot;examples&quot; ]&#10;}, {&#10;  &quot;level&quot; : &quot;warning&quot;,&#10;  &quot;schema&quot; : {&#10;    &quot;loadingURI&quot; : &quot;file:/C:/Users/ADMIN/Documents/repos/rest_assured-testng/target/classes/search_category.json#&quot;,&#10;    &quot;pointer&quot; : &quot;/properties/products/items/anyOf/2/properties/classifications/items/anyOf/0/properties/features&quot;&#10;  },&#10;  &quot;domain&quot; : &quot;syntax&quot;,&#10;  &quot;message&quot; : &quot;the following keywords are unknown and will be ignored: [examples]&quot;,&#10;  &quot;ignored&quot; : [ &quot;examples&quot; ]&#10;}, {&#10;  &quot;level&quot; : &quot;warning&quot;,&#10;  &quot;schema&quot; : {&#10;    &quot;loadingURI&quot; : &quot;file:/C:/Users/ADMIN/Documents/repos/rest_assured-testng/target/classes/search_category.json#&quot;,&#10;    &quot;pointer&quot; : &quot;/properties/products/items/anyOf/2/properties/classifications/items/anyOf/0/properties/features/items/anyOf/0&quot;&#10;  },&#10;  &quot;domain&quot; : &quot;syntax&quot;,&#10;  &quot;message&quot; : &quot;the following keywords are unknown and will be ignored: [examples]&quot;,&#10;  &quot;ignored&quot; : [ &quot;examples&quot; ]&#10;}, {&#10;  &quot;level&quot; : &quot;warning&quot;,&#10;  &quot;schema&quot; : {&#10;    &quot;loadingURI&quot; : &quot;file:/C:/Users/ADMIN/Documents/repos/rest_assured-testng/target/classes/search_category.json#&quot;,&#10;    &quot;pointer&quot; : &quot;/properties/products/items/anyOf/2/properties/classifications/items/anyOf/0/properties/features/items/anyOf/0/properties/code&quot;&#10;  },&#10;  &quot;domain&quot; : &quot;syntax&quot;,&#10;  &quot;message&quot; : &quot;the following keywords are unknown and will be ignored: [examples]&quot;,&#10;  &quot;ignored&quot; : [ &quot;examples&quot; ]&#10;}, {&#10;  &quot;level&quot; : &quot;warning&quot;,&#10;  &quot;schema&quot; : {&#10;    &quot;loadingURI&quot; : &quot;file:/C:/Users/ADMIN/Documents/repos/rest_assured-testng/target/classes/search_category.json#&quot;,&#10;    &quot;pointer&quot; : &quot;/properties/products/items/anyOf/2/properties/classifications/items/anyOf/0/properties/features/items/anyOf/0/properties/comparable&quot;&#10;  },&#10;  &quot;domain&quot; : &quot;syntax&quot;,&#10;  &quot;message&quot; : &quot;the following keywords are unknown and will be ignored: [examples]&quot;,&#10;  &quot;ignored&quot; : [ &quot;examples&quot; ]&#10;}, {&#10;  &quot;level&quot; : &quot;warning&quot;,&#10;  &quot;schema&quot; : {&#10;    &quot;loadingURI&quot; : &quot;file:/C:/Users/ADMIN/Documents/repos/rest_assured-testng/target/classes/search_category.json#&quot;,&#10;    &quot;pointer&quot; : &quot;/properties/products/items/anyOf/2/properties/classifications/items/anyOf/0/properties/features/items/anyOf/0/properties/featureValues&quot;&#10;  },&#10;  &quot;domain&quot; : &quot;syntax&quot;,&#10;  &quot;message&quot; : &quot;the following keywords are unknown and will be ignored: [examples]&quot;,&#10;  &quot;ignored&quot; : [ &quot;examples&quot; ]&#10;}, {&#10;  &quot;level&quot; : &quot;warning&quot;,&#10;  &quot;schema&quot; : {&#10;    &quot;loadingURI&quot; : &quot;file:/C:/Users/ADMIN/Documents/repos/rest_assured-testng/target/classes/search_category.json#&quot;,&#10;    &quot;pointer&quot; : &quot;/properties/products/items/anyOf/2/properties/classifications/items/anyOf/0/properties/features/items/anyOf/0/properties/featureValues/items/anyOf/0&quot;&#10;  },&#10;  &quot;domain&quot; : &quot;syntax&quot;,&#10;  &quot;message&quot; : &quot;the following keywords are unknown and will be ignored: [examples]&quot;,&#10;  &quot;ignored&quot; : [ &quot;examples&quot; ]&#10;}, {&#10;  &quot;level&quot; : &quot;warning&quot;,&#10;  &quot;schema&quot; : {&#10;    &quot;loadingURI&quot; : &quot;file:/C:/Users/ADMIN/Documents/repos/rest_assured-testng/target/classes/search_category.json#&quot;,&#10;    &quot;pointer&quot; : &quot;/properties/products/items/anyOf/2/properties/classifications/items/anyOf/0/properties/features/items/anyOf/0/properties/featureValues/items/anyOf/0/properties/value&quot;&#10;  },&#10;  &quot;domain&quot; : &quot;syntax&quot;,&#10;  &quot;message&quot; : &quot;the following keywords are unknown and will be ignored: [examples]&quot;,&#10;  &quot;ignored&quot; : [ &quot;examples&quot; ]&#10;}, {&#10;  &quot;level&quot; : &quot;warning&quot;,&#10;  &quot;schema&quot; : {&#10;    &quot;loadingURI&quot; : &quot;file:/C:/Users/ADMIN/Documents/repos/rest_assured-testng/target/classes/search_category.json#&quot;,&#10;    &quot;pointer&quot; : &quot;/properties/products/items/anyOf/2/properties/classifications/items/anyOf/0/properties/features/items/anyOf/0/properties/name&quot;&#10;  },&#10;  &quot;domain&quot; : &quot;syntax&quot;,&#10;  &quot;message&quot; : &quot;the following keywords are unknown and will be ignored: [examples]&quot;,&#10;  &quot;ignored&quot; : [ &quot;examples&quot; ]&#10;}, {&#10;  &quot;level&quot; : &quot;warning&quot;,&#10;  &quot;schema&quot; : {&#10;    &quot;loadingURI&quot; : &quot;file:/C:/Users/ADMIN/Documents/repos/rest_assured-testng/target/classes/search_category.json#&quot;,&#10;    &quot;pointer&quot; : &quot;/properties/products/items/anyOf/2/properties/classifications/items/anyOf/0/properties/features/items/anyOf/0/properties/range&quot;&#10;  },&#10;  &quot;domain&quot; : &quot;syntax&quot;,&#10;  &quot;message&quot; : &quot;the following keywords are unknown and will be ignored: [examples]&quot;,&#10;  &quot;ignored&quot; : [ &quot;examples&quot; ]&#10;}, {&#10;  &quot;level&quot; : &quot;warning&quot;,&#10;  &quot;schema&quot; : {&#10;    &quot;loadingURI&quot; : &quot;file:/C:/Users/ADMIN/Documents/repos/rest_assured-testng/target/classes/search_category.json#&quot;,&#10;    &quot;pointer&quot; : &quot;/properties/products/items/anyOf/2/properties/code&quot;&#10;  },&#10;  &quot;domain&quot; : &quot;syntax&quot;,&#10;  &quot;message&quot; : &quot;the following keywords are unknown and will be ignored: [examples]&quot;,&#10;  &quot;ignored&quot; : [ &quot;examples&quot; ]&#10;}, {&#10;  &quot;level&quot; : &quot;warning&quot;,&#10;  &quot;schema&quot; : {&#10;    &quot;loadingURI&quot; : &quot;file:/C:/Users/ADMIN/Documents/repos/rest_assured-testng/target/classes/search_category.json#&quot;,&#10;    &quot;pointer&quot; : &quot;/properties/products/items/anyOf/2/properties/decalData&quot;&#10;  },&#10;  &quot;domain&quot; : &quot;syntax&quot;,&#10;  &quot;message&quot; : &quot;the following keywords are unknown and will be ignored: [examples]&quot;,&#10;  &quot;ignored&quot; : [ &quot;examples&quot; ]&#10;}, {&#10;  &quot;level&quot; : &quot;warning&quot;,&#10;  &quot;schema&quot; : {&#10;    &quot;loadingURI&quot; : &quot;file:/C:/Users/ADMIN/Documents/repos/rest_assured-testng/target/classes/search_category.json#&quot;,&#10;    &quot;pointer&quot; : &quot;/properties/products/items/anyOf/2/properties/decalData/items/anyOf/0&quot;&#10;  },&#10;  &quot;domain&quot; : &quot;syntax&quot;,&#10;  &quot;message&quot; : &quot;the following keywords are unknown and will be ignored: [examples]&quot;,&#10;  &quot;ignored&quot; : [ &quot;examples&quot; ]&#10;}, {&#10;  &quot;level&quot; : &quot;warning&quot;,&#10;  &quot;schema&quot; : {&#10;    &quot;loadingURI&quot; : &quot;file:/C:/Users/ADMIN/Documents/repos/rest_assured-testng/target/classes/search_category.json#&quot;,&#10;    &quot;pointer&quot; : &quot;/properties/products/items/anyOf/2/properties/decalData/items/anyOf/0/properties/key&quot;&#10;  },&#10;  &quot;domain&quot; : &quot;syntax&quot;,&#10;  &quot;message&quot; : &quot;the following keywords are unknown and will be ignored: [examples]&quot;,&#10;  &quot;ignored&quot; : [ &quot;examples&quot; ]&#10;}, {&#10;  &quot;level&quot; : &quot;warning&quot;,&#10;  &quot;schema&quot; : {&#10;    &quot;loadingURI&quot; : &quot;file:/C:/Users/ADMIN/Documents/repos/rest_assured-testng/target/classes/search_category.json#&quot;,&#10;    &quot;pointer&quot; : &quot;/properties/products/items/anyOf/2/properties/decalData/items/anyOf/0/properties/value&quot;&#10;  },&#10;  &quot;domain&quot; : &quot;syntax&quot;,&#10;  &quot;message&quot; : &quot;the following keywords are unknown and will be ignored: [examples]&quot;,&#10;  &quot;ignored&quot; : [ &quot;examples&quot; ]&#10;}, {&#10;  &quot;level&quot; : &quot;warning&quot;,&#10;  &quot;schema&quot; : {&#10;    &quot;loadingURI&quot; : &quot;file:/C:/Users/ADMIN/Documents/repos/rest_assured-testng/target/classes/search_category.json#&quot;,&#10;    &quot;pointer&quot; : &quot;/properties/products/items/anyOf/2/properties/decalData/items/anyOf/0/properties/value/properties/altText&quot;&#10;  },&#10;  &quot;domain&quot; : &quot;syntax&quot;,&#10;  &quot;message&quot; : &quot;the following keywords are unknown and will be ignored: [examples]&quot;,&#10;  &quot;ignored&quot; : [ &quot;examples&quot; ]&#10;}, {&#10;  &quot;level&quot; : &quot;warning&quot;,&#10;  &quot;schema&quot; : {&#10;    &quot;loadingURI&quot; : &quot;file:/C:/Users/ADMIN/Documents/repos/rest_assured-testng/target/classes/search_category.json#&quot;,&#10;    &quot;pointer&quot; : &quot;/properties/products/items/anyOf/2/properties/decalData/items/anyOf/0/properties/value/properties/position&quot;&#10;  },&#10;  &quot;domain&quot; : &quot;syntax&quot;,&#10;  &quot;message&quot; : &quot;the following keywords are unknown and will be ignored: [examples]&quot;,&#10;  &quot;ignored&quot; : [ &quot;examples&quot; ]&#10;}, {&#10;  &quot;level&quot; : &quot;warning&quot;,&#10;  &quot;schema&quot; : {&#10;    &quot;loadingURI&quot; : &quot;file:/C:/Users/ADMIN/Documents/repos/rest_assured-testng/target/classes/search_category.json#&quot;,&#10;    &quot;pointer&quot; : &quot;/properties/products/items/anyOf/2/properties/decalData/items/anyOf/0/properties/value/properties/url&quot;&#10;  },&#10;  &quot;domain&quot; : &quot;syntax&quot;,&#10;  &quot;message&quot; : &quot;the following keywords are unknown and will be ignored: [examples]&quot;,&#10;  &quot;ignored&quot; : [ &quot;examples&quot; ]&#10;}, {&#10;  &quot;level&quot; : &quot;warning&quot;,&#10;  &quot;schema&quot; : {&#10;    &quot;loadingURI&quot; : &quot;file:/C:/Users/ADMIN/Documents/repos/rest_assured-testng/target/classes/search_category.json#&quot;,&#10;    &quot;pointer&quot; : &quot;/properties/products/items/anyOf/2/properties/description&quot;&#10;  },&#10;  &quot;domain&quot; : &quot;syntax&quot;,&#10;  &quot;message&quot; : &quot;the following keywords are unknown and will be ignored: [examples]&quot;,&#10;  &quot;ignored&quot; : [ &quot;examples&quot; ]&#10;}, {&#10;  &quot;level&quot; : &quot;warning&quot;,&#10;  &quot;schema&quot; : {&#10;    &quot;loadingURI&quot; : &quot;file:/C:/Users/ADMIN/Documents/repos/rest_assured-testng/target/classes/search_category.json#&quot;,&#10;    &quot;pointer&quot; : &quot;/properties/products/items/anyOf/2/properties/englishName&quot;&#10;  },&#10;  &quot;domain&quot; : &quot;syntax&quot;,&#10;  &quot;message&quot; : &quot;the following keywords are unknown and will be ignored: [examples]&quot;,&#10;  &quot;ignored&quot; : [ &quot;examples&quot; ]&#10;}, {&#10;  &quot;level&quot; : &quot;warning&quot;,&#10;  &quot;schema&quot; : {&#10;    &quot;loadingURI&quot; : &quot;file:/C:/Users/ADMIN/Documents/repos/rest_assured-testng/target/classes/search_category.json#&quot;,&#10;    &quot;pointer&quot; : &quot;/properties/products/items/anyOf/2/properties/expeditedDelivery&quot;&#10;  },&#10;  &quot;domain&quot; : &quot;syntax&quot;,&#10;  &quot;message&quot; : &quot;the following keywords are unknown and will be ignored: [examples]&quot;,&#10;  &quot;ignored&quot; : [ &quot;examples&quot; ]&#10;}, {&#10;  &quot;level&quot; : &quot;warning&quot;,&#10;  &quot;schema&quot; : {&#10;    &quot;loadingURI&quot; : &quot;file:/C:/Users/ADMIN/Documents/repos/rest_assured-testng/target/classes/search_category.json#&quot;,&#10;    &quot;pointer&quot; : &quot;/properties/products/items/anyOf/2/properties/hasPricePerUnit&quot;&#10;  },&#10;  &quot;domain&quot; : &quot;syntax&quot;,&#10;  &quot;message&quot; : &quot;the following keywords are unknown and will be ignored: [examples]&quot;,&#10;  &quot;ignored&quot; : [ &quot;examples&quot; ]&#10;}, {&#10;  &quot;level&quot; : &quot;warning&quot;,&#10;  &quot;schema&quot; : {&#10;    &quot;loadingURI&quot; : &quot;file:/C:/Users/ADMIN/Documents/repos/rest_assured-testng/target/classes/search_category.json#&quot;,&#10;    &quot;pointer&quot; : &quot;/properties/products/items/anyOf/2/properties/hidePriceValue&quot;&#10;  },&#10;  &quot;domain&quot; : &quot;syntax&quot;,&#10;  &quot;message&quot; : &quot;the following keywords are unknown and will be ignored: [examples]&quot;,&#10;  &quot;ignored&quot; : [ &quot;examples&quot; ]&#10;}, {&#10;  &quot;level&quot; : &quot;warning&quot;,&#10;  &quot;schema&quot; : {&#10;    &quot;loadingURI&quot; : &quot;file:/C:/Users/ADMIN/Documents/repos/rest_assured-testng/target/classes/search_category.json#&quot;,&#10;    &quot;pointer&quot; : &quot;/properties/products/items/anyOf/2/properties/images&quot;&#10;  },&#10;  &quot;domain&quot; : &quot;syntax&quot;,&#10;  &quot;message&quot; : &quot;the following keywords are unknown and will be ignored: [examples]&quot;,&#10;  &quot;ignored&quot; : [ &quot;examples&quot; ]&#10;}, {&#10;  &quot;level&quot; : &quot;warning&quot;,&#10;  &quot;schema&quot; : {&#10;    &quot;loadingURI&quot; : &quot;file:/C:/Users/ADMIN/Documents/repos/rest_assured-testng/target/classes/search_category.json#&quot;,&#10;    &quot;pointer&quot; : &quot;/properties/products/items/anyOf/2/properties/images/items/anyOf/0&quot;&#10;  },&#10;  &quot;domain&quot; : &quot;syntax&quot;,&#10;  &quot;message&quot; : &quot;the following keywords are unknown and will be ignored: [examples]&quot;,&#10;  &quot;ignored&quot; : [ &quot;examples&quot; ]&#10;}, {&#10;  &quot;level&quot; : &quot;warning&quot;,&#10;  &quot;schema&quot; : {&#10;    &quot;loadingURI&quot; : &quot;file:/C:/Users/ADMIN/Documents/repos/rest_assured-testng/target/classes/search_category.json#&quot;,&#10;    &quot;pointer&quot; : &quot;/properties/products/items/anyOf/2/properties/images/items/anyOf/0/properties/format&quot;&#10;  },&#10;  &quot;domain&quot; : &quot;syntax&quot;,&#10;  &quot;message&quot; : &quot;the following keywords are unknown and will be ignored: [examples]&quot;,&#10;  &quot;ignored&quot; : [ &quot;examples&quot; ]&#10;}, {&#10;  &quot;level&quot; : &quot;warning&quot;,&#10;  &quot;schema&quot; : {&#10;    &quot;loadingURI&quot; : &quot;file:/C:/Users/ADMIN/Documents/repos/rest_assured-testng/target/classes/search_category.json#&quot;,&#10;    &quot;pointer&quot; : &quot;/properties/products/items/anyOf/2/properties/images/items/anyOf/0/properties/imageType&quot;&#10;  },&#10;  &quot;domain&quot; : &quot;syntax&quot;,&#10;  &quot;message&quot; : &quot;the following keywords are unknown and will be ignored: [examples]&quot;,&#10;  &quot;ignored&quot; : [ &quot;examples&quot; ]&#10;}, {&#10;  &quot;level&quot; : &quot;warning&quot;,&#10;  &quot;schema&quot; : {&#10;    &quot;loadingURI&quot; : &quot;file:/C:/Users/ADMIN/Documents/repos/rest_assured-testng/target/classes/search_category.json#&quot;,&#10;    &quot;pointer&quot; : &quot;/properties/products/items/anyOf/2/properties/images/items/anyOf/0/properties/url&quot;&#10;  },&#10;  &quot;domain&quot; : &quot;syntax&quot;,&#10;  &quot;message&quot; : &quot;the following keywords are unknown and will be ignored: [examples]&quot;,&#10;  &quot;ignored&quot; : [ &quot;examples&quot; ]&#10;}, {&#10;  &quot;level&quot; : &quot;warning&quot;,&#10;  &quot;schema&quot; : {&#10;    &quot;loadingURI&quot; : &quot;file:/C:/Users/ADMIN/Documents/repos/rest_assured-testng/target/classes/search_category.json#&quot;,&#10;    &quot;pointer&quot; : &quot;/properties/products/items/anyOf/2/properties/isBaseProduct&quot;&#10;  },&#10;  &quot;domain&quot; : &quot;syntax&quot;,&#10;  &quot;message&quot; : &quot;the following keywords are unknown and will be ignored: [examples]&quot;,&#10;  &quot;ignored&quot; : [ &quot;examples&quot; ]&#10;}, {&#10;  &quot;level&quot; : &quot;warning&quot;,&#10;  &quot;schema&quot; : {&#10;    &quot;loadingURI&quot; : &quot;file:/C:/Users/ADMIN/Documents/repos/rest_assured-testng/target/classes/search_category.json#&quot;,&#10;    &quot;pointer&quot; : &quot;/properties/products/items/anyOf/2/properties/isExternalVendorProduct&quot;&#10;  },&#10;  &quot;domain&quot; : &quot;syntax&quot;,&#10;  &quot;message&quot; : &quot;the following keywords are unknown and will be ignored: [examples]&quot;,&#10;  &quot;ignored&quot; : [ &quot;examples&quot; ]&#10;}, {&#10;  &quot;level&quot; : &quot;warning&quot;,&#10;  &quot;schema&quot; : {&#10;    &quot;loadingURI&quot; : &quot;file:/C:/Users/ADMIN/Documents/repos/rest_assured-testng/target/classes/search_category.json#&quot;,&#10;    &quot;pointer&quot; : &quot;/properties/products/items/anyOf/2/properties/isExternalVendorVariantProduct&quot;&#10;  },&#10;  &quot;domain&quot; : &quot;syntax&quot;,&#10;  &quot;message&quot; : &quot;the following keywords are unknown and will be ignored: [examples]&quot;,&#10;  &quot;ignored&quot; : [ &quot;examples&quot; ]&#10;}, {&#10;  &quot;level&quot; : &quot;warning&quot;,&#10;  &quot;schema&quot; : {&#10;    &quot;loadingURI&quot; : &quot;file:/C:/Users/ADMIN/Documents/repos/rest_assured-testng/target/classes/search_category.json#&quot;,&#10;    &quot;pointer&quot; : &quot;/properties/products/items/anyOf/2/properties/minOrderQuantity&quot;&#10;  },&#10;  &quot;domain&quot; : &quot;syntax&quot;,&#10;  &quot;message&quot; : &quot;the following keywords are unknown and will be ignored: [examples]&quot;,&#10;  &quot;ignored&quot; : [ &quot;examples&quot; ]&#10;}, {&#10;  &quot;level&quot; : &quot;warning&quot;,&#10;  &quot;schema&quot; : {&#10;    &quot;loadingURI&quot; : &quot;file:/C:/Users/ADMIN/Documents/repos/rest_assured-testng/target/classes/search_category.json#&quot;,&#10;    &quot;pointer&quot; : &quot;/properties/products/items/anyOf/2/properties/modulusItemQuantity&quot;&#10;  },&#10;  &quot;domain&quot; : &quot;syntax&quot;,&#10;  &quot;message&quot; : &quot;the following keywords are unknown and will be ignored: [examples]&quot;,&#10;  &quot;ignored&quot; : [ &quot;examples&quot; ]&#10;}, {&#10;  &quot;level&quot; : &quot;warning&quot;,&#10;  &quot;schema&quot; : {&#10;    &quot;loadingURI&quot; : &quot;file:/C:/Users/ADMIN/Documents/repos/rest_assured-testng/target/classes/search_category.json#&quot;,&#10;    &quot;pointer&quot; : &quot;/properties/products/items/anyOf/2/properties/name&quot;&#10;  },&#10;  &quot;domain&quot; : &quot;syntax&quot;,&#10;  &quot;message&quot; : &quot;the following keywords are unknown and will be ignored: [examples]&quot;,&#10;  &quot;ignored&quot; : [ &quot;examples&quot; ]&#10;}, {&#10;  &quot;level&quot; : &quot;warning&quot;,&#10;  &quot;schema&quot; : {&#10;    &quot;loadingURI&quot; : &quot;file:/C:/Users/ADMIN/Documents/repos/rest_assured-testng/target/classes/search_category.json#&quot;,&#10;    &quot;pointer&quot; : &quot;/properties/products/items/anyOf/2/properties/price&quot;&#10;  },&#10;  &quot;domain&quot; : &quot;syntax&quot;,&#10;  &quot;message&quot; : &quot;the following keywords are unknown and will be ignored: [examples]&quot;,&#10;  &quot;ignored&quot; : [ &quot;examples&quot; ]&#10;}, {&#10;  &quot;level&quot; : &quot;warning&quot;,&#10;  &quot;schema&quot; : {&#10;    &quot;loadingURI&quot; : &quot;file:/C:/Users/ADMIN/Documents/repos/rest_assured-testng/target/classes/search_category.json#&quot;,&#10;    &quot;pointer&quot; : &quot;/properties/products/items/anyOf/2/properties/price/properties/currencyIso&quot;&#10;  },&#10;  &quot;domain&quot; : &quot;syntax&quot;,&#10;  &quot;message&quot; : &quot;the following keywords are unknown and will be ignored: [examples]&quot;,&#10;  &quot;ignored&quot; : [ &quot;examples&quot; ]&#10;}, {&#10;  &quot;level&quot; : &quot;warning&quot;,&#10;  &quot;schema&quot; : {&#10;    &quot;loadingURI&quot; : &quot;file:/C:/Users/ADMIN/Documents/repos/rest_assured-testng/target/classes/search_category.json#&quot;,&#10;    &quot;pointer&quot; : &quot;/properties/products/items/anyOf/2/properties/price/properties/formattedValue&quot;&#10;  },&#10;  &quot;domain&quot; : &quot;syntax&quot;,&#10;  &quot;message&quot; : &quot;the following keywords are unknown and will be ignored: [examples]&quot;,&#10;  &quot;ignored&quot; : [ &quot;examples&quot; ]&#10;}, {&#10;  &quot;level&quot; : &quot;warning&quot;,&#10;  &quot;schema&quot; : {&#10;    &quot;loadingURI&quot; : &quot;file:/C:/Users/ADMIN/Documents/repos/rest_assured-testng/target/classes/search_category.json#&quot;,&#10;    &quot;pointer&quot; : &quot;/properties/products/items/anyOf/2/properties/price/properties/priceType&quot;&#10;  },&#10;  &quot;domain&quot; : &quot;syntax&quot;,&#10;  &quot;message&quot; : &quot;the following keywords are unknown and will be ignored: [examples]&quot;,&#10;  &quot;ignored&quot; : [ &quot;examples&quot; ]&#10;}, {&#10;  &quot;level&quot; : &quot;warning&quot;,&#10;  &quot;schema&quot; : {&#10;    &quot;loadingURI&quot; : &quot;file:/C:/Users/ADMIN/Documents/repos/rest_assured-testng/target/classes/search_category.json#&quot;,&#10;    &quot;pointer&quot; : &quot;/properties/products/items/anyOf/2/properties/price/properties/value&quot;&#10;  },&#10;  &quot;domain&quot; : &quot;syntax&quot;,&#10;  &quot;message&quot; : &quot;the following keywords are unknown and will be ignored: [examples]&quot;,&#10;  &quot;ignored&quot; : [ &quot;examples&quot; ]&#10;}, {&#10;  &quot;level&quot; : &quot;warning&quot;,&#10;  &quot;schema&quot; : {&#10;    &quot;loadingURI&quot; : &quot;file:/C:/Users/ADMIN/Documents/repos/rest_assured-testng/target/classes/search_category.json#&quot;,&#10;    &quot;pointer&quot; : &quot;/properties/products/items/anyOf/2/properties/purchasable&quot;&#10;  },&#10;  &quot;domain&quot; : &quot;syntax&quot;,&#10;  &quot;message&quot; : &quot;the following keywords are unknown and will be ignored: [examples]&quot;,&#10;  &quot;ignored&quot; : [ &quot;examples&quot; ]&#10;}, {&#10;  &quot;level&quot; : &quot;warning&quot;,&#10;  &quot;schema&quot; : {&#10;    &quot;loadingURI&quot; : &quot;file:/C:/Users/ADMIN/Documents/repos/rest_assured-testng/target/classes/search_category.json#&quot;,&#10;    &quot;pointer&quot; : &quot;/properties/products/items/anyOf/2/properties/randomWeight&quot;&#10;  },&#10;  &quot;domain&quot; : &quot;syntax&quot;,&#10;  &quot;message&quot; : &quot;the following keywords are unknown and will be ignored: [examples]&quot;,&#10;  &quot;ignored&quot; : [ &quot;examples&quot; ]&#10;}, {&#10;  &quot;level&quot; : &quot;warning&quot;,&#10;  &quot;schema&quot; : {&#10;    &quot;loadingURI&quot; : &quot;file:/C:/Users/ADMIN/Documents/repos/rest_assured-testng/target/classes/search_category.json#&quot;,&#10;    &quot;pointer&quot; : &quot;/properties/products/items/anyOf/2/properties/shippingIncluded&quot;&#10;  },&#10;  &quot;domain&quot; : &quot;syntax&quot;,&#10;  &quot;message&quot; : &quot;the following keywords are unknown and will be ignored: [examples]&quot;,&#10;  &quot;ignored&quot; : [ &quot;examples&quot; ]&#10;}, {&#10;  &quot;level&quot; : &quot;warning&quot;,&#10;  &quot;schema&quot; : {&#10;    &quot;loadingURI&quot; : &quot;file:/C:/Users/ADMIN/Documents/repos/rest_assured-testng/target/classes/search_category.json#&quot;,&#10;    &quot;pointer&quot; : &quot;/properties/products/items/anyOf/2/properties/stock&quot;&#10;  },&#10;  &quot;domain&quot; : &quot;syntax&quot;,&#10;  &quot;message&quot; : &quot;the following keywords are unknown and will be ignored: [examples]&quot;,&#10;  &quot;ignored&quot; : [ &quot;examples&quot; ]&#10;}, {&#10;  &quot;level&quot; : &quot;warning&quot;,&#10;  &quot;schema&quot; : {&#10;    &quot;loadingURI&quot; : &quot;file:/C:/Users/ADMIN/Documents/repos/rest_assured-testng/target/classes/search_category.json#&quot;,&#10;    &quot;pointer&quot; : &quot;/properties/products/items/anyOf/2/properties/stock/properties/contactDay&quot;&#10;  },&#10;  &quot;domain&quot; : &quot;syntax&quot;,&#10;  &quot;message&quot; : &quot;the following keywords are unknown and will be ignored: [examples]&quot;,&#10;  &quot;ignored&quot; : [ &quot;examples&quot; ]&#10;}, {&#10;  &quot;level&quot; : &quot;warning&quot;,&#10;  &quot;schema&quot; : {&#10;    &quot;loadingURI&quot; : &quot;file:/C:/Users/ADMIN/Documents/repos/rest_assured-testng/target/classes/search_category.json#&quot;,&#10;    &quot;pointer&quot; : &quot;/properties/products/items/anyOf/2/properties/stock/properties/deliveryLeadTime&quot;&#10;  },&#10;  &quot;domain&quot; : &quot;syntax&quot;,&#10;  &quot;message&quot; : &quot;the following keywords are unknown and will be ignored: [examples]&quot;,&#10;  &quot;ignored&quot; : [ &quot;examples&quot; ]&#10;}, {&#10;  &quot;level&quot; : &quot;warning&quot;,&#10;  &quot;schema&quot; : {&#10;    &quot;loadingURI&quot; : &quot;file:/C:/Users/ADMIN/Documents/repos/rest_assured-testng/target/classes/search_category.json#&quot;,&#10;    &quot;pointer&quot; : &quot;/properties/products/items/anyOf/2/properties/stock/properties/stockLevelStatus&quot;&#10;  },&#10;  &quot;domain&quot; : &quot;syntax&quot;,&#10;  &quot;message&quot; : &quot;the following keywords are unknown and will be ignored: [examples]&quot;,&#10;  &quot;ignored&quot; : [ &quot;examples&quot; ]&#10;}, {&#10;  &quot;level&quot; : &quot;warning&quot;,&#10;  &quot;schema&quot; : {&#10;    &quot;loadingURI&quot; : &quot;file:/C:/Users/ADMIN/Documents/repos/rest_assured-testng/target/classes/search_category.json#&quot;,&#10;    &quot;pointer&quot; : &quot;/properties/products/items/anyOf/2/properties/summary&quot;&#10;  },&#10;  &quot;domain&quot; : &quot;syntax&quot;,&#10;  &quot;message&quot; : &quot;the following keywords are unknown and will be ignored: [examples]&quot;,&#10;  &quot;ignored&quot; : [ &quot;examples&quot; ]&#10;}, {&#10;  &quot;level&quot; : &quot;warning&quot;,&#10;  &quot;schema&quot; : {&#10;    &quot;loadingURI&quot; : &quot;file:/C:/Users/ADMIN/Documents/repos/rest_assured-testng/target/classes/search_category.json#&quot;,&#10;    &quot;pointer&quot; : &quot;/properties/products/items/anyOf/2/properties/url&quot;&#10;  },&#10;  &quot;domain&quot; : &quot;syntax&quot;,&#10;  &quot;message&quot; : &quot;the following keywords are unknown and will be ignored: [examples]&quot;,&#10;  &quot;ignored&quot; : [ &quot;examples&quot; ]&#10;}, {&#10;  &quot;level&quot; : &quot;warning&quot;,&#10;  &quot;schema&quot; : {&#10;    &quot;loadingURI&quot; : &quot;file:/C:/Users/ADMIN/Documents/repos/rest_assured-testng/target/classes/search_category.json#&quot;,&#10;    &quot;pointer&quot; : &quot;/properties/products/items/anyOf/2/properties/warehouseHidePriceValue&quot;&#10;  },&#10;  &quot;domain&quot; : &quot;syntax&quot;,&#10;  &quot;message&quot; : &quot;the following keywords are unknown and will be ignored: [examples]&quot;,&#10;  &quot;ignored&quot; : [ &quot;examples&quot; ]&#10;}, {&#10;  &quot;level&quot; : &quot;warning&quot;,&#10;  &quot;schema&quot; : {&#10;    &quot;loadingURI&quot; : &quot;file:/C:/Users/ADMIN/Documents/repos/rest_assured-testng/target/classes/search_category.json#&quot;,&#10;    &quot;pointer&quot; : &quot;/properties/products/items/anyOf/3&quot;&#10;  },&#10;  &quot;domain&quot; : &quot;syntax&quot;,&#10;  &quot;message&quot; : &quot;the following keywords are unknown and will be ignored: [examples]&quot;,&#10;  &quot;ignored&quot; : [ &quot;examples&quot; ]&#10;}, {&#10;  &quot;level&quot; : &quot;warning&quot;,&#10;  &quot;schema&quot; : {&#10;    &quot;loadingURI&quot; : &quot;file:/C:/Users/ADMIN/Documents/repos/rest_assured-testng/target/classes/search_category.json#&quot;,&#10;    &quot;pointer&quot; : &quot;/properties/products/items/anyOf/3/properties/addToCartFromPLPCategories&quot;&#10;  },&#10;  &quot;domain&quot; : &quot;syntax&quot;,&#10;  &quot;message&quot; : &quot;the following keywords are unknown and will be ignored: [examples]&quot;,&#10;  &quot;ignored&quot; : [ &quot;examples&quot; ]&#10;}, {&#10;  &quot;level&quot; : &quot;warning&quot;,&#10;  &quot;schema&quot; : {&#10;    &quot;loadingURI&quot; : &quot;file:/C:/Users/ADMIN/Documents/repos/rest_assured-testng/target/classes/search_category.json#&quot;,&#10;    &quot;pointer&quot; : &quot;/properties/products/items/anyOf/3/properties/addToCartFromPLPCategories/items/anyOf/0&quot;&#10;  },&#10;  &quot;domain&quot; : &quot;syntax&quot;,&#10;  &quot;message&quot; : &quot;the following keywords are unknown and will be ignored: [examples]&quot;,&#10;  &quot;ignored&quot; : [ &quot;examples&quot; ]&#10;}, {&#10;  &quot;level&quot; : &quot;warning&quot;,&#10;  &quot;schema&quot; : {&#10;    &quot;loadingURI&quot; : &quot;file:/C:/Users/ADMIN/Documents/repos/rest_assured-testng/target/classes/search_category.json#&quot;,&#10;    &quot;pointer&quot; : &quot;/properties/products/items/anyOf/3/properties/addToCartFromPLPCategories/items/anyOf/0/properties/key&quot;&#10;  },&#10;  &quot;domain&quot; : &quot;syntax&quot;,&#10;  &quot;message&quot; : &quot;the following keywords are unknown and will be ignored: [examples]&quot;,&#10;  &quot;ignored&quot; : [ &quot;examples&quot; ]&#10;}, {&#10;  &quot;level&quot; : &quot;warning&quot;,&#10;  &quot;schema&quot; : {&#10;    &quot;loadingURI&quot; : &quot;file:/C:/Users/ADMIN/Documents/repos/rest_assured-testng/target/classes/search_category.json#&quot;,&#10;    &quot;pointer&quot; : &quot;/properties/products/items/anyOf/3/properties/addToCartFromPLPCategories/items/anyOf/0/properties/value&quot;&#10;  },&#10;  &quot;domain&quot; : &quot;syntax&quot;,&#10;  &quot;message&quot; : &quot;the following keywords are unknown and will be ignored: [examples]&quot;,&#10;  &quot;ignored&quot; : [ &quot;examples&quot; ]&#10;}, {&#10;  &quot;level&quot; : &quot;warning&quot;,&#10;  &quot;schema&quot; : {&#10;    &quot;loadingURI&quot; : &quot;file:/C:/Users/ADMIN/Documents/repos/rest_assured-testng/target/classes/search_category.json#&quot;,&#10;    &quot;pointer&quot; : &quot;/properties/products/items/anyOf/3/properties/addableToCartFromListingPage&quot;&#10;  },&#10;  &quot;domain&quot; : &quot;syntax&quot;,&#10;  &quot;message&quot; : &quot;the following keywords are unknown and will be ignored: [examples]&quot;,&#10;  &quot;ignored&quot; : [ &quot;examples&quot; ]&#10;}, {&#10;  &quot;level&quot; : &quot;warning&quot;,&#10;  &quot;schema&quot; : {&#10;    &quot;loadingURI&quot; : &quot;file:/C:/Users/ADMIN/Documents/repos/rest_assured-testng/target/classes/search_category.json#&quot;,&#10;    &quot;pointer&quot; : &quot;/properties/products/items/anyOf/3/properties/availableForPreorder&quot;&#10;  },&#10;  &quot;domain&quot; : &quot;syntax&quot;,&#10;  &quot;message&quot; : &quot;the following keywords are unknown and will be ignored: [examples]&quot;,&#10;  &quot;ignored&quot; : [ &quot;examples&quot; ]&#10;}, {&#10;  &quot;level&quot; : &quot;warning&quot;,&#10;  &quot;schema&quot; : {&#10;    &quot;loadingURI&quot; : &quot;file:/C:/Users/ADMIN/Documents/repos/rest_assured-testng/target/classes/search_category.json#&quot;,&#10;    &quot;pointer&quot; : &quot;/properties/products/items/anyOf/3/properties/basePrice&quot;&#10;  },&#10;  &quot;domain&quot; : &quot;syntax&quot;,&#10;  &quot;message&quot; : &quot;the following keywords are unknown and will be ignored: [examples]&quot;,&#10;  &quot;ignored&quot; : [ &quot;examples&quot; ]&#10;}, {&#10;  &quot;level&quot; : &quot;warning&quot;,&#10;  &quot;schema&quot; : {&#10;    &quot;loadingURI&quot; : &quot;file:/C:/Users/ADMIN/Documents/repos/rest_assured-testng/target/classes/search_category.json#&quot;,&#10;    &quot;pointer&quot; : &quot;/properties/products/items/anyOf/3/properties/basePrice/properties/currencyIso&quot;&#10;  },&#10;  &quot;domain&quot; : &quot;syntax&quot;,&#10;  &quot;message&quot; : &quot;the following keywords are unknown and will be ignored: [examples]&quot;,&#10;  &quot;ignored&quot; : [ &quot;examples&quot; ]&#10;}, {&#10;  &quot;level&quot; : &quot;warning&quot;,&#10;  &quot;schema&quot; : {&#10;    &quot;loadingURI&quot; : &quot;file:/C:/Users/ADMIN/Documents/repos/rest_assured-testng/target/classes/search_category.json#&quot;,&#10;    &quot;pointer&quot; : &quot;/properties/products/items/anyOf/3/properties/basePrice/properties/formattedValue&quot;&#10;  },&#10;  &quot;domain&quot; : &quot;syntax&quot;,&#10;  &quot;message&quot; : &quot;the following keywords are unknown and will be ignored: [examples]&quot;,&#10;  &quot;ignored&quot; : [ &quot;examples&quot; ]&#10;}, {&#10;  &quot;level&quot; : &quot;warning&quot;,&#10;  &quot;schema&quot; : {&#10;    &quot;loadingURI&quot; : &quot;file:/C:/Users/ADMIN/Documents/repos/rest_assured-testng/target/classes/search_category.json#&quot;,&#10;    &quot;pointer&quot; : &quot;/properties/products/items/anyOf/3/properties/basePrice/properties/priceType&quot;&#10;  },&#10;  &quot;domain&quot; : &quot;syntax&quot;,&#10;  &quot;message&quot; : &quot;the following keywords are unknown and will be ignored: [examples]&quot;,&#10;  &quot;ignored&quot; : [ &quot;examples&quot; ]&#10;}, {&#10;  &quot;level&quot; : &quot;warning&quot;,&#10;  &quot;schema&quot; : {&#10;    &quot;loadingURI&quot; : &quot;file:/C:/Users/ADMIN/Documents/repos/rest_assured-testng/target/classes/search_category.json#&quot;,&#10;    &quot;pointer&quot; : &quot;/properties/products/items/anyOf/3/properties/basePrice/properties/value&quot;&#10;  },&#10;  &quot;domain&quot; : &quot;syntax&quot;,&#10;  &quot;message&quot; : &quot;the following keywords are unknown and will be ignored: [examples]&quot;,&#10;  &quot;ignored&quot; : [ &quot;examples&quot; ]&#10;}, {&#10;  &quot;level&quot; : &quot;warning&quot;,&#10;  &quot;schema&quot; : {&#10;    &quot;loadingURI&quot; : &quot;file:/C:/Users/ADMIN/Documents/repos/rest_assured-testng/target/classes/search_category.json#&quot;,&#10;    &quot;pointer&quot; : &quot;/properties/products/items/anyOf/3/properties/businessDelivery&quot;&#10;  },&#10;  &quot;domain&quot; : &quot;syntax&quot;,&#10;  &quot;message&quot; : &quot;the following keywords are unknown and will be ignored: [examples]&quot;,&#10;  &quot;ignored&quot; : [ &quot;examples&quot; ]&#10;}, {&#10;  &quot;level&quot; : &quot;warning&quot;,&#10;  &quot;schema&quot; : {&#10;    &quot;loadingURI&quot; : &quot;file:/C:/Users/ADMIN/Documents/repos/rest_assured-testng/target/classes/search_category.json#&quot;,&#10;    &quot;pointer&quot; : &quot;/properties/products/items/anyOf/3/properties/code&quot;&#10;  },&#10;  &quot;domain&quot; : &quot;syntax&quot;,&#10;  &quot;message&quot; : &quot;the following keywords are unknown and will be ignored: [examples]&quot;,&#10;  &quot;ignored&quot; : [ &quot;examples&quot; ]&#10;}, {&#10;  &quot;level&quot; : &quot;warning&quot;,&#10;  &quot;schema&quot; : {&#10;    &quot;loadingURI&quot; : &quot;file:/C:/Users/ADMIN/Documents/repos/rest_assured-testng/target/classes/search_category.json#&quot;,&#10;    &quot;pointer&quot; : &quot;/properties/products/items/anyOf/3/properties/description&quot;&#10;  },&#10;  &quot;domain&quot; : &quot;syntax&quot;,&#10;  &quot;message&quot; : &quot;the following keywords are unknown and will be ignored: [examples]&quot;,&#10;  &quot;ignored&quot; : [ &quot;examples&quot; ]&#10;}, {&#10;  &quot;level&quot; : &quot;warning&quot;,&#10;  &quot;schema&quot; : {&#10;    &quot;loadingURI&quot; : &quot;file:/C:/Users/ADMIN/Documents/repos/rest_assured-testng/target/classes/search_category.json#&quot;,&#10;    &quot;pointer&quot; : &quot;/properties/products/items/anyOf/3/properties/englishName&quot;&#10;  },&#10;  &quot;domain&quot; : &quot;syntax&quot;,&#10;  &quot;message&quot; : &quot;the following keywords are unknown and will be ignored: [examples]&quot;,&#10;  &quot;ignored&quot; : [ &quot;examples&quot; ]&#10;}, {&#10;  &quot;level&quot; : &quot;warning&quot;,&#10;  &quot;schema&quot; : {&#10;    &quot;loadingURI&quot; : &quot;file:/C:/Users/ADMIN/Documents/repos/rest_assured-testng/target/classes/search_category.json#&quot;,&#10;    &quot;pointer&quot; : &quot;/properties/products/items/anyOf/3/properties/expeditedDelivery&quot;&#10;  },&#10;  &quot;domain&quot; : &quot;syntax&quot;,&#10;  &quot;message&quot; : &quot;the following keywords are unknown and will be ignored: [examples]&quot;,&#10;  &quot;ignored&quot; : [ &quot;examples&quot; ]&#10;}, {&#10;  &quot;level&quot; : &quot;warning&quot;,&#10;  &quot;schema&quot; : {&#10;    &quot;loadingURI&quot; : &quot;file:/C:/Users/ADMIN/Documents/repos/rest_assured-testng/target/classes/search_category.json#&quot;,&#10;    &quot;pointer&quot; : &quot;/properties/products/items/anyOf/3/properties/hasPricePerUnit&quot;&#10;  },&#10;  &quot;domain&quot; : &quot;syntax&quot;,&#10;  &quot;message&quot; : &quot;the following keywords are unknown and will be ignored: [examples]&quot;,&#10;  &quot;ignored&quot; : [ &quot;examples&quot; ]&#10;}, {&#10;  &quot;level&quot; : &quot;warning&quot;,&#10;  &quot;schema&quot; : {&#10;    &quot;loadingURI&quot; : &quot;file:/C:/Users/ADMIN/Documents/repos/rest_assured-testng/target/classes/search_category.json#&quot;,&#10;    &quot;pointer&quot; : &quot;/properties/products/items/anyOf/3/properties/hidePriceValue&quot;&#10;  },&#10;  &quot;domain&quot; : &quot;syntax&quot;,&#10;  &quot;message&quot; : &quot;the following keywords are unknown and will be ignored: [examples]&quot;,&#10;  &quot;ignored&quot; : [ &quot;examples&quot; ]&#10;}, {&#10;  &quot;level&quot; : &quot;warning&quot;,&#10;  &quot;schema&quot; : {&#10;    &quot;loadingURI&quot; : &quot;file:/C:/Users/ADMIN/Documents/repos/rest_assured-testng/target/classes/search_category.json#&quot;,&#10;    &quot;pointer&quot; : &quot;/properties/products/items/anyOf/3/properties/images&quot;&#10;  },&#10;  &quot;domain&quot; : &quot;syntax&quot;,&#10;  &quot;message&quot; : &quot;the following keywords are unknown and will be ignored: [examples]&quot;,&#10;  &quot;ignored&quot; : [ &quot;examples&quot; ]&#10;}, {&#10;  &quot;level&quot; : &quot;warning&quot;,&#10;  &quot;schema&quot; : {&#10;    &quot;loadingURI&quot; : &quot;file:/C:/Users/ADMIN/Documents/repos/rest_assured-testng/target/classes/search_category.json#&quot;,&#10;    &quot;pointer&quot; : &quot;/properties/products/items/anyOf/3/properties/images/items/anyOf/0&quot;&#10;  },&#10;  &quot;domain&quot; : &quot;syntax&quot;,&#10;  &quot;message&quot; : &quot;the following keywords are unknown and will be ignored: [examples]&quot;,&#10;  &quot;ignored&quot; : [ &quot;examples&quot; ]&#10;}, {&#10;  &quot;level&quot; : &quot;warning&quot;,&#10;  &quot;schema&quot; : {&#10;    &quot;loadingURI&quot; : &quot;file:/C:/Users/ADMIN/Documents/repos/rest_assured-testng/target/classes/search_category.json#&quot;,&#10;    &quot;pointer&quot; : &quot;/properties/products/items/anyOf/3/properties/images/items/anyOf/0/properties/format&quot;&#10;  },&#10;  &quot;domain&quot; : &quot;syntax&quot;,&#10;  &quot;message&quot; : &quot;the following keywords are unknown and will be ignored: [examples]&quot;,&#10;  &quot;ignored&quot; : [ &quot;examples&quot; ]&#10;}, {&#10;  &quot;level&quot; : &quot;warning&quot;,&#10;  &quot;schema&quot; : {&#10;    &quot;loadingURI&quot; : &quot;file:/C:/Users/ADMIN/Documents/repos/rest_assured-testng/target/classes/search_category.json#&quot;,&#10;    &quot;pointer&quot; : &quot;/properties/products/items/anyOf/3/properties/images/items/anyOf/0/properties/imageType&quot;&#10;  },&#10;  &quot;domain&quot; : &quot;syntax&quot;,&#10;  &quot;message&quot; : &quot;the following keywords are unknown and will be ignored: [examples]&quot;,&#10;  &quot;ignored&quot; : [ &quot;examples&quot; ]&#10;}, {&#10;  &quot;level&quot; : &quot;warning&quot;,&#10;  &quot;schema&quot; : {&#10;    &quot;loadingURI&quot; : &quot;file:/C:/Users/ADMIN/Documents/repos/rest_assured-testng/target/classes/search_category.json#&quot;,&#10;    &quot;pointer&quot; : &quot;/properties/products/items/anyOf/3/properties/images/items/anyOf/0/properties/url&quot;&#10;  },&#10;  &quot;domain&quot; : &quot;syntax&quot;,&#10;  &quot;message&quot; : &quot;the following keywords are unknown and will be ignored: [examples]&quot;,&#10;  &quot;ignored&quot; : [ &quot;examples&quot; ]&#10;}, {&#10;  &quot;level&quot; : &quot;warning&quot;,&#10;  &quot;schema&quot; : {&#10;    &quot;loadingURI&quot; : &quot;file:/C:/Users/ADMIN/Documents/repos/rest_assured-testng/target/classes/search_category.json#&quot;,&#10;    &quot;pointer&quot; : &quot;/properties/products/items/anyOf/3/properties/isBaseProduct&quot;&#10;  },&#10;  &quot;domain&quot; : &quot;syntax&quot;,&#10;  &quot;message&quot; : &quot;the following keywords are unknown and will be ignored: [examples]&quot;,&#10;  &quot;ignored&quot; : [ &quot;examples&quot; ]&#10;}, {&#10;  &quot;level&quot; : &quot;warning&quot;,&#10;  &quot;schema&quot; : {&#10;    &quot;loadingURI&quot; : &quot;file:/C:/Users/ADMIN/Documents/repos/rest_assured-testng/target/classes/search_category.json#&quot;,&#10;    &quot;pointer&quot; : &quot;/properties/products/items/anyOf/3/properties/isExternalVendorProduct&quot;&#10;  },&#10;  &quot;domain&quot; : &quot;syntax&quot;,&#10;  &quot;message&quot; : &quot;the following keywords are unknown and will be ignored: [examples]&quot;,&#10;  &quot;ignored&quot; : [ &quot;examples&quot; ]&#10;}, {&#10;  &quot;level&quot; : &quot;warning&quot;,&#10;  &quot;schema&quot; : {&#10;    &quot;loadingURI&quot; : &quot;file:/C:/Users/ADMIN/Documents/repos/rest_assured-testng/target/classes/search_category.json#&quot;,&#10;    &quot;pointer&quot; : &quot;/properties/products/items/anyOf/3/properties/isExternalVendorVariantProduct&quot;&#10;  },&#10;  &quot;domain&quot; : &quot;syntax&quot;,&#10;  &quot;message&quot; : &quot;the following keywords are unknown and will be ignored: [examples]&quot;,&#10;  &quot;ignored&quot; : [ &quot;examples&quot; ]&#10;}, {&#10;  &quot;level&quot; : &quot;warning&quot;,&#10;  &quot;schema&quot; : {&#10;    &quot;loadingURI&quot; : &quot;file:/C:/Users/ADMIN/Documents/repos/rest_assured-testng/target/classes/search_category.json#&quot;,&#10;    &quot;pointer&quot; : &quot;/properties/products/items/anyOf/3/properties/minOrderQuantity&quot;&#10;  },&#10;  &quot;domain&quot; : &quot;syntax&quot;,&#10;  &quot;message&quot; : &quot;the following keywords are unknown and will be ignored: [examples]&quot;,&#10;  &quot;ignored&quot; : [ &quot;examples&quot; ]&#10;}, {&#10;  &quot;level&quot; : &quot;warning&quot;,&#10;  &quot;schema&quot; : {&#10;    &quot;loadingURI&quot; : &quot;file:/C:/Users/ADMIN/Documents/repos/rest_assured-testng/target/classes/search_category.json#&quot;,&#10;    &quot;pointer&quot; : &quot;/properties/products/items/anyOf/3/properties/modulusItemQuantity&quot;&#10;  },&#10;  &quot;domain&quot; : &quot;syntax&quot;,&#10;  &quot;message&quot; : &quot;the following keywords are unknown and will be ignored: [examples]&quot;,&#10;  &quot;ignored&quot; : [ &quot;examples&quot; ]&#10;}, {&#10;  &quot;level&quot; : &quot;warning&quot;,&#10;  &quot;schema&quot; : {&#10;    &quot;loadingURI&quot; : &quot;file:/C:/Users/ADMIN/Documents/repos/rest_assured-testng/target/classes/search_category.json#&quot;,&#10;    &quot;pointer&quot; : &quot;/properties/products/items/anyOf/3/properties/name&quot;&#10;  },&#10;  &quot;domain&quot; : &quot;syntax&quot;,&#10;  &quot;message&quot; : &quot;the following keywords are unknown and will be ignored: [examples]&quot;,&#10;  &quot;ignored&quot; : [ &quot;examples&quot; ]&#10;}, {&#10;  &quot;level&quot; : &quot;warning&quot;,&#10;  &quot;schema&quot; : {&#10;    &quot;loadingURI&quot; : &quot;file:/C:/Users/ADMIN/Documents/repos/rest_assured-testng/target/classes/search_category.json#&quot;,&#10;    &quot;pointer&quot; : &quot;/properties/products/items/anyOf/3/properties/price&quot;&#10;  },&#10;  &quot;domain&quot; : &quot;syntax&quot;,&#10;  &quot;message&quot; : &quot;the following keywords are unknown and will be ignored: [examples]&quot;,&#10;  &quot;ignored&quot; : [ &quot;examples&quot; ]&#10;}, {&#10;  &quot;level&quot; : &quot;warning&quot;,&#10;  &quot;schema&quot; : {&#10;    &quot;loadingURI&quot; : &quot;file:/C:/Users/ADMIN/Documents/repos/rest_assured-testng/target/classes/search_category.json#&quot;,&#10;    &quot;pointer&quot; : &quot;/properties/products/items/anyOf/3/properties/price/properties/currencyIso&quot;&#10;  },&#10;  &quot;domain&quot; : &quot;syntax&quot;,&#10;  &quot;message&quot; : &quot;the following keywords are unknown and will be ignored: [examples]&quot;,&#10;  &quot;ignored&quot; : [ &quot;examples&quot; ]&#10;}, {&#10;  &quot;level&quot; : &quot;warning&quot;,&#10;  &quot;schema&quot; : {&#10;    &quot;loadingURI&quot; : &quot;file:/C:/Users/ADMIN/Documents/repos/rest_assured-testng/target/classes/search_category.json#&quot;,&#10;    &quot;pointer&quot; : &quot;/properties/products/items/anyOf/3/properties/price/properties/formattedValue&quot;&#10;  },&#10;  &quot;domain&quot; : &quot;syntax&quot;,&#10;  &quot;message&quot; : &quot;the following keywords are unknown and will be ignored: [examples]&quot;,&#10;  &quot;ignored&quot; : [ &quot;examples&quot; ]&#10;}, {&#10;  &quot;level&quot; : &quot;warning&quot;,&#10;  &quot;schema&quot; : {&#10;    &quot;loadingURI&quot; : &quot;file:/C:/Users/ADMIN/Documents/repos/rest_assured-testng/target/classes/search_category.json#&quot;,&#10;    &quot;pointer&quot; : &quot;/properties/products/items/anyOf/3/properties/price/properties/priceType&quot;&#10;  },&#10;  &quot;domain&quot; : &quot;syntax&quot;,&#10;  &quot;message&quot; : &quot;the following keywords are unknown and will be ignored: [examples]&quot;,&#10;  &quot;ignored&quot; : [ &quot;examples&quot; ]&#10;}, {&#10;  &quot;level&quot; : &quot;warning&quot;,&#10;  &quot;schema&quot; : {&#10;    &quot;loadingURI&quot; : &quot;file:/C:/Users/ADMIN/Documents/repos/rest_assured-testng/target/classes/search_category.json#&quot;,&#10;    &quot;pointer&quot; : &quot;/properties/products/items/anyOf/3/properties/price/properties/value&quot;&#10;  },&#10;  &quot;domain&quot; : &quot;syntax&quot;,&#10;  &quot;message&quot; : &quot;the following keywords are unknown and will be ignored: [examples]&quot;,&#10;  &quot;ignored&quot; : [ &quot;examples&quot; ]&#10;}, {&#10;  &quot;level&quot; : &quot;warning&quot;,&#10;  &quot;schema&quot; : {&#10;    &quot;loadingURI&quot; : &quot;file:/C:/Users/ADMIN/Documents/repos/rest_assured-testng/target/classes/search_category.json#&quot;,&#10;    &quot;pointer&quot; : &quot;/properties/products/items/anyOf/3/properties/purchasable&quot;&#10;  },&#10;  &quot;domain&quot; : &quot;syntax&quot;,&#10;  &quot;message&quot; : &quot;the following keywords are unknown and will be ignored: [examples]&quot;,&#10;  &quot;ignored&quot; : [ &quot;examples&quot; ]&#10;}, {&#10;  &quot;level&quot; : &quot;warning&quot;,&#10;  &quot;schema&quot; : {&#10;    &quot;loadingURI&quot; : &quot;file:/C:/Users/ADMIN/Documents/repos/rest_assured-testng/target/classes/search_category.json#&quot;,&#10;    &quot;pointer&quot; : &quot;/properties/products/items/anyOf/3/properties/randomWeight&quot;&#10;  },&#10;  &quot;domain&quot; : &quot;syntax&quot;,&#10;  &quot;message&quot; : &quot;the following keywords are unknown and will be ignored: [examples]&quot;,&#10;  &quot;ignored&quot; : [ &quot;examples&quot; ]&#10;}, {&#10;  &quot;level&quot; : &quot;warning&quot;,&#10;  &quot;schema&quot; : {&#10;    &quot;loadingURI&quot; : &quot;file:/C:/Users/ADMIN/Documents/repos/rest_assured-testng/target/classes/search_category.json#&quot;,&#10;    &quot;pointer&quot; : &quot;/properties/products/items/anyOf/3/properties/shippingIncluded&quot;&#10;  },&#10;  &quot;domain&quot; : &quot;syntax&quot;,&#10;  &quot;message&quot; : &quot;the following keywords are unknown and will be ignored: [examples]&quot;,&#10;  &quot;ignored&quot; : [ &quot;examples&quot; ]&#10;}, {&#10;  &quot;level&quot; : &quot;warning&quot;,&#10;  &quot;schema&quot; : {&#10;    &quot;loadingURI&quot; : &quot;file:/C:/Users/ADMIN/Documents/repos/rest_assured-testng/target/classes/search_category.json#&quot;,&#10;    &quot;pointer&quot; : &quot;/properties/products/items/anyOf/3/properties/stock&quot;&#10;  },&#10;  &quot;domain&quot; : &quot;syntax&quot;,&#10;  &quot;message&quot; : &quot;the following keywords are unknown and will be ignored: [examples]&quot;,&#10;  &quot;ignored&quot; : [ &quot;examples&quot; ]&#10;}, {&#10;  &quot;level&quot; : &quot;warning&quot;,&#10;  &quot;schema&quot; : {&#10;    &quot;loadingURI&quot; : &quot;file:/C:/Users/ADMIN/Documents/repos/rest_assured-testng/target/classes/search_category.json#&quot;,&#10;    &quot;pointer&quot; : &quot;/properties/products/items/anyOf/3/properties/stock/properties/contactDay&quot;&#10;  },&#10;  &quot;domain&quot; : &quot;syntax&quot;,&#10;  &quot;message&quot; : &quot;the following keywords are unknown and will be ignored: [examples]&quot;,&#10;  &quot;ignored&quot; : [ &quot;examples&quot; ]&#10;}, {&#10;  &quot;level&quot; : &quot;warning&quot;,&#10;  &quot;schema&quot; : {&#10;    &quot;loadingURI&quot; : &quot;file:/C:/Users/ADMIN/Documents/repos/rest_assured-testng/target/classes/search_category.json#&quot;,&#10;    &quot;pointer&quot; : &quot;/properties/products/items/anyOf/3/properties/stock/properties/deliveryLeadTime&quot;&#10;  },&#10;  &quot;domain&quot; : &quot;syntax&quot;,&#10;  &quot;message&quot; : &quot;the following keywords are unknown and will be ignored: [examples]&quot;,&#10;  &quot;ignored&quot; : [ &quot;examples&quot; ]&#10;}, {&#10;  &quot;level&quot; : &quot;warning&quot;,&#10;  &quot;schema&quot; : {&#10;    &quot;loadingURI&quot; : &quot;file:/C:/Users/ADMIN/Documents/repos/rest_assured-testng/target/classes/search_category.json#&quot;,&#10;    &quot;pointer&quot; : &quot;/properties/products/items/anyOf/3/properties/stock/properties/stockLevelStatus&quot;&#10;  },&#10;  &quot;domain&quot; : &quot;syntax&quot;,&#10;  &quot;message&quot; : &quot;the following keywords are unknown and will be ignored: [examples]&quot;,&#10;  &quot;ignored&quot; : [ &quot;examples&quot; ]&#10;}, {&#10;  &quot;level&quot; : &quot;warning&quot;,&#10;  &quot;schema&quot; : {&#10;    &quot;loadingURI&quot; : &quot;file:/C:/Users/ADMIN/Documents/repos/rest_assured-testng/target/classes/search_category.json#&quot;,&#10;    &quot;pointer&quot; : &quot;/properties/products/items/anyOf/3/properties/summary&quot;&#10;  },&#10;  &quot;domain&quot; : &quot;syntax&quot;,&#10;  &quot;message&quot; : &quot;the following keywords are unknown and will be ignored: [examples]&quot;,&#10;  &quot;ignored&quot; : [ &quot;examples&quot; ]&#10;}, {&#10;  &quot;level&quot; : &quot;warning&quot;,&#10;  &quot;schema&quot; : {&#10;    &quot;loadingURI&quot; : &quot;file:/C:/Users/ADMIN/Documents/repos/rest_assured-testng/target/classes/search_category.json#&quot;,&#10;    &quot;pointer&quot; : &quot;/properties/products/items/anyOf/3/properties/url&quot;&#10;  },&#10;  &quot;domain&quot; : &quot;syntax&quot;,&#10;  &quot;message&quot; : &quot;the following keywords are unknown and will be ignored: [examples]&quot;,&#10;  &quot;ignored&quot; : [ &quot;examples&quot; ]&#10;}, {&#10;  &quot;level&quot; : &quot;warning&quot;,&#10;  &quot;schema&quot; : {&#10;    &quot;loadingURI&quot; : &quot;file:/C:/Users/ADMIN/Documents/repos/rest_assured-testng/target/classes/search_category.json#&quot;,&#10;    &quot;pointer&quot; : &quot;/properties/products/items/anyOf/3/properties/variantColours&quot;&#10;  },&#10;  &quot;domain&quot; : &quot;syntax&quot;,&#10;  &quot;message&quot; : &quot;the following keywords are unknown and will be ignored: [examples]&quot;,&#10;  &quot;ignored&quot; : [ &quot;examples&quot; ]&#10;}, {&#10;  &quot;level&quot; : &quot;warning&quot;,&#10;  &quot;schema&quot; : {&#10;    &quot;loadingURI&quot; : &quot;file:/C:/Users/ADMIN/Documents/repos/rest_assured-testng/target/classes/search_category.json#&quot;,&#10;    &quot;pointer&quot; : &quot;/properties/products/items/anyOf/3/properties/variantColours/items/anyOf/0&quot;&#10;  },&#10;  &quot;domain&quot; : &quot;syntax&quot;,&#10;  &quot;message&quot; : &quot;the following keywords are unknown and will be ignored: [examples]&quot;,&#10;  &quot;ignored&quot; : [ &quot;examples&quot; ]&#10;}, {&#10;  &quot;level&quot; : &quot;warning&quot;,&#10;  &quot;schema&quot; : {&#10;    &quot;loadingURI&quot; : &quot;file:/C:/Users/ADMIN/Documents/repos/rest_assured-testng/target/classes/search_category.json#&quot;,&#10;    &quot;pointer&quot; : &quot;/properties/products/items/anyOf/3/properties/variantColours/items/anyOf/0/properties/code&quot;&#10;  },&#10;  &quot;domain&quot; : &quot;syntax&quot;,&#10;  &quot;message&quot; : &quot;the following keywords are unknown and will be ignored: [examples]&quot;,&#10;  &quot;ignored&quot; : [ &quot;examples&quot; ]&#10;}, {&#10;  &quot;level&quot; : &quot;warning&quot;,&#10;  &quot;schema&quot; : {&#10;    &quot;loadingURI&quot; : &quot;file:/C:/Users/ADMIN/Documents/repos/rest_assured-testng/target/classes/search_category.json#&quot;,&#10;    &quot;pointer&quot; : &quot;/properties/products/items/anyOf/3/properties/variantColours/items/anyOf/0/properties/hexcode&quot;&#10;  },&#10;  &quot;domain&quot; : &quot;syntax&quot;,&#10;  &quot;message&quot; : &quot;the following keywords are unknown and will be ignored: [examples]&quot;,&#10;  &quot;ignored&quot; : [ &quot;examples&quot; ]&#10;}, {&#10;  &quot;level&quot; : &quot;warning&quot;,&#10;  &quot;schema&quot; : {&#10;    &quot;loadingURI&quot; : &quot;file:/C:/Users/ADMIN/Documents/repos/rest_assured-testng/target/classes/search_category.json#&quot;,&#10;    &quot;pointer&quot; : &quot;/properties/products/items/anyOf/3/properties/variantColours/items/anyOf/0/properties/name&quot;&#10;  },&#10;  &quot;domain&quot; : &quot;syntax&quot;,&#10;  &quot;message&quot; : &quot;the following keywords are unknown and will be ignored: [examples]&quot;,&#10;  &quot;ignored&quot; : [ &quot;examples&quot; ]&#10;}, {&#10;  &quot;level&quot; : &quot;warning&quot;,&#10;  &quot;schema&quot; : {&#10;    &quot;loadingURI&quot; : &quot;file:/C:/Users/ADMIN/Documents/repos/rest_assured-testng/target/classes/search_category.json#&quot;,&#10;    &quot;pointer&quot; : &quot;/properties/products/items/anyOf/3/properties/variantColours/items/anyOf/0/properties/url&quot;&#10;  },&#10;  &quot;domain&quot; : &quot;syntax&quot;,&#10;  &quot;message&quot; : &quot;the following keywords are unknown and will be ignored: [examples]&quot;,&#10;  &quot;ignored&quot; : [ &quot;examples&quot; ]&#10;}, {&#10;  &quot;level&quot; : &quot;warning&quot;,&#10;  &quot;schema&quot; : {&#10;    &quot;loadingURI&quot; : &quot;file:/C:/Users/ADMIN/Documents/repos/rest_assured-testng/target/classes/search_category.json#&quot;,&#10;    &quot;pointer&quot; : &quot;/properties/products/items/anyOf/3/properties/warehouseHidePriceValue&quot;&#10;  },&#10;  &quot;domain&quot; : &quot;syntax&quot;,&#10;  &quot;message&quot; : &quot;the following keywords are unknown and will be ignored: [examples]&quot;,&#10;  &quot;ignored&quot; : [ &quot;examples&quot; ]&#10;}, {&#10;  &quot;level&quot; : &quot;warning&quot;,&#10;  &quot;schema&quot; : {&#10;    &quot;loadingURI&quot; : &quot;file:/C:/Users/ADMIN/Documents/repos/rest_assured-testng/target/classes/search_category.json#&quot;,&#10;    &quot;pointer&quot; : &quot;/properties/products/items/anyOf/4&quot;&#10;  },&#10;  &quot;domain&quot; : &quot;syntax&quot;,&#10;  &quot;message&quot; : &quot;the following keywords are unknown and will be ignored: [examples]&quot;,&#10;  &quot;ignored&quot; : [ &quot;examples&quot; ]&#10;}, {&#10;  &quot;level&quot; : &quot;warning&quot;,&#10;  &quot;schema&quot; : {&#10;    &quot;loadingURI&quot; : &quot;file:/C:/Users/ADMIN/Documents/repos/rest_assured-testng/target/classes/search_category.json#&quot;,&#10;    &quot;pointer&quot; : &quot;/properties/products/items/anyOf/4/properties/addToCartFromPLPCategories&quot;&#10;  },&#10;  &quot;domain&quot; : &quot;syntax&quot;,&#10;  &quot;message&quot; : &quot;the following keywords are unknown and will be ignored: [examples]&quot;,&#10;  &quot;ignored&quot; : [ &quot;examples&quot; ]&#10;}, {&#10;  &quot;level&quot; : &quot;warning&quot;,&#10;  &quot;schema&quot; : {&#10;    &quot;loadingURI&quot; : &quot;file:/C:/Users/ADMIN/Documents/repos/rest_assured-testng/target/classes/search_category.json#&quot;,&#10;    &quot;pointer&quot; : &quot;/properties/products/items/anyOf/4/properties/addToCartFromPLPCategories/items/anyOf/0&quot;&#10;  },&#10;  &quot;domain&quot; : &quot;syntax&quot;,&#10;  &quot;message&quot; : &quot;the following keywords are unknown and will be ignored: [examples]&quot;,&#10;  &quot;ignored&quot; : [ &quot;examples&quot; ]&#10;}, {&#10;  &quot;level&quot; : &quot;warning&quot;,&#10;  &quot;schema&quot; : {&#10;    &quot;loadingURI&quot; : &quot;file:/C:/Users/ADMIN/Documents/repos/rest_assured-testng/target/classes/search_category.json#&quot;,&#10;    &quot;pointer&quot; : &quot;/properties/products/items/anyOf/4/properties/addToCartFromPLPCategories/items/anyOf/0/properties/key&quot;&#10;  },&#10;  &quot;domain&quot; : &quot;syntax&quot;,&#10;  &quot;message&quot; : &quot;the following keywords are unknown and will be ignored: [examples]&quot;,&#10;  &quot;ignored&quot; : [ &quot;examples&quot; ]&#10;}, {&#10;  &quot;level&quot; : &quot;warning&quot;,&#10;  &quot;schema&quot; : {&#10;    &quot;loadingURI&quot; : &quot;file:/C:/Users/ADMIN/Documents/repos/rest_assured-testng/target/classes/search_category.json#&quot;,&#10;    &quot;pointer&quot; : &quot;/properties/products/items/anyOf/4/properties/addToCartFromPLPCategories/items/anyOf/0/properties/value&quot;&#10;  },&#10;  &quot;domain&quot; : &quot;syntax&quot;,&#10;  &quot;message&quot; : &quot;the following keywords are unknown and will be ignored: [examples]&quot;,&#10;  &quot;ignored&quot; : [ &quot;examples&quot; ]&#10;}, {&#10;  &quot;level&quot; : &quot;warning&quot;,&#10;  &quot;schema&quot; : {&#10;    &quot;loadingURI&quot; : &quot;file:/C:/Users/ADMIN/Documents/repos/rest_assured-testng/target/classes/search_category.json#&quot;,&#10;    &quot;pointer&quot; : &quot;/properties/products/items/anyOf/4/properties/addableToCartFromListingPage&quot;&#10;  },&#10;  &quot;domain&quot; : &quot;syntax&quot;,&#10;  &quot;message&quot; : &quot;the following keywords are unknown and will be ignored: [examples]&quot;,&#10;  &quot;ignored&quot; : [ &quot;examples&quot; ]&#10;}, {&#10;  &quot;level&quot; : &quot;warning&quot;,&#10;  &quot;schema&quot; : {&#10;    &quot;loadingURI&quot; : &quot;file:/C:/Users/ADMIN/Documents/repos/rest_assured-testng/target/classes/search_category.json#&quot;,&#10;    &quot;pointer&quot; : &quot;/properties/products/items/anyOf/4/properties/availableForPreorder&quot;&#10;  },&#10;  &quot;domain&quot; : &quot;syntax&quot;,&#10;  &quot;message&quot; : &quot;the following keywords are unknown and will be ignored: [examples]&quot;,&#10;  &quot;ignored&quot; : [ &quot;examples&quot; ]&#10;}, {&#10;  &quot;level&quot; : &quot;warning&quot;,&#10;  &quot;schema&quot; : {&#10;    &quot;loadingURI&quot; : &quot;file:/C:/Users/ADMIN/Documents/repos/rest_assured-testng/target/classes/search_category.json#&quot;,&#10;    &quot;pointer&quot; : &quot;/properties/products/items/anyOf/4/properties/basePrice&quot;&#10;  },&#10;  &quot;domain&quot; : &quot;syntax&quot;,&#10;  &quot;message&quot; : &quot;the following keywords are unknown and will be ignored: [examples]&quot;,&#10;  &quot;ignored&quot; : [ &quot;examples&quot; ]&#10;}, {&#10;  &quot;level&quot; : &quot;warning&quot;,&#10;  &quot;schema&quot; : {&#10;    &quot;loadingURI&quot; : &quot;file:/C:/Users/ADMIN/Documents/repos/rest_assured-testng/target/classes/search_category.json#&quot;,&#10;    &quot;pointer&quot; : &quot;/properties/products/items/anyOf/4/properties/basePrice/properties/currencyIso&quot;&#10;  },&#10;  &quot;domain&quot; : &quot;syntax&quot;,&#10;  &quot;message&quot; : &quot;the following keywords are unknown and will be ignored: [examples]&quot;,&#10;  &quot;ignored&quot; : [ &quot;examples&quot; ]&#10;}, {&#10;  &quot;level&quot; : &quot;warning&quot;,&#10;  &quot;schema&quot; : {&#10;    &quot;loadingURI&quot; : &quot;file:/C:/Users/ADMIN/Documents/repos/rest_assured-testng/target/classes/search_category.json#&quot;,&#10;    &quot;pointer&quot; : &quot;/properties/products/items/anyOf/4/properties/basePrice/properties/formattedValue&quot;&#10;  },&#10;  &quot;domain&quot; : &quot;syntax&quot;,&#10;  &quot;message&quot; : &quot;the following keywords are unknown and will be ignored: [examples]&quot;,&#10;  &quot;ignored&quot; : [ &quot;examples&quot; ]&#10;}, {&#10;  &quot;level&quot; : &quot;warning&quot;,&#10;  &quot;schema&quot; : {&#10;    &quot;loadingURI&quot; : &quot;file:/C:/Users/ADMIN/Documents/repos/rest_assured-testng/target/classes/search_category.json#&quot;,&#10;    &quot;pointer&quot; : &quot;/properties/products/items/anyOf/4/properties/basePrice/properties/priceType&quot;&#10;  },&#10;  &quot;domain&quot; : &quot;syntax&quot;,&#10;  &quot;message&quot; : &quot;the following keywords are unknown and will be ignored: [examples]&quot;,&#10;  &quot;ignored&quot; : [ &quot;examples&quot; ]&#10;}, {&#10;  &quot;level&quot; : &quot;warning&quot;,&#10;  &quot;schema&quot; : {&#10;    &quot;loadingURI&quot; : &quot;file:/C:/Users/ADMIN/Documents/repos/rest_assured-testng/target/classes/search_category.json#&quot;,&#10;    &quot;pointer&quot; : &quot;/properties/products/items/anyOf/4/properties/basePrice/properties/value&quot;&#10;  },&#10;  &quot;domain&quot; : &quot;syntax&quot;,&#10;  &quot;message&quot; : &quot;the following keywords are unknown and will be ignored: [examples]&quot;,&#10;  &quot;ignored&quot; : [ &quot;examples&quot; ]&#10;}, {&#10;  &quot;level&quot; : &quot;warning&quot;,&#10;  &quot;schema&quot; : {&#10;    &quot;loadingURI&quot; : &quot;file:/C:/Users/ADMIN/Documents/repos/rest_assured-testng/target/classes/search_category.json#&quot;,&#10;    &quot;pointer&quot; : &quot;/properties/products/items/anyOf/4/properties/businessDelivery&quot;&#10;  },&#10;  &quot;domain&quot; : &quot;syntax&quot;,&#10;  &quot;message&quot; : &quot;the following keywords are unknown and will be ignored: [examples]&quot;,&#10;  &quot;ignored&quot; : [ &quot;examples&quot; ]&#10;}, {&#10;  &quot;level&quot; : &quot;warning&quot;,&#10;  &quot;schema&quot; : {&#10;    &quot;loadingURI&quot; : &quot;file:/C:/Users/ADMIN/Documents/repos/rest_assured-testng/target/classes/search_category.json#&quot;,&#10;    &quot;pointer&quot; : &quot;/properties/products/items/anyOf/4/properties/code&quot;&#10;  },&#10;  &quot;domain&quot; : &quot;syntax&quot;,&#10;  &quot;message&quot; : &quot;the following keywords are unknown and will be ignored: [examples]&quot;,&#10;  &quot;ignored&quot; : [ &quot;examples&quot; ]&#10;}, {&#10;  &quot;level&quot; : &quot;warning&quot;,&#10;  &quot;schema&quot; : {&#10;    &quot;loadingURI&quot; : &quot;file:/C:/Users/ADMIN/Documents/repos/rest_assured-testng/target/classes/search_category.json#&quot;,&#10;    &quot;pointer&quot; : &quot;/properties/products/items/anyOf/4/properties/description&quot;&#10;  },&#10;  &quot;domain&quot; : &quot;syntax&quot;,&#10;  &quot;message&quot; : &quot;the following keywords are unknown and will be ignored: [examples]&quot;,&#10;  &quot;ignored&quot; : [ &quot;examples&quot; ]&#10;}, {&#10;  &quot;level&quot; : &quot;warning&quot;,&#10;  &quot;schema&quot; : {&#10;    &quot;loadingURI&quot; : &quot;file:/C:/Users/ADMIN/Documents/repos/rest_assured-testng/target/classes/search_category.json#&quot;,&#10;    &quot;pointer&quot; : &quot;/properties/products/items/anyOf/4/properties/englishName&quot;&#10;  },&#10;  &quot;domain&quot; : &quot;syntax&quot;,&#10;  &quot;message&quot; : &quot;the following keywords are unknown and will be ignored: [examples]&quot;,&#10;  &quot;ignored&quot; : [ &quot;examples&quot; ]&#10;}, {&#10;  &quot;level&quot; : &quot;warning&quot;,&#10;  &quot;schema&quot; : {&#10;    &quot;loadingURI&quot; : &quot;file:/C:/Users/ADMIN/Documents/repos/rest_assured-testng/target/classes/search_category.json#&quot;,&#10;    &quot;pointer&quot; : &quot;/properties/products/items/anyOf/4/properties/expeditedDelivery&quot;&#10;  },&#10;  &quot;domain&quot; : &quot;syntax&quot;,&#10;  &quot;message&quot; : &quot;the following keywords are unknown and will be ignored: [examples]&quot;,&#10;  &quot;ignored&quot; : [ &quot;examples&quot; ]&#10;}, {&#10;  &quot;level&quot; : &quot;warning&quot;,&#10;  &quot;schema&quot; : {&#10;    &quot;loadingURI&quot; : &quot;file:/C:/Users/ADMIN/Documents/repos/rest_assured-testng/target/classes/search_category.json#&quot;,&#10;    &quot;pointer&quot; : &quot;/properties/products/items/anyOf/4/properties/hasPricePerUnit&quot;&#10;  },&#10;  &quot;domain&quot; : &quot;syntax&quot;,&#10;  &quot;message&quot; : &quot;the following keywords are unknown and will be ignored: [examples]&quot;,&#10;  &quot;ignored&quot; : [ &quot;examples&quot; ]&#10;}, {&#10;  &quot;level&quot; : &quot;warning&quot;,&#10;  &quot;schema&quot; : {&#10;    &quot;loadingURI&quot; : &quot;file:/C:/Users/ADMIN/Documents/repos/rest_assured-testng/target/classes/search_category.json#&quot;,&#10;    &quot;pointer&quot; : &quot;/properties/products/items/anyOf/4/properties/hidePriceValue&quot;&#10;  },&#10;  &quot;domain&quot; : &quot;syntax&quot;,&#10;  &quot;message&quot; : &quot;the following keywords are unknown and will be ignored: [examples]&quot;,&#10;  &quot;ignored&quot; : [ &quot;examples&quot; ]&#10;}, {&#10;  &quot;level&quot; : &quot;warning&quot;,&#10;  &quot;schema&quot; : {&#10;    &quot;loadingURI&quot; : &quot;file:/C:/Users/ADMIN/Documents/repos/rest_assured-testng/target/classes/search_category.json#&quot;,&#10;    &quot;pointer&quot; : &quot;/properties/products/items/anyOf/4/properties/images&quot;&#10;  },&#10;  &quot;domain&quot; : &quot;syntax&quot;,&#10;  &quot;message&quot; : &quot;the following keywords are unknown and will be ignored: [examples]&quot;,&#10;  &quot;ignored&quot; : [ &quot;examples&quot; ]&#10;}, {&#10;  &quot;level&quot; : &quot;warning&quot;,&#10;  &quot;schema&quot; : {&#10;    &quot;loadingURI&quot; : &quot;file:/C:/Users/ADMIN/Documents/repos/rest_assured-testng/target/classes/search_category.json#&quot;,&#10;    &quot;pointer&quot; : &quot;/properties/products/items/anyOf/4/properties/images/items/anyOf/0&quot;&#10;  },&#10;  &quot;domain&quot; : &quot;syntax&quot;,&#10;  &quot;message&quot; : &quot;the following keywords are unknown and will be ignored: [examples]&quot;,&#10;  &quot;ignored&quot; : [ &quot;examples&quot; ]&#10;}, {&#10;  &quot;level&quot; : &quot;warning&quot;,&#10;  &quot;schema&quot; : {&#10;    &quot;loadingURI&quot; : &quot;file:/C:/Users/ADMIN/Documents/repos/rest_assured-testng/target/classes/search_category.json#&quot;,&#10;    &quot;pointer&quot; : &quot;/properties/products/items/anyOf/4/properties/images/items/anyOf/0/properties/format&quot;&#10;  },&#10;  &quot;domain&quot; : &quot;syntax&quot;,&#10;  &quot;message&quot; : &quot;the following keywords are unknown and will be ignored: [examples]&quot;,&#10;  &quot;ignored&quot; : [ &quot;examples&quot; ]&#10;}, {&#10;  &quot;level&quot; : &quot;warning&quot;,&#10;  &quot;schema&quot; : {&#10;    &quot;loadingURI&quot; : &quot;file:/C:/Users/ADMIN/Documents/repos/rest_assured-testng/target/classes/search_category.json#&quot;,&#10;    &quot;pointer&quot; : &quot;/properties/products/items/anyOf/4/properties/images/items/anyOf/0/properties/imageType&quot;&#10;  },&#10;  &quot;domain&quot; : &quot;syntax&quot;,&#10;  &quot;message&quot; : &quot;the following keywords are unknown and will be ignored: [examples]&quot;,&#10;  &quot;ignored&quot; : [ &quot;examples&quot; ]&#10;}, {&#10;  &quot;level&quot; : &quot;warning&quot;,&#10;  &quot;schema&quot; : {&#10;    &quot;loadingURI&quot; : &quot;file:/C:/Users/ADMIN/Documents/repos/rest_assured-testng/target/classes/search_category.json#&quot;,&#10;    &quot;pointer&quot; : &quot;/properties/products/items/anyOf/4/properties/images/items/anyOf/0/properties/url&quot;&#10;  },&#10;  &quot;domain&quot; : &quot;syntax&quot;,&#10;  &quot;message&quot; : &quot;the following keywords are unknown and will be ignored: [examples]&quot;,&#10;  &quot;ignored&quot; : [ &quot;examples&quot; ]&#10;}, {&#10;  &quot;level&quot; : &quot;warning&quot;,&#10;  &quot;schema&quot; : {&#10;    &quot;loadingURI&quot; : &quot;file:/C:/Users/ADMIN/Documents/repos/rest_assured-testng/target/classes/search_category.json#&quot;,&#10;    &quot;pointer&quot; : &quot;/properties/products/items/anyOf/4/properties/isBaseProduct&quot;&#10;  },&#10;  &quot;domain&quot; : &quot;syntax&quot;,&#10;  &quot;message&quot; : &quot;the following keywords are unknown and will be ignored: [examples]&quot;,&#10;  &quot;ignored&quot; : [ &quot;examples&quot; ]&#10;}, {&#10;  &quot;level&quot; : &quot;warning&quot;,&#10;  &quot;schema&quot; : {&#10;    &quot;loadingURI&quot; : &quot;file:/C:/Users/ADMIN/Documents/repos/rest_assured-testng/target/classes/search_category.json#&quot;,&#10;    &quot;pointer&quot; : &quot;/properties/products/items/anyOf/4/properties/isExternalVendorProduct&quot;&#10;  },&#10;  &quot;domain&quot; : &quot;syntax&quot;,&#10;  &quot;message&quot; : &quot;the following keywords are unknown and will be ignored: [examples]&quot;,&#10;  &quot;ignored&quot; : [ &quot;examples&quot; ]&#10;}, {&#10;  &quot;level&quot; : &quot;warning&quot;,&#10;  &quot;schema&quot; : {&#10;    &quot;loadingURI&quot; : &quot;file:/C:/Users/ADMIN/Documents/repos/rest_assured-testng/target/classes/search_category.json#&quot;,&#10;    &quot;pointer&quot; : &quot;/properties/products/items/anyOf/4/properties/isExternalVendorVariantProduct&quot;&#10;  },&#10;  &quot;domain&quot; : &quot;syntax&quot;,&#10;  &quot;message&quot; : &quot;the following keywords are unknown and will be ignored: [examples]&quot;,&#10;  &quot;ignored&quot; : [ &quot;examples&quot; ]&#10;}, {&#10;  &quot;level&quot; : &quot;warning&quot;,&#10;  &quot;schema&quot; : {&#10;    &quot;loadingURI&quot; : &quot;file:/C:/Users/ADMIN/Documents/repos/rest_assured-testng/target/classes/search_category.json#&quot;,&#10;    &quot;pointer&quot; : &quot;/properties/products/items/anyOf/4/properties/minOrderQuantity&quot;&#10;  },&#10;  &quot;domain&quot; : &quot;syntax&quot;,&#10;  &quot;message&quot; : &quot;the following keywords are unknown and will be ignored: [examples]&quot;,&#10;  &quot;ignored&quot; : [ &quot;examples&quot; ]&#10;}, {&#10;  &quot;level&quot; : &quot;warning&quot;,&#10;  &quot;schema&quot; : {&#10;    &quot;loadingURI&quot; : &quot;file:/C:/Users/ADMIN/Documents/repos/rest_assured-testng/target/classes/search_category.json#&quot;,&#10;    &quot;pointer&quot; : &quot;/properties/products/items/anyOf/4/properties/modulusItemQuantity&quot;&#10;  },&#10;  &quot;domain&quot; : &quot;syntax&quot;,&#10;  &quot;message&quot; : &quot;the following keywords are unknown and will be ignored: [examples]&quot;,&#10;  &quot;ignored&quot; : [ &quot;examples&quot; ]&#10;}, {&#10;  &quot;level&quot; : &quot;warning&quot;,&#10;  &quot;schema&quot; : {&#10;    &quot;loadingURI&quot; : &quot;file:/C:/Users/ADMIN/Documents/repos/rest_assured-testng/target/classes/search_category.json#&quot;,&#10;    &quot;pointer&quot; : &quot;/properties/products/items/anyOf/4/properties/name&quot;&#10;  },&#10;  &quot;domain&quot; : &quot;syntax&quot;,&#10;  &quot;message&quot; : &quot;the following keywords are unknown and will be ignored: [examples]&quot;,&#10;  &quot;ignored&quot; : [ &quot;examples&quot; ]&#10;}, {&#10;  &quot;level&quot; : &quot;warning&quot;,&#10;  &quot;schema&quot; : {&#10;    &quot;loadingURI&quot; : &quot;file:/C:/Users/ADMIN/Documents/repos/rest_assured-testng/target/classes/search_category.json#&quot;,&#10;    &quot;pointer&quot; : &quot;/properties/products/items/anyOf/4/properties/price&quot;&#10;  },&#10;  &quot;domain&quot; : &quot;syntax&quot;,&#10;  &quot;message&quot; : &quot;the following keywords are unknown and will be ignored: [examples]&quot;,&#10;  &quot;ignored&quot; : [ &quot;examples&quot; ]&#10;}, {&#10;  &quot;level&quot; : &quot;warning&quot;,&#10;  &quot;schema&quot; : {&#10;    &quot;loadingURI&quot; : &quot;file:/C:/Users/ADMIN/Documents/repos/rest_assured-testng/target/classes/search_category.json#&quot;,&#10;    &quot;pointer&quot; : &quot;/properties/products/items/anyOf/4/properties/price/properties/currencyIso&quot;&#10;  },&#10;  &quot;domain&quot; : &quot;syntax&quot;,&#10;  &quot;message&quot; : &quot;the following keywords are unknown and will be ignored: [examples]&quot;,&#10;  &quot;ignored&quot; : [ &quot;examples&quot; ]&#10;}, {&#10;  &quot;level&quot; : &quot;warning&quot;,&#10;  &quot;schema&quot; : {&#10;    &quot;loadingURI&quot; : &quot;file:/C:/Users/ADMIN/Documents/repos/rest_assured-testng/target/classes/search_category.json#&quot;,&#10;    &quot;pointer&quot; : &quot;/properties/products/items/anyOf/4/properties/price/properties/formattedValue&quot;&#10;  },&#10;  &quot;domain&quot; : &quot;syntax&quot;,&#10;  &quot;message&quot; : &quot;the following keywords are unknown and will be ignored: [examples]&quot;,&#10;  &quot;ignored&quot; : [ &quot;examples&quot; ]&#10;}, {&#10;  &quot;level&quot; : &quot;warning&quot;,&#10;  &quot;schema&quot; : {&#10;    &quot;loadingURI&quot; : &quot;file:/C:/Users/ADMIN/Documents/repos/rest_assured-testng/target/classes/search_category.json#&quot;,&#10;    &quot;pointer&quot; : &quot;/properties/products/items/anyOf/4/properties/price/properties/priceType&quot;&#10;  },&#10;  &quot;domain&quot; : &quot;syntax&quot;,&#10;  &quot;message&quot; : &quot;the following keywords are unknown and will be ignored: [examples]&quot;,&#10;  &quot;ignored&quot; : [ &quot;examples&quot; ]&#10;}, {&#10;  &quot;level&quot; : &quot;warning&quot;,&#10;  &quot;schema&quot; : {&#10;    &quot;loadingURI&quot; : &quot;file:/C:/Users/ADMIN/Documents/repos/rest_assured-testng/target/classes/search_category.json#&quot;,&#10;    &quot;pointer&quot; : &quot;/properties/products/items/anyOf/4/properties/price/properties/value&quot;&#10;  },&#10;  &quot;domain&quot; : &quot;syntax&quot;,&#10;  &quot;message&quot; : &quot;the following keywords are unknown and will be ignored: [examples]&quot;,&#10;  &quot;ignored&quot; : [ &quot;examples&quot; ]&#10;}, {&#10;  &quot;level&quot; : &quot;warning&quot;,&#10;  &quot;schema&quot; : {&#10;    &quot;loadingURI&quot; : &quot;file:/C:/Users/ADMIN/Documents/repos/rest_assured-testng/target/classes/search_category.json#&quot;,&#10;    &quot;pointer&quot; : &quot;/properties/products/items/anyOf/4/properties/purchasable&quot;&#10;  },&#10;  &quot;domain&quot; : &quot;syntax&quot;,&#10;  &quot;message&quot; : &quot;the following keywords are unknown and will be ignored: [examples]&quot;,&#10;  &quot;ignored&quot; : [ &quot;examples&quot; ]&#10;}, {&#10;  &quot;level&quot; : &quot;warning&quot;,&#10;  &quot;schema&quot; : {&#10;    &quot;loadingURI&quot; : &quot;file:/C:/Users/ADMIN/Documents/repos/rest_assured-testng/target/classes/search_category.json#&quot;,&#10;    &quot;pointer&quot; : &quot;/properties/products/items/anyOf/4/properties/randomWeight&quot;&#10;  },&#10;  &quot;domain&quot; : &quot;syntax&quot;,&#10;  &quot;message&quot; : &quot;the following keywords are unknown and will be ignored: [examples]&quot;,&#10;  &quot;ignored&quot; : [ &quot;examples&quot; ]&#10;}, {&#10;  &quot;level&quot; : &quot;warning&quot;,&#10;  &quot;schema&quot; : {&#10;    &quot;loadingURI&quot; : &quot;file:/C:/Users/ADMIN/Documents/repos/rest_assured-testng/target/classes/search_category.json#&quot;,&#10;    &quot;pointer&quot; : &quot;/properties/products/items/anyOf/4/properties/shippingIncluded&quot;&#10;  },&#10;  &quot;domain&quot; : &quot;syntax&quot;,&#10;  &quot;message&quot; : &quot;the following keywords are unknown and will be ignored: [examples]&quot;,&#10;  &quot;ignored&quot; : [ &quot;examples&quot; ]&#10;}, {&#10;  &quot;level&quot; : &quot;warning&quot;,&#10;  &quot;schema&quot; : {&#10;    &quot;loadingURI&quot; : &quot;file:/C:/Users/ADMIN/Documents/repos/rest_assured-testng/target/classes/search_category.json#&quot;,&#10;    &quot;pointer&quot; : &quot;/properties/products/items/anyOf/4/properties/stock&quot;&#10;  },&#10;  &quot;domain&quot; : &quot;syntax&quot;,&#10;  &quot;message&quot; : &quot;the following keywords are unknown and will be ignored: [examples]&quot;,&#10;  &quot;ignored&quot; : [ &quot;examples&quot; ]&#10;}, {&#10;  &quot;level&quot; : &quot;warning&quot;,&#10;  &quot;schema&quot; : {&#10;    &quot;loadingURI&quot; : &quot;file:/C:/Users/ADMIN/Documents/repos/rest_assured-testng/target/classes/search_category.json#&quot;,&#10;    &quot;pointer&quot; : &quot;/properties/products/items/anyOf/4/properties/stock/properties/contactDay&quot;&#10;  },&#10;  &quot;domain&quot; : &quot;syntax&quot;,&#10;  &quot;message&quot; : &quot;the following keywords are unknown and will be ignored: [examples]&quot;,&#10;  &quot;ignored&quot; : [ &quot;examples&quot; ]&#10;}, {&#10;  &quot;level&quot; : &quot;warning&quot;,&#10;  &quot;schema&quot; : {&#10;    &quot;loadingURI&quot; : &quot;file:/C:/Users/ADMIN/Documents/repos/rest_assured-testng/target/classes/search_category.json#&quot;,&#10;    &quot;pointer&quot; : &quot;/properties/products/items/anyOf/4/properties/stock/properties/deliveryLeadTime&quot;&#10;  },&#10;  &quot;domain&quot; : &quot;syntax&quot;,&#10;  &quot;message&quot; : &quot;the following keywords are unknown and will be ignored: [examples]&quot;,&#10;  &quot;ignored&quot; : [ &quot;examples&quot; ]&#10;}, {&#10;  &quot;level&quot; : &quot;warning&quot;,&#10;  &quot;schema&quot; : {&#10;    &quot;loadingURI&quot; : &quot;file:/C:/Users/ADMIN/Documents/repos/rest_assured-testng/target/classes/search_category.json#&quot;,&#10;    &quot;pointer&quot; : &quot;/properties/products/items/anyOf/4/properties/stock/properties/stockLevelStatus&quot;&#10;  },&#10;  &quot;domain&quot; : &quot;syntax&quot;,&#10;  &quot;message&quot; : &quot;the following keywords are unknown and will be ignored: [examples]&quot;,&#10;  &quot;ignored&quot; : [ &quot;examples&quot; ]&#10;}, {&#10;  &quot;level&quot; : &quot;warning&quot;,&#10;  &quot;schema&quot; : {&#10;    &quot;loadingURI&quot; : &quot;file:/C:/Users/ADMIN/Documents/repos/rest_assured-testng/target/classes/search_category.json#&quot;,&#10;    &quot;pointer&quot; : &quot;/properties/products/items/anyOf/4/properties/url&quot;&#10;  },&#10;  &quot;domain&quot; : &quot;syntax&quot;,&#10;  &quot;message&quot; : &quot;the following keywords are unknown and will be ignored: [examples]&quot;,&#10;  &quot;ignored&quot; : [ &quot;examples&quot; ]&#10;}, {&#10;  &quot;level&quot; : &quot;warning&quot;,&#10;  &quot;schema&quot; : {&#10;    &quot;loadingURI&quot; : &quot;file:/C:/Users/ADMIN/Documents/repos/rest_assured-testng/target/classes/search_category.json#&quot;,&#10;    &quot;pointer&quot; : &quot;/properties/products/items/anyOf/4/properties/warehouseHidePriceValue&quot;&#10;  },&#10;  &quot;domain&quot; : &quot;syntax&quot;,&#10;  &quot;message&quot; : &quot;the following keywords are unknown and will be ignored: [examples]&quot;,&#10;  &quot;ignored&quot; : [ &quot;examples&quot; ]&#10;}, {&#10;  &quot;level&quot; : &quot;warning&quot;,&#10;  &quot;schema&quot; : {&#10;    &quot;loadingURI&quot; : &quot;file:/C:/Users/ADMIN/Documents/repos/rest_assured-testng/target/classes/search_category.json#&quot;,&#10;    &quot;pointer&quot; : &quot;/properties/sorts&quot;&#10;  },&#10;  &quot;domain&quot; : &quot;syntax&quot;,&#10;  &quot;message&quot; : &quot;the following keywords are unknown and will be ignored: [examples]&quot;,&#10;  &quot;ignored&quot; : [ &quot;examples&quot; ]&#10;}, {&#10;  &quot;level&quot; : &quot;warning&quot;,&#10;  &quot;schema&quot; : {&#10;    &quot;loadingURI&quot; : &quot;file:/C:/Users/ADMIN/Documents/repos/rest_assured-testng/target/classes/search_category.json#&quot;,&#10;    &quot;pointer&quot; : &quot;/properties/sorts/items/anyOf/0&quot;&#10;  },&#10;  &quot;domain&quot; : &quot;syntax&quot;,&#10;  &quot;message&quot; : &quot;the following keywords are unknown and will be ignored: [examples]&quot;,&#10;  &quot;ignored&quot; : [ &quot;examples&quot; ]&#10;}, {&#10;  &quot;level&quot; : &quot;warning&quot;,&#10;  &quot;schema&quot; : {&#10;    &quot;loadingURI&quot; : &quot;file:/C:/Users/ADMIN/Documents/repos/rest_assured-testng/target/classes/search_category.json#&quot;,&#10;    &quot;pointer&quot; : &quot;/properties/sorts/items/anyOf/0/properties/code&quot;&#10;  },&#10;  &quot;domain&quot; : &quot;syntax&quot;,&#10;  &quot;message&quot; : &quot;the following keywords are unknown and will be ignored: [examples]&quot;,&#10;  &quot;ignored&quot; : [ &quot;examples&quot; ]&#10;}, {&#10;  &quot;level&quot; : &quot;warning&quot;,&#10;  &quot;schema&quot; : {&#10;    &quot;loadingURI&quot; : &quot;file:/C:/Users/ADMIN/Documents/repos/rest_assured-testng/target/classes/search_category.json#&quot;,&#10;    &quot;pointer&quot; : &quot;/properties/sorts/items/anyOf/0/properties/name&quot;&#10;  },&#10;  &quot;domain&quot; : &quot;syntax&quot;,&#10;  &quot;message&quot; : &quot;the following keywords are unknown and will be ignored: [examples]&quot;,&#10;  &quot;ignored&quot; : [ &quot;examples&quot; ]&#10;}, {&#10;  &quot;level&quot; : &quot;warning&quot;,&#10;  &quot;schema&quot; : {&#10;    &quot;loadingURI&quot; : &quot;file:/C:/Users/ADMIN/Documents/repos/rest_assured-testng/target/classes/search_category.json#&quot;,&#10;    &quot;pointer&quot; : &quot;/properties/sorts/items/anyOf/0/properties/selected&quot;&#10;  },&#10;  &quot;domain&quot; : &quot;syntax&quot;,&#10;  &quot;message&quot; : &quot;the following keywords are unknown and will be ignored: [examples]&quot;,&#10;  &quot;ignored&quot; : [ &quot;examples&quot; ]&#10;}, {&#10;  &quot;level&quot; : &quot;warning&quot;,&#10;  &quot;schema&quot; : {&#10;    &quot;loadingURI&quot; : &quot;file:/C:/Users/ADMIN/Documents/repos/rest_assured-testng/target/classes/search_category.json#&quot;,&#10;    &quot;pointer&quot; : &quot;/properties/subCategories&quot;&#10;  },&#10;  &quot;domain&quot; : &quot;syntax&quot;,&#10;  &quot;message&quot; : &quot;the following keywords are unknown and will be ignored: [examples]&quot;,&#10;  &quot;ignored&quot; : [ &quot;examples&quot; ]&#10;}, {&#10;  &quot;level&quot; : &quot;error&quot;,&#10;  &quot;message&quot; : &quot;array must have at least one element&quot;,&#10;  &quot;domain&quot; : &quot;syntax&quot;,&#10;  &quot;schema&quot; : {&#10;    &quot;loadingURI&quot; : &quot;file:/C:/Users/ADMIN/Documents/repos/rest_assured-testng/target/classes/search_category.json#&quot;,&#10;    &quot;pointer&quot; : &quot;/properties/subCategories/items&quot;&#10;  },&#10;  &quot;keyword&quot; : &quot;anyOf&quot;&#10;}, {&#10;  &quot;level&quot; : &quot;warning&quot;,&#10;  &quot;schema&quot; : {&#10;    &quot;loadingURI&quot; : &quot;file:/C:/Users/ADMIN/Documents/repos/rest_assured-testng/target/classes/search_category.json#&quot;,&#10;    &quot;pointer&quot; : &quot;/properties/type&quot;&#10;  },&#10;  &quot;domain&quot; : &quot;syntax&quot;,&#10;  &quot;message&quot; : &quot;the following keywords are unknown and will be ignored: [examples]&quot;,&#10;  &quot;ignored&quot; : [ &quot;examples&quot; ]&#10;} ]&#10;    level: &quot;fatal&quot;&#10;" type="io.restassured.module.jsv.JsonSchemaValidationException">io.restassured.module.jsv.JsonSchemaValidationException: com.github.fge.jsonschema.core.exceptions.InvalidSchemaException: fatal: invalid JSON Schema, cannot continue
Syntax errors:
[ {
  "level" : "warning",
  "schema" : {
    "loadingURI" : "file:/C:/Users/ADMIN/Documents/repos/rest_assured-testng/target/classes/search_category.json#",
    "pointer" : ""
  },
  "domain" : "syntax",
  "message" : "the following keywords are unknown and will be ignored: [examples]",
  "ignored" : [ "examples" ]
}, {
  "level" : "warning",
  "schema" : {
    "loadingURI" : "file:/C:/Users/ADMIN/Documents/repos/rest_assured-testng/target/classes/search_category.json#",
    "pointer" : "/properties/autoSpellCheck"
  },
  "domain" : "syntax",
  "message" : "the following keywords are unknown and will be ignored: [examples]",
  "ignored" : [ "examples" ]
}, {
  "level" : "warning",
  "schema" : {
    "loadingURI" : "file:/C:/Users/ADMIN/Documents/repos/rest_assured-testng/target/classes/search_category.json#",
    "pointer" : "/properties/category"
  },
  "domain" : "syntax",
  "message" : "the following keywords are unknown and will be ignored: [examples]",
  "ignored" : [ "examples" ]
}, {
  "level" : "warning",
  "schema" : {
    "loadingURI" : "file:/C:/Users/ADMIN/Documents/repos/rest_assured-testng/target/classes/search_category.json#",
    "pointer" : "/properties/category/properties/code"
  },
  "domain" : "syntax",
  "message" : "the following keywords are unknown and will be ignored: [examples]",
  "ignored" : [ "examples" ]
}, {
  "level" : "warning",
  "schema" : {
    "loadingURI" : "file:/C:/Users/ADMIN/Documents/repos/rest_assured-testng/target/classes/search_category.json#",
    "pointer" : "/properties/category/properties/name"
  },
  "domain" : "syntax",
  "message" : "the following keywords are unknown and will be ignored: [examples]",
  "ignored" : [ "examples" ]
}, {
  "level" : "warning",
  "schema" : {
    "loadingURI" : "file:/C:/Users/ADMIN/Documents/repos/rest_assured-testng/target/classes/search_category.json#",
    "pointer" : "/properties/categoryCode"
  },
  "domain" : "syntax",
  "message" : "the following keywords are unknown and will be ignored: [examples]",
  "ignored" : [ "examples" ]
}, {
  "level" : "warning",
  "schema" : {
    "loadingURI" : "file:/C:/Users/ADMIN/Documents/repos/rest_assured-testng/target/classes/search_category.json#",
    "pointer" : "/properties/currentQuery"
  },
  "domain" : "syntax",
  "message" : "the following keywords are unknown and will be ignored: [examples]",
  "ignored" : [ "examples" ]
}, {
  "level" : "warning",
  "schema" : {
    "loadingURI" : "file:/C:/Users/ADMIN/Documents/repos/rest_assured-testng/target/classes/search_category.json#",
    "pointer" : "/properties/currentQuery/properties/query"
  },
  "domain" : "syntax",
  "message" : "the following keywords are unknown and will be ignored: [examples]",
  "ignored" : [ "examples" ]
}, {
  "level" : "warning",
  "schema" : {
    "loadingURI" : "file:/C:/Users/ADMIN/Documents/repos/rest_assured-testng/target/classes/search_category.json#",
    "pointer" : "/properties/currentQuery/properties/query/properties/value"
  },
  "domain" : "syntax",
  "message" : "the following keywords are unknown and will be ignored: [examples]",
  "ignored" : [ "examples" ]
}, {
  "level" : "warning",
  "schema" : {
    "loadingURI" : "file:/C:/Users/ADMIN/Documents/repos/rest_assured-testng/target/classes/search_category.json#",
    "pointer" : "/properties/currentQuery/properties/url"
  },
  "domain" : "syntax",
  "message" : "the following keywords are unknown and will be ignored: [examples]",
  "ignored" : [ "examples" ]
}, {
  "level" : "warning",
  "schema" : {
    "loadingURI" : "file:/C:/Users/ADMIN/Documents/repos/rest_assured-testng/target/classes/search_category.json#",
    "pointer" : "/properties/didYouMean"
  },
  "domain" : "syntax",
  "message" : "the following keywords are unknown and will be ignored: [examples]",
  "ignored" : [ "examples" ]
}, {
  "level" : "warning",
  "schema" : {
    "loadingURI" : "file:/C:/Users/ADMIN/Documents/repos/rest_assured-testng/target/classes/search_category.json#",
    "pointer" : "/properties/freeTextSearch"
  },
  "domain" : "syntax",
  "message" : "the following keywords are unknown and will be ignored: [examples]",
  "ignored" : [ "examples" ]
}, {
  "level" : "warning",
  "schema" : {
    "loadingURI" : "file:/C:/Users/ADMIN/Documents/repos/rest_assured-testng/target/classes/search_category.json#",
    "pointer" : "/properties/pagination"
  },
  "domain" : "syntax",
  "message" : "the following keywords are unknown and will be ignored: [examples]",
  "ignored" : [ "examples" ]
}, {
  "level" : "warning",
  "schema" : {
    "loadingURI" : "file:/C:/Users/ADMIN/Documents/repos/rest_assured-testng/target/classes/search_category.json#",
    "pointer" : "/properties/pagination/properties/currentPage"
  },
  "domain" : "syntax",
  "message" : "the following keywords are unknown and will be ignored: [examples]",
  "ignored" : [ "examples" ]
}, {
  "level" : "warning",
  "schema" : {
    "loadingURI" : "file:/C:/Users/ADMIN/Documents/repos/rest_assured-testng/target/classes/search_category.json#",
    "pointer" : "/properties/pagination/properties/pageSize"
  },
  "domain" : "syntax",
  "message" : "the following keywords are unknown and will be ignored: [examples]",
  "ignored" : [ "examples" ]
}, {
  "level" : "warning",
  "schema" : {
    "loadingURI" : "file:/C:/Users/ADMIN/Documents/repos/rest_assured-testng/target/classes/search_category.json#",
    "pointer" : "/properties/pagination/properties/sort"
  },
  "domain" : "syntax",
  "message" : "the following keywords are unknown and will be ignored: [examples]",
  "ignored" : [ "examples" ]
}, {
  "level" : "warning",
  "schema" : {
    "loadingURI" : "file:/C:/Users/ADMIN/Documents/repos/rest_assured-testng/target/classes/search_category.json#",
    "pointer" : "/properties/pagination/properties/totalPages"
  },
  "domain" : "syntax",
  "message" : "the following keywords are unknown and will be ignored: [examples]",
  "ignored" : [ "examples" ]
}, {
  "level" : "warning",
  "schema" : {
    "loadingURI" : "file:/C:/Users/ADMIN/Documents/repos/rest_assured-testng/target/classes/search_category.json#",
    "pointer" : "/properties/pagination/properties/totalResults"
  },
  "domain" : "syntax",
  "message" : "the following keywords are unknown and will be ignored: [examples]",
  "ignored" : [ "examples" ]
}, {
  "level" : "warning",
  "schema" : {
    "loadingURI" : "file:/C:/Users/ADMIN/Documents/repos/rest_assured-testng/target/classes/search_category.json#",
    "pointer" : "/properties/products"
  },
  "domain" : "syntax",
  "message" : "the following keywords are unknown and will be ignored: [examples]",
  "ignored" : [ "examples" ]
}, {
  "level" : "warning",
  "schema" : {
    "loadingURI" : "file:/C:/Users/ADMIN/Documents/repos/rest_assured-testng/target/classes/search_category.json#",
    "pointer" : "/properties/products/items/anyOf/0"
  },
  "domain" : "syntax",
  "message" : "the following keywords are unknown and will be ignored: [examples]",
  "ignored" : [ "examples" ]
}, {
  "level" : "warning",
  "schema" : {
    "loadingURI" : "file:/C:/Users/ADMIN/Documents/repos/rest_assured-testng/target/classes/search_category.json#",
    "pointer" : "/properties/products/items/anyOf/0/properties/addToCartFromPLPCategories"
  },
  "domain" : "syntax",
  "message" : "the following keywords are unknown and will be ignored: [examples]",
  "ignored" : [ "examples" ]
}, {
  "level" : "warning",
  "schema" : {
    "loadingURI" : "file:/C:/Users/ADMIN/Documents/repos/rest_assured-testng/target/classes/search_category.json#",
    "pointer" : "/properties/products/items/anyOf/0/properties/addToCartFromPLPCategories/items/anyOf/0"
  },
  "domain" : "syntax",
  "message" : "the following keywords are unknown and will be ignored: [examples]",
  "ignored" : [ "examples" ]
}, {
  "level" : "warning",
  "schema" : {
    "loadingURI" : "file:/C:/Users/ADMIN/Documents/repos/rest_assured-testng/target/classes/search_category.json#",
    "pointer" : "/properties/products/items/anyOf/0/properties/addToCartFromPLPCategories/items/anyOf/0/properties/key"
  },
  "domain" : "syntax",
  "message" : "the following keywords are unknown and will be ignored: [examples]",
  "ignored" : [ "examples" ]
}, {
  "level" : "warning",
  "schema" : {
    "loadingURI" : "file:/C:/Users/ADMIN/Documents/repos/rest_assured-testng/target/classes/search_category.json#",
    "pointer" : "/properties/products/items/anyOf/0/properties/addToCartFromPLPCategories/items/anyOf/0/properties/value"
  },
  "domain" : "syntax",
  "message" : "the following keywords are unknown and will be ignored: [examples]",
  "ignored" : [ "examples" ]
}, {
  "level" : "warning",
  "schema" : {
    "loadingURI" : "file:/C:/Users/ADMIN/Documents/repos/rest_assured-testng/target/classes/search_category.json#",
    "pointer" : "/properties/products/items/anyOf/0/properties/addableToCartFromListingPage"
  },
  "domain" : "syntax",
  "message" : "the following keywords are unknown and will be ignored: [examples]",
  "ignored" : [ "examples" ]
}, {
  "level" : "warning",
  "schema" : {
    "loadingURI" : "file:/C:/Users/ADMIN/Documents/repos/rest_assured-testng/target/classes/search_category.json#",
    "pointer" : "/properties/products/items/anyOf/0/properties/availableForPreorder"
  },
  "domain" : "syntax",
  "message" : "the following keywords are unknown and will be ignored: [examples]",
  "ignored" : [ "examples" ]
}, {
  "level" : "warning",
  "schema" : {
    "loadingURI" : "file:/C:/Users/ADMIN/Documents/repos/rest_assured-testng/target/classes/search_category.json#",
    "pointer" : "/properties/products/items/anyOf/0/properties/basePrice"
  },
  "domain" : "syntax",
  "message" : "the following keywords are unknown and will be ignored: [examples]",
  "ignored" : [ "examples" ]
}, {
  "level" : "warning",
  "schema" : {
    "loadingURI" : "file:/C:/Users/ADMIN/Documents/repos/rest_assured-testng/target/classes/search_category.json#",
    "pointer" : "/properties/products/items/anyOf/0/properties/basePrice/properties/currencyIso"
  },
  "domain" : "syntax",
  "message" : "the following keywords are unknown and will be ignored: [examples]",
  "ignored" : [ "examples" ]
}, {
  "level" : "warning",
  "schema" : {
    "loadingURI" : "file:/C:/Users/ADMIN/Documents/repos/rest_assured-testng/target/classes/search_category.json#",
    "pointer" : "/properties/products/items/anyOf/0/properties/basePrice/properties/formattedValue"
  },
  "domain" : "syntax",
  "message" : "the following keywords are unknown and will be ignored: [examples]",
  "ignored" : [ "examples" ]
}, {
  "level" : "warning",
  "schema" : {
    "loadingURI" : "file:/C:/Users/ADMIN/Documents/repos/rest_assured-testng/target/classes/search_category.json#",
    "pointer" : "/properties/products/items/anyOf/0/properties/basePrice/properties/priceType"
  },
  "domain" : "syntax",
  "message" : "the following keywords are unknown and will be ignored: [examples]",
  "ignored" : [ "examples" ]
}, {
  "level" : "warning",
  "schema" : {
    "loadingURI" : "file:/C:/Users/ADMIN/Documents/repos/rest_assured-testng/target/classes/search_category.json#",
    "pointer" : "/properties/products/items/anyOf/0/properties/basePrice/properties/value"
  },
  "domain" : "syntax",
  "message" : "the following keywords are unknown and will be ignored: [examples]",
  "ignored" : [ "examples" ]
}, {
  "level" : "warning",
  "schema" : {
    "loadingURI" : "file:/C:/Users/ADMIN/Documents/repos/rest_assured-testng/target/classes/search_category.json#",
    "pointer" : "/properties/products/items/anyOf/0/properties/businessDelivery"
  },
  "domain" : "syntax",
  "message" : "the following keywords are unknown and will be ignored: [examples]",
  "ignored" : [ "examples" ]
}, {
  "level" : "warning",
  "schema" : {
    "loadingURI" : "file:/C:/Users/ADMIN/Documents/repos/rest_assured-testng/target/classes/search_category.json#",
    "pointer" : "/properties/products/items/anyOf/0/properties/code"
  },
  "domain" : "syntax",
  "message" : "the following keywords are unknown and will be ignored: [examples]",
  "ignored" : [ "examples" ]
}, {
  "level" : "warning",
  "schema" : {
    "loadingURI" : "file:/C:/Users/ADMIN/Documents/repos/rest_assured-testng/target/classes/search_category.json#",
    "pointer" : "/properties/products/items/anyOf/0/properties/decalData"
  },
  "domain" : "syntax",
  "message" : "the following keywords are unknown and will be ignored: [examples]",
  "ignored" : [ "examples" ]
}, {
  "level" : "warning",
  "schema" : {
    "loadingURI" : "file:/C:/Users/ADMIN/Documents/repos/rest_assured-testng/target/classes/search_category.json#",
    "pointer" : "/properties/products/items/anyOf/0/properties/decalData/items/anyOf/0"
  },
  "domain" : "syntax",
  "message" : "the following keywords are unknown and will be ignored: [examples]",
  "ignored" : [ "examples" ]
}, {
  "level" : "warning",
  "schema" : {
    "loadingURI" : "file:/C:/Users/ADMIN/Documents/repos/rest_assured-testng/target/classes/search_category.json#",
    "pointer" : "/properties/products/items/anyOf/0/properties/decalData/items/anyOf/0/properties/key"
  },
  "domain" : "syntax",
  "message" : "the following keywords are unknown and will be ignored: [examples]",
  "ignored" : [ "examples" ]
}, {
  "level" : "warning",
  "schema" : {
    "loadingURI" : "file:/C:/Users/ADMIN/Documents/repos/rest_assured-testng/target/classes/search_category.json#",
    "pointer" : "/properties/products/items/anyOf/0/properties/decalData/items/anyOf/0/properties/value"
  },
  "domain" : "syntax",
  "message" : "the following keywords are unknown and will be ignored: [examples]",
  "ignored" : [ "examples" ]
}, {
  "level" : "warning",
  "schema" : {
    "loadingURI" : "file:/C:/Users/ADMIN/Documents/repos/rest_assured-testng/target/classes/search_category.json#",
    "pointer" : "/properties/products/items/anyOf/0/properties/decalData/items/anyOf/0/properties/value/properties/altText"
  },
  "domain" : "syntax",
  "message" : "the following keywords are unknown and will be ignored: [examples]",
  "ignored" : [ "examples" ]
}, {
  "level" : "warning",
  "schema" : {
    "loadingURI" : "file:/C:/Users/ADMIN/Documents/repos/rest_assured-testng/target/classes/search_category.json#",
    "pointer" : "/properties/products/items/anyOf/0/properties/decalData/items/anyOf/0/properties/value/properties/position"
  },
  "domain" : "syntax",
  "message" : "the following keywords are unknown and will be ignored: [examples]",
  "ignored" : [ "examples" ]
}, {
  "level" : "warning",
  "schema" : {
    "loadingURI" : "file:/C:/Users/ADMIN/Documents/repos/rest_assured-testng/target/classes/search_category.json#",
    "pointer" : "/properties/products/items/anyOf/0/properties/decalData/items/anyOf/0/properties/value/properties/url"
  },
  "domain" : "syntax",
  "message" : "the following keywords are unknown and will be ignored: [examples]",
  "ignored" : [ "examples" ]
}, {
  "level" : "warning",
  "schema" : {
    "loadingURI" : "file:/C:/Users/ADMIN/Documents/repos/rest_assured-testng/target/classes/search_category.json#",
    "pointer" : "/properties/products/items/anyOf/0/properties/description"
  },
  "domain" : "syntax",
  "message" : "the following keywords are unknown and will be ignored: [examples]",
  "ignored" : [ "examples" ]
}, {
  "level" : "warning",
  "schema" : {
    "loadingURI" : "file:/C:/Users/ADMIN/Documents/repos/rest_assured-testng/target/classes/search_category.json#",
    "pointer" : "/properties/products/items/anyOf/0/properties/englishName"
  },
  "domain" : "syntax",
  "message" : "the following keywords are unknown and will be ignored: [examples]",
  "ignored" : [ "examples" ]
}, {
  "level" : "warning",
  "schema" : {
    "loadingURI" : "file:/C:/Users/ADMIN/Documents/repos/rest_assured-testng/target/classes/search_category.json#",
    "pointer" : "/properties/products/items/anyOf/0/properties/expeditedDelivery"
  },
  "domain" : "syntax",
  "message" : "the following keywords are unknown and will be ignored: [examples]",
  "ignored" : [ "examples" ]
}, {
  "level" : "warning",
  "schema" : {
    "loadingURI" : "file:/C:/Users/ADMIN/Documents/repos/rest_assured-testng/target/classes/search_category.json#",
    "pointer" : "/properties/products/items/anyOf/0/properties/hasPricePerUnit"
  },
  "domain" : "syntax",
  "message" : "the following keywords are unknown and will be ignored: [examples]",
  "ignored" : [ "examples" ]
}, {
  "level" : "warning",
  "schema" : {
    "loadingURI" : "file:/C:/Users/ADMIN/Documents/repos/rest_assured-testng/target/classes/search_category.json#",
    "pointer" : "/properties/products/items/anyOf/0/properties/hidePriceValue"
  },
  "domain" : "syntax",
  "message" : "the following keywords are unknown and will be ignored: [examples]",
  "ignored" : [ "examples" ]
}, {
  "level" : "warning",
  "schema" : {
    "loadingURI" : "file:/C:/Users/ADMIN/Documents/repos/rest_assured-testng/target/classes/search_category.json#",
    "pointer" : "/properties/products/items/anyOf/0/properties/images"
  },
  "domain" : "syntax",
  "message" : "the following keywords are unknown and will be ignored: [examples]",
  "ignored" : [ "examples" ]
}, {
  "level" : "warning",
  "schema" : {
    "loadingURI" : "file:/C:/Users/ADMIN/Documents/repos/rest_assured-testng/target/classes/search_category.json#",
    "pointer" : "/properties/products/items/anyOf/0/properties/images/items/anyOf/0"
  },
  "domain" : "syntax",
  "message" : "the following keywords are unknown and will be ignored: [examples]",
  "ignored" : [ "examples" ]
}, {
  "level" : "warning",
  "schema" : {
    "loadingURI" : "file:/C:/Users/ADMIN/Documents/repos/rest_assured-testng/target/classes/search_category.json#",
    "pointer" : "/properties/products/items/anyOf/0/properties/images/items/anyOf/0/properties/format"
  },
  "domain" : "syntax",
  "message" : "the following keywords are unknown and will be ignored: [examples]",
  "ignored" : [ "examples" ]
}, {
  "level" : "warning",
  "schema" : {
    "loadingURI" : "file:/C:/Users/ADMIN/Documents/repos/rest_assured-testng/target/classes/search_category.json#",
    "pointer" : "/properties/products/items/anyOf/0/properties/images/items/anyOf/0/properties/imageType"
  },
  "domain" : "syntax",
  "message" : "the following keywords are unknown and will be ignored: [examples]",
  "ignored" : [ "examples" ]
}, {
  "level" : "warning",
  "schema" : {
    "loadingURI" : "file:/C:/Users/ADMIN/Documents/repos/rest_assured-testng/target/classes/search_category.json#",
    "pointer" : "/properties/products/items/anyOf/0/properties/images/items/anyOf/0/properties/url"
  },
  "domain" : "syntax",
  "message" : "the following keywords are unknown and will be ignored: [examples]",
  "ignored" : [ "examples" ]
}, {
  "level" : "warning",
  "schema" : {
    "loadingURI" : "file:/C:/Users/ADMIN/Documents/repos/rest_assured-testng/target/classes/search_category.json#",
    "pointer" : "/properties/products/items/anyOf/0/properties/isBaseProduct"
  },
  "domain" : "syntax",
  "message" : "the following keywords are unknown and will be ignored: [examples]",
  "ignored" : [ "examples" ]
}, {
  "level" : "warning",
  "schema" : {
    "loadingURI" : "file:/C:/Users/ADMIN/Documents/repos/rest_assured-testng/target/classes/search_category.json#",
    "pointer" : "/properties/products/items/anyOf/0/properties/isExternalVendorProduct"
  },
  "domain" : "syntax",
  "message" : "the following keywords are unknown and will be ignored: [examples]",
  "ignored" : [ "examples" ]
}, {
  "level" : "warning",
  "schema" : {
    "loadingURI" : "file:/C:/Users/ADMIN/Documents/repos/rest_assured-testng/target/classes/search_category.json#",
    "pointer" : "/properties/products/items/anyOf/0/properties/isExternalVendorVariantProduct"
  },
  "domain" : "syntax",
  "message" : "the following keywords are unknown and will be ignored: [examples]",
  "ignored" : [ "examples" ]
}, {
  "level" : "warning",
  "schema" : {
    "loadingURI" : "file:/C:/Users/ADMIN/Documents/repos/rest_assured-testng/target/classes/search_category.json#",
    "pointer" : "/properties/products/items/anyOf/0/properties/minOrderQuantity"
  },
  "domain" : "syntax",
  "message" : "the following keywords are unknown and will be ignored: [examples]",
  "ignored" : [ "examples" ]
}, {
  "level" : "warning",
  "schema" : {
    "loadingURI" : "file:/C:/Users/ADMIN/Documents/repos/rest_assured-testng/target/classes/search_category.json#",
    "pointer" : "/properties/products/items/anyOf/0/properties/modulusItemQuantity"
  },
  "domain" : "syntax",
  "message" : "the following keywords are unknown and will be ignored: [examples]",
  "ignored" : [ "examples" ]
}, {
  "level" : "warning",
  "schema" : {
    "loadingURI" : "file:/C:/Users/ADMIN/Documents/repos/rest_assured-testng/target/classes/search_category.json#",
    "pointer" : "/properties/products/items/anyOf/0/properties/name"
  },
  "domain" : "syntax",
  "message" : "the following keywords are unknown and will be ignored: [examples]",
  "ignored" : [ "examples" ]
}, {
  "level" : "warning",
  "schema" : {
    "loadingURI" : "file:/C:/Users/ADMIN/Documents/repos/rest_assured-testng/target/classes/search_category.json#",
    "pointer" : "/properties/products/items/anyOf/0/properties/price"
  },
  "domain" : "syntax",
  "message" : "the following keywords are unknown and will be ignored: [examples]",
  "ignored" : [ "examples" ]
}, {
  "level" : "warning",
  "schema" : {
    "loadingURI" : "file:/C:/Users/ADMIN/Documents/repos/rest_assured-testng/target/classes/search_category.json#",
    "pointer" : "/properties/products/items/anyOf/0/properties/price/properties/currencyIso"
  },
  "domain" : "syntax",
  "message" : "the following keywords are unknown and will be ignored: [examples]",
  "ignored" : [ "examples" ]
}, {
  "level" : "warning",
  "schema" : {
    "loadingURI" : "file:/C:/Users/ADMIN/Documents/repos/rest_assured-testng/target/classes/search_category.json#",
    "pointer" : "/properties/products/items/anyOf/0/properties/price/properties/formattedValue"
  },
  "domain" : "syntax",
  "message" : "the following keywords are unknown and will be ignored: [examples]",
  "ignored" : [ "examples" ]
}, {
  "level" : "warning",
  "schema" : {
    "loadingURI" : "file:/C:/Users/ADMIN/Documents/repos/rest_assured-testng/target/classes/search_category.json#",
    "pointer" : "/properties/products/items/anyOf/0/properties/price/properties/priceType"
  },
  "domain" : "syntax",
  "message" : "the following keywords are unknown and will be ignored: [examples]",
  "ignored" : [ "examples" ]
}, {
  "level" : "warning",
  "schema" : {
    "loadingURI" : "file:/C:/Users/ADMIN/Documents/repos/rest_assured-testng/target/classes/search_category.json#",
    "pointer" : "/properties/products/items/anyOf/0/properties/price/properties/value"
  },
  "domain" : "syntax",
  "message" : "the following keywords are unknown and will be ignored: [examples]",
  "ignored" : [ "examples" ]
}, {
  "level" : "warning",
  "schema" : {
    "loadingURI" : "file:/C:/Users/ADMIN/Documents/repos/rest_assured-testng/target/classes/search_category.json#",
    "pointer" : "/properties/products/items/anyOf/0/properties/purchasable"
  },
  "domain" : "syntax",
  "message" : "the following keywords are unknown and will be ignored: [examples]",
  "ignored" : [ "examples" ]
}, {
  "level" : "warning",
  "schema" : {
    "loadingURI" : "file:/C:/Users/ADMIN/Documents/repos/rest_assured-testng/target/classes/search_category.json#",
    "pointer" : "/properties/products/items/anyOf/0/properties/randomWeight"
  },
  "domain" : "syntax",
  "message" : "the following keywords are unknown and will be ignored: [examples]",
  "ignored" : [ "examples" ]
}, {
  "level" : "warning",
  "schema" : {
    "loadingURI" : "file:/C:/Users/ADMIN/Documents/repos/rest_assured-testng/target/classes/search_category.json#",
    "pointer" : "/properties/products/items/anyOf/0/properties/shippingIncluded"
  },
  "domain" : "syntax",
  "message" : "the following keywords are unknown and will be ignored: [examples]",
  "ignored" : [ "examples" ]
}, {
  "level" : "warning",
  "schema" : {
    "loadingURI" : "file:/C:/Users/ADMIN/Documents/repos/rest_assured-testng/target/classes/search_category.json#",
    "pointer" : "/properties/products/items/anyOf/0/properties/stock"
  },
  "domain" : "syntax",
  "message" : "the following keywords are unknown and will be ignored: [examples]",
  "ignored" : [ "examples" ]
}, {
  "level" : "warning",
  "schema" : {
    "loadingURI" : "file:/C:/Users/ADMIN/Documents/repos/rest_assured-testng/target/classes/search_category.json#",
    "pointer" : "/properties/products/items/anyOf/0/properties/stock/properties/contactDay"
  },
  "domain" : "syntax",
  "message" : "the following keywords are unknown and will be ignored: [examples]",
  "ignored" : [ "examples" ]
}, {
  "level" : "warning",
  "schema" : {
    "loadingURI" : "file:/C:/Users/ADMIN/Documents/repos/rest_assured-testng/target/classes/search_category.json#",
    "pointer" : "/properties/products/items/anyOf/0/properties/stock/properties/deliveryLeadTime"
  },
  "domain" : "syntax",
  "message" : "the following keywords are unknown and will be ignored: [examples]",
  "ignored" : [ "examples" ]
}, {
  "level" : "warning",
  "schema" : {
    "loadingURI" : "file:/C:/Users/ADMIN/Documents/repos/rest_assured-testng/target/classes/search_category.json#",
    "pointer" : "/properties/products/items/anyOf/0/properties/stock/properties/stockLevelStatus"
  },
  "domain" : "syntax",
  "message" : "the following keywords are unknown and will be ignored: [examples]",
  "ignored" : [ "examples" ]
}, {
  "level" : "warning",
  "schema" : {
    "loadingURI" : "file:/C:/Users/ADMIN/Documents/repos/rest_assured-testng/target/classes/search_category.json#",
    "pointer" : "/properties/products/items/anyOf/0/properties/summary"
  },
  "domain" : "syntax",
  "message" : "the following keywords are unknown and will be ignored: [examples]",
  "ignored" : [ "examples" ]
}, {
  "level" : "warning",
  "schema" : {
    "loadingURI" : "file:/C:/Users/ADMIN/Documents/repos/rest_assured-testng/target/classes/search_category.json#",
    "pointer" : "/properties/products/items/anyOf/0/properties/url"
  },
  "domain" : "syntax",
  "message" : "the following keywords are unknown and will be ignored: [examples]",
  "ignored" : [ "examples" ]
}, {
  "level" : "warning",
  "schema" : {
    "loadingURI" : "file:/C:/Users/ADMIN/Documents/repos/rest_assured-testng/target/classes/search_category.json#",
    "pointer" : "/properties/products/items/anyOf/0/properties/warehouseHidePriceValue"
  },
  "domain" : "syntax",
  "message" : "the following keywords are unknown and will be ignored: [examples]",
  "ignored" : [ "examples" ]
}, {
  "level" : "warning",
  "schema" : {
    "loadingURI" : "file:/C:/Users/ADMIN/Documents/repos/rest_assured-testng/target/classes/search_category.json#",
    "pointer" : "/properties/products/items/anyOf/1"
  },
  "domain" : "syntax",
  "message" : "the following keywords are unknown and will be ignored: [examples]",
  "ignored" : [ "examples" ]
}, {
  "level" : "warning",
  "schema" : {
    "loadingURI" : "file:/C:/Users/ADMIN/Documents/repos/rest_assured-testng/target/classes/search_category.json#",
    "pointer" : "/properties/products/items/anyOf/1/properties/addToCartFromPLPCategories"
  },
  "domain" : "syntax",
  "message" : "the following keywords are unknown and will be ignored: [examples]",
  "ignored" : [ "examples" ]
}, {
  "level" : "warning",
  "schema" : {
    "loadingURI" : "file:/C:/Users/ADMIN/Documents/repos/rest_assured-testng/target/classes/search_category.json#",
    "pointer" : "/properties/products/items/anyOf/1/properties/addToCartFromPLPCategories/items/anyOf/0"
  },
  "domain" : "syntax",
  "message" : "the following keywords are unknown and will be ignored: [examples]",
  "ignored" : [ "examples" ]
}, {
  "level" : "warning",
  "schema" : {
    "loadingURI" : "file:/C:/Users/ADMIN/Documents/repos/rest_assured-testng/target/classes/search_category.json#",
    "pointer" : "/properties/products/items/anyOf/1/properties/addToCartFromPLPCategories/items/anyOf/0/properties/key"
  },
  "domain" : "syntax",
  "message" : "the following keywords are unknown and will be ignored: [examples]",
  "ignored" : [ "examples" ]
}, {
  "level" : "warning",
  "schema" : {
    "loadingURI" : "file:/C:/Users/ADMIN/Documents/repos/rest_assured-testng/target/classes/search_category.json#",
    "pointer" : "/properties/products/items/anyOf/1/properties/addToCartFromPLPCategories/items/anyOf/0/properties/value"
  },
  "domain" : "syntax",
  "message" : "the following keywords are unknown and will be ignored: [examples]",
  "ignored" : [ "examples" ]
}, {
  "level" : "warning",
  "schema" : {
    "loadingURI" : "file:/C:/Users/ADMIN/Documents/repos/rest_assured-testng/target/classes/search_category.json#",
    "pointer" : "/properties/products/items/anyOf/1/properties/addableToCartFromListingPage"
  },
  "domain" : "syntax",
  "message" : "the following keywords are unknown and will be ignored: [examples]",
  "ignored" : [ "examples" ]
}, {
  "level" : "warning",
  "schema" : {
    "loadingURI" : "file:/C:/Users/ADMIN/Documents/repos/rest_assured-testng/target/classes/search_category.json#",
    "pointer" : "/properties/products/items/anyOf/1/properties/availableForPreorder"
  },
  "domain" : "syntax",
  "message" : "the following keywords are unknown and will be ignored: [examples]",
  "ignored" : [ "examples" ]
}, {
  "level" : "warning",
  "schema" : {
    "loadingURI" : "file:/C:/Users/ADMIN/Documents/repos/rest_assured-testng/target/classes/search_category.json#",
    "pointer" : "/properties/products/items/anyOf/1/properties/basePrice"
  },
  "domain" : "syntax",
  "message" : "the following keywords are unknown and will be ignored: [examples]",
  "ignored" : [ "examples" ]
}, {
  "level" : "warning",
  "schema" : {
    "loadingURI" : "file:/C:/Users/ADMIN/Documents/repos/rest_assured-testng/target/classes/search_category.json#",
    "pointer" : "/properties/products/items/anyOf/1/properties/basePrice/properties/currencyIso"
  },
  "domain" : "syntax",
  "message" : "the following keywords are unknown and will be ignored: [examples]",
  "ignored" : [ "examples" ]
}, {
  "level" : "warning",
  "schema" : {
    "loadingURI" : "file:/C:/Users/ADMIN/Documents/repos/rest_assured-testng/target/classes/search_category.json#",
    "pointer" : "/properties/products/items/anyOf/1/properties/basePrice/properties/formattedValue"
  },
  "domain" : "syntax",
  "message" : "the following keywords are unknown and will be ignored: [examples]",
  "ignored" : [ "examples" ]
}, {
  "level" : "warning",
  "schema" : {
    "loadingURI" : "file:/C:/Users/ADMIN/Documents/repos/rest_assured-testng/target/classes/search_category.json#",
    "pointer" : "/properties/products/items/anyOf/1/properties/basePrice/properties/priceType"
  },
  "domain" : "syntax",
  "message" : "the following keywords are unknown and will be ignored: [examples]",
  "ignored" : [ "examples" ]
}, {
  "level" : "warning",
  "schema" : {
    "loadingURI" : "file:/C:/Users/ADMIN/Documents/repos/rest_assured-testng/target/classes/search_category.json#",
    "pointer" : "/properties/products/items/anyOf/1/properties/basePrice/properties/value"
  },
  "domain" : "syntax",
  "message" : "the following keywords are unknown and will be ignored: [examples]",
  "ignored" : [ "examples" ]
}, {
  "level" : "warning",
  "schema" : {
    "loadingURI" : "file:/C:/Users/ADMIN/Documents/repos/rest_assured-testng/target/classes/search_category.json#",
    "pointer" : "/properties/products/items/anyOf/1/properties/businessDelivery"
  },
  "domain" : "syntax",
  "message" : "the following keywords are unknown and will be ignored: [examples]",
  "ignored" : [ "examples" ]
}, {
  "level" : "warning",
  "schema" : {
    "loadingURI" : "file:/C:/Users/ADMIN/Documents/repos/rest_assured-testng/target/classes/search_category.json#",
    "pointer" : "/properties/products/items/anyOf/1/properties/code"
  },
  "domain" : "syntax",
  "message" : "the following keywords are unknown and will be ignored: [examples]",
  "ignored" : [ "examples" ]
}, {
  "level" : "warning",
  "schema" : {
    "loadingURI" : "file:/C:/Users/ADMIN/Documents/repos/rest_assured-testng/target/classes/search_category.json#",
    "pointer" : "/properties/products/items/anyOf/1/properties/description"
  },
  "domain" : "syntax",
  "message" : "the following keywords are unknown and will be ignored: [examples]",
  "ignored" : [ "examples" ]
}, {
  "level" : "warning",
  "schema" : {
    "loadingURI" : "file:/C:/Users/ADMIN/Documents/repos/rest_assured-testng/target/classes/search_category.json#",
    "pointer" : "/properties/products/items/anyOf/1/properties/englishName"
  },
  "domain" : "syntax",
  "message" : "the following keywords are unknown and will be ignored: [examples]",
  "ignored" : [ "examples" ]
}, {
  "level" : "warning",
  "schema" : {
    "loadingURI" : "file:/C:/Users/ADMIN/Documents/repos/rest_assured-testng/target/classes/search_category.json#",
    "pointer" : "/properties/products/items/anyOf/1/properties/expeditedDelivery"
  },
  "domain" : "syntax",
  "message" : "the following keywords are unknown and will be ignored: [examples]",
  "ignored" : [ "examples" ]
}, {
  "level" : "warning",
  "schema" : {
    "loadingURI" : "file:/C:/Users/ADMIN/Documents/repos/rest_assured-testng/target/classes/search_category.json#",
    "pointer" : "/properties/products/items/anyOf/1/properties/hasPricePerUnit"
  },
  "domain" : "syntax",
  "message" : "the following keywords are unknown and will be ignored: [examples]",
  "ignored" : [ "examples" ]
}, {
  "level" : "warning",
  "schema" : {
    "loadingURI" : "file:/C:/Users/ADMIN/Documents/repos/rest_assured-testng/target/classes/search_category.json#",
    "pointer" : "/properties/products/items/anyOf/1/properties/hidePriceValue"
  },
  "domain" : "syntax",
  "message" : "the following keywords are unknown and will be ignored: [examples]",
  "ignored" : [ "examples" ]
}, {
  "level" : "warning",
  "schema" : {
    "loadingURI" : "file:/C:/Users/ADMIN/Documents/repos/rest_assured-testng/target/classes/search_category.json#",
    "pointer" : "/properties/products/items/anyOf/1/properties/images"
  },
  "domain" : "syntax",
  "message" : "the following keywords are unknown and will be ignored: [examples]",
  "ignored" : [ "examples" ]
}, {
  "level" : "warning",
  "schema" : {
    "loadingURI" : "file:/C:/Users/ADMIN/Documents/repos/rest_assured-testng/target/classes/search_category.json#",
    "pointer" : "/properties/products/items/anyOf/1/properties/images/items/anyOf/0"
  },
  "domain" : "syntax",
  "message" : "the following keywords are unknown and will be ignored: [examples]",
  "ignored" : [ "examples" ]
}, {
  "level" : "warning",
  "schema" : {
    "loadingURI" : "file:/C:/Users/ADMIN/Documents/repos/rest_assured-testng/target/classes/search_category.json#",
    "pointer" : "/properties/products/items/anyOf/1/properties/images/items/anyOf/0/properties/format"
  },
  "domain" : "syntax",
  "message" : "the following keywords are unknown and will be ignored: [examples]",
  "ignored" : [ "examples" ]
}, {
  "level" : "warning",
  "schema" : {
    "loadingURI" : "file:/C:/Users/ADMIN/Documents/repos/rest_assured-testng/target/classes/search_category.json#",
    "pointer" : "/properties/products/items/anyOf/1/properties/images/items/anyOf/0/properties/imageType"
  },
  "domain" : "syntax",
  "message" : "the following keywords are unknown and will be ignored: [examples]",
  "ignored" : [ "examples" ]
}, {
  "level" : "warning",
  "schema" : {
    "loadingURI" : "file:/C:/Users/ADMIN/Documents/repos/rest_assured-testng/target/classes/search_category.json#",
    "pointer" : "/properties/products/items/anyOf/1/properties/images/items/anyOf/0/properties/url"
  },
  "domain" : "syntax",
  "message" : "the following keywords are unknown and will be ignored: [examples]",
  "ignored" : [ "examples" ]
}, {
  "level" : "warning",
  "schema" : {
    "loadingURI" : "file:/C:/Users/ADMIN/Documents/repos/rest_assured-testng/target/classes/search_category.json#",
    "pointer" : "/properties/products/items/anyOf/1/properties/isBaseProduct"
  },
  "domain" : "syntax",
  "message" : "the following keywords are unknown and will be ignored: [examples]",
  "ignored" : [ "examples" ]
}, {
  "level" : "warning",
  "schema" : {
    "loadingURI" : "file:/C:/Users/ADMIN/Documents/repos/rest_assured-testng/target/classes/search_category.json#",
    "pointer" : "/properties/products/items/anyOf/1/properties/isExternalVendorProduct"
  },
  "domain" : "syntax",
  "message" : "the following keywords are unknown and will be ignored: [examples]",
  "ignored" : [ "examples" ]
}, {
  "level" : "warning",
  "schema" : {
    "loadingURI" : "file:/C:/Users/ADMIN/Documents/repos/rest_assured-testng/target/classes/search_category.json#",
    "pointer" : "/properties/products/items/anyOf/1/properties/isExternalVendorVariantProduct"
  },
  "domain" : "syntax",
  "message" : "the following keywords are unknown and will be ignored: [examples]",
  "ignored" : [ "examples" ]
}, {
  "level" : "warning",
  "schema" : {
    "loadingURI" : "file:/C:/Users/ADMIN/Documents/repos/rest_assured-testng/target/classes/search_category.json#",
    "pointer" : "/properties/products/items/anyOf/1/properties/minOrderQuantity"
  },
  "domain" : "syntax",
  "message" : "the following keywords are unknown and will be ignored: [examples]",
  "ignored" : [ "examples" ]
}, {
  "level" : "warning",
  "schema" : {
    "loadingURI" : "file:/C:/Users/ADMIN/Documents/repos/rest_assured-testng/target/classes/search_category.json#",
    "pointer" : "/properties/products/items/anyOf/1/properties/modulusItemQuantity"
  },
  "domain" : "syntax",
  "message" : "the following keywords are unknown and will be ignored: [examples]",
  "ignored" : [ "examples" ]
}, {
  "level" : "warning",
  "schema" : {
    "loadingURI" : "file:/C:/Users/ADMIN/Documents/repos/rest_assured-testng/target/classes/search_category.json#",
    "pointer" : "/properties/products/items/anyOf/1/properties/name"
  },
  "domain" : "syntax",
  "message" : "the following keywords are unknown and will be ignored: [examples]",
  "ignored" : [ "examples" ]
}, {
  "level" : "warning",
  "schema" : {
    "loadingURI" : "file:/C:/Users/ADMIN/Documents/repos/rest_assured-testng/target/classes/search_category.json#",
    "pointer" : "/properties/products/items/anyOf/1/properties/price"
  },
  "domain" : "syntax",
  "message" : "the following keywords are unknown and will be ignored: [examples]",
  "ignored" : [ "examples" ]
}, {
  "level" : "warning",
  "schema" : {
    "loadingURI" : "file:/C:/Users/ADMIN/Documents/repos/rest_assured-testng/target/classes/search_category.json#",
    "pointer" : "/properties/products/items/anyOf/1/properties/price/properties/currencyIso"
  },
  "domain" : "syntax",
  "message" : "the following keywords are unknown and will be ignored: [examples]",
  "ignored" : [ "examples" ]
}, {
  "level" : "warning",
  "schema" : {
    "loadingURI" : "file:/C:/Users/ADMIN/Documents/repos/rest_assured-testng/target/classes/search_category.json#",
    "pointer" : "/properties/products/items/anyOf/1/properties/price/properties/formattedValue"
  },
  "domain" : "syntax",
  "message" : "the following keywords are unknown and will be ignored: [examples]",
  "ignored" : [ "examples" ]
}, {
  "level" : "warning",
  "schema" : {
    "loadingURI" : "file:/C:/Users/ADMIN/Documents/repos/rest_assured-testng/target/classes/search_category.json#",
    "pointer" : "/properties/products/items/anyOf/1/properties/price/properties/priceType"
  },
  "domain" : "syntax",
  "message" : "the following keywords are unknown and will be ignored: [examples]",
  "ignored" : [ "examples" ]
}, {
  "level" : "warning",
  "schema" : {
    "loadingURI" : "file:/C:/Users/ADMIN/Documents/repos/rest_assured-testng/target/classes/search_category.json#",
    "pointer" : "/properties/products/items/anyOf/1/properties/price/properties/value"
  },
  "domain" : "syntax",
  "message" : "the following keywords are unknown and will be ignored: [examples]",
  "ignored" : [ "examples" ]
}, {
  "level" : "warning",
  "schema" : {
    "loadingURI" : "file:/C:/Users/ADMIN/Documents/repos/rest_assured-testng/target/classes/search_category.json#",
    "pointer" : "/properties/products/items/anyOf/1/properties/purchasable"
  },
  "domain" : "syntax",
  "message" : "the following keywords are unknown and will be ignored: [examples]",
  "ignored" : [ "examples" ]
}, {
  "level" : "warning",
  "schema" : {
    "loadingURI" : "file:/C:/Users/ADMIN/Documents/repos/rest_assured-testng/target/classes/search_category.json#",
    "pointer" : "/properties/products/items/anyOf/1/properties/randomWeight"
  },
  "domain" : "syntax",
  "message" : "the following keywords are unknown and will be ignored: [examples]",
  "ignored" : [ "examples" ]
}, {
  "level" : "warning",
  "schema" : {
    "loadingURI" : "file:/C:/Users/ADMIN/Documents/repos/rest_assured-testng/target/classes/search_category.json#",
    "pointer" : "/properties/products/items/anyOf/1/properties/shippingIncluded"
  },
  "domain" : "syntax",
  "message" : "the following keywords are unknown and will be ignored: [examples]",
  "ignored" : [ "examples" ]
}, {
  "level" : "warning",
  "schema" : {
    "loadingURI" : "file:/C:/Users/ADMIN/Documents/repos/rest_assured-testng/target/classes/search_category.json#",
    "pointer" : "/properties/products/items/anyOf/1/properties/stock"
  },
  "domain" : "syntax",
  "message" : "the following keywords are unknown and will be ignored: [examples]",
  "ignored" : [ "examples" ]
}, {
  "level" : "warning",
  "schema" : {
    "loadingURI" : "file:/C:/Users/ADMIN/Documents/repos/rest_assured-testng/target/classes/search_category.json#",
    "pointer" : "/properties/products/items/anyOf/1/properties/stock/properties/contactDay"
  },
  "domain" : "syntax",
  "message" : "the following keywords are unknown and will be ignored: [examples]",
  "ignored" : [ "examples" ]
}, {
  "level" : "warning",
  "schema" : {
    "loadingURI" : "file:/C:/Users/ADMIN/Documents/repos/rest_assured-testng/target/classes/search_category.json#",
    "pointer" : "/properties/products/items/anyOf/1/properties/stock/properties/deliveryLeadTime"
  },
  "domain" : "syntax",
  "message" : "the following keywords are unknown and will be ignored: [examples]",
  "ignored" : [ "examples" ]
}, {
  "level" : "warning",
  "schema" : {
    "loadingURI" : "file:/C:/Users/ADMIN/Documents/repos/rest_assured-testng/target/classes/search_category.json#",
    "pointer" : "/properties/products/items/anyOf/1/properties/stock/properties/stockLevelStatus"
  },
  "domain" : "syntax",
  "message" : "the following keywords are unknown and will be ignored: [examples]",
  "ignored" : [ "examples" ]
}, {
  "level" : "warning",
  "schema" : {
    "loadingURI" : "file:/C:/Users/ADMIN/Documents/repos/rest_assured-testng/target/classes/search_category.json#",
    "pointer" : "/properties/products/items/anyOf/1/properties/summary"
  },
  "domain" : "syntax",
  "message" : "the following keywords are unknown and will be ignored: [examples]",
  "ignored" : [ "examples" ]
}, {
  "level" : "warning",
  "schema" : {
    "loadingURI" : "file:/C:/Users/ADMIN/Documents/repos/rest_assured-testng/target/classes/search_category.json#",
    "pointer" : "/properties/products/items/anyOf/1/properties/url"
  },
  "domain" : "syntax",
  "message" : "the following keywords are unknown and will be ignored: [examples]",
  "ignored" : [ "examples" ]
}, {
  "level" : "warning",
  "schema" : {
    "loadingURI" : "file:/C:/Users/ADMIN/Documents/repos/rest_assured-testng/target/classes/search_category.json#",
    "pointer" : "/properties/products/items/anyOf/1/properties/warehouseHidePriceValue"
  },
  "domain" : "syntax",
  "message" : "the following keywords are unknown and will be ignored: [examples]",
  "ignored" : [ "examples" ]
}, {
  "level" : "warning",
  "schema" : {
    "loadingURI" : "file:/C:/Users/ADMIN/Documents/repos/rest_assured-testng/target/classes/search_category.json#",
    "pointer" : "/properties/products/items/anyOf/2"
  },
  "domain" : "syntax",
  "message" : "the following keywords are unknown and will be ignored: [examples]",
  "ignored" : [ "examples" ]
}, {
  "level" : "warning",
  "schema" : {
    "loadingURI" : "file:/C:/Users/ADMIN/Documents/repos/rest_assured-testng/target/classes/search_category.json#",
    "pointer" : "/properties/products/items/anyOf/2/properties/addToCartFromPLPCategories"
  },
  "domain" : "syntax",
  "message" : "the following keywords are unknown and will be ignored: [examples]",
  "ignored" : [ "examples" ]
}, {
  "level" : "warning",
  "schema" : {
    "loadingURI" : "file:/C:/Users/ADMIN/Documents/repos/rest_assured-testng/target/classes/search_category.json#",
    "pointer" : "/properties/products/items/anyOf/2/properties/addToCartFromPLPCategories/items/anyOf/0"
  },
  "domain" : "syntax",
  "message" : "the following keywords are unknown and will be ignored: [examples]",
  "ignored" : [ "examples" ]
}, {
  "level" : "warning",
  "schema" : {
    "loadingURI" : "file:/C:/Users/ADMIN/Documents/repos/rest_assured-testng/target/classes/search_category.json#",
    "pointer" : "/properties/products/items/anyOf/2/properties/addToCartFromPLPCategories/items/anyOf/0/properties/key"
  },
  "domain" : "syntax",
  "message" : "the following keywords are unknown and will be ignored: [examples]",
  "ignored" : [ "examples" ]
}, {
  "level" : "warning",
  "schema" : {
    "loadingURI" : "file:/C:/Users/ADMIN/Documents/repos/rest_assured-testng/target/classes/search_category.json#",
    "pointer" : "/properties/products/items/anyOf/2/properties/addToCartFromPLPCategories/items/anyOf/0/properties/value"
  },
  "domain" : "syntax",
  "message" : "the following keywords are unknown and will be ignored: [examples]",
  "ignored" : [ "examples" ]
}, {
  "level" : "warning",
  "schema" : {
    "loadingURI" : "file:/C:/Users/ADMIN/Documents/repos/rest_assured-testng/target/classes/search_category.json#",
    "pointer" : "/properties/products/items/anyOf/2/properties/addableToCartFromListingPage"
  },
  "domain" : "syntax",
  "message" : "the following keywords are unknown and will be ignored: [examples]",
  "ignored" : [ "examples" ]
}, {
  "level" : "warning",
  "schema" : {
    "loadingURI" : "file:/C:/Users/ADMIN/Documents/repos/rest_assured-testng/target/classes/search_category.json#",
    "pointer" : "/properties/products/items/anyOf/2/properties/availableForPreorder"
  },
  "domain" : "syntax",
  "message" : "the following keywords are unknown and will be ignored: [examples]",
  "ignored" : [ "examples" ]
}, {
  "level" : "warning",
  "schema" : {
    "loadingURI" : "file:/C:/Users/ADMIN/Documents/repos/rest_assured-testng/target/classes/search_category.json#",
    "pointer" : "/properties/products/items/anyOf/2/properties/basePrice"
  },
  "domain" : "syntax",
  "message" : "the following keywords are unknown and will be ignored: [examples]",
  "ignored" : [ "examples" ]
}, {
  "level" : "warning",
  "schema" : {
    "loadingURI" : "file:/C:/Users/ADMIN/Documents/repos/rest_assured-testng/target/classes/search_category.json#",
    "pointer" : "/properties/products/items/anyOf/2/properties/basePrice/properties/currencyIso"
  },
  "domain" : "syntax",
  "message" : "the following keywords are unknown and will be ignored: [examples]",
  "ignored" : [ "examples" ]
}, {
  "level" : "warning",
  "schema" : {
    "loadingURI" : "file:/C:/Users/ADMIN/Documents/repos/rest_assured-testng/target/classes/search_category.json#",
    "pointer" : "/properties/products/items/anyOf/2/properties/basePrice/properties/formattedValue"
  },
  "domain" : "syntax",
  "message" : "the following keywords are unknown and will be ignored: [examples]",
  "ignored" : [ "examples" ]
}, {
  "level" : "warning",
  "schema" : {
    "loadingURI" : "file:/C:/Users/ADMIN/Documents/repos/rest_assured-testng/target/classes/search_category.json#",
    "pointer" : "/properties/products/items/anyOf/2/properties/basePrice/properties/priceType"
  },
  "domain" : "syntax",
  "message" : "the following keywords are unknown and will be ignored: [examples]",
  "ignored" : [ "examples" ]
}, {
  "level" : "warning",
  "schema" : {
    "loadingURI" : "file:/C:/Users/ADMIN/Documents/repos/rest_assured-testng/target/classes/search_category.json#",
    "pointer" : "/properties/products/items/anyOf/2/properties/basePrice/properties/value"
  },
  "domain" : "syntax",
  "message" : "the following keywords are unknown and will be ignored: [examples]",
  "ignored" : [ "examples" ]
}, {
  "level" : "warning",
  "schema" : {
    "loadingURI" : "file:/C:/Users/ADMIN/Documents/repos/rest_assured-testng/target/classes/search_category.json#",
    "pointer" : "/properties/products/items/anyOf/2/properties/businessDelivery"
  },
  "domain" : "syntax",
  "message" : "the following keywords are unknown and will be ignored: [examples]",
  "ignored" : [ "examples" ]
}, {
  "level" : "warning",
  "schema" : {
    "loadingURI" : "file:/C:/Users/ADMIN/Documents/repos/rest_assured-testng/target/classes/search_category.json#",
    "pointer" : "/properties/products/items/anyOf/2/properties/classifications"
  },
  "domain" : "syntax",
  "message" : "the following keywords are unknown and will be ignored: [examples]",
  "ignored" : [ "examples" ]
}, {
  "level" : "warning",
  "schema" : {
    "loadingURI" : "file:/C:/Users/ADMIN/Documents/repos/rest_assured-testng/target/classes/search_category.json#",
    "pointer" : "/properties/products/items/anyOf/2/properties/classifications/items/anyOf/0"
  },
  "domain" : "syntax",
  "message" : "the following keywords are unknown and will be ignored: [examples]",
  "ignored" : [ "examples" ]
}, {
  "level" : "warning",
  "schema" : {
    "loadingURI" : "file:/C:/Users/ADMIN/Documents/repos/rest_assured-testng/target/classes/search_category.json#",
    "pointer" : "/properties/products/items/anyOf/2/properties/classifications/items/anyOf/0/properties/code"
  },
  "domain" : "syntax",
  "message" : "the following keywords are unknown and will be ignored: [examples]",
  "ignored" : [ "examples" ]
}, {
  "level" : "warning",
  "schema" : {
    "loadingURI" : "file:/C:/Users/ADMIN/Documents/repos/rest_assured-testng/target/classes/search_category.json#",
    "pointer" : "/properties/products/items/anyOf/2/properties/classifications/items/anyOf/0/properties/features"
  },
  "domain" : "syntax",
  "message" : "the following keywords are unknown and will be ignored: [examples]",
  "ignored" : [ "examples" ]
}, {
  "level" : "warning",
  "schema" : {
    "loadingURI" : "file:/C:/Users/ADMIN/Documents/repos/rest_assured-testng/target/classes/search_category.json#",
    "pointer" : "/properties/products/items/anyOf/2/properties/classifications/items/anyOf/0/properties/features/items/anyOf/0"
  },
  "domain" : "syntax",
  "message" : "the following keywords are unknown and will be ignored: [examples]",
  "ignored" : [ "examples" ]
}, {
  "level" : "warning",
  "schema" : {
    "loadingURI" : "file:/C:/Users/ADMIN/Documents/repos/rest_assured-testng/target/classes/search_category.json#",
    "pointer" : "/properties/products/items/anyOf/2/properties/classifications/items/anyOf/0/properties/features/items/anyOf/0/properties/code"
  },
  "domain" : "syntax",
  "message" : "the following keywords are unknown and will be ignored: [examples]",
  "ignored" : [ "examples" ]
}, {
  "level" : "warning",
  "schema" : {
    "loadingURI" : "file:/C:/Users/ADMIN/Documents/repos/rest_assured-testng/target/classes/search_category.json#",
    "pointer" : "/properties/products/items/anyOf/2/properties/classifications/items/anyOf/0/properties/features/items/anyOf/0/properties/comparable"
  },
  "domain" : "syntax",
  "message" : "the following keywords are unknown and will be ignored: [examples]",
  "ignored" : [ "examples" ]
}, {
  "level" : "warning",
  "schema" : {
    "loadingURI" : "file:/C:/Users/ADMIN/Documents/repos/rest_assured-testng/target/classes/search_category.json#",
    "pointer" : "/properties/products/items/anyOf/2/properties/classifications/items/anyOf/0/properties/features/items/anyOf/0/properties/featureValues"
  },
  "domain" : "syntax",
  "message" : "the following keywords are unknown and will be ignored: [examples]",
  "ignored" : [ "examples" ]
}, {
  "level" : "warning",
  "schema" : {
    "loadingURI" : "file:/C:/Users/ADMIN/Documents/repos/rest_assured-testng/target/classes/search_category.json#",
    "pointer" : "/properties/products/items/anyOf/2/properties/classifications/items/anyOf/0/properties/features/items/anyOf/0/properties/featureValues/items/anyOf/0"
  },
  "domain" : "syntax",
  "message" : "the following keywords are unknown and will be ignored: [examples]",
  "ignored" : [ "examples" ]
}, {
  "level" : "warning",
  "schema" : {
    "loadingURI" : "file:/C:/Users/ADMIN/Documents/repos/rest_assured-testng/target/classes/search_category.json#",
    "pointer" : "/properties/products/items/anyOf/2/properties/classifications/items/anyOf/0/properties/features/items/anyOf/0/properties/featureValues/items/anyOf/0/properties/value"
  },
  "domain" : "syntax",
  "message" : "the following keywords are unknown and will be ignored: [examples]",
  "ignored" : [ "examples" ]
}, {
  "level" : "warning",
  "schema" : {
    "loadingURI" : "file:/C:/Users/ADMIN/Documents/repos/rest_assured-testng/target/classes/search_category.json#",
    "pointer" : "/properties/products/items/anyOf/2/properties/classifications/items/anyOf/0/properties/features/items/anyOf/0/properties/name"
  },
  "domain" : "syntax",
  "message" : "the following keywords are unknown and will be ignored: [examples]",
  "ignored" : [ "examples" ]
}, {
  "level" : "warning",
  "schema" : {
    "loadingURI" : "file:/C:/Users/ADMIN/Documents/repos/rest_assured-testng/target/classes/search_category.json#",
    "pointer" : "/properties/products/items/anyOf/2/properties/classifications/items/anyOf/0/properties/features/items/anyOf/0/properties/range"
  },
  "domain" : "syntax",
  "message" : "the following keywords are unknown and will be ignored: [examples]",
  "ignored" : [ "examples" ]
}, {
  "level" : "warning",
  "schema" : {
    "loadingURI" : "file:/C:/Users/ADMIN/Documents/repos/rest_assured-testng/target/classes/search_category.json#",
    "pointer" : "/properties/products/items/anyOf/2/properties/code"
  },
  "domain" : "syntax",
  "message" : "the following keywords are unknown and will be ignored: [examples]",
  "ignored" : [ "examples" ]
}, {
  "level" : "warning",
  "schema" : {
    "loadingURI" : "file:/C:/Users/ADMIN/Documents/repos/rest_assured-testng/target/classes/search_category.json#",
    "pointer" : "/properties/products/items/anyOf/2/properties/decalData"
  },
  "domain" : "syntax",
  "message" : "the following keywords are unknown and will be ignored: [examples]",
  "ignored" : [ "examples" ]
}, {
  "level" : "warning",
  "schema" : {
    "loadingURI" : "file:/C:/Users/ADMIN/Documents/repos/rest_assured-testng/target/classes/search_category.json#",
    "pointer" : "/properties/products/items/anyOf/2/properties/decalData/items/anyOf/0"
  },
  "domain" : "syntax",
  "message" : "the following keywords are unknown and will be ignored: [examples]",
  "ignored" : [ "examples" ]
}, {
  "level" : "warning",
  "schema" : {
    "loadingURI" : "file:/C:/Users/ADMIN/Documents/repos/rest_assured-testng/target/classes/search_category.json#",
    "pointer" : "/properties/products/items/anyOf/2/properties/decalData/items/anyOf/0/properties/key"
  },
  "domain" : "syntax",
  "message" : "the following keywords are unknown and will be ignored: [examples]",
  "ignored" : [ "examples" ]
}, {
  "level" : "warning",
  "schema" : {
    "loadingURI" : "file:/C:/Users/ADMIN/Documents/repos/rest_assured-testng/target/classes/search_category.json#",
    "pointer" : "/properties/products/items/anyOf/2/properties/decalData/items/anyOf/0/properties/value"
  },
  "domain" : "syntax",
  "message" : "the following keywords are unknown and will be ignored: [examples]",
  "ignored" : [ "examples" ]
}, {
  "level" : "warning",
  "schema" : {
    "loadingURI" : "file:/C:/Users/ADMIN/Documents/repos/rest_assured-testng/target/classes/search_category.json#",
    "pointer" : "/properties/products/items/anyOf/2/properties/decalData/items/anyOf/0/properties/value/properties/altText"
  },
  "domain" : "syntax",
  "message" : "the following keywords are unknown and will be ignored: [examples]",
  "ignored" : [ "examples" ]
}, {
  "level" : "warning",
  "schema" : {
    "loadingURI" : "file:/C:/Users/ADMIN/Documents/repos/rest_assured-testng/target/classes/search_category.json#",
    "pointer" : "/properties/products/items/anyOf/2/properties/decalData/items/anyOf/0/properties/value/properties/position"
  },
  "domain" : "syntax",
  "message" : "the following keywords are unknown and will be ignored: [examples]",
  "ignored" : [ "examples" ]
}, {
  "level" : "warning",
  "schema" : {
    "loadingURI" : "file:/C:/Users/ADMIN/Documents/repos/rest_assured-testng/target/classes/search_category.json#",
    "pointer" : "/properties/products/items/anyOf/2/properties/decalData/items/anyOf/0/properties/value/properties/url"
  },
  "domain" : "syntax",
  "message" : "the following keywords are unknown and will be ignored: [examples]",
  "ignored" : [ "examples" ]
}, {
  "level" : "warning",
  "schema" : {
    "loadingURI" : "file:/C:/Users/ADMIN/Documents/repos/rest_assured-testng/target/classes/search_category.json#",
    "pointer" : "/properties/products/items/anyOf/2/properties/description"
  },
  "domain" : "syntax",
  "message" : "the following keywords are unknown and will be ignored: [examples]",
  "ignored" : [ "examples" ]
}, {
  "level" : "warning",
  "schema" : {
    "loadingURI" : "file:/C:/Users/ADMIN/Documents/repos/rest_assured-testng/target/classes/search_category.json#",
    "pointer" : "/properties/products/items/anyOf/2/properties/englishName"
  },
  "domain" : "syntax",
  "message" : "the following keywords are unknown and will be ignored: [examples]",
  "ignored" : [ "examples" ]
}, {
  "level" : "warning",
  "schema" : {
    "loadingURI" : "file:/C:/Users/ADMIN/Documents/repos/rest_assured-testng/target/classes/search_category.json#",
    "pointer" : "/properties/products/items/anyOf/2/properties/expeditedDelivery"
  },
  "domain" : "syntax",
  "message" : "the following keywords are unknown and will be ignored: [examples]",
  "ignored" : [ "examples" ]
}, {
  "level" : "warning",
  "schema" : {
    "loadingURI" : "file:/C:/Users/ADMIN/Documents/repos/rest_assured-testng/target/classes/search_category.json#",
    "pointer" : "/properties/products/items/anyOf/2/properties/hasPricePerUnit"
  },
  "domain" : "syntax",
  "message" : "the following keywords are unknown and will be ignored: [examples]",
  "ignored" : [ "examples" ]
}, {
  "level" : "warning",
  "schema" : {
    "loadingURI" : "file:/C:/Users/ADMIN/Documents/repos/rest_assured-testng/target/classes/search_category.json#",
    "pointer" : "/properties/products/items/anyOf/2/properties/hidePriceValue"
  },
  "domain" : "syntax",
  "message" : "the following keywords are unknown and will be ignored: [examples]",
  "ignored" : [ "examples" ]
}, {
  "level" : "warning",
  "schema" : {
    "loadingURI" : "file:/C:/Users/ADMIN/Documents/repos/rest_assured-testng/target/classes/search_category.json#",
    "pointer" : "/properties/products/items/anyOf/2/properties/images"
  },
  "domain" : "syntax",
  "message" : "the following keywords are unknown and will be ignored: [examples]",
  "ignored" : [ "examples" ]
}, {
  "level" : "warning",
  "schema" : {
    "loadingURI" : "file:/C:/Users/ADMIN/Documents/repos/rest_assured-testng/target/classes/search_category.json#",
    "pointer" : "/properties/products/items/anyOf/2/properties/images/items/anyOf/0"
  },
  "domain" : "syntax",
  "message" : "the following keywords are unknown and will be ignored: [examples]",
  "ignored" : [ "examples" ]
}, {
  "level" : "warning",
  "schema" : {
    "loadingURI" : "file:/C:/Users/ADMIN/Documents/repos/rest_assured-testng/target/classes/search_category.json#",
    "pointer" : "/properties/products/items/anyOf/2/properties/images/items/anyOf/0/properties/format"
  },
  "domain" : "syntax",
  "message" : "the following keywords are unknown and will be ignored: [examples]",
  "ignored" : [ "examples" ]
}, {
  "level" : "warning",
  "schema" : {
    "loadingURI" : "file:/C:/Users/ADMIN/Documents/repos/rest_assured-testng/target/classes/search_category.json#",
    "pointer" : "/properties/products/items/anyOf/2/properties/images/items/anyOf/0/properties/imageType"
  },
  "domain" : "syntax",
  "message" : "the following keywords are unknown and will be ignored: [examples]",
  "ignored" : [ "examples" ]
}, {
  "level" : "warning",
  "schema" : {
    "loadingURI" : "file:/C:/Users/ADMIN/Documents/repos/rest_assured-testng/target/classes/search_category.json#",
    "pointer" : "/properties/products/items/anyOf/2/properties/images/items/anyOf/0/properties/url"
  },
  "domain" : "syntax",
  "message" : "the following keywords are unknown and will be ignored: [examples]",
  "ignored" : [ "examples" ]
}, {
  "level" : "warning",
  "schema" : {
    "loadingURI" : "file:/C:/Users/ADMIN/Documents/repos/rest_assured-testng/target/classes/search_category.json#",
    "pointer" : "/properties/products/items/anyOf/2/properties/isBaseProduct"
  },
  "domain" : "syntax",
  "message" : "the following keywords are unknown and will be ignored: [examples]",
  "ignored" : [ "examples" ]
}, {
  "level" : "warning",
  "schema" : {
    "loadingURI" : "file:/C:/Users/ADMIN/Documents/repos/rest_assured-testng/target/classes/search_category.json#",
    "pointer" : "/properties/products/items/anyOf/2/properties/isExternalVendorProduct"
  },
  "domain" : "syntax",
  "message" : "the following keywords are unknown and will be ignored: [examples]",
  "ignored" : [ "examples" ]
}, {
  "level" : "warning",
  "schema" : {
    "loadingURI" : "file:/C:/Users/ADMIN/Documents/repos/rest_assured-testng/target/classes/search_category.json#",
    "pointer" : "/properties/products/items/anyOf/2/properties/isExternalVendorVariantProduct"
  },
  "domain" : "syntax",
  "message" : "the following keywords are unknown and will be ignored: [examples]",
  "ignored" : [ "examples" ]
}, {
  "level" : "warning",
  "schema" : {
    "loadingURI" : "file:/C:/Users/ADMIN/Documents/repos/rest_assured-testng/target/classes/search_category.json#",
    "pointer" : "/properties/products/items/anyOf/2/properties/minOrderQuantity"
  },
  "domain" : "syntax",
  "message" : "the following keywords are unknown and will be ignored: [examples]",
  "ignored" : [ "examples" ]
}, {
  "level" : "warning",
  "schema" : {
    "loadingURI" : "file:/C:/Users/ADMIN/Documents/repos/rest_assured-testng/target/classes/search_category.json#",
    "pointer" : "/properties/products/items/anyOf/2/properties/modulusItemQuantity"
  },
  "domain" : "syntax",
  "message" : "the following keywords are unknown and will be ignored: [examples]",
  "ignored" : [ "examples" ]
}, {
  "level" : "warning",
  "schema" : {
    "loadingURI" : "file:/C:/Users/ADMIN/Documents/repos/rest_assured-testng/target/classes/search_category.json#",
    "pointer" : "/properties/products/items/anyOf/2/properties/name"
  },
  "domain" : "syntax",
  "message" : "the following keywords are unknown and will be ignored: [examples]",
  "ignored" : [ "examples" ]
}, {
  "level" : "warning",
  "schema" : {
    "loadingURI" : "file:/C:/Users/ADMIN/Documents/repos/rest_assured-testng/target/classes/search_category.json#",
    "pointer" : "/properties/products/items/anyOf/2/properties/price"
  },
  "domain" : "syntax",
  "message" : "the following keywords are unknown and will be ignored: [examples]",
  "ignored" : [ "examples" ]
}, {
  "level" : "warning",
  "schema" : {
    "loadingURI" : "file:/C:/Users/ADMIN/Documents/repos/rest_assured-testng/target/classes/search_category.json#",
    "pointer" : "/properties/products/items/anyOf/2/properties/price/properties/currencyIso"
  },
  "domain" : "syntax",
  "message" : "the following keywords are unknown and will be ignored: [examples]",
  "ignored" : [ "examples" ]
}, {
  "level" : "warning",
  "schema" : {
    "loadingURI" : "file:/C:/Users/ADMIN/Documents/repos/rest_assured-testng/target/classes/search_category.json#",
    "pointer" : "/properties/products/items/anyOf/2/properties/price/properties/formattedValue"
  },
  "domain" : "syntax",
  "message" : "the following keywords are unknown and will be ignored: [examples]",
  "ignored" : [ "examples" ]
}, {
  "level" : "warning",
  "schema" : {
    "loadingURI" : "file:/C:/Users/ADMIN/Documents/repos/rest_assured-testng/target/classes/search_category.json#",
    "pointer" : "/properties/products/items/anyOf/2/properties/price/properties/priceType"
  },
  "domain" : "syntax",
  "message" : "the following keywords are unknown and will be ignored: [examples]",
  "ignored" : [ "examples" ]
}, {
  "level" : "warning",
  "schema" : {
    "loadingURI" : "file:/C:/Users/ADMIN/Documents/repos/rest_assured-testng/target/classes/search_category.json#",
    "pointer" : "/properties/products/items/anyOf/2/properties/price/properties/value"
  },
  "domain" : "syntax",
  "message" : "the following keywords are unknown and will be ignored: [examples]",
  "ignored" : [ "examples" ]
}, {
  "level" : "warning",
  "schema" : {
    "loadingURI" : "file:/C:/Users/ADMIN/Documents/repos/rest_assured-testng/target/classes/search_category.json#",
    "pointer" : "/properties/products/items/anyOf/2/properties/purchasable"
  },
  "domain" : "syntax",
  "message" : "the following keywords are unknown and will be ignored: [examples]",
  "ignored" : [ "examples" ]
}, {
  "level" : "warning",
  "schema" : {
    "loadingURI" : "file:/C:/Users/ADMIN/Documents/repos/rest_assured-testng/target/classes/search_category.json#",
    "pointer" : "/properties/products/items/anyOf/2/properties/randomWeight"
  },
  "domain" : "syntax",
  "message" : "the following keywords are unknown and will be ignored: [examples]",
  "ignored" : [ "examples" ]
}, {
  "level" : "warning",
  "schema" : {
    "loadingURI" : "file:/C:/Users/ADMIN/Documents/repos/rest_assured-testng/target/classes/search_category.json#",
    "pointer" : "/properties/products/items/anyOf/2/properties/shippingIncluded"
  },
  "domain" : "syntax",
  "message" : "the following keywords are unknown and will be ignored: [examples]",
  "ignored" : [ "examples" ]
}, {
  "level" : "warning",
  "schema" : {
    "loadingURI" : "file:/C:/Users/ADMIN/Documents/repos/rest_assured-testng/target/classes/search_category.json#",
    "pointer" : "/properties/products/items/anyOf/2/properties/stock"
  },
  "domain" : "syntax",
  "message" : "the following keywords are unknown and will be ignored: [examples]",
  "ignored" : [ "examples" ]
}, {
  "level" : "warning",
  "schema" : {
    "loadingURI" : "file:/C:/Users/ADMIN/Documents/repos/rest_assured-testng/target/classes/search_category.json#",
    "pointer" : "/properties/products/items/anyOf/2/properties/stock/properties/contactDay"
  },
  "domain" : "syntax",
  "message" : "the following keywords are unknown and will be ignored: [examples]",
  "ignored" : [ "examples" ]
}, {
  "level" : "warning",
  "schema" : {
    "loadingURI" : "file:/C:/Users/ADMIN/Documents/repos/rest_assured-testng/target/classes/search_category.json#",
    "pointer" : "/properties/products/items/anyOf/2/properties/stock/properties/deliveryLeadTime"
  },
  "domain" : "syntax",
  "message" : "the following keywords are unknown and will be ignored: [examples]",
  "ignored" : [ "examples" ]
}, {
  "level" : "warning",
  "schema" : {
    "loadingURI" : "file:/C:/Users/ADMIN/Documents/repos/rest_assured-testng/target/classes/search_category.json#",
    "pointer" : "/properties/products/items/anyOf/2/properties/stock/properties/stockLevelStatus"
  },
  "domain" : "syntax",
  "message" : "the following keywords are unknown and will be ignored: [examples]",
  "ignored" : [ "examples" ]
}, {
  "level" : "warning",
  "schema" : {
    "loadingURI" : "file:/C:/Users/ADMIN/Documents/repos/rest_assured-testng/target/classes/search_category.json#",
    "pointer" : "/properties/products/items/anyOf/2/properties/summary"
  },
  "domain" : "syntax",
  "message" : "the following keywords are unknown and will be ignored: [examples]",
  "ignored" : [ "examples" ]
}, {
  "level" : "warning",
  "schema" : {
    "loadingURI" : "file:/C:/Users/ADMIN/Documents/repos/rest_assured-testng/target/classes/search_category.json#",
    "pointer" : "/properties/products/items/anyOf/2/properties/url"
  },
  "domain" : "syntax",
  "message" : "the following keywords are unknown and will be ignored: [examples]",
  "ignored" : [ "examples" ]
}, {
  "level" : "warning",
  "schema" : {
    "loadingURI" : "file:/C:/Users/ADMIN/Documents/repos/rest_assured-testng/target/classes/search_category.json#",
    "pointer" : "/properties/products/items/anyOf/2/properties/warehouseHidePriceValue"
  },
  "domain" : "syntax",
  "message" : "the following keywords are unknown and will be ignored: [examples]",
  "ignored" : [ "examples" ]
}, {
  "level" : "warning",
  "schema" : {
    "loadingURI" : "file:/C:/Users/ADMIN/Documents/repos/rest_assured-testng/target/classes/search_category.json#",
    "pointer" : "/properties/products/items/anyOf/3"
  },
  "domain" : "syntax",
  "message" : "the following keywords are unknown and will be ignored: [examples]",
  "ignored" : [ "examples" ]
}, {
  "level" : "warning",
  "schema" : {
    "loadingURI" : "file:/C:/Users/ADMIN/Documents/repos/rest_assured-testng/target/classes/search_category.json#",
    "pointer" : "/properties/products/items/anyOf/3/properties/addToCartFromPLPCategories"
  },
  "domain" : "syntax",
  "message" : "the following keywords are unknown and will be ignored: [examples]",
  "ignored" : [ "examples" ]
}, {
  "level" : "warning",
  "schema" : {
    "loadingURI" : "file:/C:/Users/ADMIN/Documents/repos/rest_assured-testng/target/classes/search_category.json#",
    "pointer" : "/properties/products/items/anyOf/3/properties/addToCartFromPLPCategories/items/anyOf/0"
  },
  "domain" : "syntax",
  "message" : "the following keywords are unknown and will be ignored: [examples]",
  "ignored" : [ "examples" ]
}, {
  "level" : "warning",
  "schema" : {
    "loadingURI" : "file:/C:/Users/ADMIN/Documents/repos/rest_assured-testng/target/classes/search_category.json#",
    "pointer" : "/properties/products/items/anyOf/3/properties/addToCartFromPLPCategories/items/anyOf/0/properties/key"
  },
  "domain" : "syntax",
  "message" : "the following keywords are unknown and will be ignored: [examples]",
  "ignored" : [ "examples" ]
}, {
  "level" : "warning",
  "schema" : {
    "loadingURI" : "file:/C:/Users/ADMIN/Documents/repos/rest_assured-testng/target/classes/search_category.json#",
    "pointer" : "/properties/products/items/anyOf/3/properties/addToCartFromPLPCategories/items/anyOf/0/properties/value"
  },
  "domain" : "syntax",
  "message" : "the following keywords are unknown and will be ignored: [examples]",
  "ignored" : [ "examples" ]
}, {
  "level" : "warning",
  "schema" : {
    "loadingURI" : "file:/C:/Users/ADMIN/Documents/repos/rest_assured-testng/target/classes/search_category.json#",
    "pointer" : "/properties/products/items/anyOf/3/properties/addableToCartFromListingPage"
  },
  "domain" : "syntax",
  "message" : "the following keywords are unknown and will be ignored: [examples]",
  "ignored" : [ "examples" ]
}, {
  "level" : "warning",
  "schema" : {
    "loadingURI" : "file:/C:/Users/ADMIN/Documents/repos/rest_assured-testng/target/classes/search_category.json#",
    "pointer" : "/properties/products/items/anyOf/3/properties/availableForPreorder"
  },
  "domain" : "syntax",
  "message" : "the following keywords are unknown and will be ignored: [examples]",
  "ignored" : [ "examples" ]
}, {
  "level" : "warning",
  "schema" : {
    "loadingURI" : "file:/C:/Users/ADMIN/Documents/repos/rest_assured-testng/target/classes/search_category.json#",
    "pointer" : "/properties/products/items/anyOf/3/properties/basePrice"
  },
  "domain" : "syntax",
  "message" : "the following keywords are unknown and will be ignored: [examples]",
  "ignored" : [ "examples" ]
}, {
  "level" : "warning",
  "schema" : {
    "loadingURI" : "file:/C:/Users/ADMIN/Documents/repos/rest_assured-testng/target/classes/search_category.json#",
    "pointer" : "/properties/products/items/anyOf/3/properties/basePrice/properties/currencyIso"
  },
  "domain" : "syntax",
  "message" : "the following keywords are unknown and will be ignored: [examples]",
  "ignored" : [ "examples" ]
}, {
  "level" : "warning",
  "schema" : {
    "loadingURI" : "file:/C:/Users/ADMIN/Documents/repos/rest_assured-testng/target/classes/search_category.json#",
    "pointer" : "/properties/products/items/anyOf/3/properties/basePrice/properties/formattedValue"
  },
  "domain" : "syntax",
  "message" : "the following keywords are unknown and will be ignored: [examples]",
  "ignored" : [ "examples" ]
}, {
  "level" : "warning",
  "schema" : {
    "loadingURI" : "file:/C:/Users/ADMIN/Documents/repos/rest_assured-testng/target/classes/search_category.json#",
    "pointer" : "/properties/products/items/anyOf/3/properties/basePrice/properties/priceType"
  },
  "domain" : "syntax",
  "message" : "the following keywords are unknown and will be ignored: [examples]",
  "ignored" : [ "examples" ]
}, {
  "level" : "warning",
  "schema" : {
    "loadingURI" : "file:/C:/Users/ADMIN/Documents/repos/rest_assured-testng/target/classes/search_category.json#",
    "pointer" : "/properties/products/items/anyOf/3/properties/basePrice/properties/value"
  },
  "domain" : "syntax",
  "message" : "the following keywords are unknown and will be ignored: [examples]",
  "ignored" : [ "examples" ]
}, {
  "level" : "warning",
  "schema" : {
    "loadingURI" : "file:/C:/Users/ADMIN/Documents/repos/rest_assured-testng/target/classes/search_category.json#",
    "pointer" : "/properties/products/items/anyOf/3/properties/businessDelivery"
  },
  "domain" : "syntax",
  "message" : "the following keywords are unknown and will be ignored: [examples]",
  "ignored" : [ "examples" ]
}, {
  "level" : "warning",
  "schema" : {
    "loadingURI" : "file:/C:/Users/ADMIN/Documents/repos/rest_assured-testng/target/classes/search_category.json#",
    "pointer" : "/properties/products/items/anyOf/3/properties/code"
  },
  "domain" : "syntax",
  "message" : "the following keywords are unknown and will be ignored: [examples]",
  "ignored" : [ "examples" ]
}, {
  "level" : "warning",
  "schema" : {
    "loadingURI" : "file:/C:/Users/ADMIN/Documents/repos/rest_assured-testng/target/classes/search_category.json#",
    "pointer" : "/properties/products/items/anyOf/3/properties/description"
  },
  "domain" : "syntax",
  "message" : "the following keywords are unknown and will be ignored: [examples]",
  "ignored" : [ "examples" ]
}, {
  "level" : "warning",
  "schema" : {
    "loadingURI" : "file:/C:/Users/ADMIN/Documents/repos/rest_assured-testng/target/classes/search_category.json#",
    "pointer" : "/properties/products/items/anyOf/3/properties/englishName"
  },
  "domain" : "syntax",
  "message" : "the following keywords are unknown and will be ignored: [examples]",
  "ignored" : [ "examples" ]
}, {
  "level" : "warning",
  "schema" : {
    "loadingURI" : "file:/C:/Users/ADMIN/Documents/repos/rest_assured-testng/target/classes/search_category.json#",
    "pointer" : "/properties/products/items/anyOf/3/properties/expeditedDelivery"
  },
  "domain" : "syntax",
  "message" : "the following keywords are unknown and will be ignored: [examples]",
  "ignored" : [ "examples" ]
}, {
  "level" : "warning",
  "schema" : {
    "loadingURI" : "file:/C:/Users/ADMIN/Documents/repos/rest_assured-testng/target/classes/search_category.json#",
    "pointer" : "/properties/products/items/anyOf/3/properties/hasPricePerUnit"
  },
  "domain" : "syntax",
  "message" : "the following keywords are unknown and will be ignored: [examples]",
  "ignored" : [ "examples" ]
}, {
  "level" : "warning",
  "schema" : {
    "loadingURI" : "file:/C:/Users/ADMIN/Documents/repos/rest_assured-testng/target/classes/search_category.json#",
    "pointer" : "/properties/products/items/anyOf/3/properties/hidePriceValue"
  },
  "domain" : "syntax",
  "message" : "the following keywords are unknown and will be ignored: [examples]",
  "ignored" : [ "examples" ]
}, {
  "level" : "warning",
  "schema" : {
    "loadingURI" : "file:/C:/Users/ADMIN/Documents/repos/rest_assured-testng/target/classes/search_category.json#",
    "pointer" : "/properties/products/items/anyOf/3/properties/images"
  },
  "domain" : "syntax",
  "message" : "the following keywords are unknown and will be ignored: [examples]",
  "ignored" : [ "examples" ]
}, {
  "level" : "warning",
  "schema" : {
    "loadingURI" : "file:/C:/Users/ADMIN/Documents/repos/rest_assured-testng/target/classes/search_category.json#",
    "pointer" : "/properties/products/items/anyOf/3/properties/images/items/anyOf/0"
  },
  "domain" : "syntax",
  "message" : "the following keywords are unknown and will be ignored: [examples]",
  "ignored" : [ "examples" ]
}, {
  "level" : "warning",
  "schema" : {
    "loadingURI" : "file:/C:/Users/ADMIN/Documents/repos/rest_assured-testng/target/classes/search_category.json#",
    "pointer" : "/properties/products/items/anyOf/3/properties/images/items/anyOf/0/properties/format"
  },
  "domain" : "syntax",
  "message" : "the following keywords are unknown and will be ignored: [examples]",
  "ignored" : [ "examples" ]
}, {
  "level" : "warning",
  "schema" : {
    "loadingURI" : "file:/C:/Users/ADMIN/Documents/repos/rest_assured-testng/target/classes/search_category.json#",
    "pointer" : "/properties/products/items/anyOf/3/properties/images/items/anyOf/0/properties/imageType"
  },
  "domain" : "syntax",
  "message" : "the following keywords are unknown and will be ignored: [examples]",
  "ignored" : [ "examples" ]
}, {
  "level" : "warning",
  "schema" : {
    "loadingURI" : "file:/C:/Users/ADMIN/Documents/repos/rest_assured-testng/target/classes/search_category.json#",
    "pointer" : "/properties/products/items/anyOf/3/properties/images/items/anyOf/0/properties/url"
  },
  "domain" : "syntax",
  "message" : "the following keywords are unknown and will be ignored: [examples]",
  "ignored" : [ "examples" ]
}, {
  "level" : "warning",
  "schema" : {
    "loadingURI" : "file:/C:/Users/ADMIN/Documents/repos/rest_assured-testng/target/classes/search_category.json#",
    "pointer" : "/properties/products/items/anyOf/3/properties/isBaseProduct"
  },
  "domain" : "syntax",
  "message" : "the following keywords are unknown and will be ignored: [examples]",
  "ignored" : [ "examples" ]
}, {
  "level" : "warning",
  "schema" : {
    "loadingURI" : "file:/C:/Users/ADMIN/Documents/repos/rest_assured-testng/target/classes/search_category.json#",
    "pointer" : "/properties/products/items/anyOf/3/properties/isExternalVendorProduct"
  },
  "domain" : "syntax",
  "message" : "the following keywords are unknown and will be ignored: [examples]",
  "ignored" : [ "examples" ]
}, {
  "level" : "warning",
  "schema" : {
    "loadingURI" : "file:/C:/Users/ADMIN/Documents/repos/rest_assured-testng/target/classes/search_category.json#",
    "pointer" : "/properties/products/items/anyOf/3/properties/isExternalVendorVariantProduct"
  },
  "domain" : "syntax",
  "message" : "the following keywords are unknown and will be ignored: [examples]",
  "ignored" : [ "examples" ]
}, {
  "level" : "warning",
  "schema" : {
    "loadingURI" : "file:/C:/Users/ADMIN/Documents/repos/rest_assured-testng/target/classes/search_category.json#",
    "pointer" : "/properties/products/items/anyOf/3/properties/minOrderQuantity"
  },
  "domain" : "syntax",
  "message" : "the following keywords are unknown and will be ignored: [examples]",
  "ignored" : [ "examples" ]
}, {
  "level" : "warning",
  "schema" : {
    "loadingURI" : "file:/C:/Users/ADMIN/Documents/repos/rest_assured-testng/target/classes/search_category.json#",
    "pointer" : "/properties/products/items/anyOf/3/properties/modulusItemQuantity"
  },
  "domain" : "syntax",
  "message" : "the following keywords are unknown and will be ignored: [examples]",
  "ignored" : [ "examples" ]
}, {
  "level" : "warning",
  "schema" : {
    "loadingURI" : "file:/C:/Users/ADMIN/Documents/repos/rest_assured-testng/target/classes/search_category.json#",
    "pointer" : "/properties/products/items/anyOf/3/properties/name"
  },
  "domain" : "syntax",
  "message" : "the following keywords are unknown and will be ignored: [examples]",
  "ignored" : [ "examples" ]
}, {
  "level" : "warning",
  "schema" : {
    "loadingURI" : "file:/C:/Users/ADMIN/Documents/repos/rest_assured-testng/target/classes/search_category.json#",
    "pointer" : "/properties/products/items/anyOf/3/properties/price"
  },
  "domain" : "syntax",
  "message" : "the following keywords are unknown and will be ignored: [examples]",
  "ignored" : [ "examples" ]
}, {
  "level" : "warning",
  "schema" : {
    "loadingURI" : "file:/C:/Users/ADMIN/Documents/repos/rest_assured-testng/target/classes/search_category.json#",
    "pointer" : "/properties/products/items/anyOf/3/properties/price/properties/currencyIso"
  },
  "domain" : "syntax",
  "message" : "the following keywords are unknown and will be ignored: [examples]",
  "ignored" : [ "examples" ]
}, {
  "level" : "warning",
  "schema" : {
    "loadingURI" : "file:/C:/Users/ADMIN/Documents/repos/rest_assured-testng/target/classes/search_category.json#",
    "pointer" : "/properties/products/items/anyOf/3/properties/price/properties/formattedValue"
  },
  "domain" : "syntax",
  "message" : "the following keywords are unknown and will be ignored: [examples]",
  "ignored" : [ "examples" ]
}, {
  "level" : "warning",
  "schema" : {
    "loadingURI" : "file:/C:/Users/ADMIN/Documents/repos/rest_assured-testng/target/classes/search_category.json#",
    "pointer" : "/properties/products/items/anyOf/3/properties/price/properties/priceType"
  },
  "domain" : "syntax",
  "message" : "the following keywords are unknown and will be ignored: [examples]",
  "ignored" : [ "examples" ]
}, {
  "level" : "warning",
  "schema" : {
    "loadingURI" : "file:/C:/Users/ADMIN/Documents/repos/rest_assured-testng/target/classes/search_category.json#",
    "pointer" : "/properties/products/items/anyOf/3/properties/price/properties/value"
  },
  "domain" : "syntax",
  "message" : "the following keywords are unknown and will be ignored: [examples]",
  "ignored" : [ "examples" ]
}, {
  "level" : "warning",
  "schema" : {
    "loadingURI" : "file:/C:/Users/ADMIN/Documents/repos/rest_assured-testng/target/classes/search_category.json#",
    "pointer" : "/properties/products/items/anyOf/3/properties/purchasable"
  },
  "domain" : "syntax",
  "message" : "the following keywords are unknown and will be ignored: [examples]",
  "ignored" : [ "examples" ]
}, {
  "level" : "warning",
  "schema" : {
    "loadingURI" : "file:/C:/Users/ADMIN/Documents/repos/rest_assured-testng/target/classes/search_category.json#",
    "pointer" : "/properties/products/items/anyOf/3/properties/randomWeight"
  },
  "domain" : "syntax",
  "message" : "the following keywords are unknown and will be ignored: [examples]",
  "ignored" : [ "examples" ]
}, {
  "level" : "warning",
  "schema" : {
    "loadingURI" : "file:/C:/Users/ADMIN/Documents/repos/rest_assured-testng/target/classes/search_category.json#",
    "pointer" : "/properties/products/items/anyOf/3/properties/shippingIncluded"
  },
  "domain" : "syntax",
  "message" : "the following keywords are unknown and will be ignored: [examples]",
  "ignored" : [ "examples" ]
}, {
  "level" : "warning",
  "schema" : {
    "loadingURI" : "file:/C:/Users/ADMIN/Documents/repos/rest_assured-testng/target/classes/search_category.json#",
    "pointer" : "/properties/products/items/anyOf/3/properties/stock"
  },
  "domain" : "syntax",
  "message" : "the following keywords are unknown and will be ignored: [examples]",
  "ignored" : [ "examples" ]
}, {
  "level" : "warning",
  "schema" : {
    "loadingURI" : "file:/C:/Users/ADMIN/Documents/repos/rest_assured-testng/target/classes/search_category.json#",
    "pointer" : "/properties/products/items/anyOf/3/properties/stock/properties/contactDay"
  },
  "domain" : "syntax",
  "message" : "the following keywords are unknown and will be ignored: [examples]",
  "ignored" : [ "examples" ]
}, {
  "level" : "warning",
  "schema" : {
    "loadingURI" : "file:/C:/Users/ADMIN/Documents/repos/rest_assured-testng/target/classes/search_category.json#",
    "pointer" : "/properties/products/items/anyOf/3/properties/stock/properties/deliveryLeadTime"
  },
  "domain" : "syntax",
  "message" : "the following keywords are unknown and will be ignored: [examples]",
  "ignored" : [ "examples" ]
}, {
  "level" : "warning",
  "schema" : {
    "loadingURI" : "file:/C:/Users/ADMIN/Documents/repos/rest_assured-testng/target/classes/search_category.json#",
    "pointer" : "/properties/products/items/anyOf/3/properties/stock/properties/stockLevelStatus"
  },
  "domain" : "syntax",
  "message" : "the following keywords are unknown and will be ignored: [examples]",
  "ignored" : [ "examples" ]
}, {
  "level" : "warning",
  "schema" : {
    "loadingURI" : "file:/C:/Users/ADMIN/Documents/repos/rest_assured-testng/target/classes/search_category.json#",
    "pointer" : "/properties/products/items/anyOf/3/properties/summary"
  },
  "domain" : "syntax",
  "message" : "the following keywords are unknown and will be ignored: [examples]",
  "ignored" : [ "examples" ]
}, {
  "level" : "warning",
  "schema" : {
    "loadingURI" : "file:/C:/Users/ADMIN/Documents/repos/rest_assured-testng/target/classes/search_category.json#",
    "pointer" : "/properties/products/items/anyOf/3/properties/url"
  },
  "domain" : "syntax",
  "message" : "the following keywords are unknown and will be ignored: [examples]",
  "ignored" : [ "examples" ]
}, {
  "level" : "warning",
  "schema" : {
    "loadingURI" : "file:/C:/Users/ADMIN/Documents/repos/rest_assured-testng/target/classes/search_category.json#",
    "pointer" : "/properties/products/items/anyOf/3/properties/variantColours"
  },
  "domain" : "syntax",
  "message" : "the following keywords are unknown and will be ignored: [examples]",
  "ignored" : [ "examples" ]
}, {
  "level" : "warning",
  "schema" : {
    "loadingURI" : "file:/C:/Users/ADMIN/Documents/repos/rest_assured-testng/target/classes/search_category.json#",
    "pointer" : "/properties/products/items/anyOf/3/properties/variantColours/items/anyOf/0"
  },
  "domain" : "syntax",
  "message" : "the following keywords are unknown and will be ignored: [examples]",
  "ignored" : [ "examples" ]
}, {
  "level" : "warning",
  "schema" : {
    "loadingURI" : "file:/C:/Users/ADMIN/Documents/repos/rest_assured-testng/target/classes/search_category.json#",
    "pointer" : "/properties/products/items/anyOf/3/properties/variantColours/items/anyOf/0/properties/code"
  },
  "domain" : "syntax",
  "message" : "the following keywords are unknown and will be ignored: [examples]",
  "ignored" : [ "examples" ]
}, {
  "level" : "warning",
  "schema" : {
    "loadingURI" : "file:/C:/Users/ADMIN/Documents/repos/rest_assured-testng/target/classes/search_category.json#",
    "pointer" : "/properties/products/items/anyOf/3/properties/variantColours/items/anyOf/0/properties/hexcode"
  },
  "domain" : "syntax",
  "message" : "the following keywords are unknown and will be ignored: [examples]",
  "ignored" : [ "examples" ]
}, {
  "level" : "warning",
  "schema" : {
    "loadingURI" : "file:/C:/Users/ADMIN/Documents/repos/rest_assured-testng/target/classes/search_category.json#",
    "pointer" : "/properties/products/items/anyOf/3/properties/variantColours/items/anyOf/0/properties/name"
  },
  "domain" : "syntax",
  "message" : "the following keywords are unknown and will be ignored: [examples]",
  "ignored" : [ "examples" ]
}, {
  "level" : "warning",
  "schema" : {
    "loadingURI" : "file:/C:/Users/ADMIN/Documents/repos/rest_assured-testng/target/classes/search_category.json#",
    "pointer" : "/properties/products/items/anyOf/3/properties/variantColours/items/anyOf/0/properties/url"
  },
  "domain" : "syntax",
  "message" : "the following keywords are unknown and will be ignored: [examples]",
  "ignored" : [ "examples" ]
}, {
  "level" : "warning",
  "schema" : {
    "loadingURI" : "file:/C:/Users/ADMIN/Documents/repos/rest_assured-testng/target/classes/search_category.json#",
    "pointer" : "/properties/products/items/anyOf/3/properties/warehouseHidePriceValue"
  },
  "domain" : "syntax",
  "message" : "the following keywords are unknown and will be ignored: [examples]",
  "ignored" : [ "examples" ]
}, {
  "level" : "warning",
  "schema" : {
    "loadingURI" : "file:/C:/Users/ADMIN/Documents/repos/rest_assured-testng/target/classes/search_category.json#",
    "pointer" : "/properties/products/items/anyOf/4"
  },
  "domain" : "syntax",
  "message" : "the following keywords are unknown and will be ignored: [examples]",
  "ignored" : [ "examples" ]
}, {
  "level" : "warning",
  "schema" : {
    "loadingURI" : "file:/C:/Users/ADMIN/Documents/repos/rest_assured-testng/target/classes/search_category.json#",
    "pointer" : "/properties/products/items/anyOf/4/properties/addToCartFromPLPCategories"
  },
  "domain" : "syntax",
  "message" : "the following keywords are unknown and will be ignored: [examples]",
  "ignored" : [ "examples" ]
}, {
  "level" : "warning",
  "schema" : {
    "loadingURI" : "file:/C:/Users/ADMIN/Documents/repos/rest_assured-testng/target/classes/search_category.json#",
    "pointer" : "/properties/products/items/anyOf/4/properties/addToCartFromPLPCategories/items/anyOf/0"
  },
  "domain" : "syntax",
  "message" : "the following keywords are unknown and will be ignored: [examples]",
  "ignored" : [ "examples" ]
}, {
  "level" : "warning",
  "schema" : {
    "loadingURI" : "file:/C:/Users/ADMIN/Documents/repos/rest_assured-testng/target/classes/search_category.json#",
    "pointer" : "/properties/products/items/anyOf/4/properties/addToCartFromPLPCategories/items/anyOf/0/properties/key"
  },
  "domain" : "syntax",
  "message" : "the following keywords are unknown and will be ignored: [examples]",
  "ignored" : [ "examples" ]
}, {
  "level" : "warning",
  "schema" : {
    "loadingURI" : "file:/C:/Users/ADMIN/Documents/repos/rest_assured-testng/target/classes/search_category.json#",
    "pointer" : "/properties/products/items/anyOf/4/properties/addToCartFromPLPCategories/items/anyOf/0/properties/value"
  },
  "domain" : "syntax",
  "message" : "the following keywords are unknown and will be ignored: [examples]",
  "ignored" : [ "examples" ]
}, {
  "level" : "warning",
  "schema" : {
    "loadingURI" : "file:/C:/Users/ADMIN/Documents/repos/rest_assured-testng/target/classes/search_category.json#",
    "pointer" : "/properties/products/items/anyOf/4/properties/addableToCartFromListingPage"
  },
  "domain" : "syntax",
  "message" : "the following keywords are unknown and will be ignored: [examples]",
  "ignored" : [ "examples" ]
}, {
  "level" : "warning",
  "schema" : {
    "loadingURI" : "file:/C:/Users/ADMIN/Documents/repos/rest_assured-testng/target/classes/search_category.json#",
    "pointer" : "/properties/products/items/anyOf/4/properties/availableForPreorder"
  },
  "domain" : "syntax",
  "message" : "the following keywords are unknown and will be ignored: [examples]",
  "ignored" : [ "examples" ]
}, {
  "level" : "warning",
  "schema" : {
    "loadingURI" : "file:/C:/Users/ADMIN/Documents/repos/rest_assured-testng/target/classes/search_category.json#",
    "pointer" : "/properties/products/items/anyOf/4/properties/basePrice"
  },
  "domain" : "syntax",
  "message" : "the following keywords are unknown and will be ignored: [examples]",
  "ignored" : [ "examples" ]
}, {
  "level" : "warning",
  "schema" : {
    "loadingURI" : "file:/C:/Users/ADMIN/Documents/repos/rest_assured-testng/target/classes/search_category.json#",
    "pointer" : "/properties/products/items/anyOf/4/properties/basePrice/properties/currencyIso"
  },
  "domain" : "syntax",
  "message" : "the following keywords are unknown and will be ignored: [examples]",
  "ignored" : [ "examples" ]
}, {
  "level" : "warning",
  "schema" : {
    "loadingURI" : "file:/C:/Users/ADMIN/Documents/repos/rest_assured-testng/target/classes/search_category.json#",
    "pointer" : "/properties/products/items/anyOf/4/properties/basePrice/properties/formattedValue"
  },
  "domain" : "syntax",
  "message" : "the following keywords are unknown and will be ignored: [examples]",
  "ignored" : [ "examples" ]
}, {
  "level" : "warning",
  "schema" : {
    "loadingURI" : "file:/C:/Users/ADMIN/Documents/repos/rest_assured-testng/target/classes/search_category.json#",
    "pointer" : "/properties/products/items/anyOf/4/properties/basePrice/properties/priceType"
  },
  "domain" : "syntax",
  "message" : "the following keywords are unknown and will be ignored: [examples]",
  "ignored" : [ "examples" ]
}, {
  "level" : "warning",
  "schema" : {
    "loadingURI" : "file:/C:/Users/ADMIN/Documents/repos/rest_assured-testng/target/classes/search_category.json#",
    "pointer" : "/properties/products/items/anyOf/4/properties/basePrice/properties/value"
  },
  "domain" : "syntax",
  "message" : "the following keywords are unknown and will be ignored: [examples]",
  "ignored" : [ "examples" ]
}, {
  "level" : "warning",
  "schema" : {
    "loadingURI" : "file:/C:/Users/ADMIN/Documents/repos/rest_assured-testng/target/classes/search_category.json#",
    "pointer" : "/properties/products/items/anyOf/4/properties/businessDelivery"
  },
  "domain" : "syntax",
  "message" : "the following keywords are unknown and will be ignored: [examples]",
  "ignored" : [ "examples" ]
}, {
  "level" : "warning",
  "schema" : {
    "loadingURI" : "file:/C:/Users/ADMIN/Documents/repos/rest_assured-testng/target/classes/search_category.json#",
    "pointer" : "/properties/products/items/anyOf/4/properties/code"
  },
  "domain" : "syntax",
  "message" : "the following keywords are unknown and will be ignored: [examples]",
  "ignored" : [ "examples" ]
}, {
  "level" : "warning",
  "schema" : {
    "loadingURI" : "file:/C:/Users/ADMIN/Documents/repos/rest_assured-testng/target/classes/search_category.json#",
    "pointer" : "/properties/products/items/anyOf/4/properties/description"
  },
  "domain" : "syntax",
  "message" : "the following keywords are unknown and will be ignored: [examples]",
  "ignored" : [ "examples" ]
}, {
  "level" : "warning",
  "schema" : {
    "loadingURI" : "file:/C:/Users/ADMIN/Documents/repos/rest_assured-testng/target/classes/search_category.json#",
    "pointer" : "/properties/products/items/anyOf/4/properties/englishName"
  },
  "domain" : "syntax",
  "message" : "the following keywords are unknown and will be ignored: [examples]",
  "ignored" : [ "examples" ]
}, {
  "level" : "warning",
  "schema" : {
    "loadingURI" : "file:/C:/Users/ADMIN/Documents/repos/rest_assured-testng/target/classes/search_category.json#",
    "pointer" : "/properties/products/items/anyOf/4/properties/expeditedDelivery"
  },
  "domain" : "syntax",
  "message" : "the following keywords are unknown and will be ignored: [examples]",
  "ignored" : [ "examples" ]
}, {
  "level" : "warning",
  "schema" : {
    "loadingURI" : "file:/C:/Users/ADMIN/Documents/repos/rest_assured-testng/target/classes/search_category.json#",
    "pointer" : "/properties/products/items/anyOf/4/properties/hasPricePerUnit"
  },
  "domain" : "syntax",
  "message" : "the following keywords are unknown and will be ignored: [examples]",
  "ignored" : [ "examples" ]
}, {
  "level" : "warning",
  "schema" : {
    "loadingURI" : "file:/C:/Users/ADMIN/Documents/repos/rest_assured-testng/target/classes/search_category.json#",
    "pointer" : "/properties/products/items/anyOf/4/properties/hidePriceValue"
  },
  "domain" : "syntax",
  "message" : "the following keywords are unknown and will be ignored: [examples]",
  "ignored" : [ "examples" ]
}, {
  "level" : "warning",
  "schema" : {
    "loadingURI" : "file:/C:/Users/ADMIN/Documents/repos/rest_assured-testng/target/classes/search_category.json#",
    "pointer" : "/properties/products/items/anyOf/4/properties/images"
  },
  "domain" : "syntax",
  "message" : "the following keywords are unknown and will be ignored: [examples]",
  "ignored" : [ "examples" ]
}, {
  "level" : "warning",
  "schema" : {
    "loadingURI" : "file:/C:/Users/ADMIN/Documents/repos/rest_assured-testng/target/classes/search_category.json#",
    "pointer" : "/properties/products/items/anyOf/4/properties/images/items/anyOf/0"
  },
  "domain" : "syntax",
  "message" : "the following keywords are unknown and will be ignored: [examples]",
  "ignored" : [ "examples" ]
}, {
  "level" : "warning",
  "schema" : {
    "loadingURI" : "file:/C:/Users/ADMIN/Documents/repos/rest_assured-testng/target/classes/search_category.json#",
    "pointer" : "/properties/products/items/anyOf/4/properties/images/items/anyOf/0/properties/format"
  },
  "domain" : "syntax",
  "message" : "the following keywords are unknown and will be ignored: [examples]",
  "ignored" : [ "examples" ]
}, {
  "level" : "warning",
  "schema" : {
    "loadingURI" : "file:/C:/Users/ADMIN/Documents/repos/rest_assured-testng/target/classes/search_category.json#",
    "pointer" : "/properties/products/items/anyOf/4/properties/images/items/anyOf/0/properties/imageType"
  },
  "domain" : "syntax",
  "message" : "the following keywords are unknown and will be ignored: [examples]",
  "ignored" : [ "examples" ]
}, {
  "level" : "warning",
  "schema" : {
    "loadingURI" : "file:/C:/Users/ADMIN/Documents/repos/rest_assured-testng/target/classes/search_category.json#",
    "pointer" : "/properties/products/items/anyOf/4/properties/images/items/anyOf/0/properties/url"
  },
  "domain" : "syntax",
  "message" : "the following keywords are unknown and will be ignored: [examples]",
  "ignored" : [ "examples" ]
}, {
  "level" : "warning",
  "schema" : {
    "loadingURI" : "file:/C:/Users/ADMIN/Documents/repos/rest_assured-testng/target/classes/search_category.json#",
    "pointer" : "/properties/products/items/anyOf/4/properties/isBaseProduct"
  },
  "domain" : "syntax",
  "message" : "the following keywords are unknown and will be ignored: [examples]",
  "ignored" : [ "examples" ]
}, {
  "level" : "warning",
  "schema" : {
    "loadingURI" : "file:/C:/Users/ADMIN/Documents/repos/rest_assured-testng/target/classes/search_category.json#",
    "pointer" : "/properties/products/items/anyOf/4/properties/isExternalVendorProduct"
  },
  "domain" : "syntax",
  "message" : "the following keywords are unknown and will be ignored: [examples]",
  "ignored" : [ "examples" ]
}, {
  "level" : "warning",
  "schema" : {
    "loadingURI" : "file:/C:/Users/ADMIN/Documents/repos/rest_assured-testng/target/classes/search_category.json#",
    "pointer" : "/properties/products/items/anyOf/4/properties/isExternalVendorVariantProduct"
  },
  "domain" : "syntax",
  "message" : "the following keywords are unknown and will be ignored: [examples]",
  "ignored" : [ "examples" ]
}, {
  "level" : "warning",
  "schema" : {
    "loadingURI" : "file:/C:/Users/ADMIN/Documents/repos/rest_assured-testng/target/classes/search_category.json#",
    "pointer" : "/properties/products/items/anyOf/4/properties/minOrderQuantity"
  },
  "domain" : "syntax",
  "message" : "the following keywords are unknown and will be ignored: [examples]",
  "ignored" : [ "examples" ]
}, {
  "level" : "warning",
  "schema" : {
    "loadingURI" : "file:/C:/Users/ADMIN/Documents/repos/rest_assured-testng/target/classes/search_category.json#",
    "pointer" : "/properties/products/items/anyOf/4/properties/modulusItemQuantity"
  },
  "domain" : "syntax",
  "message" : "the following keywords are unknown and will be ignored: [examples]",
  "ignored" : [ "examples" ]
}, {
  "level" : "warning",
  "schema" : {
    "loadingURI" : "file:/C:/Users/ADMIN/Documents/repos/rest_assured-testng/target/classes/search_category.json#",
    "pointer" : "/properties/products/items/anyOf/4/properties/name"
  },
  "domain" : "syntax",
  "message" : "the following keywords are unknown and will be ignored: [examples]",
  "ignored" : [ "examples" ]
}, {
  "level" : "warning",
  "schema" : {
    "loadingURI" : "file:/C:/Users/ADMIN/Documents/repos/rest_assured-testng/target/classes/search_category.json#",
    "pointer" : "/properties/products/items/anyOf/4/properties/price"
  },
  "domain" : "syntax",
  "message" : "the following keywords are unknown and will be ignored: [examples]",
  "ignored" : [ "examples" ]
}, {
  "level" : "warning",
  "schema" : {
    "loadingURI" : "file:/C:/Users/ADMIN/Documents/repos/rest_assured-testng/target/classes/search_category.json#",
    "pointer" : "/properties/products/items/anyOf/4/properties/price/properties/currencyIso"
  },
  "domain" : "syntax",
  "message" : "the following keywords are unknown and will be ignored: [examples]",
  "ignored" : [ "examples" ]
}, {
  "level" : "warning",
  "schema" : {
    "loadingURI" : "file:/C:/Users/ADMIN/Documents/repos/rest_assured-testng/target/classes/search_category.json#",
    "pointer" : "/properties/products/items/anyOf/4/properties/price/properties/formattedValue"
  },
  "domain" : "syntax",
  "message" : "the following keywords are unknown and will be ignored: [examples]",
  "ignored" : [ "examples" ]
}, {
  "level" : "warning",
  "schema" : {
    "loadingURI" : "file:/C:/Users/ADMIN/Documents/repos/rest_assured-testng/target/classes/search_category.json#",
    "pointer" : "/properties/products/items/anyOf/4/properties/price/properties/priceType"
  },
  "domain" : "syntax",
  "message" : "the following keywords are unknown and will be ignored: [examples]",
  "ignored" : [ "examples" ]
}, {
  "level" : "warning",
  "schema" : {
    "loadingURI" : "file:/C:/Users/ADMIN/Documents/repos/rest_assured-testng/target/classes/search_category.json#",
    "pointer" : "/properties/products/items/anyOf/4/properties/price/properties/value"
  },
  "domain" : "syntax",
  "message" : "the following keywords are unknown and will be ignored: [examples]",
  "ignored" : [ "examples" ]
}, {
  "level" : "warning",
  "schema" : {
    "loadingURI" : "file:/C:/Users/ADMIN/Documents/repos/rest_assured-testng/target/classes/search_category.json#",
    "pointer" : "/properties/products/items/anyOf/4/properties/purchasable"
  },
  "domain" : "syntax",
  "message" : "the following keywords are unknown and will be ignored: [examples]",
  "ignored" : [ "examples" ]
}, {
  "level" : "warning",
  "schema" : {
    "loadingURI" : "file:/C:/Users/ADMIN/Documents/repos/rest_assured-testng/target/classes/search_category.json#",
    "pointer" : "/properties/products/items/anyOf/4/properties/randomWeight"
  },
  "domain" : "syntax",
  "message" : "the following keywords are unknown and will be ignored: [examples]",
  "ignored" : [ "examples" ]
}, {
  "level" : "warning",
  "schema" : {
    "loadingURI" : "file:/C:/Users/ADMIN/Documents/repos/rest_assured-testng/target/classes/search_category.json#",
    "pointer" : "/properties/products/items/anyOf/4/properties/shippingIncluded"
  },
  "domain" : "syntax",
  "message" : "the following keywords are unknown and will be ignored: [examples]",
  "ignored" : [ "examples" ]
}, {
  "level" : "warning",
  "schema" : {
    "loadingURI" : "file:/C:/Users/ADMIN/Documents/repos/rest_assured-testng/target/classes/search_category.json#",
    "pointer" : "/properties/products/items/anyOf/4/properties/stock"
  },
  "domain" : "syntax",
  "message" : "the following keywords are unknown and will be ignored: [examples]",
  "ignored" : [ "examples" ]
}, {
  "level" : "warning",
  "schema" : {
    "loadingURI" : "file:/C:/Users/ADMIN/Documents/repos/rest_assured-testng/target/classes/search_category.json#",
    "pointer" : "/properties/products/items/anyOf/4/properties/stock/properties/contactDay"
  },
  "domain" : "syntax",
  "message" : "the following keywords are unknown and will be ignored: [examples]",
  "ignored" : [ "examples" ]
}, {
  "level" : "warning",
  "schema" : {
    "loadingURI" : "file:/C:/Users/ADMIN/Documents/repos/rest_assured-testng/target/classes/search_category.json#",
    "pointer" : "/properties/products/items/anyOf/4/properties/stock/properties/deliveryLeadTime"
  },
  "domain" : "syntax",
  "message" : "the following keywords are unknown and will be ignored: [examples]",
  "ignored" : [ "examples" ]
}, {
  "level" : "warning",
  "schema" : {
    "loadingURI" : "file:/C:/Users/ADMIN/Documents/repos/rest_assured-testng/target/classes/search_category.json#",
    "pointer" : "/properties/products/items/anyOf/4/properties/stock/properties/stockLevelStatus"
  },
  "domain" : "syntax",
  "message" : "the following keywords are unknown and will be ignored: [examples]",
  "ignored" : [ "examples" ]
}, {
  "level" : "warning",
  "schema" : {
    "loadingURI" : "file:/C:/Users/ADMIN/Documents/repos/rest_assured-testng/target/classes/search_category.json#",
    "pointer" : "/properties/products/items/anyOf/4/properties/url"
  },
  "domain" : "syntax",
  "message" : "the following keywords are unknown and will be ignored: [examples]",
  "ignored" : [ "examples" ]
}, {
  "level" : "warning",
  "schema" : {
    "loadingURI" : "file:/C:/Users/ADMIN/Documents/repos/rest_assured-testng/target/classes/search_category.json#",
    "pointer" : "/properties/products/items/anyOf/4/properties/warehouseHidePriceValue"
  },
  "domain" : "syntax",
  "message" : "the following keywords are unknown and will be ignored: [examples]",
  "ignored" : [ "examples" ]
}, {
  "level" : "warning",
  "schema" : {
    "loadingURI" : "file:/C:/Users/ADMIN/Documents/repos/rest_assured-testng/target/classes/search_category.json#",
    "pointer" : "/properties/sorts"
  },
  "domain" : "syntax",
  "message" : "the following keywords are unknown and will be ignored: [examples]",
  "ignored" : [ "examples" ]
}, {
  "level" : "warning",
  "schema" : {
    "loadingURI" : "file:/C:/Users/ADMIN/Documents/repos/rest_assured-testng/target/classes/search_category.json#",
    "pointer" : "/properties/sorts/items/anyOf/0"
  },
  "domain" : "syntax",
  "message" : "the following keywords are unknown and will be ignored: [examples]",
  "ignored" : [ "examples" ]
}, {
  "level" : "warning",
  "schema" : {
    "loadingURI" : "file:/C:/Users/ADMIN/Documents/repos/rest_assured-testng/target/classes/search_category.json#",
    "pointer" : "/properties/sorts/items/anyOf/0/properties/code"
  },
  "domain" : "syntax",
  "message" : "the following keywords are unknown and will be ignored: [examples]",
  "ignored" : [ "examples" ]
}, {
  "level" : "warning",
  "schema" : {
    "loadingURI" : "file:/C:/Users/ADMIN/Documents/repos/rest_assured-testng/target/classes/search_category.json#",
    "pointer" : "/properties/sorts/items/anyOf/0/properties/name"
  },
  "domain" : "syntax",
  "message" : "the following keywords are unknown and will be ignored: [examples]",
  "ignored" : [ "examples" ]
}, {
  "level" : "warning",
  "schema" : {
    "loadingURI" : "file:/C:/Users/ADMIN/Documents/repos/rest_assured-testng/target/classes/search_category.json#",
    "pointer" : "/properties/sorts/items/anyOf/0/properties/selected"
  },
  "domain" : "syntax",
  "message" : "the following keywords are unknown and will be ignored: [examples]",
  "ignored" : [ "examples" ]
}, {
  "level" : "warning",
  "schema" : {
    "loadingURI" : "file:/C:/Users/ADMIN/Documents/repos/rest_assured-testng/target/classes/search_category.json#",
    "pointer" : "/properties/subCategories"
  },
  "domain" : "syntax",
  "message" : "the following keywords are unknown and will be ignored: [examples]",
  "ignored" : [ "examples" ]
}, {
  "level" : "error",
  "message" : "array must have at least one element",
  "domain" : "syntax",
  "schema" : {
    "loadingURI" : "file:/C:/Users/ADMIN/Documents/repos/rest_assured-testng/target/classes/search_category.json#",
    "pointer" : "/properties/subCategories/items"
  },
  "keyword" : "anyOf"
}, {
  "level" : "warning",
  "schema" : {
    "loadingURI" : "file:/C:/Users/ADMIN/Documents/repos/rest_assured-testng/target/classes/search_category.json#",
    "pointer" : "/properties/type"
  },
  "domain" : "syntax",
  "message" : "the following keywords are unknown and will be ignored: [examples]",
  "ignored" : [ "examples" ]
} ]
    level: "fatal"

	at com.github.fge.jsonschema.processors.validation.InstanceValidator.process(InstanceValidator.java:114)
	at com.github.fge.jsonschema.processors.validation.ValidationProcessor.process(ValidationProcessor.java:56)
	at com.github.fge.jsonschema.processors.validation.ValidationProcessor.process(ValidationProcessor.java:34)
	at com.github.fge.jsonschema.core.processing.ProcessingResult.of(ProcessingResult.java:79)
	at com.github.fge.jsonschema.main.JsonSchemaImpl.doValidate(JsonSchemaImpl.java:77)
	at com.github.fge.jsonschema.main.JsonSchemaImpl.validate(JsonSchemaImpl.java:100)
	at com.github.fge.jsonschema.main.JsonSchemaImpl.validate(JsonSchemaImpl.java:110)
	at io.restassured.module.jsv.JsonSchemaValidator.matchesSafely(JsonSchemaValidator.java:227)
	at io.restassured.module.jsv.JsonSchemaValidator.matchesSafely(JsonSchemaValidator.java:75)
	at org.hamcrest.TypeSafeMatcher.matches(TypeSafeMatcher.java:65)
	at org.hamcrest.Matcher$matches.call(Unknown Source)
	at io.restassured.assertion.BodyMatcher.validate(BodyMatcher.groovy:76)
	at io.restassured.assertion.BodyMatcher$validate$0.call(Unknown Source)
	at io.restassured.assertion.BodyMatcherGroup$_validate_closure2.doCall(BodyMatcherGroup.groovy:47)
	at sun.reflect.NativeMethodAccessorImpl.invoke0(Native Method)
	at sun.reflect.NativeMethodAccessorImpl.invoke(NativeMethodAccessorImpl.java:62)
	at sun.reflect.DelegatingMethodAccessorImpl.invoke(DelegatingMethodAccessorImpl.java:43)
	at java.lang.reflect.Method.invoke(Method.java:498)
	at org.codehaus.groovy.reflection.CachedMethod.invoke(CachedMethod.java:93)
	at groovy.lang.MetaMethod.doMethodInvoke(MetaMethod.java:325)
	at org.codehaus.groovy.runtime.metaclass.ClosureMetaClass.invokeMethod(ClosureMetaClass.java:294)
	at groovy.lang.MetaClassImpl.invokeMethod(MetaClassImpl.java:1027)
	at groovy.lang.Closure.call(Closure.java:414)
	at groovy.lang.Closure.call(Closure.java:430)
	at org.codehaus.groovy.runtime.DefaultGroovyMethods.collect(DefaultGroovyMethods.java:3170)
	at org.codehaus.groovy.runtime.DefaultGroovyMethods.collect(DefaultGroovyMethods.java:3140)
	at org.codehaus.groovy.runtime.dgm$66.invoke(Unknown Source)
	at org.codehaus.groovy.runtime.callsite.PojoMetaMethodSite$PojoMetaMethodSiteNoUnwrapNoCoerce.invoke(PojoMetaMethodSite.java:274)
	at org.codehaus.groovy.runtime.callsite.PojoMetaMethodSite.call(PojoMetaMethodSite.java:56)
	at org.codehaus.groovy.runtime.callsite.AbstractCallSite.call(AbstractCallSite.java:125)
	at io.restassured.assertion.BodyMatcherGroup.validate(BodyMatcherGroup.groovy:47)
	at io.restassured.assertion.BodyMatcherGroup$validate$3.call(Unknown Source)
	at io.restassured.internal.ResponseSpecificationImpl$HamcrestAssertionClosure.validate(ResponseSpecificationImpl.groovy:458)
	at io.restassured.internal.ResponseSpecificationImpl$HamcrestAssertionClosure$validate$1.call(Unknown Source)
	at io.restassured.internal.ResponseSpecificationImpl.validateResponseIfRequired(ResponseSpecificationImpl.groovy:643)
	at sun.reflect.NativeMethodAccessorImpl.invoke0(Native Method)
	at sun.reflect.NativeMethodAccessorImpl.invoke(NativeMethodAccessorImpl.java:62)
	at sun.reflect.DelegatingMethodAccessorImpl.invoke(DelegatingMethodAccessorImpl.java:43)
	at java.lang.reflect.Method.invoke(Method.java:498)
	at org.codehaus.groovy.runtime.callsite.PogoMetaMethodSite$PogoCachedMethodSiteNoUnwrapNoCoerce.invoke(PogoMetaMethodSite.java:210)
	at org.codehaus.groovy.runtime.callsite.PogoMetaMethodSite.callCurrent(PogoMetaMethodSite.java:59)
	at org.codehaus.groovy.runtime.callsite.AbstractCallSite.callCurrent(AbstractCallSite.java:166)
	at io.restassured.internal.ResponseSpecificationImpl.content(ResponseSpecificationImpl.groovy:94)
	at io.restassured.specification.ResponseSpecification$content$1.callCurrent(Unknown Source)
	at io.restassured.internal.ResponseSpecificationImpl.body(ResponseSpecificationImpl.groovy:244)
	at io.restassured.internal.ValidatableResponseOptionsImpl.body(ValidatableResponseOptionsImpl.java:262)
	at api.SearchProducts.GetCategorySearch.validateSchema(GetCategorySearch.java:43)
	at test.TestSearch.validate_Category_Schema(TestSearch.java:60)
</failure>
    <system-out><![CDATA[Preety Print Response{
    "type": "productCategorySearchPageWsDTO",
    "autoSpellCheck": false,
    "categoryCode": "MVM7-Hotbuy",
    "currentQuery": {
        "query": {
            "value": ":price-desc"
        },
        "url": "/Savings/c/MVM7-Hotbuy?q=%3Aprice-desc"
    },
    "didYouMean": false,
    "freeTextSearch": "",
    "pagination": {
        "currentPage": 0,
        "pageSize": 20,
        "sort": "price-desc",
        "totalPages": 2,
        "totalResults": 37
    },
    "products": [
        {
            "addToCartFromPLPCategories": [
                {
                    "key": "MVM7-Hotbuy",
                    "value": false
                },
                {
                    "key": "cos_9",
                    "value": true
                },
                {
                    "key": "BlackFriday-Weekend",
                    "value": false
                },
                {
                    "key": "Delivery-Installation",
                    "value": false
                },
                {
                    "key": "CyberMonday-Final",
                    "value": false
                },
                {
                    "key": "CyberMonday-All-Campaign",
                    "value": false
                },
                {
                    "key": "CyberMonday-All",
                    "value": false
                },
                {
                    "key": "cos_9.9.1",
                    "value": true
                },
                {
                    "key": "BlackFriday-Weekend-Campaign",
                    "value": false
                },
                {
                    "key": "costco",
                    "value": true
                },
                {
                    "key": "Hot-Buys",
                    "value": true
                },
                {
                    "key": "cos_5",
                    "value": true
                },
                {
                    "key": "cos_15",
                    "value": true
                },
                {
                    "key": "BlackFriday-All",
                    "value": false
                },
                {
                    "key": "delivery-installation-campaign",
                    "value": false
                },
                {
                    "key": "cos_9.9",
                    "value": true
                },
                {
                    "key": "MVM7-Hotbuy-Campaign",
                    "value": false
                }
            ],
            "addableToCartFromListingPage": true,
            "availableForPreorder": false,
            "basePrice": {
                "currencyIso": "GBP",
                "formattedValue": "£6,999.99",
                "priceType": "BUY",
                "value": 6999.99
            },
            "businessDelivery": false,
            "code": "256564",
            "decalData": [
                {
                    "key": "3",
                    "value": {
                        "altText": "\"\"",
                        "position": 3,
                        "url": "/_ui/responsive/uk/images/decals/del_install_pd.png"
                    }
                }
            ],
            "description": "<p style=\"text-align: center\"><iframe allow=\"encrypted-media\" allowfullscreen=\"\" frameborder=\"0\" height=\"337\" src=\"https://www.youtube.com/embed/Vd4wm793I6A\" width=\"600\"></iframe></p>\n\n<p>The Blue Whale Longport hot tub has 120 hydrotherapy jets arranged differently in each of the hot<br />\ntub seats, allowing each user to experience an entirely different massage sensation. As well as jets<br />\nfor the back, legs and thighs, and two more foot massage jets at the end of each of the long<br />\ncomfortable lounger seats. Air valves placed around the rim of the spa enable each user to have<br />\ncontrol over the strength of each seat&rsquo;s individual performance. 27 colour changing LED lights<br />\nfurther enhance the&nbsp;relaxation possibilities of this powerful 32Amp hot tub.</p>\n\n<p><strong>Features:</strong></p>\n\n<ul>\n\t<li>Seating for 5 with 120 hydrotherapy jets</li>\n\t<li>4 x exclusive Storm Force 9 Jet pumps</li>\n\t<li>User-friendly Balboa control systems</li>\n\t<li>2 x LED waterfalls&nbsp;and 8 illuminated fountains.</li>\n\t<li>27 LED lights around the waterline and in the LED backlit waterfall and fountains</li>\n\t<li>3 hydro massage seats and 2 comfortable lounger seats.</li>\n\t<li>3 kW Balboa heater</li>\n\t<li>Three air valves to adjust the massage strength</li>\n\t<li>Quad insulation to ensure energy efficiency; high density polyurethane foam sprayed on the tub shell, silver backed foam inside the side panels and also inside the sealed on ABS tub base, provide the best insulation</li>\n\t<li>Bluetooth sound system</li>\n\t<li>Cloudy white shell colour with grey side panels</li>\n\t<li>Requires 230V/32Amp RCD protected power supply (not included)</li>\n\t<li>Includes cover, cover lifter, step, chemical starter pack, spare filter and installation.</li>\n</ul>\n\n<p>Please also note standard delivery does not include crane hire or the closing of any roads. If you<br />\nhave any queries of&nbsp;what is included in the standard delivery please call Blue Whale Spas customer<br />\nhelpline: 0115 954 8888</p>\n\n<p>N.B. The hot tub is not fitted with a cable or plug. Your electrician will need to leave a tail of 3 core 6mm armoured cable, connected to an isolator switch long enough to go from the isolator switch, around the tub to where you require the control panel to be. The installation team will not fit a cable into an isolator switch or consumer unit under any circumstances, please do not ask them to do this.</p>\n\n<p>&nbsp;</p>\n",
            "englishName": "",
            "expeditedDelivery": false,
            "hasPricePerUnit": false,
            "hidePriceValue": false,
            "images": [
                {
                    "format": "thumbnail",
                    "imageType": "PRIMARY",
                    "url": "/medias/sys_master/images/h75/hbf/16031175573534.jpg"
                },
                {
                    "format": "product",
                    "imageType": "PRIMARY",
                    "url": "/medias/sys_master/images/h61/hda/16031175344158.jpg"
                },
                {
                    "format": "results",
                    "imageType": "PRIMARY",
                    "url": "/medias/sys_master/images/h53/h7d/16031175376926.jpg"
                },
                {
                    "format": "carousel",
                    "imageType": "PRIMARY",
                    "url": "/medias/sys_master/images/h53/h7d/16031175376926.jpg"
                }
            ],
            "isBaseProduct": false,
            "isExternalVendorProduct": false,
            "isExternalVendorVariantProduct": false,
            "minOrderQuantity": 0,
            "modulusItemQuantity": 0,
            "name": "Blue Whale Spa Longport 120-Jet  5 Person Hot Tub - Delivered and Installed",
            "price": {
                "currencyIso": "GBP",
                "formattedValue": "£6,999.99",
                "priceType": "BUY",
                "value": 6999.99
            },
            "purchasable": true,
            "randomWeight": false,
            "shippingIncluded": true,
            "stock": {
                "contactDay": 0,
                "deliveryLeadTime": 0,
                "stockLevelStatus": "inStock"
            },
            "summary": "Includes: Spa Cover, Steps, Chemical Starter Pack, Spare Filter, Cover Lifter and Installation",
            "url": "/Garden-Sheds-Patio/Spas-Saunas/Spas-Hot-Tubs/Blue-Whale-Spa-Longport-120-Jet-5-Person-Hot-Tub-Delivered-and-Installed/p/256564",
            "warehouseHidePriceValue": false
        },
        {
            "addToCartFromPLPCategories": [
                {
                    "key": "MVM7-Hotbuy",
                    "value": false
                },
                {
                    "key": "cos_1.1.1",
                    "value": true
                },
                {
                    "key": "costco",
                    "value": true
                },
                {
                    "key": "Hot-Buys",
                    "value": true
                },
                {
                    "key": "cos_1",
                    "value": true
                },
                {
                    "key": "cos_1.1",
                    "value": true
                },
                {
                    "key": "MVM7-Hotbuy-Campaign",
                    "value": false
                }
            ],
            "addableToCartFromListingPage": true,
            "availableForPreorder": false,
            "basePrice": {
                "currencyIso": "GBP",
                "formattedValue": "£999.99",
                "priceType": "BUY",
                "value": 999.99
            },
            "businessDelivery": false,
            "code": "279578",
            "description": "<p><a href=\"/concierge-services\"><img alt=\"Extended 5 Year Warranty** on Televisions and Projectors\" class=\"desktop-bnr\" src=\"/mediapermalink/concierge-5year-warranty-bnr-1400\" /></a>&nbsp;<br />\nThe Sharp LC-70UI9362K Smart UHD provides a wide range of connection possibilities. Three HDMI 2.0 ports are able to receive 2160p@60Hz signal, a USB 3.0 port is perfect for connecting a fast hard disc drive (in addition to two USB 2.0 ports).<br />\n<br />\n<strong>Ultra HD resolution</strong><br />\nFour times the resolution of Full HD, clarity and expanded colour ranges ensure the best entertainment ever. Built-in advanced picture up-scaler technology improves every type of content to 4K resolution.<br />\n<br />\n<strong>HDR &ndash; High Dynamic Range</strong><br />\nHDR is expanding the contrast ratio and colour palette to offer a more realistic and natural image.<br />\n<br />\n<strong>Aquos Net+</strong><br />\nAfter connecting your Smart TV to you home network, you can enjoy movies and TV shows through the Netflix app or watch the latest internet videos on YouTube.<br />\n<br />\n<strong>Wireless TV connection</strong><br />\nWirelessly connect your PC or Android device to your TV and immediately send media files to the big screen. It&rsquo;s a great way to enjoy photos and videos together with friends and family.<br />\n<br />\n<strong>Active Motion 800</strong><br />\nConventional liquid crystal displays (LCD) reproduce blurry movements. Active Motion effectively sharpens moving pictures by creating additional frames with its powerful GPU and using high-speed LCD panels.</p>\n",
            "englishName": "Sharp LC-70UI9362K 70 Inch 4K Ultra HD Smart LED TV",
            "expeditedDelivery": false,
            "hasPricePerUnit": false,
            "hidePriceValue": false,
            "images": [
                {
                    "format": "thumbnail",
                    "imageType": "PRIMARY",
                    "url": "/medias/sys_master/images/h43/hea/14594653683742.jpg"
                },
                {
                    "format": "product",
                    "imageType": "PRIMARY",
                    "url": "/medias/sys_master/images/h49/had/14594653290526.jpg"
                },
                {
                    "format": "results",
                    "imageType": "PRIMARY",
                    "url": "/medias/sys_master/images/ha3/h05/14594653487134.jpg"
                },
                {
                    "format": "carousel",
                    "imageType": "PRIMARY",
                    "url": "/medias/sys_master/images/ha3/h05/14594653487134.jpg"
                }
            ],
            "isBaseProduct": false,
            "isExternalVendorProduct": false,
            "isExternalVendorVariantProduct": false,
            "minOrderQuantity": 0,
            "modulusItemQuantity": 1,
            "name": "Sharp LC-70UI9362K 70 Inch 4K Ultra HD Smart LED TV",
            "price": {
                "currencyIso": "GBP",
                "formattedValue": "£999.99",
                "priceType": "BUY",
                "value": 999.99
            },
            "purchasable": true,
            "randomWeight": false,
            "shippingIncluded": true,
            "stock": {
                "contactDay": 0,
                "deliveryLeadTime": 0,
                "stockLevelStatus": "inStock"
            },
            "summary": "<p>- 70\" UHD LED screen,&nbsp;perfect for ultimate viewing experience<br />-&nbsp;x3 HDMI - connect your consoles, set top boxes and bluray player<br />-&nbsp;Harman Kardon Speaker system for outstanding sound<br />- Need a wall mount or stand?&nbsp;<a title=\"TV Brackets and Accessories\" href=\"https://www.costco.co.uk/c/cos_1.11?q=&amp;sort=price-desc\">Shop here&nbsp;</a></p>",
            "url": "/Electronics-Security/Televisions-Projectors/Televisions/Sharp-LC-70UI9362K-70-Inch-4K-Ultra-HD-Smart-LED-TV/p/279578",
            "warehouseHidePriceValue": false
        },
        {
            "addToCartFromPLPCategories": [
                {
                    "key": "MVM7-Hotbuy",
                    "value": false
                },
                {
                    "key": "Week39-P10W3-Hotbuy-Campaign",
                    "value": false
                },
                {
                    "key": "Installation-29989",
                    "value": false
                },
                {
                    "key": "Week40-P10W4-Hotbuy",
                    "value": false
                },
                {
                    "key": "cos_9.1.2",
                    "value": true
                },
                {
                    "key": "cos_9",
                    "value": true
                },
                {
                    "key": "costco",
                    "value": true
                },
                {
                    "key": "Week39-P10W3-Hotbuy",
                    "value": false
                },
                {
                    "key": "Hot-Buys",
                    "value": true
                },
                {
                    "key": "Week40-P10W4-Hotbuy-Campaign",
                    "value": false
                },
                {
                    "key": "installation-29989-campaign",
                    "value": false
                },
                {
                    "key": "MVM7-Hotbuy-Campaign",
                    "value": false
                }
            ],
            "addableToCartFromListingPage": true,
            "availableForPreorder": false,
            "basePrice": {
                "currencyIso": "GBP",
                "formattedValue": "£999.99",
                "priceType": "BUY",
                "value": 999.99
            },
            "businessDelivery": false,
            "code": "274022",
            "decalData": [
                {
                    "key": "3",
                    "value": {
                        "altText": "\"\"",
                        "position": 3,
                        "url": "/mediapermalink/decal-installation-29989"
                    }
                }
            ],
            "description": "<ul>\n\t<li><a href=\"/mediapermalink/274022_AssemblyInstructions\" target=\"_blank\"><img class=\"adobe-pdf-icon\" src=\"/mediapermalink/adobe-pdf-icon-png\" />Assembly Instructions</a></li>\n</ul>\n\n<p>Lifetime&#39;s 7-foot wide&nbsp;Outdoor Storage Sheds have several innovative features, including a skylight that runs the entire length of the roof to maximize natural lighting.&nbsp;They also include single-hinged double doors that open nearly 180 degrees and lock closed, a slip-resistant polyethylene floor, and low-maintenance, steel-reinforced construction.</p>\n\n<p>84&nbsp;square ft. (627.2 cubic ft.)&nbsp;-&nbsp;The Lifetime 7 ft. x 12 ft. Storage Shed features: (1) full-length skylight, (2) shatter-proof polycarbonate windows, (2) screened vents, (1) 30 in. x 10 in. shelf, (2) corner shelves. Floor and installation hardware included.</p>\n\n<p>Features:</p>\n\n<ul>\n\t<li>Attractive Appearance and Design</li>\n\t<li>Customisable Shelving and Storage System</li>\n\t<li>Dual-Wall High-Density Polyethylene (HDPE) Construction</li>\n\t<li>Heavy-Duty Steel Trusses Provide Additional Roof Strength</li>\n\t<li>High-Pitched Roof Allows for Quick Drainage of Rain and Snow</li>\n\t<li>Lockable Steel-Reinforced Doors for Added Security</li>\n\t<li>Low Maintenance Design</li>\n\t<li>Max Wind Resistance 65 mph (104.6 kph) (15 PSF)</li>\n\t<li>Slip-Resistant High-Density Polyethylene (HDPE) Floor Protects Against Oil, Solvents, and Stains</li>\n\t<li>Sturdy Steel-Reinforced Construction</li>\n\t<li>UV Protected to Prevent Weather Damage</li>\n\t<li>Assembly: Secure-Fastened Assembly with High-Grade Metal Screws</li>\n\t<li>Rough cut panels</li>\n\t<li>Comes in 2&nbsp;boxes</li>\n\t<li>Cubic Feet: 627.2 ft. cu</li>\n\t<li><strong>Door Handle</strong>: High-Impact Handles with Metal Latch</li>\n\t<li><strong>Door Hinges</strong>: Full-Length Galvanized Steel Hinge Pins</li>\n\t<li><strong>Door Locking</strong>: Exterior Padlock Loop with Two (2) Deadbolts on Interior of Left Door</li>\n\t<li><strong>Door Structure</strong>: Steel-Reinforced Polyethylene</li>\n\t<li><strong>Eave Depth</strong>: 5.08 cm</li>\n\t<li><strong>Floor Structure</strong>: Slip-Resistant Dual-Wall Polyethylene</li>\n\t<li><strong>Footprint</strong>: 206.5 cm x 353.8 cm</li>\n\t<li><strong>Interior Headroom</strong>:&nbsp;197.6 cm)</li>\n\t<li><strong>Materials of Construction</strong>: Powder-Coated Steel and High-Density Polyethylene</li>\n\t<li><strong>Max Roof Load</strong>: 40 psf</li>\n\t<li><strong>Nominal Dimensions</strong>:&nbsp;2.1 m x 3.7 m</li>\n\t<li><strong>Roof Pitch</strong>: 5:12</li>\n\t<li><strong>Roof Structure</strong>: Dual-Wall Polyethylene Panels</li>\n\t<li><strong>Roof Support Trusses</strong>: Four (4) Steel A-Frame Trusses</li>\n\t<li><strong>Screened Vents</strong>: Two (2) Screened Vents</li>\n\t<li><strong>Shelves</strong>: Two (2) Corner Shelves &ndash; 9 &frac12; in. radius + One (1) 30 in. W x 10 in. D Shelf</li>\n\t<li><strong>Square Feet</strong>: 7.8 m&sup2; (84 ft. sq)</li>\n\t<li><strong>Wall Structure</strong>: Steel-Reinforced Dual-Wall Polyethylene Panels</li>\n\t<li><strong>Windows</strong>: Two (2) H 31.5 x W 58&nbsp;cm&nbsp;Polycarbonate Windows &ndash; Open Half-Way</li>\n</ul>\n\n<p><strong>N.B.&nbsp;</strong>Please note a cement foundation is required.</p>\n\n<p>Please check full contents, footprint and measurements before installation. If you are enlisting the help of a third party to install this product, please ensure that all contents have been received in full and undamaged prior to arranging and paying for installation to take place. Accessories are not included.</p>\n\n<p><br />\nPremium Installation Service:</p>\n\n<p><br />\nChoose our Premium Installation Service with your chosen shed and enjoy the comfort of knowing that installation is taken care of by skilled and trained installers.</p>\n\n<p>The installation office will contact you to guide you smoothly through the process and ensure you are happy with your purchase.</p>\n\n<p>Prior to booking your install date (within 10 working days of delivery) the installers will telephone you to check the following:</p>\n\n<p>1. That you have a suitable base for your shed. It needs to be firm, flat &amp; level. We recommend concrete, slabs or a timber frame. Please note that your shed cannot be placed directly onto a base of grass, earth, sand etc as natural movement will effect the stability of the building.</p>\n\n<p>2. That there is enough space to build your chosen shed and that access to the build area is clear of obstruction. A minimum of 24&rdquo; (61cm) space is needed around the shed for the installers to work in.</p>\n\n<p>3. That the contents have been checked in full and free from damage.</p>\n\n<p>4. Please note that the installation company is unable to carry the shed through your home so if there is not adequate access, provision for this must be made. Please note that the installation service does not include the removal of packaging, but will leave it tidily for the member to dispose of.<br />\n&nbsp;</p>\n",
            "englishName": "LIFETIME RESIN WOOD LOOK 7'X12 'SHED",
            "expeditedDelivery": false,
            "hasPricePerUnit": false,
            "hidePriceValue": false,
            "images": [
                {
                    "format": "thumbnail",
                    "imageType": "PRIMARY",
                    "url": "/medias/sys_master/images/hd8/hf1/14507757600798.jpg"
                },
                {
                    "format": "product",
                    "imageType": "PRIMARY",
                    "url": "/medias/sys_master/images/h1f/h4f/14507756814366.jpg"
                },
                {
                    "format": "results",
                    "imageType": "PRIMARY",
                    "url": "/medias/sys_master/images/hc2/hb2/14507757142046.jpg"
                },
                {
                    "format": "carousel",
                    "imageType": "PRIMARY",
                    "url": "/medias/sys_master/images/hc2/hb2/14507757142046.jpg"
                }
            ],
            "isBaseProduct": false,
            "isExternalVendorProduct": false,
            "isExternalVendorVariantProduct": false,
            "minOrderQuantity": 0,
            "modulusItemQuantity": 0,
            "name": "Lifetime 7ft x 12ft (2.1 x 3.7m) Simulated Wood Look Storage Shed With Windows",
            "price": {
                "currencyIso": "GBP",
                "formattedValue": "£999.99",
                "priceType": "BUY",
                "value": 999.99
            },
            "purchasable": true,
            "randomWeight": false,
            "shippingIncluded": true,
            "stock": {
                "contactDay": 0,
                "deliveryLeadTime": 0,
                "stockLevelStatus": "inStock"
            },
            "summary": "<p>- Made from High-Density Polyethylene (HDPE)</p>\n<p>- 7ft x 12ft (2.1 x 3.7m)&nbsp;</p>\n<p>- Grey</p>\n<p>- Floor Included</p>\n<p>- Level Base Required</p>\n<p><strong>Please Note:</strong> Choose your Premium Installation Service at checkout.</p>",
            "url": "/Garden-Sheds-Patio/Garden-Sheds/Lifetime-7ft-x-12ft-21-x-37m-Simulated-Wood-Look-Storage-Shed-With-Windows/p/274022",
            "warehouseHidePriceValue": false
        },
        {
            "addToCartFromPLPCategories": [
                {
                    "key": "cos_10.5.1",
                    "value": false
                },
                {
                    "key": "MVM7-Hotbuy",
                    "value": false
                },
                {
                    "key": "Installation-1899",
                    "value": false
                },
                {
                    "key": "cos_10.11.5",
                    "value": true
                },
                {
                    "key": "Disposal-1489",
                    "value": false
                },
                {
                    "key": "cos_10",
                    "value": true
                },
                {
                    "key": "costco",
                    "value": true
                },
                {
                    "key": "Hot-Buys",
                    "value": true
                },
                {
                    "key": "Decal-Installation-1899-Campaign",
                    "value": false
                },
                {
                    "key": "Decal-Disposal-1489-Campaign",
                    "value": false
                },
                {
                    "key": "MVM7-Hotbuy-Campaign",
                    "value": false
                }
            ],
            "addableToCartFromListingPage": true,
            "availableForPreorder": false,
            "basePrice": {
                "currencyIso": "GBP",
                "formattedValue": "£929.89",
                "priceType": "BUY",
                "value": 929.89
            },
            "businessDelivery": false,
            "classifications": [
                {
                    "code": "whiteGoods",
                    "features": [
                        {
                            "code": "ukClassificationCatalog/1.0/whiteGoods.width",
                            "comparable": true,
                            "featureValues": [
                                {
                                    "value": "[91.2 cm]"
                                }
                            ],
                            "name": "Width",
                            "range": false
                        },
                        {
                            "code": "ukClassificationCatalog/1.0/whiteGoods.height",
                            "comparable": true,
                            "featureValues": [
                                {
                                    "value": "[178.9 cm]"
                                }
                            ],
                            "name": "Height",
                            "range": false
                        }
                    ]
                }
            ],
            "code": "317670",
            "decalData": [
                {
                    "key": "3",
                    "value": {
                        "altText": "\"\"",
                        "position": 3,
                        "url": "/mediapermalink/decal-installation-1899"
                    }
                },
                {
                    "key": "4",
                    "value": {
                        "altText": "\"\"",
                        "position": 4,
                        "url": "/mediapermalink/decal-disposal-1489"
                    }
                }
            ],
            "description": "<p>\n<style type=\"text/css\">img {\n\t\t\t\tmax-width: 100%; \n\t\t\t\theight: auto; \n\t\t\t}\n\t\t\t\n\t\t\t.mobile-bnr {\n\t\t\t\tdisplay: none;\n\t\t\t}\n\t\t\t\n\t\t\t.desktop-bnr {\n\t\t\t\tdisplay: block;\n\t\t\t}\n\t\t\t\n\t\t\t@media only screen and (max-width: 480px) {\n\t\t\t\t.desktop-bnr {\n\t\t\t\t\tdisplay: none;\n\t\t\t\t}\n\t\t\t\t\n\t\t\t\t.mobile-bnr {\n\t\t\t\t\tdisplay: block;\n\t\t\t\t}\n\t\t\t}\n</style>\n<br />\n<a href=\"/search/?text=sfivey\"><img alt=\"5 year home appliance warranty. Samsung proud winners of the Which? best buy award 2018\" class=\"desktop-bnr\" src=\"/mediapermalink/samsung-5year-bnr-1400\" /> <img alt=\"5 year home appliance warranty. Samsung proud winners of the Which? best buy award 2018\" class=\"mobile-bnr\" src=\"/mediapermalink/samsung-5year-bnr-480\" /></a></p>\n\n<p><a href=\"/concierge-services\"><img alt=\"Extended 2 Year Warranty** on Computers, Tablets, Major Appliances/ White Goods* Cameras and Camcorders\" src=\"/mediapermalink/concierge-2year-warranty-bnr-1400\" /></a>&nbsp;</p>\n\n<p>*Additional 3 year warranty is redeemed and claimed from Samsung and not Costco. The 5 Year Warranty must be registered within 21 to 90 days from the invoice date to validate any claim(s).</p>\n\n<p>To activate promotional &nbsp;5 Year Warranty and for further terms and conditions, visit the Samsung registration site at&nbsp;www.samsung.com/uk/fiveyearwarranty&nbsp;&nbsp;to register your products (may require creating a MySamsung account).</p>\n\n<p>If you have any problems using the online registration site please contact the Samsung Customer Support team (Tel: &nbsp;0330 726 7864).</p>\n\n<p>The Samsung RS50N3913BC American Style Fridge is a great addition to your kitchen. With the handy window on the door, you can have quick access to your favourite items without opening the main door. This also results in less cold air escaping and so saving energy too.&nbsp;</p>\n\n<div><strong>Get Ice on Tap</strong><br />\nHelp yourself to chilled filtered water or a jug of ice without having to open the fridge.</div>\n\n<div><br />\n<strong>Smarter Use of Energy</strong><br />\nThe Digital Inverter Compressor cleverly alters the fridge&#39;s power and running speed to how much cooling is needed. So the temperature is constantly perfect, making it more efficient, as well as less noisy and longer-lasting.</div>\n\n<div><br />\n<strong>Make Freeze a Breeze</strong><br />\nNo more worrying about your frozen favourites defrosting on the way home from the shops. Power Freeze rapidly lowers the temperature of the freezer once you&#39;ve stocked up, quickly freezing everyone&#39;s must-have ice cream.</div>\n\n<div><br />\n<strong>Alarmingly Good</strong><br />\nNever worry about leaving the fridge door open again. An alarm is triggered when the door is left open for too long. So your food will stay as chilled as it should be, plus you&#39;ll save energy.</div>\n\n<div>&nbsp;</div>\n\n<div><strong>Power Down</strong><br />\nHow good would it be if your fridge didn&#39;t use so much energy whenever you&#39;re away? Simply switch to Vacation Mode. It powers down the fresh food section, so it uses less energy, while the freezer still keeps all your food frozen.</div>\n\n<div><br />\n<strong>Rack &lsquo;em up</strong><br />\nA wine rack doesn&#39;t have to take over your fridge. This chrome one is not only an elegant way to store your favourite bottles; it also makes more space on your shelves for the food to enjoy with it.</div>\n",
            "englishName": "Samsung RS50N3913BC/EU Side by Side Fridge Freezer",
            "expeditedDelivery": false,
            "hasPricePerUnit": false,
            "hidePriceValue": false,
            "images": [
                {
                    "format": "thumbnail",
                    "imageType": "PRIMARY",
                    "url": "/medias/sys_master/images/h6b/h24/17577070788638.jpg"
                },
                {
                    "format": "product",
                    "imageType": "PRIMARY",
                    "url": "/medias/sys_master/images/h1a/hf0/17577069772830.jpg"
                },
                {
                    "format": "results",
                    "imageType": "PRIMARY",
                    "url": "/medias/sys_master/images/h75/hc0/17577070034974.jpg"
                },
                {
                    "format": "carousel",
                    "imageType": "PRIMARY",
                    "url": "/medias/sys_master/images/h75/hc0/17577070034974.jpg"
                }
            ],
            "isBaseProduct": false,
            "isExternalVendorProduct": false,
            "isExternalVendorVariantProduct": false,
            "minOrderQuantity": 0,
            "modulusItemQuantity": 1,
            "name": "Samsung RS50N3913BC, Side by Side Fridge Freezer A+ Rating in Black",
            "price": {
                "currencyIso": "GBP",
                "formattedValue": "£929.89",
                "priceType": "BUY",
                "value": 929.89
            },
            "purchasable": true,
            "randomWeight": false,
            "shippingIncluded": true,
            "stock": {
                "contactDay": 0,
                "deliveryLeadTime": 0,
                "stockLevelStatus": "inStock"
            },
            "summary": "<p>- Capacity; Total: 501 L, Fridge: 357 L, Freezer: 144 L</p><p>- Plumbed Water and Ice Dispenser</p><p>- Freestanding</p><p>- H 178.9 x W 91.2 x D 73.4 cm</p><p>- Installation and/or Recycle of old product available at check out</p><p>- Be sure your new fridge will fit - check product dimensions for access required before delivery</p>",
            "url": "/Appliances/Fridges-Freezers/Samsung-RS50N3913BC-Side-by-Side-Fridge-Freezer-A-Rating-in-Black/p/317670",
            "warehouseHidePriceValue": false
        },
        {
            "addToCartFromPLPCategories": [
                {
                    "key": "MVM7-Hotbuy",
                    "value": false
                },
                {
                    "key": "cos_5.1",
                    "value": true
                },
                {
                    "key": "Delivery-Installation",
                    "value": false
                },
                {
                    "key": "cos_5.1.8",
                    "value": true
                },
                {
                    "key": "costco",
                    "value": true
                },
                {
                    "key": "Hot-Buys",
                    "value": true
                },
                {
                    "key": "cos_5",
                    "value": true
                },
                {
                    "key": "delivery-installation-campaign",
                    "value": false
                },
                {
                    "key": "cos_15",
                    "value": true
                },
                {
                    "key": "MVM7-Hotbuy-Campaign",
                    "value": false
                }
            ],
            "addableToCartFromListingPage": true,
            "availableForPreorder": false,
            "basePrice": {
                "currencyIso": "GBP",
                "formattedValue": "£889.99",
                "priceType": "BUY",
                "value": 889.99
            },
            "businessDelivery": false,
            "code": "313250",
            "decalData": [
                {
                    "key": "3",
                    "value": {
                        "altText": "\"\"",
                        "position": 3,
                        "url": "/_ui/responsive/uk/images/decals/del_install_pd.png"
                    }
                }
            ],
            "description": "<p>Complete your home gym with the Nordic Track SE7i Elliptical. Included are a selection of 24 workout programms allowing you to reach your full work out potential while keeping variety and excitement&nbsp;in your routine. Fitted with 22 digital resistance levels you are able to create a workout perfectly fitted around your level of fitness. Made with a spacesaver design you can fold the&nbsp;Proform Track SE7i vertically meaning you can move and store your machine conveniently. Oversized cushion pedals and levelers ensure that you have a comfortable and efficient workout.&nbsp;</p>\n\n<p>The Proform Track SE7i comes with a&nbsp;6&nbsp;month&nbsp;iFit Coach subscription, which gives you access to personalised workouts, delicious nutrition plans, advanced weight loss programs, and much more. Plus, if you own iFit-enabled cardio equipment, your workouts will contain virtual coaching, studio-setting, on-demand videos, and destination workouts, right from your machine.&nbsp;</p>\n\n<p><strong>Features:</strong></p>\n\n<ul>\n\t<li>Power adjustable incline</li>\n\t<li>Intertia enhanced flywheel</li>\n\t<li>Soft touch upper body grips</li>\n\t<li>Commercial gauge solid steel construction</li>\n\t<li>Oversized levelers</li>\n\t<li>Verticle space saving design</li>\n\t<li>5&quot; Backlit iFit display screen</li>\n\t<li>SMR silent magnetic resistance</li>\n\t<li>Oversized adjustable cushion pedals</li>\n\t<li>Water bottle holder</li>\n\t<li>Rear&nbsp;mounted transport wheels</li>\n\t<li>iFit Bluetooth smart enabled</li>\n\t<li>iPod compatible audio</li>\n\t<li>Integrated tablet holder</li>\n\t<li>24&nbsp;pre set workout apps</li>\n\t<li>22 Digital resistance</li>\n\t<li>EKG grip pulse</li>\n\t<li>Autobreeze fan</li>\n\t<li><strong>Flywheel:</strong>&nbsp;8kg</li>\n\t<li><strong>Maximum User Capactiy:&nbsp;</strong>147 kg</li>\n\t<li><strong>Dimensions:</strong>&nbsp;L&nbsp;203&nbsp;x W&nbsp;81&nbsp;&nbsp;x H&nbsp;170&nbsp;cm</li>\n\t<li><strong>Weight:</strong>&nbsp;92<strong>&nbsp;</strong>kg</li>\n</ul>\n\n<p>Please email&nbsp;<a href=\"mailto:salesuk@iconeurope.com\" target=\"_blank\">salesuk@iconeurope.com</a>&nbsp;along with their proof of purchase to redeem iFit Subscription</p>\n",
            "englishName": "Nordic Track SE7I Elliptical",
            "expeditedDelivery": false,
            "hasPricePerUnit": false,
            "hidePriceValue": false,
            "images": [
                {
                    "format": "thumbnail",
                    "imageType": "PRIMARY",
                    "url": "/medias/sys_master/images/hfd/h88/16223566757918.jpg"
                },
                {
                    "format": "product",
                    "imageType": "PRIMARY",
                    "url": "/medias/sys_master/images/h12/h2d/16223565905950.jpg"
                },
                {
                    "format": "results",
                    "imageType": "PRIMARY",
                    "url": "/medias/sys_master/images/h7c/h8f/16223566168094.jpg"
                },
                {
                    "format": "carousel",
                    "imageType": "PRIMARY",
                    "url": "/medias/sys_master/images/h7c/h8f/16223566168094.jpg"
                }
            ],
            "isBaseProduct": false,
            "isExternalVendorProduct": false,
            "isExternalVendorVariantProduct": false,
            "minOrderQuantity": 0,
            "modulusItemQuantity": 1,
            "name": "Installed Nordic Track SE7i Elliptical with iFit Coach Subscription",
            "price": {
                "currencyIso": "GBP",
                "formattedValue": "£889.99",
                "priceType": "BUY",
                "value": 889.99
            },
            "purchasable": true,
            "randomWeight": false,
            "shippingIncluded": true,
            "stock": {
                "contactDay": 0,
                "deliveryLeadTime": 0,
                "stockLevelStatus": "inStock"
            },
            "summary": "<p>Please note: this product can only be delivered on the ground floor due to its weight and size, and will not be delivered up any stairs</p> <p><strong>Please note</strong>:&nbsp;Ipad not included</p>",
            "url": "/Sports-Spas-Leisure/Fitness-Exercise/Elliptical-Cross-Trainer/Installed-Nordic-Track-SE7i-Elliptical-with-iFit-Coach-Subscription/p/313250",
            "warehouseHidePriceValue": false
        },
        {
            "addToCartFromPLPCategories": [
                {
                    "key": "MVM7-Hotbuy",
                    "value": false
                },
                {
                    "key": "cos_8.3.2",
                    "value": true
                },
                {
                    "key": "cos_20",
                    "value": true
                },
                {
                    "key": "costco",
                    "value": true
                },
                {
                    "key": "cos_6",
                    "value": true
                },
                {
                    "key": "Hot-Buys",
                    "value": true
                },
                {
                    "key": "cos_6.11",
                    "value": true
                },
                {
                    "key": "cos_8.12.2",
                    "value": true
                },
                {
                    "key": "MVM7-Hotbuy-Campaign",
                    "value": false
                }
            ],
            "addableToCartFromListingPage": true,
            "availableForPreorder": false,
            "basePrice": {
                "currencyIso": "GBP",
                "formattedValue": "£799.99",
                "priceType": "BUY",
                "value": 799.99
            },
            "businessDelivery": false,
            "code": "276826",
            "description": "<style type=\"text/css\">img {\n\t\t\t\tmax-width: 100%; \n\t\t\t\theight: auto; \n\t\t\t}\n\t\t\t\n\t\t\t.mobile-bnr {\n\t\t\t\tdisplay: none;\n\t\t\t}\n\t\t\t\n\t\t\t.desktop-bnr {\n\t\t\t\tdisplay: block;\n\t\t\t}\n\t\t\t\n\t\t\t@media only screen and (max-width: 480px) {\n\t\t\t\t.desktop-bnr {\n\t\t\t\t\tdisplay: none;\n\t\t\t\t}\n\t\t\t\t\n\t\t\t\t.mobile-bnr {\n\t\t\t\t\tdisplay: block;\n\t\t\t\t}\n\t\t\t}\n</style>\n<div id=\"CategoryBanner\"><a href=\"/kube\"><img alt=\"kinetico kube better quality water for your home - click here for buying guide\" class=\"desktop-bnr\" src=\"/mediapermalink/19P13W4-water-softener-bnr-1400\" /> <img alt=\"kinetico kube better quality water for your home - click here for buying guide\" class=\"mobile-bnr\" src=\"/mediapermalink/19P13W4-water-softener-bnr-480\" /> </a></div>\n\n<div>&nbsp;</div>\n\n<div>\n<div><img alt=\"WRAS Approved\" src=\"/mediapermalink/MethvenAwards-WRAS\" /></div>\n</div>\n\n<div>&nbsp;</div>\n\n<p style=\"text-align: left\"><iframe allow=\"encrypted-media\" allowfullscreen=\"\" frameborder=\"0\" height=\"337\" src=\"https://www.youtube.com/embed/99qbzHciYEo\" width=\"600\"></iframe></p>\n\n<p><iframe allow=\"encrypted-media\" allowfullscreen=\"\" frameborder=\"0\" height=\"337\" src=\"https://www.youtube.com/embed/pcx9WNW62DI\" width=\"600\"></iframe></p>\n\n<ul>\n\t<li><a href=\"/mediapermalink/Kube_FAQs\" target=\"_blank\"><img class=\"adobe-pdf-icon\" src=\"/mediapermalink/adobe-pdf-icon-png\" />FAQ&#39;s</a></li>\n</ul>\n\n<ul class=\"pdp-pdf-bullets\">\n\t<li class=\"pdp-pdf-bullets\"><a href=\"/mediapermalink/276826_InstallationInstructions.pdf\" target=\"_blank\"><img class=\"adobe-pdf-icon\" src=\"/mediapermalink/adobe-pdf-icon-png\" />Installation Instructions</a></li>\n</ul>\n\n<ul class=\"pdp-pdf-bullets\">\n\t<li class=\"pdp-pdf-bullets\"><a href=\"/mediapermalink/276826_InstallationKitInstructions.pdf\" target=\"_blank\"><img class=\"adobe-pdf-icon\" src=\"/mediapermalink/adobe-pdf-icon-png\" />22mm Installation Kit Instructions</a></li>\n</ul>\n\n<p>The Kube 2&nbsp;Water Softener is the best introductory water softener on the market that&#39;s great value,&nbsp;easy to install and economical to run.&nbsp;The non-electric design is powered by the natural flow of the water and provides beautiful soft water for you and your home so you can banish limescale forever. The Kube 2 is designed for larger homes with 3-4 bathrooms where a utility room is available. It can also be fitted outside the property with a frost cabinet.&nbsp;The only maintenance your softener requires is to replace the tablet salt.</p>\n\n<div>\n<div>With soft water you&rsquo;ll save time cleaning and discover shiny taps, free-flowing showers and clear shower screens. Soft water running through your home will also increase the life of your appliances such as your dishwasher, washing machine and boiler and you&rsquo;ll save money too. You can ditch the spray-on limescale removers, use less detergents, bath foams and toiletries.&nbsp;</div>\n</div>\n\n<div>&nbsp;</div>\n\n<div>Operating using only the power of moving water, this Kube 2&nbsp;Water Softener offers reliability and easier installation. It requires no power cables or electronic components, which means it won&#39;t corrode over time and you&#39;ll have no electricity costs&nbsp;and includes a 22mm fitting kit making installation easy.&nbsp;</div>\n\n<p><strong>Features:</strong></p>\n\n<ul>\n\t<li>Suitable for&nbsp;homes with up to 4&nbsp;bathrooms</li>\n\t<li>Can be installed in a utility room or outside your home in a frost cabinet - not suitable for small kitchen cabinets</li>\n\t<li>WRAS approved</li>\n\t<li><strong>High Performance and Reliable:</strong>&nbsp;Non-electric patented valve, counter-current regeneration technology and high capacity fine mesh resin engineered to deliver high flow rates of soft water typically used by today&rsquo;s demanding households</li>\n\t<li><strong>Powerful:&nbsp;</strong>The ion exchange process used is the most effective method to totally remove calcium and magnesium from hard water</li>\n\t<li><strong>Compact and Convenient:&nbsp;</strong>Designed as a modern, contemporary<br />\n\thousehold appliance with a transparent blue viewing window at the front of the softener allows you to check<br />\n\tthe salt levels, making it easier to see when your salt needs refilling. It also has the added benefit of running on either block salt and tablet salt</li>\n\t<li><strong>Easy to Install:</strong>&nbsp;Does not require connection to mains power supply making installation quicker and easier</li>\n\t<li><strong>Energy Efficient:&nbsp;</strong>Accurately meters the water to determine the exact moment when the tank needs to regenerate, thus great efficiency with low water and salt consumption. Non-electric valve means greater sustainability, no electricity costs, better for the environment and saves you money. The Kube 2&rsquo;s larger resin tank means less regenerations</li>\n\t<li><strong>Quiet Drive:&nbsp;</strong>Precision engineered valve to operate quietly for minimum disturbance and noise level</li>\n\t<li><strong>Max. Hardness: </strong>850 mg/L</li>\n\t<li><strong>Salt Usage Per Regeneration:</strong> 0.59kg</li>\n\t<li><strong>Water Usage Per Regeneration:</strong> 36L</li>\n\t<li><strong>Regeneration Time: </strong>16 minutes</li>\n\t<li><strong>Service Flow Rate: </strong>36L per minute at 1 bar pressure, 45L per minute at 2 bar pressure</li>\n\t<li><strong>Connection:</strong> 3/4&quot; BSP Male</li>\n\t<li>Includes: 22mm WRAS approved drain and hose kit suitable for 32mm and 40mm waste pipe</li>\n\t<li><strong>Operating Temperature:</strong> Min. 2&deg;C to 23&deg;C max</li>\n\t<li><strong>Min. Pressure: </strong>1.5 bar</li>\n\t<li><strong>Max. Pressure:</strong> 8 Bar</li>\n\t<li>Recommended PRV fitted if above 6 bar</li>\n\t<li><strong>Weight:</strong>&nbsp;30kg</li>\n\t<li><strong>Dimensions:</strong> H 57.6 x W 34.3 x D 54.7 cm</li>\n\t<li><strong>Warranty: </strong>2 years manufacturer&#39;s warranty</li>\n</ul>\n\n<div>&nbsp;</div>\n\n<div><strong>Installation Options:</strong></div>\n\n<div>&nbsp;</div>\n\n<div>To ensure peace-of-mind, compliance with water regulations and warrantied workmanship. Kinetico offer an installation service&nbsp;(<strong>&pound;250 + VAT</strong>)&nbsp;for your new Kube 1&nbsp;Water Softener.</div>\n\n<div>&nbsp;</div>\n\n<div>Installation takes up to 4 hours and requires access to your mains stop cock and drainage. Please visit the Kinetico website for more details.</div>\n",
            "englishName": "Kinetico Kube 2 Whole House Water Softener",
            "expeditedDelivery": false,
            "hasPricePerUnit": false,
            "hidePriceValue": false,
            "images": [
                {
                    "format": "thumbnail",
                    "imageType": "PRIMARY",
                    "url": "/medias/sys_master/images/h55/h54/11541964095518.jpg"
                },
                {
                    "format": "product",
                    "imageType": "PRIMARY",
                    "url": "/medias/sys_master/images/had/h78/11541963374622.jpg"
                },
                {
                    "format": "results",
                    "imageType": "PRIMARY",
                    "url": "/medias/sys_master/images/hcf/hba/11541963571230.jpg"
                },
                {
                    "format": "carousel",
                    "imageType": "PRIMARY",
                    "url": "/medias/sys_master/images/hcf/hba/11541963571230.jpg"
                }
            ],
            "isBaseProduct": false,
            "isExternalVendorProduct": false,
            "isExternalVendorVariantProduct": false,
            "minOrderQuantity": 0,
            "modulusItemQuantity": 1,
            "name": "Kinetico Kube 2 Non-Electric Water Softener - For Households with up to 4 Bathrooms",
            "price": {
                "currencyIso": "GBP",
                "formattedValue": "£799.99",
                "priceType": "BUY",
                "value": 799.99
            },
            "purchasable": true,
            "randomWeight": false,
            "shippingIncluded": true,
            "stock": {
                "contactDay": 0,
                "deliveryLeadTime": 0,
                "stockLevelStatus": "inStock"
            },
            "summary": "Includes a 22mm WRAS approved installation kit",
            "url": "/Home-Improvement/Kitchen/Water-Softener-Filtration/Kinetico-Kube-2-Non-Electric-Water-Softener-For-Households-with-up-to-4-Bathrooms/p/276826",
            "warehouseHidePriceValue": false
        },
        {
            "addToCartFromPLPCategories": [
                {
                    "key": "MVM7-Hotbuy",
                    "value": false
                },
                {
                    "key": "cos_16.1",
                    "value": true
                },
                {
                    "key": "costco",
                    "value": true
                },
                {
                    "key": "Hot-Buys",
                    "value": true
                },
                {
                    "key": "cos_16",
                    "value": true
                },
                {
                    "key": "MVM7-Hotbuy-Campaign",
                    "value": false
                }
            ],
            "addableToCartFromListingPage": true,
            "availableForPreorder": false,
            "basePrice": {
                "currencyIso": "GBP",
                "formattedValue": "£699.99",
                "priceType": "BUY",
                "value": 699.99
            },
            "businessDelivery": false,
            "code": "287746",
            "description": "<p>&nbsp;</p>\n\n<div><a href=\"/concierge-services\"><img alt=\"Extended 2 Year Warranty** on Computers, Tablets, Major Appliances/ White Goods* Cameras and Camcorders\" class=\"desktop-bnr\" src=\"/mediapermalink/concierge-2year-warranty-bnr-1400\" /></a>&nbsp;</div>\n\n<p>The Lenovo Yoga 720 offers ultimate versatility, with a number of different ways to enjoy your laptop. No longer are you stuck in the office or bound to a power socket, as the Yoga 720 boasts a battery life of up to 10.5 hours. Stream in tent mode,&nbsp;flip 360&ordm; for tablet mode&nbsp;or switch to&nbsp;laptop mode when you need to get down to business.</p>\n\n<p>&nbsp;</p>\n\n<p><strong>Speedy Process</strong></p>\n\n<p>Intel&rsquo;s 8th-generation i5 processor is designed to make your laptop faster and more efficient. It&rsquo;s purposely built to support lightning-quick data transfer. Your laptop&rsquo;s overall productivity will show improvement for flawless multi-tasking.</p>\n\n<p>&nbsp;</p>\n\n<p><strong>M.2 Solid State Drive</strong></p>\n\n<p>Solid State Drives (SSD) gives you the capacity to store your documents and media, while ensuring quicker and reliable access to your files and programs. SSDs are far faster than regular hard drives; in addition to this, M.2 has been created to replace existing technology and to exploit the full capability of high-speed PCI Express storage. Ingeniously, SSDs don&#39;t use moving parts to work, which makes them far more dependable and also quieter.</p>\n\n<p>&nbsp;</p>\n\n<p><strong>Packed with Features</strong></p>\n\n<p>Featuring&nbsp;multiple&nbsp;ports, you can be sure there is space for all your external devices to be attached and then there&rsquo;s the handy 720P camera that&rsquo;s ready to take pictures on the fly or enable video conferencing for those times you can&rsquo;t get into the office.</p>\n\n<p>&nbsp;</p>\n\n<p><strong>Key Additional Features&nbsp;</strong></p>\n\n<ul>\n\t<li>Model: Lenovo Yoga 720-13IKBR</li>\n\t<li>Backlit Keyboard</li>\n\t<li>Dolby Audio Premium Sound&nbsp;</li>\n\t<li>Voice Recognition - Cortana</li>\n\t<li>720p HD Front Facing Camera</li>\n\t<li>10-point Multi-touch</li>\n</ul>\n",
            "englishName": "Lenovo Yoga 720, Intel Core i5, 8GB RAM, 128GB SSD, 13.3 Inch Convertible Notebook, 720-13IKBR",
            "expeditedDelivery": false,
            "hasPricePerUnit": false,
            "hidePriceValue": false,
            "images": [
                {
                    "format": "thumbnail",
                    "imageType": "PRIMARY",
                    "url": "/medias/sys_master/images/h56/h9b/12288853868574.jpg"
                },
                {
                    "format": "product",
                    "imageType": "PRIMARY",
                    "url": "/medias/sys_master/images/hca/h0f/12288853704734.jpg"
                },
                {
                    "format": "results",
                    "imageType": "PRIMARY",
                    "url": "/medias/sys_master/images/h62/he5/12288853737502.jpg"
                },
                {
                    "format": "carousel",
                    "imageType": "PRIMARY",
                    "url": "/medias/sys_master/images/h62/he5/12288853737502.jpg"
                }
            ],
            "isBaseProduct": false,
            "isExternalVendorProduct": false,
            "isExternalVendorVariantProduct": false,
            "minOrderQuantity": 0,
            "modulusItemQuantity": 1,
            "name": "Lenovo Yoga 720, Intel Core i5, 8GB RAM, 128GB SSD, 13.3 Inch Convertible Notebook, 720-13IKBR",
            "price": {
                "currencyIso": "GBP",
                "formattedValue": "£699.99",
                "priceType": "BUY",
                "value": 699.99
            },
            "purchasable": true,
            "randomWeight": false,
            "shippingIncluded": true,
            "stock": {
                "contactDay": 0,
                "deliveryLeadTime": 0,
                "stockLevelStatus": "inStock"
            },
            "summary": "<ul> <li>-&nbsp;Intel Core i5-8250U Processor</li> <li>-&nbsp;Intel UHD 620 Graphics Card</li> <li>-&nbsp;Windows 10 Home 64</li> <li>-&nbsp;Up to 10.5 Hours Battery Life</li> <li>- 1.25kg</li> </ul>",
            "url": "/Computers/Laptops-MacBooks/Lenovo-Yoga-720-Intel-Core-i5-8GB-RAM-128GB-SSD-133-Inch-Convertible-Notebook-720-13IKBR/p/287746",
            "warehouseHidePriceValue": false
        },
        {
            "addToCartFromPLPCategories": [
                {
                    "key": "MVM7-Hotbuy",
                    "value": false
                },
                {
                    "key": "cos_8.3.2",
                    "value": true
                },
                {
                    "key": "cos_20",
                    "value": true
                },
                {
                    "key": "costco",
                    "value": true
                },
                {
                    "key": "cos_6",
                    "value": true
                },
                {
                    "key": "Hot-Buys",
                    "value": true
                },
                {
                    "key": "cos_6.11",
                    "value": true
                },
                {
                    "key": "cos_8.12.2",
                    "value": true
                },
                {
                    "key": "WhatsNew-DELETE",
                    "value": false
                },
                {
                    "key": "MVM7-Hotbuy-Campaign",
                    "value": false
                }
            ],
            "addableToCartFromListingPage": true,
            "availableForPreorder": false,
            "basePrice": {
                "currencyIso": "GBP",
                "formattedValue": "£599.89",
                "priceType": "BUY",
                "value": 599.89
            },
            "businessDelivery": false,
            "code": "275228",
            "description": "<style type=\"text/css\">img {\n\t\t\t\tmax-width: 100%; \n\t\t\t\theight: auto; \n\t\t\t}\n\t\t\t\n\t\t\t.mobile-bnr {\n\t\t\t\tdisplay: none;\n\t\t\t}\n\t\t\t\n\t\t\t.desktop-bnr {\n\t\t\t\tdisplay: block;\n\t\t\t}\n\t\t\t\n\t\t\t@media only screen and (max-width: 480px) {\n\t\t\t\t.desktop-bnr {\n\t\t\t\t\tdisplay: none;\n\t\t\t\t}\n\t\t\t\t\n\t\t\t\t.mobile-bnr {\n\t\t\t\t\tdisplay: block;\n\t\t\t\t}\n\t\t\t}\n</style>\n<div id=\"CategoryBanner\"><a href=\"/kube\"><img alt=\"kinetico kube better quality water for your home - click here for buying guide\" class=\"desktop-bnr\" src=\"/mediapermalink/19P13W4-water-softener-bnr-1400\" /> <img alt=\"kinetico kube better quality water for your home - click here for buying guide\" class=\"mobile-bnr\" src=\"/mediapermalink/19P13W4-water-softener-bnr-480\" /> </a></div>\n\n<div>\n<div><img alt=\"WRAS Approved\" src=\"/mediapermalink/MethvenAwards-WRAS\" /></div>\n</div>\n\n<div>&nbsp;</div>\n\n<p style=\"text-align: left\"><iframe allow=\"encrypted-media\" allowfullscreen=\"\" frameborder=\"0\" height=\"337\" src=\"https://www.youtube.com/embed/99qbzHciYEo\" width=\"600\"></iframe></p>\n\n<p><iframe allow=\"encrypted-media\" allowfullscreen=\"\" frameborder=\"0\" height=\"337\" src=\"https://www.youtube.com/embed/pcx9WNW62DI\" width=\"600\"></iframe></p>\n\n<ul>\n\t<li><a href=\"/mediapermalink/Kube_FAQs\" target=\"_blank\"><img class=\"adobe-pdf-icon\" src=\"/mediapermalink/adobe-pdf-icon-png\" />FAQ&#39;s</a></li>\n</ul>\n\n<ul>\n\t<li><a href=\"/mediapermalink/275228_InstallationInstructions.pdf\" target=\"_blank\"><img class=\"adobe-pdf-icon\" src=\"/mediapermalink/adobe-pdf-icon-png\" />Installation Instructions</a></li>\n</ul>\n\n<ul>\n\t<li><a href=\"/mediapermalink/275228_InstallationKitinstructions.pdf\" target=\"_blank\"><img class=\"adobe-pdf-icon\" src=\"/mediapermalink/adobe-pdf-icon-png\" />15mm Installation Kit Instructions</a></li>\n</ul>\n\n<p>The Kube 1&nbsp;Water Softener is the best introductory water softener on the market that&rsquo;s great value, easy to install and economical to run. The non-electric design is powered by the natural flow of the water and provides beautiful soft water for you and your home so you can banish limescale forever. The compact design means it fits neatly under your kitchen sink and is suitable for households with&nbsp;up to 2 bathrooms. The only maintenance your softener requires is to replace the tablet salt.</p>\n\n<div>\n<div>&nbsp;</div>\n\n<div>With soft water you&rsquo;ll save time cleaning and discover shiny taps, free-flowing showers and clear shower screens. Soft water running through your home will also increase the life of your appliances such as your dishwasher, washing machine and boiler and you&rsquo;ll save money too. You can ditch the spray-on limescale removers, use less detergents, bath foams and toiletries.&nbsp;</div>\n</div>\n\n<div>&nbsp;</div>\n\n<div>Operating using only the power of moving water, this Kube 1&nbsp;Water Softener offers reliability and easier installation. It requires no power cables or electronic components, which means it won&#39;t corrode over time and you&#39;ll have no electricity costs&nbsp;and includes a 15mm fitting kit making installation easy.&nbsp;</div>\n\n<p><strong>Features:</strong></p>\n\n<ul>\n\t<li>Suitable for&nbsp;homes with up to 2 bathrooms</li>\n\t<li>Can fit neatly under your&nbsp;sink cupboard</li>\n\t<li>WRAS approved</li>\n\t<li><strong>High Performance and Reliable:</strong>&nbsp;Non-electric patented valve, counter-current regeneration technology and high capacity fine mesh resin engineered to deliver high flow rates of soft water typically used by today&rsquo;s demanding households</li>\n\t<li><strong>Powerful:&nbsp;</strong>The ion exchange process used is the most effective method to totally remove calcium and magnesium from hard water</li>\n\t<li><strong>Compact and Convenient:&nbsp;</strong>Fits neatly into a standard 600mm kitchen cupboard. Designed as a modern, contemporary<br />\n\thousehold appliance with a transparent blue viewing window at the front of the softener allows you to check<br />\n\tthe salt levels, making it easier to see when your salt needs refilling. It also has the added benefit of running on either block salt and tablet salt</li>\n\t<li><strong>Easy to Install:</strong>&nbsp;Does not require connection to mains power supply making installation quicker and easier</li>\n\t<li><strong>Energy Efficient:&nbsp;</strong>Accurately meters the water to determine the exact moment when the tank needs to regenerate, thus great efficiency with low water and salt consumption. Non-electric valve means greater sustainability, no electricity costs, better for the environment and saves you money</li>\n\t<li><strong>Quiet Drive:&nbsp;</strong>Precision engineered valve to operate quietly for minimum disturbance and noise level</li>\n\t<li><strong>Max. Hardness: </strong>525 mg/L</li>\n\t<li><strong>Salt Usage Per Regeneration: </strong>0.27kg</li>\n\t<li><strong>Water Usage Per Regeneration:</strong> 25L</li>\n\t<li><strong>Regeneration Time:&nbsp;</strong>12 minutes</li>\n\t<li><strong>Service Flow Rate: </strong>30L per minute at 1 bar pressure, 40L per minute at 2 bar pressure</li>\n\t<li><strong>Connection: </strong>3/4&quot; BSP Male</li>\n\t<li><strong>Includes:</strong>&nbsp;15mm WRAS approved drain and hose kit suitable for 32mm and 40mm waste pipe</li>\n\t<li><strong>Operating Temperature:</strong>&nbsp;Min. 2&deg;C to 23&deg;C max</li>\n\t<li><strong>Min. Pressure: </strong>1.5 bar</li>\n\t<li><strong>Max. Pressure: </strong>8 Bar</li>\n\t<li>Recommended PRV fitted if above 6 bar</li>\n\t<li><strong>Weight: </strong>15.5kg</li>\n\t<li><strong>Dimensions:</strong> H 49.2 x W 23.5 x D 42.5 cm</li>\n\t<li><strong>Warranty: </strong>2 years manufacturer&#39;s warranty</li>\n</ul>\n\n<div>&nbsp;</div>\n\n<div><strong>Installation Options:</strong></div>\n\n<div>&nbsp;</div>\n\n<div>To ensure peace-of-mind, compliance with water regulations and warrantied workmanship. Kinetico offer an installation service&nbsp;(<strong>&pound;250 + VAT</strong>)&nbsp;for your new Kube 1&nbsp;Water Softener.</div>\n\n<div>&nbsp;</div>\n\n<div>Installation takes up to 4 hours and requires access to your mains stop cock and drainage. Please visit the Kinetico website for more details.</div>\n",
            "englishName": "Kinetico Kube 1 Whole House Water Softener",
            "expeditedDelivery": false,
            "hasPricePerUnit": false,
            "hidePriceValue": false,
            "images": [
                {
                    "format": "thumbnail",
                    "imageType": "PRIMARY",
                    "url": "/medias/sys_master/images/he8/ha1/11521968570398.jpg"
                },
                {
                    "format": "product",
                    "imageType": "PRIMARY",
                    "url": "/medias/sys_master/images/h7a/h76/11521967849502.jpg"
                },
                {
                    "format": "results",
                    "imageType": "PRIMARY",
                    "url": "/medias/sys_master/images/h75/hc4/11521968111646.jpg"
                },
                {
                    "format": "carousel",
                    "imageType": "PRIMARY",
                    "url": "/medias/sys_master/images/h75/hc4/11521968111646.jpg"
                }
            ],
            "isBaseProduct": false,
            "isExternalVendorProduct": false,
            "isExternalVendorVariantProduct": false,
            "minOrderQuantity": 0,
            "modulusItemQuantity": 1,
            "name": "Kinetico Kube 1 Non-Electric Water Softener - For Households with up to 2 Bathrooms",
            "price": {
                "currencyIso": "GBP",
                "formattedValue": "£599.89",
                "priceType": "BUY",
                "value": 599.89
            },
            "purchasable": true,
            "randomWeight": false,
            "shippingIncluded": true,
            "stock": {
                "contactDay": 0,
                "deliveryLeadTime": 0,
                "stockLevelStatus": "inStock"
            },
            "summary": "Includes a 15mm WRAS approved installation kit",
            "url": "/Home-Improvement/Kitchen/Water-Softener-Filtration/Kinetico-Kube-1-Non-Electric-Water-Softener-For-Households-with-up-to-2-Bathrooms/p/275228",
            "warehouseHidePriceValue": false
        },
        {
            "addToCartFromPLPCategories": [
                {
                    "key": "MVM7-Hotbuy",
                    "value": false
                },
                {
                    "key": "cos_1.11",
                    "value": false
                },
                {
                    "key": "BlackFriday-Weekend",
                    "value": false
                },
                {
                    "key": "CyberMonday-Final",
                    "value": false
                },
                {
                    "key": "CyberMonday-All-Campaign",
                    "value": false
                },
                {
                    "key": "cos_2.1.10",
                    "value": false
                },
                {
                    "key": "cos_2.1",
                    "value": false
                },
                {
                    "key": "cos_1.1",
                    "value": false
                },
                {
                    "key": "CyberMonday-All",
                    "value": false
                },
                {
                    "key": "BlackFriday-Weekend-Campaign",
                    "value": false
                },
                {
                    "key": "costco",
                    "value": false
                },
                {
                    "key": "Hot-Buys",
                    "value": false
                },
                {
                    "key": "cos_2",
                    "value": false
                },
                {
                    "key": "BlackFriday-All",
                    "value": false
                },
                {
                    "key": "cos_1",
                    "value": false
                },
                {
                    "key": "MVM7-Hotbuy-Campaign",
                    "value": false
                }
            ],
            "addableToCartFromListingPage": false,
            "availableForPreorder": false,
            "basePrice": {
                "currencyIso": "GBP",
                "formattedValue": "£579.99",
                "priceType": "BUY",
                "value": 579.99
            },
            "businessDelivery": false,
            "code": "sonorousST160",
            "description": "<p>The Sonorous ST160 enables you to discreetly store all of your audio/video equipment right at the heart of your living space. The Sonorous 160cm cabinet is a stylish and functional addition to any home.</p>\n\n<p>Hidden castors make it easier to move to your required position and reach connecting wires without scratching wooden floors. The Acoustic Fabric finished door allows full control of AV equipment inside the cabinet without having to open doors. It will also enable you to conceal speakers and soundbars inside the cabinet without affecting sound quality. Push to open door system with high quality hinges, multiple discreet cable management points and adjustable internal shelf heights to accommodate varying sizes of devices. This cabinet comes ready assembled for ease and consistent quality of construction.</p>\n\n<p><strong>Exceptional Quality and Finish</strong></p>\n\n<p>This furniture is designed and manufactured to ensure highest attention to detail and quality. The latest technological advancements are implemented to ensure the quality of your unit.</p>\n\n<ul>\n\t<li>White: Gloss White Wood with Toughened White Glass On Top And Across the Opening Flap</li>\n\t<li>Black: Gloss Black Wood with Toughened Black Glass On Top And Across the Opening Flap</li>\n\t<li>Walnut; Gloss Black Wood with Toughened Black Glass On Top And Textured Walnut Veneer Across the Opening Flap</li>\n\t<li>Black With Acoustic Fabric Doors: Gloss Black Wood with Toughened Black Glass On Top And Black Acoustic (Speaker) Fabric Across the Opening Flap</li>\n</ul>\n\n<p><strong>Contemporary yet Practical</strong></p>\n\n<p>AV equipment needs to &ldquo;breathe&rdquo; whilst in use, that&rsquo;s why the ST160 cabinets are open at the rear to ensure sufficient ventilation and air flow, and easy access to all connecting wires. The Acoustic Fabric finish on the opening flap ensures even the most sophisticated of AV set up&rsquo;s will be cooled sufficiently for optimal performance. In order to ensure that your cabinet looks its best at all times, the glass shelves come with a protective coating, which reduces stains and fingerprints.</p>\n\n<p><strong>Features:</strong></p>\n\n<ul>\n\t<li><strong>Maximum screen size: </strong>70&rdquo; screen</li>\n\t<li><strong>Maximum Top Shelf Load:</strong> 50 kg</li>\n\t<li><strong>Maximum Stand Load:</strong> 70 kg&nbsp;</li>\n</ul>\n",
            "englishName": "",
            "expeditedDelivery": false,
            "hasPricePerUnit": false,
            "hidePriceValue": false,
            "images": [
                {
                    "format": "thumbnail",
                    "imageType": "PRIMARY",
                    "url": "/medias/sys_master/images/h61/h32/10938143866910.jpg"
                },
                {
                    "format": "product",
                    "imageType": "PRIMARY",
                    "url": "/medias/sys_master/images/h0a/ha2/10938143113246.jpg"
                },
                {
                    "format": "results",
                    "imageType": "PRIMARY",
                    "url": "/medias/sys_master/images/h1e/h87/10938143342622.jpg"
                },
                {
                    "format": "carousel",
                    "imageType": "PRIMARY",
                    "url": "/medias/sys_master/images/h1e/h87/10938143342622.jpg"
                }
            ],
            "isBaseProduct": true,
            "isExternalVendorProduct": false,
            "isExternalVendorVariantProduct": false,
            "minOrderQuantity": 0,
            "modulusItemQuantity": 0,
            "name": "Sonorous ST160 TV Cabinet for TVs up to 70\" in 4 Colours",
            "price": {
                "currencyIso": "GBP",
                "formattedValue": "£579.99",
                "priceType": "BUY",
                "value": 579.99
            },
            "purchasable": false,
            "randomWeight": false,
            "shippingIncluded": true,
            "stock": {
                "contactDay": 0,
                "deliveryLeadTime": 0,
                "stockLevelStatus": "inStock"
            },
            "summary": "<p>- Suitable for TVs up to 70&rdquo;</p> <p>- Adjustable internal shelf heights</p> <p>- Discreet cable management</p>",
            "url": "/Furniture-Home/Living-Room-Furniture/TV-Stands/Sonorous-ST160-TV-Cabinet-for-TVs-up-to-70-in-4-Colours/p/sonorousST160",
            "variantColours": [
                {
                    "code": "uk-walnut",
                    "hexcode": "#663300",
                    "name": "Walnut",
                    "url": "/Savings/Sonorous-ST160-TV-Cabinet-for-TVs-up-to-70-Walnut/p/161046"
                },
                {
                    "code": "uk-white",
                    "hexcode": "#FFFFFF",
                    "name": "White",
                    "url": "/Savings/Sonorous-ST160-TV-Cabinet-for-TVs-up-to-70-White/p/161048"
                },
                {
                    "code": "uk-blackFriendly",
                    "hexcode": "#3D3D3D",
                    "name": "Black + Speaking Friendly Fabric",
                    "url": "/Savings/Sonorous-ST160-TV-Cabinet-for-TVs-up-to-70-Black-with-Speaker-Friendly-Fabric/p/161052"
                },
                {
                    "code": "uk-black",
                    "hexcode": "#000000",
                    "name": "Black",
                    "url": "/Savings/Sonorous-ST160-TV-Cabinet-for-TVs-up-to-70-Black/p/161064"
                }
            ],
            "warehouseHidePriceValue": false
        },
        {
            "addToCartFromPLPCategories": [
                {
                    "key": "MVM7-Hotbuy",
                    "value": false
                },
                {
                    "key": "decal-installation-31999",
                    "value": false
                },
                {
                    "key": "cos_9.3",
                    "value": true
                },
                {
                    "key": "cos_9",
                    "value": true
                },
                {
                    "key": "costco",
                    "value": true
                },
                {
                    "key": "Hot-Buys",
                    "value": true
                },
                {
                    "key": "decal-installation-31999-Campaign",
                    "value": false
                },
                {
                    "key": "cos_9.1.1",
                    "value": true
                },
                {
                    "key": "MVM7-Hotbuy-Campaign",
                    "value": false
                }
            ],
            "addableToCartFromListingPage": true,
            "availableForPreorder": false,
            "basePrice": {
                "currencyIso": "GBP",
                "formattedValue": "£569.89",
                "priceType": "BUY",
                "value": 569.89
            },
            "businessDelivery": false,
            "code": "319755",
            "decalData": [
                {
                    "key": "3",
                    "value": {
                        "altText": "null",
                        "position": 3,
                        "url": "/mediapermalink/decal-installation-31999"
                    }
                }
            ],
            "description": "<p>This Vitavia Vermont 6200 Greenhouse Package will meet the needs of all gardeners, from beginners to those with more gardening expertise. Featuring a classic apex design for strength and reliability, the greenhouse is constructed from an anodised silver coloured aluminium frame with toughened glass panels. The sliding door can be positioned to the left or right hand side of the greenhouse to suit your preference.</p>\n\n<p>The greenhouse offers a large 6.2 metre squared growing area and comes complete with a 1-tier staging table for additional work surface and which also doubles up as a handy storage area. Toughened Glass is much stronger than Horticultural glass and won&#39;t crack. If it does break it disintegrates into hundreds of small pieces that are unlikely to cause injury, unlike Horticultural Glass which breaks into shards. The roof vent will provide ventilation for your plants, and the auto roof vent opener will automatically open the roof vent when the interior temperature of the greenhouse gets too hot.&nbsp;</p>\n\n<p>Specifications:</p>\n\n<ul>\n\t<li>Anodised silver coloured aluminium frame</li>\n\t<li>Toughened glass</li>\n\t<li>Easy slide sliding door which can be positioned either side of the greenhouse</li>\n\t<li>Auto vent will automatically open when the interior temperature gets too hot</li>\n\t<li>Roof vent for ventilation</li>\n\t<li>Roof bracing for addtional strength</li>\n\t<li>Integral gutters</li>\n\t<li>1 tier staging table for additional work surface/storage area</li>\n\t<li>Steel perimeter base</li>\n\t<li>Approved by the TUV Standards Authority</li>\n\t<li>Build Time:&nbsp;2 people approx. 2 days</li>\n\t<li>Growing Area: 6.2 m/sq</li>\n\t<li>Sliding Door Width: 0.6 m</li>\n\t<li>Max. Ridge Height: 1.97 m</li>\n\t<li>Eaves Height: 1.24 m</li>\n\t<li>Base Included:&nbsp;Yes</li>\n\t<li>Assembled Dimensions:&nbsp;H 1.97 x W 2 x L 3.2 m</li>\n\t<li>Base Dimensions: W 2 x L 3.2 m</li>\n</ul>\n\n<p>&nbsp;</p>\n\n<p>N.B&nbsp;Ground must be firm and level prior to assembly. For best results a concrete/slab base should be used.</p>\n\n<p>Please note that the down piping kit is not included.</p>\n\n<p>This product does not come with installation and will be delivered only.</p>\n\n<p>Premium Services - Installation Service:</p>\n\n<p>Choose a premium installation service with your chosen greenhouse and enjoy the ease of knowing installation is taken care of. Let teams of skilled and trained installers take care of your installation and choose a premium installation service with your greenhouse for minimal fuss and swift assembly.</p>\n",
            "englishName": "Vitavia Vermont 6200 6X10Ft Greenhouse Package",
            "expeditedDelivery": false,
            "hasPricePerUnit": false,
            "hidePriceValue": false,
            "images": [
                {
                    "format": "thumbnail",
                    "imageType": "PRIMARY",
                    "url": "/medias/sys_master/images/h1f/hb8/17089342144542.jpg"
                },
                {
                    "format": "product",
                    "imageType": "PRIMARY",
                    "url": "/medias/sys_master/images/h25/h45/17089341882398.jpg"
                },
                {
                    "format": "results",
                    "imageType": "PRIMARY",
                    "url": "/medias/sys_master/images/h0a/h8a/17089341947934.jpg"
                },
                {
                    "format": "carousel",
                    "imageType": "PRIMARY",
                    "url": "/medias/sys_master/images/h0a/h8a/17089341947934.jpg"
                }
            ],
            "isBaseProduct": false,
            "isExternalVendorProduct": false,
            "isExternalVendorVariantProduct": false,
            "minOrderQuantity": 0,
            "modulusItemQuantity": 1,
            "name": "Vitavia Vermont 6200 6ft 2\" x 10ft 4\" (2 x 3.2 m) Greenhouse Package",
            "price": {
                "currencyIso": "GBP",
                "formattedValue": "£569.89",
                "priceType": "BUY",
                "value": 569.89
            },
            "purchasable": true,
            "randomWeight": false,
            "shippingIncluded": true,
            "stock": {
                "contactDay": 0,
                "deliveryLeadTime": 0,
                "stockLevelStatus": "inStock"
            },
            "summary": "Includes single sliding door, toughened glass, steel perimeter base, 1 x 1 tier staging table, automatic roof vent opener and downpipe kit",
            "url": "/Garden-Sheds-Patio/Garden-Structures/Greenhouses/Vitavia-Vermont-6200-6ft-2-x-10ft-4-2-x-32-m-Greenhouse-Package/p/319755",
            "warehouseHidePriceValue": false
        },
        {
            "addToCartFromPLPCategories": [
                {
                    "key": "MVM7-Hotbuy",
                    "value": false
                },
                {
                    "key": "cos_2.1.13.12",
                    "value": false
                },
                {
                    "key": "Delivery-Assembly",
                    "value": false
                },
                {
                    "key": "cos_2.1.13",
                    "value": false
                },
                {
                    "key": "Pre-Xmas-6th-Campaign",
                    "value": false
                },
                {
                    "key": "Disposal-1989",
                    "value": false
                },
                {
                    "key": "SealySavings",
                    "value": false
                },
                {
                    "key": "disposal-1989-campaign",
                    "value": false
                },
                {
                    "key": "Pre-Xmas-6th",
                    "value": false
                },
                {
                    "key": "Hot-Buys",
                    "value": false
                },
                {
                    "key": "Delivery-Assembly-Campaign",
                    "value": false
                },
                {
                    "key": "SealySavings-Campaign",
                    "value": false
                },
                {
                    "key": "MVM7-Hotbuy-Campaign",
                    "value": false
                }
            ],
            "addableToCartFromListingPage": false,
            "availableForPreorder": false,
            "basePrice": {
                "currencyIso": "GBP",
                "formattedValue": "£549.99",
                "priceType": "FROM",
                "value": 549.99
            },
            "businessDelivery": false,
            "classifications": [
                {
                    "code": "mattresses",
                    "features": [
                        {
                            "code": "ukClassificationCatalog/1.0/mattresses.mattresscomfort",
                            "comparable": true,
                            "featureValues": [
                                {
                                    "value": "[Pocket Spring/Foam]"
                                }
                            ],
                            "name": "Mattress Comfort",
                            "range": false
                        },
                        {
                            "code": "ukClassificationCatalog/1.0/mattresses.mattressfirmness",
                            "comparable": true,
                            "featureValues": [
                                {
                                    "value": "[Medium/Firm]"
                                }
                            ],
                            "name": "Mattress Firmness",
                            "range": false
                        }
                    ]
                }
            ],
            "code": "sealyprestige1400pocketdivanfawn",
            "decalData": [
                {
                    "key": "3",
                    "value": {
                        "altText": "\"\"",
                        "position": 3,
                        "url": "/_ui/responsive/uk/images/decals/del_assembly_pd.png"
                    }
                },
                {
                    "key": "4",
                    "value": {
                        "altText": "\"\"",
                        "position": 4,
                        "url": "/mediapermalink/decal-disposal-1989"
                    }
                }
            ],
            "description": "<p style=\"margin-left:0cm; margin-right:0cm\">The Sealy Prestige 1400 Pocket Latex Box Top mattress encompasses all of the support you would expect from a Sealy Posturepedic, with the luxury sleeping experience of a pocket sprung bed.</p>\n\n<p style=\"margin-left:0cm; margin-right:0cm\">It features 1400 motion and weight responsive springs, which are individually fabric encased to provide excellent support and help eliminate noise. The individual pocket springs mould to the contours of the body, aligning the spine, whilst the insert of Latex gives greater &lsquo;push back&rsquo; for exceptional comfort and pressure relief. Latex also boasts inherent breathability, keeping you cool throughout the night. The 7 zone foam provides relief to your pressure points and supports your body where you need it most.</p>\n\n<p style=\"margin-left:0cm; margin-right:0cm\">The luxurious micro quilted box top construction offers sumptuous comfort and features Sealy SMART fibres. Sealy Smart Fibres are endorsed by Allergy UK and work collaboratively with Adaptive to create a cool, fresh and hypoallergenic sleeping environment. Tencel is made from eucalyptus and has excellent moisture absorption properties, creating a positive environment that does not give mould a chance to grow. Purotex fibres work alongside Tencel by releasing microcapsules into the fabric of the mattress, keeping the sleep surface clean and extending the mattresses lifespan.</p>\n\n<p style=\"margin-left:0cm; margin-right:0cm\">The 26cm divan base is designed for convenience, offering a shallower foundation for your deeper Sealy mattress. Sealy divan bases are beautifully handcrafted in a simple, on-trend style that will suit any bedroom decor. The single size divan has 2&nbsp;storage drawers (side by side), whilst the double, king and super king options have 4 storage drawers.</p>\n\n<p style=\"margin-left:0cm; margin-right:0cm\"><strong>Features</strong></p>\n\n<ul>\n\t<li>Micro quilted sleep surface for added comfort</li>\n\t<li>Features&nbsp;1400 motion &amp;&nbsp;weight responsive pocket springs to provide greater durability &amp;&nbsp;support</li>\n\t<li>Latex provides even pressure distribution, responding to your body&rsquo;s contours to provide excellent comfort &amp;&nbsp;support</li>\n\t<li>7 zone foam provides relief to your pressure points</li>\n\t<li>Purotex fibres are endorsed by Allergy UK &amp;&nbsp;release friendly bacteria into the fabric of the mattress acting as a self-cleaner- great for allergy sufferers</li>\n\t<li>Made from eucalyptus, Tencel fibres are inherently breathable, avoiding irritation to the skin whilst you are sleeping &amp;&nbsp;preventing your body from overheating</li>\n\t<li>Adaptive releases &amp;&nbsp;transports moisture- the perfect solution for a cool, dry sleep</li>\n\t<li>Handmade in the UK</li>\n\t<li><strong>Mattress Firmness:&nbsp;</strong>Medium/Firm</li>\n\t<li><strong>Mattress Depth:&nbsp;</strong>30 cm</li>\n</ul>\n\n<p style=\"margin-left:0cm; margin-right:0cm\">Please email&nbsp;<a href=\"mailto:webenquiry@sealy.co.uk\">webenquiry@sealy.co.uk</a>&nbsp;to receive a sample swatch of the divan fabric. Please include your name, address, phone number and the item description that corresponds with your selection.</p>\n",
            "englishName": "Sealy Prestige 1400 Pocket Latex Mattress & Divan in Fawn in 4 Sizes",
            "expeditedDelivery": false,
            "hasPricePerUnit": false,
            "hidePriceValue": false,
            "images": [
                {
                    "format": "thumbnail",
                    "imageType": "PRIMARY",
                    "url": "/medias/sys_master/images/hc7/hc8/15922947031070.jpg"
                },
                {
                    "format": "product",
                    "imageType": "PRIMARY",
                    "url": "/medias/sys_master/images/haf/h01/15922946867230.jpg"
                },
                {
                    "format": "results",
                    "imageType": "PRIMARY",
                    "url": "/medias/sys_master/images/hc0/h7d/15922946932766.jpg"
                },
                {
                    "format": "carousel",
                    "imageType": "PRIMARY",
                    "url": "/medias/sys_master/images/hc0/h7d/15922946932766.jpg"
                }
            ],
            "isBaseProduct": true,
            "isExternalVendorProduct": false,
            "isExternalVendorVariantProduct": false,
            "minOrderQuantity": 0,
            "modulusItemQuantity": 0,
            "name": "Sealy Prestige 1400 Pocket Latex Mattress & Divan in Fawn in 4 Sizes",
            "price": {
                "currencyIso": "GBP",
                "formattedValue": "£549.99",
                "priceType": "FROM",
                "value": 549.99
            },
            "purchasable": false,
            "randomWeight": false,
            "shippingIncluded": true,
            "stock": {
                "contactDay": 0,
                "deliveryLeadTime": 0,
                "stockLevelStatus": "inStock"
            },
            "summary": "<p>-Available in Single, Double, King and Super King</p><p>-4 Drawer divan base</p><p>-Headboard not included</p><p>- Sealy Prestige 1400 Pocket Latex Mattress, King</p><p>- Comfort Rating: Medium/Firm</p><p>- Pocket Spring</p><p>&nbsp;</p><p><strong>Please Note</strong><br />To receive a sample swatch of the divan fabric, contact&nbsp;<a href=\"mailto:webenquiry@sealy.co.uk\">webenquiry@sealy.co.uk</a>&nbsp;with your name, address and the item description that corresponds with your selection.</p>",
            "url": "/c/Sealy-Prestige-1400-Pocket-Latex-Mattress-Divan-in-Fawn-in-4-Sizes/p/sealyprestige1400pocketdivanfawn",
            "warehouseHidePriceValue": false
        },
        {
            "addToCartFromPLPCategories": [
                {
                    "key": "MVM7-Hotbuy",
                    "value": false
                },
                {
                    "key": "cos_2.1.13.12",
                    "value": false
                },
                {
                    "key": "Delivery-Assembly",
                    "value": false
                },
                {
                    "key": "Pre-Xmas-6th-Campaign",
                    "value": false
                },
                {
                    "key": "Disposal-1989",
                    "value": false
                },
                {
                    "key": "SealySavings",
                    "value": false
                },
                {
                    "key": "disposal-1989-campaign",
                    "value": false
                },
                {
                    "key": "Pre-Xmas-6th",
                    "value": false
                },
                {
                    "key": "Hot-Buys",
                    "value": false
                },
                {
                    "key": "Delivery-Assembly-Campaign",
                    "value": false
                },
                {
                    "key": "cos_2.1.5",
                    "value": false
                },
                {
                    "key": "SealySavings-Campaign",
                    "value": false
                },
                {
                    "key": "MVM7-Hotbuy-Campaign",
                    "value": false
                }
            ],
            "addableToCartFromListingPage": false,
            "availableForPreorder": false,
            "basePrice": {
                "currencyIso": "GBP",
                "formattedValue": "£549.99",
                "priceType": "FROM",
                "value": 549.99
            },
            "businessDelivery": false,
            "classifications": [
                {
                    "code": "mattresses",
                    "features": [
                        {
                            "code": "ukClassificationCatalog/1.0/mattresses.mattresscomfort",
                            "comparable": true,
                            "featureValues": [
                                {
                                    "value": "[Pocket Spring/Foam]"
                                }
                            ],
                            "name": "Mattress Comfort",
                            "range": false
                        },
                        {
                            "code": "ukClassificationCatalog/1.0/mattresses.mattressfirmness",
                            "comparable": true,
                            "featureValues": [
                                {
                                    "value": "[Medium/Firm]"
                                }
                            ],
                            "name": "Mattress Firmness",
                            "range": false
                        }
                    ]
                }
            ],
            "code": "sealyprestige1400pocketdivangrey",
            "decalData": [
                {
                    "key": "3",
                    "value": {
                        "altText": "\"\"",
                        "position": 3,
                        "url": "/_ui/responsive/uk/images/decals/del_assembly_pd.png"
                    }
                },
                {
                    "key": "4",
                    "value": {
                        "altText": "\"\"",
                        "position": 4,
                        "url": "/mediapermalink/decal-disposal-1989"
                    }
                }
            ],
            "description": "<p style=\"margin-left:0cm; margin-right:0cm\">The Sealy Prestige 1400 Pocket Latex Box Top mattress encompasses all of the support you would expect from a Sealy Posturepedic, with the luxury sleeping experience of a pocket sprung bed.</p>\n\n<p style=\"margin-left:0cm; margin-right:0cm\">It features 1400 motion and weight responsive springs, which are individually fabric encased to provide excellent support and help eliminate noise. The individual pocket springs mould to the contours of the body, aligning the spine, whilst the insert of Latex gives greater &lsquo;push back&rsquo; for exceptional comfort and pressure relief. Latex also boasts inherent breathability, keeping you cool throughout the night. The 7 zone foam provides relief to your pressure points and supports your body where you need it most.</p>\n\n<p style=\"margin-left:0cm; margin-right:0cm\">The luxurious micro quilted box top construction offers sumptuous comfort and features Sealy SMART fibres. Sealy Smart Fibres are endorsed by Allergy UK and work collaboratively with Adaptive to create a cool, fresh and hypoallergenic sleeping environment. Tencel is made from eucalyptus and has excellent moisture absorption properties, creating a positive environment that does not give mould a chance to grow. Purotex fibres work alongside Tencel by releasing microcapsules into the fabric of the mattress, keeping the sleep surface clean and extending the mattresses lifespan.</p>\n\n<p style=\"margin-left:0cm; margin-right:0cm\">The 26cm divan base is designed for convenience, offering a shallower foundation for your deeper Sealy mattress. Sealy divan bases are beautifully handcrafted in a simple, on-trend style that will suit any bedroom decor. The single size divan has 2 storage drawers (side by side), whilst the double, king and super king options have 4 storage drawers.</p>\n\n<p><strong>Features</strong></p>\n\n<ul>\n\t<li>Micro quilted sleep surface for added comfort</li>\n\t<li>Features&nbsp;1400 motion &amp;&nbsp;weight responsive pocket springs to provide greater durability &amp;&nbsp;support</li>\n\t<li>Latex provides even pressure distribution, responding to your body&rsquo;s contours to provide excellent comfort &amp;&nbsp;support</li>\n\t<li>7 zone foam provides relief to your pressure points</li>\n\t<li>Purotex fibres are endorsed by Allergy UK &amp;&nbsp;release friendly bacteria into the fabric of the mattress acting as a self-cleaner- great for allergy sufferers</li>\n\t<li>Made from eucalyptus, Tencel fibres are inherently breathable, avoiding irritation to the skin whilst you are sleeping &amp;&nbsp;preventing your body from overheating</li>\n\t<li>Adaptive releases &amp;&nbsp;transports moisture- the perfect solution for a cool, dry sleep</li>\n\t<li>Handmade in the UK</li>\n\t<li><strong>Mattress Firmness:&nbsp;</strong>Medium/Firm</li>\n\t<li><strong>Mattress Depth:&nbsp;</strong>30 cm</li>\n</ul>\n\n<p>Please email&nbsp;<a href=\"mailto:webenquiry@sealy.co.uk\">webenquiry@sealy.co.uk</a>&nbsp;to receive a sample swatch of the divan fabric. Please include your name, address, phone number and the item description that corresponds with your selection.</p>\n",
            "englishName": "Sealy Prestige 1400 Pocket Latex Mattress & Divan in Grey in 4 Sizes",
            "expeditedDelivery": false,
            "hasPricePerUnit": false,
            "hidePriceValue": false,
            "images": [
                {
                    "format": "thumbnail",
                    "imageType": "PRIMARY",
                    "url": "/medias/sys_master/images/h67/h93/15922946998302.jpg"
                },
                {
                    "format": "product",
                    "imageType": "PRIMARY",
                    "url": "/medias/sys_master/images/hf6/h13/15922946801694.jpg"
                },
                {
                    "format": "results",
                    "imageType": "PRIMARY",
                    "url": "/medias/sys_master/images/hdc/hf6/15922946834462.jpg"
                },
                {
                    "format": "carousel",
                    "imageType": "PRIMARY",
                    "url": "/medias/sys_master/images/hdc/hf6/15922946834462.jpg"
                }
            ],
            "isBaseProduct": true,
            "isExternalVendorProduct": false,
            "isExternalVendorVariantProduct": false,
            "minOrderQuantity": 0,
            "modulusItemQuantity": 0,
            "name": "Sealy Prestige 1400 Pocket Latex Mattress & Divan in Grey in 4 Sizes",
            "price": {
                "currencyIso": "GBP",
                "formattedValue": "£549.99",
                "priceType": "FROM",
                "value": 549.99
            },
            "purchasable": false,
            "randomWeight": false,
            "shippingIncluded": true,
            "stock": {
                "contactDay": 0,
                "deliveryLeadTime": 0,
                "stockLevelStatus": "inStock"
            },
            "summary": "<p>-&nbsp;Available in Single, Double, King and Super King</p><p>-2/4 Drawer divan base</p><p>-Headboard not included</p><p>- Sealy Prestige 1400 Pocket Latex Mattress, Super King</p><p>- Comfort Rating: Medium/Firm</p><p>- Pocket Spring</p><p><strong>&nbsp;</strong></p><p><strong>Please Note</strong><br />To receive a sample swatch of the divan fabric, contact&nbsp;<a href=\"mailto:webenquiry@sealy.co.uk\">webenquiry@sealy.co.uk</a>&nbsp;with your name, address and the item description that corresponds with your selection.</p>",
            "url": "/c/Sealy-Prestige-1400-Pocket-Latex-Mattress-Divan-in-Grey-in-4-Sizes/p/sealyprestige1400pocketdivangrey",
            "warehouseHidePriceValue": false
        },
        {
            "addToCartFromPLPCategories": [
                {
                    "key": "MVM7-Hotbuy",
                    "value": false
                },
                {
                    "key": "cos_9.3",
                    "value": true
                },
                {
                    "key": "cos_9",
                    "value": true
                },
                {
                    "key": "installation-269-campaign",
                    "value": false
                },
                {
                    "key": "installation-269",
                    "value": false
                },
                {
                    "key": "costco",
                    "value": true
                },
                {
                    "key": "TopTrending",
                    "value": false
                },
                {
                    "key": "Hot-Buys",
                    "value": true
                },
                {
                    "key": "cos_9.1.1",
                    "value": true
                },
                {
                    "key": "MVM7-Hotbuy-Campaign",
                    "value": false
                }
            ],
            "addableToCartFromListingPage": true,
            "availableForPreorder": false,
            "basePrice": {
                "currencyIso": "GBP",
                "formattedValue": "£524.89",
                "priceType": "BUY",
                "value": 524.89
            },
            "businessDelivery": false,
            "code": "140570",
            "decalData": [
                {
                    "key": "3",
                    "value": {
                        "altText": "\"\"",
                        "position": 3,
                        "url": "/mediapermalink/decal-installation-269"
                    }
                }
            ],
            "description": "<p><a href=\"/mediapermalink/140570_AssemblyInstructions\" target=\"_blank\"><img class=\"adobe-pdf-icon\" src=\"/mediapermalink/adobe-pdf-icon-png\" />Assembly Instructions</a></p>\n\n<p>This Vitavia Vermont 5000 is a great entry level greenhouse for gardeners of all experience. It comes as a complete package with its steel perimeter base, toughened glass, 1-tier staging table for inside the greenhouse and a roof vent with automatic opener when temperature rises.</p>\n\n<p>&nbsp;</p>\n\n<ul>\n\t<li>6ft x 8ft size gives you 5sq metres of growing floor space, plus space on the one-tier staging table</li>\n\t<li>One tier staging table for you to place your growing pots and trays</li>\n\t<li>Reversible door position: you can hang the sliding doors to open either left or right - ideal for access if it&#39;s next to a wall</li>\n\t<li>Superb strength due to the anodised aluminium structure and roof braces</li>\n\t<li>Complete with quality steel perimeter base</li>\n\t<li>Quality through and through: the Vermont 5000 has been approved by the TUV standards authority</li>\n\t<li>Stays looking pristine for its lifespan as the aluminium is anodised</li>\n\t<li>Toughened glass tempered for your safety and peace of mind</li>\n\t<li>Automatic roof vent opener: it opens the roof vent when the temperature rises so what you grow doesn&#39;t dry out and die</li>\n\t<li>Sliding door can remain open in any position so that you can regulate the amount of airflow in your greenhouse</li>\n\t<li>Build time: 2 days for 2 people</li>\n\t<li>Base Included: Yes</li>\n\t<li>Product Dimensions: H 1.92 x W 1.9 x L 2.6 m</li>\n\t<li>Base Dimensions: W 2 x L 2.6 m</li>\n</ul>\n\n<p>Note: Ground must be firm and level prior to assembly. For best results a concrete/slab base should be used.&nbsp;<br />\nPlease note that the down piping kit is not included.<br />\nThis product does not come with installation and will be delivered only.<br />\nPremium Services - Installation Service:</p>\n\n<p>Choose a premium installation service with your chosen greenhouse and enjoy the ease of knowing installation is taken care of. Let teams of skilled and trained installers take care of your installation and choose a premium installation service with your greenhouse for minimal fuss and swift assembly.</p>\n",
            "englishName": "",
            "expeditedDelivery": false,
            "hasPricePerUnit": false,
            "hidePriceValue": false,
            "images": [
                {
                    "format": "thumbnail",
                    "imageType": "PRIMARY",
                    "url": "/medias/sys_master/products/ha7/h51/10032455057438.jpg"
                },
                {
                    "format": "product",
                    "imageType": "PRIMARY",
                    "url": "/medias/sys_master/products/h0b/h3d/10032454500382.jpg"
                },
                {
                    "format": "results",
                    "imageType": "PRIMARY",
                    "url": "/medias/sys_master/products/h07/h11/10032454696990.jpg"
                },
                {
                    "format": "carousel",
                    "imageType": "PRIMARY",
                    "url": "/medias/sys_master/products/h07/h11/10032454696990.jpg"
                }
            ],
            "isBaseProduct": false,
            "isExternalVendorProduct": false,
            "isExternalVendorVariantProduct": false,
            "minOrderQuantity": 0,
            "modulusItemQuantity": 0,
            "name": "Vitavia Vermont 5000 6ft 2\" x 8ft 5\" (2 x 2.6m) Greenhouse Package",
            "price": {
                "currencyIso": "GBP",
                "formattedValue": "£524.89",
                "priceType": "BUY",
                "value": 524.89
            },
            "purchasable": true,
            "randomWeight": false,
            "shippingIncluded": true,
            "stock": {
                "contactDay": 0,
                "deliveryLeadTime": 0,
                "stockLevelStatus": "inStock"
            },
            "summary": "Includes steel perimeter base, 1-tier staging table, automatic roof vent opener and toughened glass.",
            "url": "/Garden-Sheds-Patio/Garden-Structures/Greenhouses/Vitavia-Vermont-5000-6ft-2-x-8ft-5-2-x-26m-Greenhouse-Package/p/140570",
            "warehouseHidePriceValue": false
        },
        {
            "addToCartFromPLPCategories": [
                {
                    "key": "xmas-18th-midnight-campaign",
                    "value": false
                },
                {
                    "key": "MVM7-Hotbuy",
                    "value": false
                },
                {
                    "key": "expert",
                    "value": false
                },
                {
                    "key": "xmas-18th-12pm",
                    "value": false
                },
                {
                    "key": "TopRated",
                    "value": false
                },
                {
                    "key": "Decal-Disconnection-549",
                    "value": false
                },
                {
                    "key": "Decal-Disposal-1489-Campaign",
                    "value": false
                },
                {
                    "key": "xmas-18th-12pm-campaign",
                    "value": false
                },
                {
                    "key": "cos_2.4.10",
                    "value": false
                },
                {
                    "key": "Decal-Disconnection-549-Campaign",
                    "value": false
                },
                {
                    "key": "Installation-1899",
                    "value": false
                },
                {
                    "key": "cos_10.12",
                    "value": false
                },
                {
                    "key": "Disposal-1489",
                    "value": false
                },
                {
                    "key": "xmas-18th-midnight",
                    "value": false
                },
                {
                    "key": "cos_10",
                    "value": false
                },
                {
                    "key": "costco",
                    "value": false
                },
                {
                    "key": "Hot-Buys",
                    "value": false
                },
                {
                    "key": "cos_2.4.1",
                    "value": false
                },
                {
                    "key": "Decal-Installation-1899-Campaign",
                    "value": false
                },
                {
                    "key": "MVM7-Hotbuy-Campaign",
                    "value": false
                }
            ],
            "addableToCartFromListingPage": false,
            "availableForPreorder": false,
            "basePrice": {
                "currencyIso": "GBP",
                "formattedValue": "£499.99",
                "priceType": "BUY",
                "value": 499.99
            },
            "businessDelivery": false,
            "classifications": [
                {
                    "code": "whiteGoods",
                    "features": [
                        {
                            "code": "ukClassificationCatalog/1.0/whiteGoods.width",
                            "comparable": true,
                            "featureValues": [
                                {
                                    "value": "[59.5 cm]"
                                }
                            ],
                            "name": "Width",
                            "range": false
                        },
                        {
                            "code": "ukClassificationCatalog/1.0/whiteGoods.height",
                            "comparable": true,
                            "featureValues": [
                                {
                                    "value": "[85.0 cm]"
                                }
                            ],
                            "name": "Height",
                            "range": false
                        }
                    ]
                }
            ],
            "code": "263187",
            "decalData": [
                {
                    "key": "2",
                    "value": {
                        "altText": "null",
                        "position": 2,
                        "url": "/mediapermalink/disconnection-549"
                    }
                },
                {
                    "key": "3",
                    "value": {
                        "altText": "\"\"",
                        "position": 3,
                        "url": "/mediapermalink/decal-installation-1899"
                    }
                },
                {
                    "key": "4",
                    "value": {
                        "altText": "\"\"",
                        "position": 4,
                        "url": "/mediapermalink/decal-disposal-1489"
                    }
                }
            ],
            "description": "<p>\n<style type=\"text/css\">img {\n    max-width: 100%; \n    height: auto; \n    }\n    \n    \n    \n.mobile-bnr {\n    display: none;\n    }\n    \n    \n.desktop-bnr {\n    display: block;\n    }    \n        \n    \n    \n    \n@media only screen and (max-width: 480px) {    \n    \n.desktop-bnr {\n    display: none;\n    }\n    \n    \n.mobile-bnr {\n    display: block;\n    }        \n    \n\n    \n    }\n</style>\n</p>\n\n<div id=\"CategoryBanner\"><a href=\"/concierge-services\"><img alt=\"Extended 2 Year Warranty** on Computers, Tablets, Major Appliances/ White Goods* Cameras and Camcorders\" class=\"desktop-bnr\" src=\"/mediapermalink/concierge-2year-warranty-bnr-1400\" /><img alt=\"Extended 2 Year Warranty** on Computers, Tablets, Major Appliances/ White Goods* Cameras and Camcorders\" class=\"mobile-bnr\" src=\"/mediapermalink/concierge-2year-warranty-bnr-480\" /></a>&nbsp;</div>\n\n<p>The Haier HW100-BD14756 10kg White Washing Machine helps long laundry days a thing of the past. With a huge 10kg capacity and an A+++ -50% energy rating you can wash mounds of clothes, sheets or dirty sports kits in one load as well as doing your part for the environment. With some great features include Smart Dosing, Smart Dual Spray and Auto Weight you will be pleasantly surprised with the Haier HW100-BD14756.<br />\n<br />\n<strong>ABT</strong><br />\nThe detergent drawer is anti-bacterial; which works by preventing bacteria from forming in the gasket drawer, meaning you will have better cleaning results and safer washing conditions for your laundry.<br />\n<br />\n<strong>Smart Dosing</strong><br />\nProvides intelligent dosage for best results based on the load and dirtiness of laundry. It allows to wash more eco-friendly due to a saving of detergent and softener equivalent to up to 33 wash cycles per year<br />\n<br />\n<strong>Smart Dual Spray</strong><br />\nRemoves all fibres usually blocked in the gasket after usage. The result, fluff-free washing<br />\n<br />\n<strong>Auto Weight</strong><br />\nJust before the cycle starts, the machine weighs your garments and calculates the wash cycle time and the amount of water required. With just one touch it&#39;s never been easier to manage your washing machine!<br />\n<br />\n<strong>Direct Motion Motor</strong><br />\nFewer moving parts for an increased reliability. Runs at just 67dB, making it one of the quietest machines on the UK market. Perfect for open-plan, uninterrupted living.<br />\n<br />\n<strong>Adjustable spin speed</strong><br />\nWith an easily adjustable spin speed the&nbsp;HW100-BD14756 allows you to take care of your more delicate items.</p>\n\n<p><br />\n<strong>Features:</strong></p>\n\n<ul>\n\t<li>Super Quiet at only 67 dB on a spinning cycle</li>\n\t<li>Smart Dosing</li>\n\t<li>Direct Motion Motor</li>\n\t<li>Motor Overheating Protection</li>\n\t<li>Auto Door Lock</li>\n\t<li>Efficient A+++ -50% Rating</li>\n\t<li>Adjustable Thermostat</li>\n</ul>\n\n<p><strong>16 Programmes:</strong></p>\n\n<ul>\n\t<li>Cotton</li>\n\t<li>Synthetics</li>\n\t<li>Mix</li>\n\t<li>Delicate</li>\n\t<li>Wool</li>\n\t<li>Baby Care</li>\n\t<li>Daily Wash</li>\n\t<li>Hand Wash</li>\n\t<li>Express 15 min</li>\n\t<li>Jeans</li>\n\t<li>Wash 15&deg;C</li>\n\t<li>Duvet</li>\n\t<li>Sport</li>\n\t<li>Spin</li>\n</ul>\n",
            "englishName": "Haier Haltys HW100-BD14756, 10kg, 1400rpm Washing Machine A+++-50% Rating in White",
            "expeditedDelivery": false,
            "hasPricePerUnit": false,
            "hidePriceValue": false,
            "images": [
                {
                    "format": "thumbnail",
                    "imageType": "PRIMARY",
                    "url": "/medias/sys_master/images/h29/h6f/13814604496926.jpg"
                },
                {
                    "format": "product",
                    "imageType": "PRIMARY",
                    "url": "/medias/sys_master/images/h77/hd8/13814603644958.jpg"
                },
                {
                    "format": "results",
                    "imageType": "PRIMARY",
                    "url": "/medias/sys_master/images/hd7/h5e/13814603874334.jpg"
                },
                {
                    "format": "carousel",
                    "imageType": "PRIMARY",
                    "url": "/medias/sys_master/images/hd7/h5e/13814603874334.jpg"
                }
            ],
            "isBaseProduct": false,
            "isExternalVendorProduct": false,
            "isExternalVendorVariantProduct": false,
            "minOrderQuantity": 0,
            "modulusItemQuantity": 1,
            "name": "Haier Haltys HW100-BD14756, 10kg, 1400rpm Washing Machine A+++-50% Rating in White",
            "price": {
                "currencyIso": "GBP",
                "formattedValue": "£499.99",
                "priceType": "BUY",
                "value": 499.99
            },
            "purchasable": false,
            "randomWeight": false,
            "shippingIncluded": true,
            "stock": {
                "contactDay": 0,
                "deliveryLeadTime": 0,
                "stockLevelStatus": "inStock"
            },
            "summary": "<p>- 10kg Capacity<br />- Smart Dosing and Direct Motion Motor<br />- Freestanding<br />- H 85.0 x W 60.0 x D 60.0 cm<br />- Installation and/or Recycle of old product available at checkout</p>",
            "url": "/Appliances/Washing-Machines-Tumble-Dryers/Haier-Haltys-HW100-BD14756-10kg-1400rpm-Washing-Machine-A-50-Rating-in-White/p/263187",
            "warehouseHidePriceValue": false
        },
        {
            "addToCartFromPLPCategories": [
                {
                    "key": "MVM7-Hotbuy",
                    "value": false
                },
                {
                    "key": "cos_1.1.1",
                    "value": false
                },
                {
                    "key": "costco",
                    "value": false
                },
                {
                    "key": "Hot-Buys",
                    "value": false
                },
                {
                    "key": "cos_1",
                    "value": false
                },
                {
                    "key": "cos_1.1",
                    "value": false
                },
                {
                    "key": "MVM7-Hotbuy-Campaign",
                    "value": false
                }
            ],
            "addableToCartFromListingPage": false,
            "availableForPreorder": false,
            "basePrice": {
                "currencyIso": "GBP",
                "formattedValue": "£499.99",
                "priceType": "BUY",
                "value": 499.99
            },
            "businessDelivery": false,
            "code": "311770",
            "description": "<style type=\"text/css\">img {\n    max-width: 100%; \n    height: auto; \n    }\n    \n    \n    \n.mobile-bnr {\n    display: none;\n    }\n    \n    \n.desktop-bnr {\n    display: block;\n    }    \n        \n    \n    \n    \n@media only screen and (max-width: 480px) {    \n    \n.desktop-bnr {\n    display: none;\n    }\n    \n    \n.mobile-bnr {\n    display: block;\n    }        \n    \n\n    \n    }\n</style>\n<div id=\"CategoryBanner\"><a href=\"/concierge-services\"><img alt=\"Extended 5 Year Warranty** on Televisions and Projectors\" class=\"desktop-bnr\" src=\"/mediapermalink/concierge-5year-warranty-bnr-1400\" /><img alt=\"Extended 5 Year Warranty** on Televisions and Projectors\" class=\"mobile-bnr\" src=\"/mediapermalink/concierge-5year-warranty-bnr-480\" /></a></div>\n\n<p><strong>4K UHD HDR</strong></p>\n\n<p><iframe 0=\"\" height=\"534\" src=\"https://isitetv.com/isitetv_cms/player.php?encoded=en064129196007070135160185210235\" width=\"949\"></iframe></p>\n\n<p>Awarded the 4K HDR Ultra HD logo, all of Toshiba&rsquo;s 4K HDR TVs have been proven to deliver and faithfully display 4K HDR content in all its glory.</p>\n\n<p>&nbsp;</p>\n\n<p><strong>TRU Picture Engine</strong></p>\n\n<p>Imagination realised. Discover the true power of exceptional image clarity, enhanced contrast and smoother, more natural onscreen motion. With TRU Picture Engine, you can enjoy life-like picture quality for any on-screen content, including Full HD and HD ready video and live TV.</p>\n\n<p>&nbsp;</p>\n\n<p><strong>Dolby Vision HDR</strong></p>\n\n<p>Immerse yourself in the onscreen action with one of our Toshiba Dolby Vision compatible TVs. The preferred HDR video format of movie makers around the world, Dolby Vision uses dynamic metadata to read and calculate exactly the right brightness level for every TV frame.</p>\n\n<p>&nbsp;</p>\n\n<p><strong>Wide Colour Gamut</strong></p>\n\n<p>Experience more power and emotion when you watch TV. With Toshiba&rsquo;s &nbsp;wide colour gamut models, every scene is displayed with unprecedented, life-like-colour vibrancy. Capable of reflecting up to 1024 shades per colour, they capture hues that are usually merged together and lost on the screen.</p>\n\n<p>&nbsp;</p>\n\n<p><strong>Enhanced premium audio with Sound by Onkyo and front facing speakers</strong></p>\n\n<p>Working in collaboration with Onkyo, a global force in audio, Toshiba is bringing TV to life with enhanced sound quality. Featuring built-in Onkyo speakers and speaker boxes, the TVs ensure clearer audio for both on-screen dialogue and music. Tuned by Onkyo engineers, the speakers are designed to ensure life-like, precise sound that can be heard equally well from any seat in the room.</p>\n\n<p>&nbsp;</p>\n\n<p><strong>TRU Resolution</strong></p>\n\n<p>Automatically up-scales non 4K content so you can experience your favourite movies and TV shows in the highest resolution.</p>\n\n<p>&nbsp;</p>\n\n<p><strong>TRU Flow</strong></p>\n\n<p>Predicts the frame in between the frames to create smoother viewing in fast-paced scenes. Perfect for sport and movies.</p>\n\n<p>&nbsp;</p>\n\n<p><strong>TRU Micro Dimming</strong></p>\n\n<p>Enhances the contrast of an image by optimising the darker and brighter regions to create a more realistic image.</p>\n\n<p>&nbsp;</p>\n\n<p><strong>Netflix in 4K</strong></p>\n\n<p>Discover the Netflix button on your remote control to jump from one adventure to another.</p>\n\n<p>&nbsp;</p>\n\n<p><strong>Freeview HD</strong></p>\n\n<p>With Freeview HD you can enjoy your favourite shows on up to 15 HD channels, including BBC One HD, BBC Two HD, ITV HD and Channel 4 HD, as well as more than 70 channels in standard definition &ndash; all for free.</p>\n\n<p>&nbsp;</p>\n\n<p><strong>Works with Alexa</strong></p>\n\n<p>Talk to Alexa via an Echo or Echo Dot and control your Toshiba Smart TV with nothing but the sound of your voice.</p>\n",
            "englishName": "Toshiba 55TL7A63DB 55 Inch 4K Ultra HD Smart TV",
            "expeditedDelivery": false,
            "hasPricePerUnit": false,
            "hidePriceValue": false,
            "images": [
                {
                    "format": "thumbnail",
                    "imageType": "PRIMARY",
                    "url": "/medias/sys_master/images/hba/h74/15994654720030.jpg"
                },
                {
                    "format": "product",
                    "imageType": "PRIMARY",
                    "url": "/medias/sys_master/images/h62/h0a/15994654130206.jpg"
                },
                {
                    "format": "results",
                    "imageType": "PRIMARY",
                    "url": "/medias/sys_master/images/h89/h0f/15994654326814.jpg"
                },
                {
                    "format": "carousel",
                    "imageType": "PRIMARY",
                    "url": "/medias/sys_master/images/h89/h0f/15994654326814.jpg"
                }
            ],
            "isBaseProduct": false,
            "isExternalVendorProduct": false,
            "isExternalVendorVariantProduct": false,
            "minOrderQuantity": 0,
            "modulusItemQuantity": 1,
            "name": "Toshiba 55TL7A63DB 55 Inch 4K Ultra HD HDR Smart Slim Design TV",
            "price": {
                "currencyIso": "GBP",
                "formattedValue": "£499.99",
                "priceType": "BUY",
                "value": 499.99
            },
            "purchasable": false,
            "randomWeight": false,
            "shippingIncluded": true,
            "stock": {
                "contactDay": 0,
                "deliveryLeadTime": 0,
                "stockLevelStatus": "inStock"
            },
            "summary": "<ul> <li>-&nbsp;4K Ultra HD with HDR, Dolby Vision HDR and Wide Colour Gamut</li> <li>- Enhanced premium audio with Sound by Onkyo</li> <li>- Freeview HD</li> <li>- TRU Picture Engine</li> <li>- 5 Year Warranty Included</li> <li>- Need a Wall Mount or Stand?&nbsp;<a title=\"TV Brackets and Accessories\" href=\"https://www.costco.co.uk/c/cos_1.11?q=&amp;sort=price-desc\">Shop here&nbsp;</a></li> </ul>",
            "url": "/Electronics-Security/Televisions-Projectors/Televisions/Toshiba-55TL7A63DB-55-Inch-4K-Ultra-HD-HDR-Smart-Slim-Design-TV/p/311770",
            "warehouseHidePriceValue": false
        },
        {
            "addToCartFromPLPCategories": [
                {
                    "key": "MVM7-Hotbuy",
                    "value": false
                },
                {
                    "key": "cos_2.1.13.2",
                    "value": false
                },
                {
                    "key": "TopRated",
                    "value": false
                },
                {
                    "key": "Pre-Xmas-6th-Campaign",
                    "value": false
                },
                {
                    "key": "Disposal-1989",
                    "value": false
                },
                {
                    "key": "SealySavings",
                    "value": false
                },
                {
                    "key": "disposal-1989-campaign",
                    "value": false
                },
                {
                    "key": "Pre-Xmas-6th",
                    "value": false
                },
                {
                    "key": "costco",
                    "value": false
                },
                {
                    "key": "Hot-Buys",
                    "value": false
                },
                {
                    "key": "SealySavings-Campaign",
                    "value": false
                },
                {
                    "key": "cos_17",
                    "value": false
                },
                {
                    "key": "MVM7-Hotbuy-Campaign",
                    "value": false
                }
            ],
            "addableToCartFromListingPage": false,
            "availableForPreorder": false,
            "basePrice": {
                "currencyIso": "GBP",
                "formattedValue": "£399.99",
                "priceType": "FROM",
                "value": 399.99
            },
            "businessDelivery": false,
            "classifications": [
                {
                    "code": "mattresses",
                    "features": [
                        {
                            "code": "ukClassificationCatalog/1.0/mattresses.mattresscomfort",
                            "comparable": true,
                            "featureValues": [
                                {
                                    "value": "[Pocket Spring/Foam]"
                                }
                            ],
                            "name": "Mattress Comfort",
                            "range": false
                        },
                        {
                            "code": "ukClassificationCatalog/1.0/mattresses.mattressfirmness",
                            "comparable": true,
                            "featureValues": [
                                {
                                    "value": "[Medium/Firm]"
                                }
                            ],
                            "name": "Mattress Firmness",
                            "range": false
                        }
                    ]
                }
            ],
            "code": "sealyprestige1400pocketmattress",
            "decalData": [
                {
                    "key": "3",
                    "value": {
                        "altText": "\"\"",
                        "position": 3,
                        "url": "/mediapermalink/decal-disposal-1989"
                    }
                }
            ],
            "description": "<p style=\"margin-left:0cm; margin-right:0cm\">The Sealy Prestige 1400 Pocket Latex Box Top mattress encompasses all of the support you would expect from a Sealy Posturepedic, with the luxury sleeping experience of a pocket sprung bed.</p>\n\n<p style=\"margin-left:0cm; margin-right:0cm\">It features 1400 motion and weight responsive springs, which are individually fabric encased to provide excellent support and help eliminate noise. The individual pocket springs mould to the contours of the body, aligning the spine, whilst the insert of Latex gives greater &lsquo;push back&rsquo; for exceptional comfort and pressure relief. Latex also boasts inherent breathability, keeping you cool throughout the night. The 7 zone foam provides relief to your pressure points and supports your body where you need it most.</p>\n\n<p style=\"margin-left:0cm; margin-right:0cm\">The luxurious micro quilted box top construction offers sumptuous comfort and features Sealy SMART fibres. Sealy Smart Fibres are endorsed by Allergy UK and work collaboratively with Adaptive to create a cool, fresh and hypoallergenic sleeping environment. Tencel is made from eucalyptus and has excellent moisture absorption properties, creating a positive environment that does not give mould a chance to grow. Purotex fibres work alongside Tencel by releasing microcapsules into the fabric of the mattress, keeping the sleep surface clean and extending the mattresses lifespan.</p>\n\n<p><strong>Features</strong></p>\n\n<ul>\n\t<li>Micro quilted sleep surface for added comfort</li>\n\t<li>Features&nbsp;1400 motion &amp;&nbsp;weight responsive pocket springs to provide greater durability and support</li>\n\t<li>Latex provides even pressure distribution, responding to your body&rsquo;s contours to provide excellent comfort &amp;&nbsp;support</li>\n\t<li>7 zone foam provides relief to your pressure points</li>\n\t<li>Purotex fibres are endorsed by Allergy UK &amp;&nbsp;release friendly bacteria into the fabric of the mattress acting as a self-cleaner- great for allergy sufferers</li>\n\t<li>Made from eucalyptus, Tencel fibres are inherently breathable, avoiding irritation to the skin whilst you are sleeping &amp;&nbsp;preventing your body from overheating</li>\n\t<li>Adaptive releases &amp;&nbsp;transports moisture- the perfect solution for a cool, dry sleep</li>\n\t<li>Handmade in the UK</li>\n\t<li><strong>Mattress Firmness:&nbsp;</strong>Medium/Firm</li>\n\t<li><strong>Mattress Depth:&nbsp;</strong>38&nbsp;cm</li>\n</ul>\n\n<p><strong>Please Note:</strong> Listed spring counts are based on a king size mattress. The number of springs will alter based on a pro-rata basis dependent on mattress size.</p>\n",
            "englishName": "Sealy Prestige 1400 Pocket Latex Mattress in 4 Sizes",
            "expeditedDelivery": false,
            "hasPricePerUnit": false,
            "hidePriceValue": false,
            "images": [
                {
                    "format": "thumbnail",
                    "imageType": "PRIMARY",
                    "url": "/medias/sys_master/images/hb4/hfa/12203152146462.jpg"
                },
                {
                    "format": "product",
                    "imageType": "PRIMARY",
                    "url": "/medias/sys_master/images/hc3/h00/12203151491102.jpg"
                },
                {
                    "format": "results",
                    "imageType": "PRIMARY",
                    "url": "/medias/sys_master/images/hc5/hd1/12203151753246.jpg"
                },
                {
                    "format": "carousel",
                    "imageType": "PRIMARY",
                    "url": "/medias/sys_master/images/hc5/hd1/12203151753246.jpg"
                }
            ],
            "isBaseProduct": true,
            "isExternalVendorProduct": false,
            "isExternalVendorVariantProduct": false,
            "minOrderQuantity": 0,
            "modulusItemQuantity": 0,
            "name": "Sealy Prestige 1400 Pocket Latex Mattress in 4 Sizes",
            "price": {
                "currencyIso": "GBP",
                "formattedValue": "£399.99",
                "priceType": "FROM",
                "value": 399.99
            },
            "purchasable": false,
            "randomWeight": false,
            "shippingIncluded": true,
            "stock": {
                "contactDay": 0,
                "deliveryLeadTime": 0,
                "stockLevelStatus": "inStock"
            },
            "summary": "<p>- Available in Single, Double, King and Super King</p><p>- Comfort Rating: Medium/Firm</p><p>- Mattress Depth: 38 cm</p><p>- Pocket Spring</p><p>- Greater &lsquo;push back&rsquo; for exceptional comfort and pressure relief</p><p>- Hypoallergenic</p>",
            "url": "/Mattresses-Beds/Mattresses/Sealy-Prestige-1400-Pocket-Latex-Mattress-in-4-Sizes/p/sealyprestige1400pocketmattress",
            "warehouseHidePriceValue": false
        },
        {
            "addToCartFromPLPCategories": [
                {
                    "key": "MVM7-Hotbuy",
                    "value": false
                },
                {
                    "key": "cos_8.4",
                    "value": true
                },
                {
                    "key": "cos_10",
                    "value": true
                },
                {
                    "key": "cos_20",
                    "value": true
                },
                {
                    "key": "cos_8.4.2",
                    "value": true
                },
                {
                    "key": "costco",
                    "value": true
                },
                {
                    "key": "Hot-Buys",
                    "value": true
                },
                {
                    "key": "Xmas-17th-12pm",
                    "value": false
                },
                {
                    "key": "xmas-17th-12pm-campaign",
                    "value": false
                },
                {
                    "key": "cos_2",
                    "value": true
                },
                {
                    "key": "MVM7-Hotbuy-Campaign",
                    "value": false
                }
            ],
            "addableToCartFromListingPage": true,
            "availableForPreorder": false,
            "basePrice": {
                "currencyIso": "GBP",
                "formattedValue": "£279.99",
                "priceType": "BUY",
                "value": 279.99
            },
            "businessDelivery": false,
            "code": "232838",
            "description": "<p>The Dimplex&nbsp;Leckford Optiflame 2kW enamel effect electric stove in matt black is a great maintenance-free alternative to a solid fuel stove and offers heat at the flick of a button. Using Optiflame technology to provide a realistic flame effect, the Leckford offers a choice of heat settings and flame only options so that it can be enjoyed with or without heat. Supplied with both coals and logs for you to create different looks.</p><p>Optiflame is the world&rsquo;s most popular electric flame effect, and can be found in a wide selection of Dimplex fires. It is a unique, patented means of generating realistic simulated flames from an electric source and creates the illusion of flames emanating from the centre of an enhanced depth fuel bed to provide a realistic glow that can be enjoyed throughout the whole year.</p><p><strong><span style=\"text-decoration-line: underline;\">Features:</span></strong></p><ul><li>LED flame effect powered by 10W</li><li>Fan heater</li><li>Choice of 2 heat settings</li><li>Variable thermostat</li><li>Remote control</li><li>Flame effect can be used independently of heat</li><li>BEAB approval</li><li>Opening doors</li><li>Fitted plug</li><li><strong>Model:</strong> LEC20</li><li><strong>Cord Length:</strong> 1.5m</li><li><strong>Heat Output:</strong>&nbsp;2kW</li><li><strong>Assembly Required:</strong> No, delivered fully assembled</li></ul>",
            "englishName": "",
            "expeditedDelivery": false,
            "hasPricePerUnit": false,
            "hidePriceValue": false,
            "images": [
                {
                    "format": "thumbnail",
                    "imageType": "PRIMARY",
                    "url": "/medias/sys_master/products/h81/hfa/10122967580702.jpg"
                },
                {
                    "format": "product",
                    "imageType": "PRIMARY",
                    "url": "/medias/sys_master/products/h42/h5d/10122967384094.jpg"
                },
                {
                    "format": "results",
                    "imageType": "PRIMARY",
                    "url": "/medias/sys_master/products/h27/ha2/10122967449630.jpg"
                },
                {
                    "format": "carousel",
                    "imageType": "PRIMARY",
                    "url": "/medias/sys_master/products/h27/ha2/10122967449630.jpg"
                }
            ],
            "isBaseProduct": false,
            "isExternalVendorProduct": false,
            "isExternalVendorVariantProduct": false,
            "minOrderQuantity": 0,
            "modulusItemQuantity": 0,
            "name": "Dimplex Leckford Optiflame Electric Stove in Matt Black, 2kW",
            "price": {
                "currencyIso": "GBP",
                "formattedValue": "£279.99",
                "priceType": "BUY",
                "value": 279.99
            },
            "purchasable": true,
            "randomWeight": false,
            "shippingIncluded": true,
            "stock": {
                "contactDay": 0,
                "deliveryLeadTime": 0,
                "stockLevelStatus": "inStock"
            },
            "url": "/Appliances/Cooling-Air-Treatment-Heating/Fireplaces-Stoves/Dimplex-Leckford-Optiflame-Electric-Stove-in-Matt-Black-2kW/p/232838",
            "warehouseHidePriceValue": false
        },
        {
            "addToCartFromPLPCategories": [
                {
                    "key": "MVM7-Hotbuy",
                    "value": false
                },
                {
                    "key": "cos_8.4",
                    "value": true
                },
                {
                    "key": "cos_10",
                    "value": true
                },
                {
                    "key": "cos_20",
                    "value": true
                },
                {
                    "key": "cos_8.4.2",
                    "value": true
                },
                {
                    "key": "costco",
                    "value": true
                },
                {
                    "key": "Hot-Buys",
                    "value": true
                },
                {
                    "key": "cos_2",
                    "value": true
                },
                {
                    "key": "MVM7-Hotbuy-Campaign",
                    "value": false
                }
            ],
            "addableToCartFromListingPage": true,
            "availableForPreorder": false,
            "basePrice": {
                "currencyIso": "GBP",
                "formattedValue": "£279.99",
                "priceType": "BUY",
                "value": 279.99
            },
            "businessDelivery": false,
            "code": "285098",
            "description": "<p>The Dimplex&nbsp;Fullerton 2kW cast iron styled&nbsp;electric stove features a&nbsp;dove white&nbsp;coloured matt finish. It is a great maintenance-free alternative to a solid fuel stove and offers heat at the flick of a button. Using Optiflame technology to provide a realistic flame effect, the Fullerton offers a choice of heat settings and flame only options so that it can be enjoyed with or without heat. Supplied with both coals and logs for you to create different looks.</p>\n\n<p>Optiflame is the world&rsquo;s most popular electric flame effect, and can be found in a wide selection of Dimplex fires. It is a unique, patented means of generating realistic simulated flames from an electric source and creates the illusion of flames emanating from the centre of an enhanced depth fuel bed to provide a realistic glow that can be enjoyed throughout the whole year.</p>\n\n<p><strong>Features:</strong></p>\n\n<ul>\n\t<li>LED flame effect powered by 10W</li>\n\t<li>Fan heater</li>\n\t<li>Choice of 2 heat settings</li>\n\t<li>Variable thermostat</li>\n\t<li>Remote control</li>\n\t<li>Flame effect can be used independently of heat</li>\n\t<li>Dove white&nbsp;matt finish</li>\n\t<li>BEAB approval</li>\n\t<li>Opening doors</li>\n\t<li>Fitted plug</li>\n\t<li><strong>Model:</strong>&nbsp;FLN20</li>\n\t<li><strong>Cord Length:</strong>&nbsp;1.5m</li>\n\t<li><strong>Heat Output:</strong>&nbsp;2kW</li>\n\t<li><strong>Assembly Required:</strong>&nbsp;No, delivered fully assembled</li>\n</ul>\n",
            "englishName": "Dimplex Fullerton Optiflame Electric Stove in",
            "expeditedDelivery": false,
            "hasPricePerUnit": false,
            "hidePriceValue": false,
            "images": [
                {
                    "format": "thumbnail",
                    "imageType": "PRIMARY",
                    "url": "/medias/sys_master/images/he6/h49/12237608845342.jpg"
                },
                {
                    "format": "product",
                    "imageType": "PRIMARY",
                    "url": "/medias/sys_master/images/he1/h86/12237608452126.jpg"
                },
                {
                    "format": "results",
                    "imageType": "PRIMARY",
                    "url": "/medias/sys_master/images/hca/h7e/12237608615966.jpg"
                },
                {
                    "format": "carousel",
                    "imageType": "PRIMARY",
                    "url": "/medias/sys_master/images/hca/h7e/12237608615966.jpg"
                }
            ],
            "isBaseProduct": false,
            "isExternalVendorProduct": false,
            "isExternalVendorVariantProduct": false,
            "minOrderQuantity": 0,
            "modulusItemQuantity": 0,
            "name": "Dimplex Fullerton Optiflame Electric Stove in Dove White, 2KW",
            "price": {
                "currencyIso": "GBP",
                "formattedValue": "£279.99",
                "priceType": "BUY",
                "value": 279.99
            },
            "purchasable": true,
            "randomWeight": false,
            "shippingIncluded": true,
            "stock": {
                "contactDay": 0,
                "deliveryLeadTime": 0,
                "stockLevelStatus": "inStock"
            },
            "url": "/Appliances/Cooling-Air-Treatment-Heating/Fireplaces-Stoves/Dimplex-Fullerton-Optiflame-Electric-Stove-in-Dove-White-2KW/p/285098",
            "warehouseHidePriceValue": false
        },
        {
            "addToCartFromPLPCategories": [
                {
                    "key": "MVM7-Hotbuy",
                    "value": false
                },
                {
                    "key": "xmas-20th-12pm",
                    "value": false
                },
                {
                    "key": "cos_1.9.6",
                    "value": true
                },
                {
                    "key": "cos_8.2",
                    "value": true
                },
                {
                    "key": "cos_20",
                    "value": true
                },
                {
                    "key": "cos_10.7",
                    "value": false
                },
                {
                    "key": "costco",
                    "value": true
                },
                {
                    "key": "Hot-Buys",
                    "value": true
                },
                {
                    "key": "xmas-20th-12pm-campaign",
                    "value": false
                },
                {
                    "key": "cos_1",
                    "value": true
                },
                {
                    "key": "MVM7-Hotbuy-Campaign",
                    "value": false
                }
            ],
            "addableToCartFromListingPage": true,
            "availableForPreorder": false,
            "basePrice": {
                "currencyIso": "GBP",
                "formattedValue": "£249.99",
                "priceType": "BUY",
                "value": 249.99
            },
            "businessDelivery": false,
            "code": "314171",
            "description": "<p style=\"text-align: center\"><iframe allow=\"encrypted-media\" allowfullscreen=\"\" frameborder=\"0\" height=\"337\" src=\"https://www.youtube.com/embed/RpQladDwy4M\" width=\"600\"></iframe></p>\n\n<p>The Ring Alarms provide an affordable solution to whole-home security, with no long-term commitments. Easily set up your Alarm in minutes, without tools or professional installation, and connect up to Alexa devices to arm, disarm and check the status of your Ring Alarm security with your voice.&nbsp;</p>\n\n<p>This 7-piece kit includes everything you need to begin your whole-home security with Ring.</p>\n\n<p><strong>7pc Kit Includes:</strong></p>\n\n<p><strong>1 x Base Station</strong></p>\n\n<p>The BaseStation is the brains behind it all - keeping your Ring Alarm online and connected to your devices. If your power or WiFi goes out, you&#39;ll still have 24 hours protection with battery backup and the optional Cellular backups. Mains powered, with a rechargeable 24-hour backup battery included, the system connects to your internet through WiFi or Ethernet.&nbsp;</p>\n\n<p><strong>2&nbsp;x Contact Sensor</strong></p>\n\n<p>Mount the contact sensors to doors or window frames to know when they&#39;re open.&nbsp;Powered by a 3V Lithium Battery with 3-year battery life.</p>\n\n<p><strong>2 x Motion Detector</strong></p>\n\n<p>Mount to room corners or flat walls to detect motion inside your home. The system is smart enough and designed to ignore pets weighing under 50lb when mounted at seven ft. Powered by a 3V Lithium Battery with a 3-year battery life.</p>\n\n<p><strong>1 x Keypad</strong></p>\n\n<p>The Keypad allows you to control your home from inside, with battery-powered simplicity. Mount it to any flat wall, or keep it as a portable keypad. You can add more for easier access. Control security modes - &quot;Disarmed&quot; deactivates your sensors and allows you to move freely within the house. Set the mode to &quot;Away&quot; to activate all sensors to protect your home while you&#39;re at work or on holiday. Or, activate select senors with the &quot;Home&quot; setting, giving you the flexibility of protecting the downstairs, while you work upstairs.</p>\n\n<p><strong>1 x Range Extender</strong></p>\n\n<p>Extend the signal from your Ring Base Station to other Ring alarm components, ensuring your security coverage is strong and clear. The Range Extender plugs into a standard wall socket, with a rechargeable 24-hour backup battery included and utilises Z-Wave technology, providing coverage of 250-foot range to the Base Station.&nbsp;</p>\n\n<p><strong>Features of the Ring Alarm Security Kit</strong></p>\n\n<p><strong>Protect your home, your way</strong></p>\n\n<p>Welcome to your safer, smarter home. Ring Alarm easily expands to fit your needs, on your terms. Simply plug in the Ring Base Station, connect your components, get set up with your account in the Ring app and control your Ring Alarm with the keypad or from the Ring app. Everything you need to get started is in the box.&nbsp;</p>\n\n<p><strong>Complete Control with the Ring app</strong></p>\n\n<p>Get notifications when someone enters a room, opens a window or sets off the siren. Change your Alarm models with a simple tap. On your way out but forgot to set your alarm? Don&#39;t worry - with Ring, you can arm or disarm your Alarm no matter where you are.&nbsp;</p>\n\n<p><strong>Your Ring Alarm detects an issue</strong></p>\n\n<p>You&rsquo;ll receive notifications when a contact sensor, motion detector or any part of your Alarm system is triggered.</p>\n\n<p><strong>See what&rsquo;s happening</strong></p>\n\n<p>Check your Ring app to verify whether it&rsquo;s simply a family member coming home early or something more serious.</p>\n\n<p><strong>Do it all yourself</strong></p>\n\n<p>Everything you need to get started is in the box and works in any home. Never worry about service appointments or long-term commitments. It&#39;s that simple.</p>\n\n<p><strong>Add an extra layer of security&nbsp;with the optional Ring Protect Plus plan</strong></p>\n\n<p>With an optional Ring Protect Plus plan:</p>\n\n<ul>\n\t<li>Stay connected with cellular backup in case your internet goes down.</li>\n\t<li>Opt into Assisted Monitoring for automated calls to three emergency contacts during an Alarm event. So someone you trust can respond, even if you&#39;re uncontactable.</li>\n</ul>\n\n<p><a data-mce-href=\"http://ring.com/protect-plans\" href=\"http://ring.com/protect-plans\">Find out more</a>&nbsp;</p>\n\n<p><strong>Pack Includes</strong></p>\n\n<ul>\n\t<li>1 x Base Station</li>\n\t<li>2 x Contact Sensor</li>\n\t<li>2 x Motion Detector</li>\n\t<li>1 x Keypad</li>\n\t<li>1 x Range Extender</li>\n</ul>\n",
            "englishName": "Ring Alarm 7 Piece Starter Kit with Contact Sensor",
            "expeditedDelivery": false,
            "hasPricePerUnit": false,
            "hidePriceValue": false,
            "images": [
                {
                    "format": "thumbnail",
                    "imageType": "PRIMARY",
                    "url": "/medias/sys_master/images/h6b/hcb/16520289681438.jpg"
                },
                {
                    "format": "product",
                    "imageType": "PRIMARY",
                    "url": "/medias/sys_master/images/h4f/h52/16520289583134.jpg"
                },
                {
                    "format": "results",
                    "imageType": "PRIMARY",
                    "url": "/medias/sys_master/images/hf8/h5d/16520289615902.jpg"
                },
                {
                    "format": "carousel",
                    "imageType": "PRIMARY",
                    "url": "/medias/sys_master/images/hf8/h5d/16520289615902.jpg"
                }
            ],
            "isBaseProduct": false,
            "isExternalVendorProduct": false,
            "isExternalVendorVariantProduct": false,
            "minOrderQuantity": 0,
            "modulusItemQuantity": 1,
            "name": "Ring Alarm 7 Piece Starter Kit with x2 Contact Sensors and x 2 Motion Sensors",
            "price": {
                "currencyIso": "GBP",
                "formattedValue": "£249.99",
                "priceType": "BUY",
                "value": 249.99
            },
            "purchasable": true,
            "randomWeight": false,
            "shippingIncluded": true,
            "stock": {
                "contactDay": 0,
                "deliveryLeadTime": 0,
                "stockLevelStatus": "inStock"
            },
            "summary": "Includes 1x Base Station, 2x Contact Sensors, 2x Motion Detector, 1x Keypad, 1x Range Extender",
            "url": "/Home-Improvement/Home-Safety-Security/Ring-Alarm-7-Piece-Starter-Kit-with-x2-Contact-Sensors-and-x-2-Motion-Sensors/p/314171",
            "warehouseHidePriceValue": false
        },
        {
            "addToCartFromPLPCategories": [
                {
                    "key": "MVM7-Hotbuy",
                    "value": false
                },
                {
                    "key": "cos_2.5.7",
                    "value": true
                },
                {
                    "key": "cos_2.5.9",
                    "value": true
                },
                {
                    "key": "cos_10",
                    "value": true
                },
                {
                    "key": "costco",
                    "value": true
                },
                {
                    "key": "Hot-Buys",
                    "value": true
                },
                {
                    "key": "cos_18",
                    "value": false
                },
                {
                    "key": "MVM7-Hotbuy-Campaign",
                    "value": false
                }
            ],
            "addableToCartFromListingPage": true,
            "availableForPreorder": false,
            "basePrice": {
                "currencyIso": "GBP",
                "formattedValue": "£199.99",
                "priceType": "BUY",
                "value": 199.99
            },
            "businessDelivery": false,
            "code": "278895",
            "description": "<p>The Perfectcare aqua pro comes with a ultra-light iron and extra large 2.5L water tank. Ideal for long ironing sessions and perfect vertical steaming.</p>\n\n<p><strong>Extra-large water tank for longer continuous use</strong><br />\nThe water tank has an extra-large 2.5L&nbsp; capacity, so you get the convenience of up to 3&nbsp;hours of continuous use with no need to top up the tank. It&#39;s also transparent, so you can get a 360&deg; view of the tank to easily see how much water you have left to continue creating steam efficiently. When you do need to refill, your steam generator iron has a large filling hole that allows you to easily fill the water tank under the tap, or alternatively with a jug or bottle at any time during ironing</p>\n\n<p><strong>Easy and efficient descaling system</strong><br />\nRegular descaling protects your iron and ensures you&#39;ll continue to get the very best steam performance. The exclusively designed and ideally positioned Easy De-Calc Plus function provides the ideal way to get rid of lime scale and extend the lifespan of your steam generator iron. The iron will remind you with both light and sound when it&#39;s time to clean and descale.</p>\n\n<p><strong>Save energy with ECO mode</strong><br />\nECO mode allows you to save energy without compromising your ironing results. The ECO mode uses a reduced amount of steam, but still a sufficient amount to iron all your garments.</p>\n\n<p><strong>Go from ironing jeans to silk; no need to change temperature setting</strong><br />\nWith OptimalTEMP technology you&#39;ll no longer have to waste time changing temperature settings, waiting for the temperature to adjust or pre-sorting clothes. Iron all fabrics, from jeans to silk, with no burning guaranteed thanks to the perfect combination of temperature and continuous powerful steam.</p>\n\n<p><strong>Safe and secure carry lock</strong><br />\nYour steam generator iron includes a safe carry lock, which securely fastens your iron to its base without the risk of it slipping or someone touching the hot soleplate.&nbsp;</p>\n\n<p><strong>Safe to leave the hot soleplate on the ironing board</strong><br />\nInnovative OptimalTEMP technology guarantees no burning on any ironable fabric. As well as the reassurance this provides whilst ironing, it also means you can leave the hot iron soleplate directly on your cotton ironing board without causing any damage.&nbsp;</p>\n\n<p><strong>Automatic switch-off for safety and energy saving</strong><br />\nThe safety auto-off function automatically switches off your steam generator iron if it has not been used for a few minutes. This saves energy and gives you peace of mind about safety.</p>\n\n<p>The steam generator is fitted with silencing steam filters to minimise the noise of the steam and a sound-absorbing platform to reduce the noise of vibration in the base</p>\n\n<p><strong>Philips&#39; best gliding and most scratch-resistant soleplate</strong><br />\nThe T-ionic Glide is Philips&#39; most premium soleplate, promising superior gliding for faster, effortless ironing. It has a stainless steel base which is harder and more durable than aluminium, with an integrated titanium oxide layer for advanced scratch resistance. Plus the carefully designed shape and vents provide even better steam distribution for faster crease removal.</p>\n\n<p><strong>Powerful steam for ultimate crease removal</strong><br />\nAn ultra-fast ironing experience can be yours with revolutionary technology. The powerful and continuous steam tackles even tough creases, and thicker fabrics are smoothed out with ease and speed. Plus there&#39;s an extra steam boost if needed, perfect for vertical steaming or stubborn creases.</p>\n\n<p><strong>Lightweight and comfortable to handle</strong><br />\nYour steam generator iron is amazingly light and comfortable to handle.</p>\n\n<p><strong>Features</strong></p>\n\n<ul>\n\t<li>Super-powerful ironing with ultra-light iron</li>\n\t<li>Max 6.7 bar pressure</li>\n\t<li>Up to 450g steam boost</li>\n\t<li>2.5L&nbsp;water tank capacity</li>\n</ul>\n",
            "englishName": "PHILIPS GC9410/60 STEAM GEN IRON",
            "expeditedDelivery": false,
            "hasPricePerUnit": false,
            "hidePriceValue": false,
            "images": [
                {
                    "format": "thumbnail",
                    "imageType": "PRIMARY",
                    "url": "/medias/sys_master/images/hee/h8e/11481750011934.jpg"
                },
                {
                    "format": "product",
                    "imageType": "PRIMARY",
                    "url": "/medias/sys_master/images/hd3/h60/11481749225502.jpg"
                },
                {
                    "format": "results",
                    "imageType": "PRIMARY",
                    "url": "/medias/sys_master/images/h69/hc3/11481749487646.jpg"
                },
                {
                    "format": "carousel",
                    "imageType": "PRIMARY",
                    "url": "/medias/sys_master/images/h69/hc3/11481749487646.jpg"
                }
            ],
            "isBaseProduct": false,
            "isExternalVendorProduct": false,
            "isExternalVendorVariantProduct": false,
            "minOrderQuantity": 0,
            "modulusItemQuantity": 1,
            "name": "Philips PerfectCare Aqua Pro Steam Generator Iron GC9410/60 ",
            "price": {
                "currencyIso": "GBP",
                "formattedValue": "£199.99",
                "priceType": "BUY",
                "value": 199.99
            },
            "purchasable": true,
            "randomWeight": false,
            "shippingIncluded": true,
            "stock": {
                "contactDay": 0,
                "deliveryLeadTime": 0,
                "stockLevelStatus": "inStock"
            },
            "summary": "<p>Super-powerful ironing with Ultra-light iron<br />Extra-large water tank for longer continuous use<br />Powerful steam for ultimate crease removal<br />Automatic switch-off for safety and energy saving</p>",
            "url": "/Appliances/Sewing-Garment-Care/Irons-Garment-Care/Philips-PerfectCare-Aqua-Pro-Steam-Generator-Iron-GC941060/p/278895",
            "warehouseHidePriceValue": false
        }
    ],
    "sorts": [
        {
            "code": "relevance",
            "name": "Relevance",
            "selected": false
        },
        {
            "code": "name-asc",
            "name": "Name - A-Z",
            "selected": false
        },
        {
            "code": "name-desc",
            "name": "Name - Z-A",
            "selected": false
        },
        {
            "code": "price-asc",
            "name": "Price - Low to High",
            "selected": false
        },
        {
            "code": "price-desc",
            "name": "Price - High to Low",
            "selected": true
        },
        {
            "code": "ratings-desc",
            "name": "Customer Ratings - High to Low",
            "selected": false
        },
        {
            "code": "ratings-asc",
            "name": "Customer Ratings - Low to High",
            "selected": false
        }
    ],
    "category": {
        "code": "MVM7-Hotbuy",
        "name": "Savings"
    },
    "subCategories": [
        
    ]
}

 *******Schema request specification base uri https://uat2-sip.costco.co.uk
 base site id uk
 api path /rest/v2/uk/products/search
 Access Token query+keycategoryquery_valueMVM7-HotbuyBearer e00deb7c-0427-4c19-b5cc-e8cc5c9c91fc[TestNG-test=DemoTest-4] DEBUG io.restassured.internal.RequestSpecificationImpl$RestAssuredHttpBuilder  - Parsing response as: application/json;charset=UTF-8
[TestNG-test=DemoTest-4] DEBUG io.restassured.internal.RequestSpecificationImpl$RestAssuredHttpBuilder  - Parsed data to instance of: class org.apache.http.conn.EofSensorInputStream
]]></system-out>
  </testcase>
</testsuite>